nohup: 忽略输入
ckpt/source/uda/office-home/P
Namespace(batch_size=64, bottleneck=256, class_num=65, classifier='bn', cls_par=0.6, da='uda', distance='cosine', dset='office-home', ent=True, ent_par=1.0, epsilon=1e-05, extra_class=1, gent=True, gpu_id='1', interval=15, issave=False, layer='wn', lr=0.01, lr_decay1=0.1, lr_decay2=1.0, max_epoch=15, name='office-home', name1='PA', name2='PC', name3='PR', net='resnet50', out_file=<_io.TextIOWrapper name='ckpt/target/uda/office-home-addfc+gent/log_par_0.6.txt' mode='w' encoding='UTF-8'>, output='ckpt/target', output_dir='ckpt/target/uda/office-home-addfc+gent', output_dir_src='ckpt/source/uda/office-home/P', output_src='ckpt/source', s=0, s_dset_path='./data/office-home/Product.txt', savename='par_0.6', seed=2020, src_classes=[0, 1, 2, 3, 4, 5, 6, 7, 8, 9, 10, 11, 12, 13, 14, 15, 16, 17, 18, 19, 20, 21, 22, 23, 24, 25, 26, 27, 28, 29, 30, 31, 32, 33, 34, 35, 36, 37, 38, 39, 40, 41, 42, 43, 44, 45, 46, 47, 48, 49, 50, 51, 52, 53, 54, 55, 56, 57, 58, 59, 60, 61, 62, 63, 64], t=1, t_dset_path='./data/office-home/Art.txt', t_dset_path1='./data/office-home/Clipart.txt', t_dset_path2='./data/office-home/Real_World.txt', tar_classes=[0, 1, 2, 3, 4, 5, 6, 7, 8, 9, 10, 11, 12, 13, 14, 15, 16, 17, 18, 19, 20, 21, 22, 23, 24, 25, 26, 27, 28, 29, 30, 31, 32, 33, 34, 35, 36, 37, 38, 39, 40, 41, 42, 43, 44, 45, 46, 47, 48, 49, 50, 51, 52, 53, 54, 55, 56, 57, 58, 59, 60, 61, 62, 63, 64], tar_classes1=[0, 1, 2, 3, 4, 5, 6, 7, 8, 9, 10, 11, 12, 13, 14, 15, 16, 17, 18, 19, 20, 21, 22, 23, 24, 25, 26, 27, 28, 29, 30, 31, 32, 33, 34, 35, 36, 37, 38, 39, 40, 41, 42, 43, 44, 45, 46, 47, 48, 49, 50, 51, 52, 53, 54, 55, 56, 57, 58, 59, 60, 61, 62, 63, 64], tar_classes2=[0, 1, 2, 3, 4, 5, 6, 7, 8, 9, 10, 11, 12, 13, 14, 15, 16, 17, 18, 19, 20, 21, 22, 23, 24, 25, 26, 27, 28, 29, 30, 31, 32, 33, 34, 35, 36, 37, 38, 39, 40, 41, 42, 43, 44, 45, 46, 47, 48, 49, 50, 51, 52, 53, 54, 55, 56, 57, 58, 59, 60, 61, 62, 63, 64], test_dset_path='./data/office-home/Art.txt', test_dset_path1='./data/office-home/Clipart.txt', test_dset_path2='./data/office-home/Real_World.txt', threshold=0, worker=4)
/homes/jh015/.conda/envs/hj_trans/lib/python3.7/site-packages/torchvision/models/_utils.py:209: UserWarning: The parameter 'pretrained' is deprecated since 0.13 and will be removed in 0.15, please use 'weights' instead.
  f"The parameter '{pretrained_param}' is deprecated since 0.13 and will be removed in 0.15, "
/homes/jh015/.conda/envs/hj_trans/lib/python3.7/site-packages/torchvision/models/_utils.py:223: UserWarning: Arguments other than a weight enum or `None` for 'weights' are deprecated since 0.13 and will be removed in 0.15. The current behavior is equivalent to passing `weights=ResNet50_Weights.IMAGENET1K_V1`. You can also use `weights=ResNet50_Weights.DEFAULT` to get the most up-to-date weights.
  warnings.warn(msg)
all_output1 tensor([0.0149, 0.0143, 0.0191, 0.0107, 0.0161, 0.0128, 0.0134, 0.0429, 0.0137,
        0.0098, 0.0155, 0.0182, 0.0109, 0.0218, 0.0185, 0.0170, 0.0077, 0.0097,
        0.0213, 0.0219, 0.0075, 0.0191, 0.0107, 0.0262, 0.0130, 0.0226, 0.0092,
        0.0137, 0.0094, 0.0119, 0.0120, 0.0118, 0.0246, 0.0254, 0.0230, 0.0118,
        0.0107, 0.0113, 0.0083, 0.0066, 0.0091, 0.0136, 0.0119, 0.0059, 0.0122,
        0.0082, 0.0100, 0.0130, 0.0138, 0.0118, 0.0438, 0.0082, 0.0207, 0.0345,
        0.0194, 0.0216, 0.0119, 0.0178, 0.0142, 0.0158, 0.0083, 0.0235, 0.0070,
        0.0119, 0.0079, 0.0050])
cls_count [ 25.  32.  46.  27.  46.  32.  28. 163.  18.  23.  35.  50.  24.  69.
  48.  45.  13.  17.  48.  70.   9.  42.  21.  85.  22.  74.  21.  30.
  14.  19.  32.  17.  74.  66.  62.  24.  21.  29.  14.  11.  16.  32.
  18.  10.  27.  11.  19.  26.  34.  31. 122.  21.  49.  89.  57.  55.
  30.  41.  28.  38.  17.  67.   5.  27.  11.   0.] inf 2427.0 inf 1.0
Accuracy = 50.80% -> 57.03%

65
image_pretrained-fc_mt.py:595: RuntimeWarning: divide by zero encountered in double_scalars
  print("cls_count", cls_count, min(cls_count[:-1]) / (cls_count[-1]), np.sum(cls_count),
image_pretrained-fc_mt.py:596: RuntimeWarning: divide by zero encountered in double_scalars
  np.mean(cls_count[:-1]) / cls_count[-1], np.sum(cls_count[:-1])/np.sum(cls_count))
all_output1 tensor([0.0106, 0.0370, 0.0148, 0.0212, 0.0145, 0.0151, 0.0133, 0.0298, 0.0106,
        0.0229, 0.0144, 0.0425, 0.0139, 0.0134, 0.0182, 0.0084, 0.0157, 0.0055,
        0.0116, 0.0191, 0.0155, 0.0161, 0.0090, 0.0263, 0.0094, 0.0198, 0.0166,
        0.0194, 0.0214, 0.0123, 0.0077, 0.0181, 0.0081, 0.0173, 0.0107, 0.0153,
        0.0094, 0.0097, 0.0103, 0.0149, 0.0142, 0.0118, 0.0105, 0.0084, 0.0110,
        0.0101, 0.0152, 0.0197, 0.0247, 0.0152, 0.0117, 0.0165, 0.0177, 0.0095,
        0.0184, 0.0299, 0.0095, 0.0106, 0.0155, 0.0085, 0.0224, 0.0140, 0.0076,
        0.0085, 0.0128, 0.0063])
cls_count [ 30. 245.  74. 127.  65.  72.  52. 175.  23. 105.  34. 309.  43.  54.
  74.  18.  70.   3.  48.  92.  49.  61.  27. 161.  27.  95.  78.  93.
 109.  49.  21.  73.  24.  69.  27.  72.  24.  44.  35.  58.  59.  37.
  37.  34.  53.  18.  74.  96. 120.  63.  55.  61.  80.  34.  77. 161.
  27.  35.  68.  16. 102.  56.  26.  21.  46.   0.] inf 4365.0 inf 1.0
Accuracy = 43.44% -> 48.73%

65
all_output1 tensor([0.0140, 0.0201, 0.0109, 0.0134, 0.0148, 0.0166, 0.0119, 0.0161, 0.0155,
        0.0145, 0.0145, 0.0192, 0.0202, 0.0191, 0.0197, 0.0200, 0.0133, 0.0087,
        0.0168, 0.0220, 0.0073, 0.0142, 0.0113, 0.0201, 0.0185, 0.0158, 0.0142,
        0.0196, 0.0119, 0.0146, 0.0169, 0.0128, 0.0228, 0.0223, 0.0175, 0.0124,
        0.0119, 0.0146, 0.0102, 0.0103, 0.0106, 0.0122, 0.0122, 0.0121, 0.0168,
        0.0095, 0.0182, 0.0150, 0.0194, 0.0192, 0.0211, 0.0099, 0.0137, 0.0262,
        0.0174, 0.0215, 0.0083, 0.0165, 0.0109, 0.0204, 0.0145, 0.0155, 0.0114,
        0.0141, 0.0094, 0.0038])
cls_count [ 46.  88.  46.  58.  69.  76.  53.  71.  69.  72.  66.  91.  85.  97.
  90.  94.  52.  29.  71.  99.  21.  60.  46. 101.  74.  64.  57. 102.
  46.  54.  83.  56. 107.  92.  83.  44.  51.  62.  39.  38.  42.  47.
  59.  53.  93.  32.  82.  70.  82.  78.  84.  53.  63. 116.  69.  90.
  37.  68.  42. 102.  69.  78.  48.  72.  26.   0.] inf 4357.0 inf 1.0
Accuracy = 72.60% -> 77.42%

65
all_output1 tensor([0.0093, 0.0102, 0.0277, 0.0147, 0.0184, 0.0125, 0.0189, 0.0314, 0.0090,
        0.0124, 0.0150, 0.0103, 0.0124, 0.0249, 0.0153, 0.0173, 0.0069, 0.0068,
        0.0184, 0.0283, 0.0064, 0.0202, 0.0121, 0.0197, 0.0122, 0.0372, 0.0089,
        0.0128, 0.0061, 0.0069, 0.0191, 0.0141, 0.0282, 0.0277, 0.0171, 0.0145,
        0.0097, 0.0140, 0.0120, 0.0070, 0.0125, 0.0153, 0.0096, 0.0043, 0.0204,
        0.0068, 0.0123, 0.0157, 0.0126, 0.0129, 0.0398, 0.0149, 0.0192, 0.0316,
        0.0099, 0.0131, 0.0154, 0.0162, 0.0137, 0.0149, 0.0108, 0.0238, 0.0108,
        0.0131, 0.0034, 0.0011])
cls_count [22. 23. 70. 35. 48. 28. 48. 88. 22. 27. 38. 24. 29. 61. 39. 46. 13. 11.
 45. 72. 15. 49. 28. 51. 28. 98. 19. 29. 12. 15. 47. 34. 70. 68. 45. 38.
 25. 32. 31. 16. 29. 35. 24. 10. 42. 14. 31. 40. 30. 33. 96. 35. 47. 74.
 24. 27. 36. 38. 32. 38. 27. 62. 27. 30.  7.  0.] inf 2427.0 inf 1.0
Accuracy = 62.63% -> 63.12%

65
all_output1 tensor([0.0079, 0.0351, 0.0230, 0.0356, 0.0107, 0.0197, 0.0121, 0.0219, 0.0024,
        0.0234, 0.0060, 0.0273, 0.0131, 0.0209, 0.0215, 0.0055, 0.0154, 0.0028,
        0.0137, 0.0197, 0.0143, 0.0159, 0.0087, 0.0168, 0.0050, 0.0176, 0.0192,
        0.0222, 0.0235, 0.0078, 0.0078, 0.0164, 0.0129, 0.0133, 0.0037, 0.0287,
        0.0107, 0.0117, 0.0099, 0.0145, 0.0113, 0.0142, 0.0131, 0.0110, 0.0377,
        0.0091, 0.0160, 0.0262, 0.0219, 0.0182, 0.0185, 0.0148, 0.0160, 0.0122,
        0.0125, 0.0272, 0.0104, 0.0109, 0.0158, 0.0045, 0.0224, 0.0125, 0.0101,
        0.0070, 0.0075, 0.0013])
cls_count [ 32. 172. 114. 153.  43.  82.  51. 107.   9. 100.  19. 127.  56. 104.
  97.  18.  70.   1.  63.  84.  61.  67.  37.  79.  18.  82.  85.  99.
 107.  30.  29.  66.  52.  55.  11. 133.  46.  46.  38.  65.  45.  57.
  58.  46. 182.  34.  69. 118.  94.  83.  80.  62.  70.  52.  53. 119.
  44.  42.  73.  22. 102.  52.  47.  27.  26.   0.] inf 4365.0 inf 1.0
Accuracy = 51.23% -> 52.12%

65
all_output1 tensor([0.0090, 0.0191, 0.0129, 0.0140, 0.0141, 0.0173, 0.0170, 0.0106, 0.0134,
        0.0178, 0.0128, 0.0118, 0.0203, 0.0219, 0.0182, 0.0188, 0.0127, 0.0056,
        0.0167, 0.0227, 0.0092, 0.0140, 0.0130, 0.0149, 0.0158, 0.0158, 0.0149,
        0.0216, 0.0126, 0.0105, 0.0199, 0.0187, 0.0237, 0.0187, 0.0125, 0.0129,
        0.0125, 0.0155, 0.0107, 0.0096, 0.0096, 0.0122, 0.0151, 0.0121, 0.0261,
        0.0091, 0.0210, 0.0185, 0.0202, 0.0194, 0.0194, 0.0157, 0.0129, 0.0238,
        0.0108, 0.0186, 0.0087, 0.0177, 0.0110, 0.0215, 0.0175, 0.0191, 0.0107,
        0.0170, 0.0079, 0.0007])
cls_count [ 35.  87.  58.  60.  61.  73.  77.  49.  61.  76.  60.  52.  88. 100.
  80.  86.  56.  21.  72.  98.  37.  61.  56.  71.  70.  72.  64. 104.
  56.  42.  87.  85. 102.  83.  56.  58.  52.  62.  43.  40.  42.  49.
  63.  50. 113.  37.  94.  79.  86.  81.  84.  68.  57. 104.  49.  81.
  35.  76.  53.  98.  78.  81.  46.  75.  27.   0.] inf 4357.0 inf 1.0
Accuracy = 77.74% -> 78.59%

65
all_output1 tensor([0.0120, 0.0105, 0.0303, 0.0142, 0.0161, 0.0123, 0.0170, 0.0351, 0.0100,
        0.0134, 0.0161, 0.0081, 0.0124, 0.0224, 0.0149, 0.0217, 0.0064, 0.0062,
        0.0189, 0.0291, 0.0065, 0.0199, 0.0127, 0.0189, 0.0126, 0.0378, 0.0097,
        0.0130, 0.0052, 0.0069, 0.0190, 0.0136, 0.0248, 0.0284, 0.0171, 0.0153,
        0.0104, 0.0139, 0.0128, 0.0070, 0.0115, 0.0137, 0.0101, 0.0047, 0.0155,
        0.0068, 0.0125, 0.0102, 0.0126, 0.0132, 0.0374, 0.0163, 0.0192, 0.0291,
        0.0108, 0.0101, 0.0134, 0.0170, 0.0152, 0.0159, 0.0142, 0.0269, 0.0137,
        0.0135, 0.0035, 0.0004])
cls_count [29. 26. 74. 35. 37. 28. 44. 85. 26. 31. 40. 18. 31. 53. 39. 53. 17. 14.
 45. 74. 18. 48. 31. 44. 29. 98. 22. 31. 12. 15. 47. 33. 58. 69. 40. 36.
 26. 34. 31. 16. 29. 33. 23. 12. 36. 16. 33. 26. 32. 33. 92. 39. 45. 72.
 25. 25. 30. 40. 37. 38. 35. 68. 35. 30.  6.  0.] inf 2427.0 inf 1.0
Accuracy = 63.54% -> 63.49%

65
all_output1 tensor([0.0088, 0.0357, 0.0259, 0.0294, 0.0116, 0.0189, 0.0129, 0.0253, 0.0031,
        0.0228, 0.0072, 0.0226, 0.0135, 0.0194, 0.0211, 0.0066, 0.0153, 0.0022,
        0.0144, 0.0188, 0.0148, 0.0163, 0.0124, 0.0134, 0.0050, 0.0196, 0.0213,
        0.0202, 0.0227, 0.0082, 0.0078, 0.0157, 0.0117, 0.0129, 0.0054, 0.0259,
        0.0107, 0.0132, 0.0099, 0.0136, 0.0093, 0.0118, 0.0140, 0.0122, 0.0342,
        0.0107, 0.0147, 0.0219, 0.0196, 0.0187, 0.0176, 0.0160, 0.0170, 0.0116,
        0.0187, 0.0237, 0.0099, 0.0103, 0.0185, 0.0055, 0.0226, 0.0144, 0.0124,
        0.0097, 0.0088, 0.0004])
cls_count [ 37. 160. 116. 133.  49.  81.  57. 118.  12.  99.  30. 103.  56.  82.
  97.  27.  70.   8.  65.  83.  64.  69.  55.  61.  21.  89.  95.  90.
 105.  34.  32.  66.  48.  56.  24. 118.  44.  56.  39.  60.  36.  51.
  57.  50. 153.  50.  67.  97.  88.  84.  77.  69.  74.  50.  86. 102.
  38.  44.  79.  24.  98.  58.  53.  37.  34.   0.] inf 4365.0 inf 1.0
Accuracy = 52.65% -> 52.55%

65
all_output1 tensor([0.0102, 0.0203, 0.0131, 0.0136, 0.0135, 0.0183, 0.0155, 0.0120, 0.0143,
        0.0181, 0.0138, 0.0102, 0.0203, 0.0215, 0.0158, 0.0200, 0.0121, 0.0057,
        0.0175, 0.0225, 0.0089, 0.0137, 0.0139, 0.0148, 0.0157, 0.0160, 0.0152,
        0.0209, 0.0123, 0.0104, 0.0202, 0.0194, 0.0229, 0.0182, 0.0125, 0.0123,
        0.0128, 0.0148, 0.0112, 0.0096, 0.0085, 0.0107, 0.0175, 0.0126, 0.0240,
        0.0089, 0.0201, 0.0152, 0.0197, 0.0192, 0.0189, 0.0161, 0.0127, 0.0234,
        0.0116, 0.0174, 0.0085, 0.0176, 0.0134, 0.0220, 0.0199, 0.0197, 0.0116,
        0.0171, 0.0091, 0.0003])
cls_count [ 42.  89.  57.  61.  56.  78.  69.  53.  62.  79.  61.  46.  90.  92.
  67.  88.  51.  23.  77.  98.  41.  60.  59.  66.  69.  72.  68.  93.
  54.  45.  89.  82. 100.  80.  53.  53.  56.  62.  47.  41.  38.  45.
  74.  53. 107.  38.  91.  69.  87.  82.  82.  70.  56. 103.  50.  78.
  40.  76.  62.  95.  84.  86.  49.  74.  39.   0.] inf 4357.0 inf 1.0
Accuracy = 77.90% -> 78.33%

65
all_output1 tensor([0.0133, 0.0106, 0.0301, 0.0144, 0.0149, 0.0111, 0.0185, 0.0315, 0.0106,
        0.0136, 0.0168, 0.0067, 0.0129, 0.0222, 0.0155, 0.0218, 0.0078, 0.0068,
        0.0194, 0.0312, 0.0075, 0.0200, 0.0138, 0.0185, 0.0124, 0.0377, 0.0094,
        0.0129, 0.0055, 0.0066, 0.0192, 0.0118, 0.0232, 0.0284, 0.0165, 0.0144,
        0.0106, 0.0142, 0.0127, 0.0070, 0.0118, 0.0133, 0.0094, 0.0047, 0.0125,
        0.0083, 0.0135, 0.0109, 0.0130, 0.0126, 0.0369, 0.0165, 0.0197, 0.0301,
        0.0103, 0.0103, 0.0126, 0.0163, 0.0145, 0.0163, 0.0141, 0.0272, 0.0165,
        0.0126, 0.0038, 0.0003])
cls_count [32. 26. 73. 36. 35. 26. 43. 80. 25. 32. 41. 15. 31. 53. 38. 53. 18. 14.
 46. 77. 19. 48. 33. 45. 29. 94. 22. 31. 13. 15. 47. 28. 57. 69. 41. 36.
 26. 34. 30. 17. 29. 32. 24. 12. 30. 20. 33. 28. 32. 32. 91. 41. 45. 73.
 24. 25. 30. 40. 36. 39. 36. 67. 40. 31.  9.  0.] inf 2427.0 inf 1.0
Accuracy = 63.78% -> 63.82%

65
all_output1 tensor([0.0089, 0.0344, 0.0261, 0.0278, 0.0114, 0.0163, 0.0136, 0.0245, 0.0030,
        0.0223, 0.0082, 0.0219, 0.0140, 0.0184, 0.0190, 0.0080, 0.0169, 0.0038,
        0.0151, 0.0197, 0.0143, 0.0168, 0.0163, 0.0128, 0.0050, 0.0201, 0.0209,
        0.0184, 0.0243, 0.0079, 0.0079, 0.0143, 0.0107, 0.0131, 0.0076, 0.0257,
        0.0107, 0.0146, 0.0104, 0.0135, 0.0092, 0.0116, 0.0112, 0.0106, 0.0259,
        0.0121, 0.0165, 0.0227, 0.0200, 0.0179, 0.0172, 0.0167, 0.0187, 0.0129,
        0.0188, 0.0231, 0.0088, 0.0099, 0.0171, 0.0069, 0.0235, 0.0133, 0.0151,
        0.0099, 0.0117, 0.0003])
cls_count [ 39. 154. 116. 125.  51.  71.  58. 110.  14.  96.  34.  95.  61.  81.
  89.  34.  72.  14.  66.  85.  66.  70.  72.  56.  21.  89.  94.  83.
 107.  33.  33.  63.  47.  57.  34. 113.  45.  62.  43.  58.  37.  51.
  48.  44. 113.  48.  73.  98.  88.  81.  75.  73.  80.  57.  86.  99.
  38.  44.  74.  30. 103.  55.  67.  45.  47.   0.] inf 4365.0 inf 1.0
Accuracy = 53.04% -> 52.83%

65
all_output1 tensor([0.0108, 0.0201, 0.0131, 0.0139, 0.0132, 0.0170, 0.0163, 0.0115, 0.0143,
        0.0182, 0.0142, 0.0103, 0.0208, 0.0211, 0.0139, 0.0206, 0.0125, 0.0069,
        0.0179, 0.0225, 0.0107, 0.0145, 0.0141, 0.0145, 0.0158, 0.0162, 0.0150,
        0.0191, 0.0132, 0.0102, 0.0206, 0.0180, 0.0225, 0.0183, 0.0116, 0.0120,
        0.0129, 0.0152, 0.0112, 0.0097, 0.0089, 0.0104, 0.0162, 0.0122, 0.0215,
        0.0093, 0.0211, 0.0156, 0.0201, 0.0186, 0.0187, 0.0165, 0.0139, 0.0238,
        0.0119, 0.0172, 0.0081, 0.0172, 0.0124, 0.0222, 0.0199, 0.0205, 0.0124,
        0.0163, 0.0106, 0.0002])
cls_count [ 48.  89.  59.  61.  57.  77.  76.  51.  63.  79.  62.  47.  90.  92.
  61.  88.  54.  28.  78.  98.  47.  63.  58.  61.  69.  71.  66.  85.
  57.  44.  90.  75.  97.  80.  51.  53.  56.  65.  49.  43.  37.  45.
  73.  52.  97.  38.  94.  69.  87.  82.  81.  72.  60. 103.  53.  76.
  36.  76.  57.  95.  86.  89.  50.  70.  41.   0.] inf 4357.0 inf 1.0
Accuracy = 78.24% -> 78.33%

65
all_output1 tensor([0.0132, 0.0109, 0.0307, 0.0147, 0.0145, 0.0110, 0.0177, 0.0329, 0.0109,
        0.0133, 0.0168, 0.0068, 0.0129, 0.0225, 0.0155, 0.0221, 0.0077, 0.0063,
        0.0193, 0.0315, 0.0081, 0.0199, 0.0137, 0.0181, 0.0125, 0.0384, 0.0098,
        0.0129, 0.0058, 0.0063, 0.0190, 0.0110, 0.0234, 0.0281, 0.0164, 0.0151,
        0.0104, 0.0138, 0.0128, 0.0072, 0.0121, 0.0131, 0.0107, 0.0050, 0.0123,
        0.0077, 0.0137, 0.0101, 0.0130, 0.0130, 0.0371, 0.0165, 0.0186, 0.0285,
        0.0106, 0.0104, 0.0130, 0.0167, 0.0152, 0.0157, 0.0147, 0.0266, 0.0160,
        0.0127, 0.0034, 0.0002])
cls_count [33. 26. 74. 35. 35. 26. 43. 80. 26. 32. 40. 16. 31. 54. 38. 53. 19. 14.
 48. 77. 19. 48. 33. 44. 29. 95. 23. 31. 13. 15. 46. 27. 57. 69. 41. 37.
 26. 34. 31. 17. 30. 32. 26. 12. 29. 20. 33. 24. 32. 32. 90. 41. 45. 71.
 24. 24. 30. 40. 37. 39. 35. 67. 40. 31.  8.  0.] inf 2427.0 inf 1.0
Accuracy = 63.91% -> 63.86%

65
all_output1 tensor([0.0090, 0.0364, 0.0262, 0.0280, 0.0111, 0.0165, 0.0138, 0.0243, 0.0033,
        0.0222, 0.0082, 0.0208, 0.0145, 0.0189, 0.0201, 0.0087, 0.0162, 0.0040,
        0.0155, 0.0195, 0.0161, 0.0164, 0.0167, 0.0126, 0.0051, 0.0210, 0.0217,
        0.0179, 0.0244, 0.0079, 0.0078, 0.0133, 0.0107, 0.0131, 0.0089, 0.0258,
        0.0107, 0.0138, 0.0105, 0.0138, 0.0091, 0.0114, 0.0115, 0.0105, 0.0201,
        0.0112, 0.0171, 0.0219, 0.0193, 0.0185, 0.0172, 0.0167, 0.0179, 0.0122,
        0.0222, 0.0227, 0.0102, 0.0102, 0.0170, 0.0068, 0.0233, 0.0117, 0.0152,
        0.0091, 0.0114, 0.0002])
cls_count [ 38. 160. 118. 126.  48.  74.  58. 110.  14.  98.  34.  90.  63.  82.
  91.  37.  71.  17.  69.  84.  69.  70.  74.  55.  21.  90.  94.  79.
 106.  34.  32.  59.  46.  55.  40. 115.  47.  62.  45.  59.  39.  50.
  48.  45.  92.  48.  74.  93.  85.  81.  74.  75.  79.  54.  96.  99.
  44.  42.  74.  28. 101.  51.  68.  42.  49.   0.] inf 4365.0 inf 1.0
Accuracy = 52.97% -> 52.92%

65
all_output1 tensor([0.0105, 0.0205, 0.0140, 0.0141, 0.0127, 0.0167, 0.0163, 0.0120, 0.0144,
        0.0177, 0.0143, 0.0108, 0.0206, 0.0214, 0.0144, 0.0209, 0.0124, 0.0071,
        0.0177, 0.0226, 0.0109, 0.0142, 0.0138, 0.0143, 0.0161, 0.0166, 0.0156,
        0.0190, 0.0140, 0.0100, 0.0206, 0.0158, 0.0226, 0.0183, 0.0117, 0.0125,
        0.0130, 0.0144, 0.0113, 0.0099, 0.0085, 0.0104, 0.0173, 0.0124, 0.0205,
        0.0091, 0.0219, 0.0153, 0.0199, 0.0188, 0.0186, 0.0165, 0.0127, 0.0232,
        0.0126, 0.0174, 0.0089, 0.0175, 0.0130, 0.0207, 0.0204, 0.0194, 0.0119,
        0.0166, 0.0105, 0.0002])
cls_count [ 46.  90.  62.  61.  54.  73.  73.  53.  64.  79.  63.  45.  90.  94.
  63.  89.  52.  31.  77.  98.  47.  62.  59.  63.  69.  73.  66.  84.
  61.  45.  89.  71.  97.  79.  51.  54.  56.  65.  48.  43.  38.  45.
  75.  52.  91.  40.  93.  68.  87.  81.  81.  72.  57. 102.  54.  77.
  39.  77.  57.  92.  87.  85.  53.  73.  42.   0.] inf 4357.0 inf 1.0
Accuracy = 78.45% -> 78.43%

65
all_output1 tensor([0.0137, 0.0108, 0.0305, 0.0143, 0.0146, 0.0111, 0.0171, 0.0324, 0.0108,
        0.0133, 0.0164, 0.0069, 0.0128, 0.0220, 0.0161, 0.0219, 0.0080, 0.0059,
        0.0194, 0.0315, 0.0076, 0.0198, 0.0137, 0.0184, 0.0127, 0.0388, 0.0096,
        0.0131, 0.0055, 0.0064, 0.0191, 0.0112, 0.0232, 0.0282, 0.0164, 0.0151,
        0.0104, 0.0141, 0.0127, 0.0071, 0.0122, 0.0132, 0.0104, 0.0050, 0.0114,
        0.0079, 0.0138, 0.0104, 0.0129, 0.0130, 0.0372, 0.0166, 0.0186, 0.0293,
        0.0107, 0.0104, 0.0128, 0.0166, 0.0152, 0.0160, 0.0141, 0.0269, 0.0164,
        0.0132, 0.0032, 0.0001])
cls_count [33. 26. 75. 35. 35. 26. 43. 79. 26. 32. 40. 16. 31. 53. 39. 53. 19. 13.
 48. 77. 19. 48. 33. 44. 30. 94. 23. 32. 13. 15. 46. 27. 57. 69. 39. 37.
 25. 34. 31. 17. 29. 32. 26. 12. 28. 20. 33. 24. 32. 32. 92. 41. 46. 72.
 25. 24. 30. 40. 37. 39. 34. 67. 40. 32.  8.  0.] inf 2427.0 inf 1.0
Accuracy = 63.91% -> 63.86%

65
all_output1 tensor([0.0089, 0.0346, 0.0260, 0.0267, 0.0121, 0.0167, 0.0139, 0.0243, 0.0033,
        0.0225, 0.0080, 0.0215, 0.0146, 0.0178, 0.0212, 0.0090, 0.0169, 0.0041,
        0.0151, 0.0195, 0.0158, 0.0162, 0.0179, 0.0132, 0.0052, 0.0214, 0.0219,
        0.0180, 0.0224, 0.0085, 0.0080, 0.0134, 0.0102, 0.0135, 0.0093, 0.0266,
        0.0112, 0.0144, 0.0107, 0.0139, 0.0092, 0.0116, 0.0105, 0.0107, 0.0189,
        0.0110, 0.0176, 0.0216, 0.0188, 0.0183, 0.0169, 0.0169, 0.0174, 0.0124,
        0.0209, 0.0228, 0.0116, 0.0102, 0.0166, 0.0069, 0.0226, 0.0114, 0.0165,
        0.0093, 0.0110, 0.0001])
cls_count [ 39. 153. 114. 118.  50.  73.  62. 108.  14.  98.  34.  91.  65.  78.
  91.  39.  72.  17.  68.  84.  68.  70.  76.  54.  21.  92.  95.  79.
 103.  37.  35.  57.  44.  60.  41. 118.  47.  64.  46.  61.  39.  51.
  45.  46.  85.  48.  77.  94.  82.  81.  74.  75.  76.  54.  91. 100.
  47.  46.  72.  30. 100.  51.  72.  43.  50.   0.] inf 4365.0 inf 1.0
Accuracy = 52.97% -> 52.99%

65
all_output1 tensor([0.0108, 0.0205, 0.0138, 0.0140, 0.0127, 0.0170, 0.0153, 0.0120, 0.0143,
        0.0183, 0.0141, 0.0113, 0.0203, 0.0209, 0.0146, 0.0205, 0.0126, 0.0070,
        0.0176, 0.0225, 0.0105, 0.0140, 0.0142, 0.0149, 0.0164, 0.0169, 0.0151,
        0.0183, 0.0131, 0.0104, 0.0208, 0.0161, 0.0222, 0.0183, 0.0118, 0.0123,
        0.0134, 0.0151, 0.0112, 0.0099, 0.0089, 0.0107, 0.0170, 0.0125, 0.0197,
        0.0093, 0.0216, 0.0155, 0.0197, 0.0186, 0.0186, 0.0163, 0.0127, 0.0234,
        0.0124, 0.0174, 0.0096, 0.0174, 0.0131, 0.0211, 0.0200, 0.0195, 0.0126,
        0.0168, 0.0105, 0.0001])
cls_count [ 46.  89.  62.  61.  55.  73.  70.  53.  64.  79.  62.  49.  89.  91.
  63.  90.  53.  31.  75.  98.  46.  62.  61.  64.  70.  75.  65.  81.
  58.  46.  90.  69.  97.  79.  51.  54.  59.  65.  48.  43.  38.  46.
  75.  53.  90.  41.  93.  68.  86.  81.  81.  72.  56. 102.  53.  76.
  40.  76.  57.  92.  87.  86.  53.  74.  45.   0.] inf 4357.0 inf 1.0
Accuracy = 78.31% -> 78.24%

65
all_output1 tensor([1.3977e-02, 1.0609e-02, 3.0823e-02, 1.4446e-02, 1.4405e-02, 1.0805e-02,
        1.7606e-02, 3.2438e-02, 1.0765e-02, 1.3248e-02, 1.6493e-02, 6.6752e-03,
        1.2816e-02, 2.1754e-02, 1.5713e-02, 2.1754e-02, 7.9206e-03, 6.1195e-03,
        1.9338e-02, 3.1514e-02, 7.7630e-03, 1.9821e-02, 1.3612e-02, 1.7875e-02,
        1.2441e-02, 3.8603e-02, 9.5473e-03, 1.2977e-02, 5.7600e-03, 6.3278e-03,
        1.8953e-02, 1.1517e-02, 2.3385e-02, 2.8316e-02, 1.6155e-02, 1.5139e-02,
        1.0045e-02, 1.4060e-02, 1.2733e-02, 7.0620e-03, 1.2140e-02, 1.2887e-02,
        1.0627e-02, 4.9470e-03, 1.1458e-02, 8.2288e-03, 1.3648e-02, 1.0638e-02,
        1.3144e-02, 1.3049e-02, 3.7471e-02, 1.6887e-02, 1.8774e-02, 2.9203e-02,
        1.0213e-02, 1.0251e-02, 1.2609e-02, 1.6490e-02, 1.5291e-02, 1.5972e-02,
        1.4055e-02, 2.7259e-02, 1.6334e-02, 1.3296e-02, 3.7252e-03, 8.9623e-05])
cls_count [34. 26. 75. 35. 34. 26. 43. 79. 26. 32. 40. 16. 31. 53. 39. 53. 19. 14.
 48. 77. 19. 48. 33. 43. 30. 94. 23. 32. 14. 15. 46. 27. 57. 69. 39. 37.
 25. 34. 31. 17. 29. 31. 26. 12. 28. 20. 33. 24. 32. 32. 92. 41. 46. 72.
 25. 24. 30. 40. 37. 39. 34. 67. 40. 32.  8.  0.] inf 2427.0 inf 1.0
Accuracy = 63.95% -> 63.86%

65
all_output1 tensor([8.9550e-03, 3.4084e-02, 2.6286e-02, 2.6415e-02, 1.1432e-02, 1.6278e-02,
        1.4272e-02, 2.4059e-02, 3.4042e-03, 2.2509e-02, 8.0207e-03, 2.0812e-02,
        1.4736e-02, 1.7240e-02, 1.9819e-02, 9.2949e-03, 1.7227e-02, 4.3117e-03,
        1.5482e-02, 1.9515e-02, 1.4612e-02, 1.6329e-02, 1.7844e-02, 1.2144e-02,
        4.8908e-03, 2.0936e-02, 2.1363e-02, 1.7978e-02, 2.4644e-02, 8.5222e-03,
        8.2170e-03, 1.4692e-02, 1.0131e-02, 1.3795e-02, 9.8531e-03, 2.6471e-02,
        1.0775e-02, 1.4090e-02, 1.0471e-02, 1.4101e-02, 9.2301e-03, 1.1620e-02,
        1.0849e-02, 1.0564e-02, 1.7977e-02, 1.1594e-02, 1.7525e-02, 2.2220e-02,
        1.9281e-02, 1.8227e-02, 1.7053e-02, 1.7355e-02, 1.7451e-02, 1.2193e-02,
        2.0130e-02, 2.3069e-02, 1.0807e-02, 1.0479e-02, 1.6506e-02, 6.8161e-03,
        2.2975e-02, 1.2112e-02, 1.5968e-02, 9.6822e-03, 1.2217e-02, 9.2445e-05])
cls_count [ 39. 152. 115. 119.  51.  72.  62. 107.  14.  98.  34.  91.  65.  77.
  88.  40.  74.  18.  68.  86.  64.  70.  77.  51.  21.  91.  93.  78.
 106.  36.  35.  63.  44.  60.  42. 117.  46.  62.  46.  61.  39.  51.
  47.  45.  79.  50.  77.  96.  82.  81.  74.  76.  77.  53.  90. 100.
  48.  46.  72.  30. 100.  52.  72.  43.  52.   0.] inf 4365.0 inf 1.0
Accuracy = 52.97% -> 53.06%

65
all_output1 tensor([1.0765e-02, 2.0393e-02, 1.4131e-02, 1.4158e-02, 1.2235e-02, 1.6659e-02,
        1.6452e-02, 1.2151e-02, 1.4375e-02, 1.8072e-02, 1.4164e-02, 1.0772e-02,
        2.0512e-02, 2.0773e-02, 1.3813e-02, 2.0197e-02, 1.2427e-02, 7.1058e-03,
        1.7511e-02, 2.2497e-02, 1.0742e-02, 1.4163e-02, 1.4092e-02, 1.4120e-02,
        1.5897e-02, 1.6714e-02, 1.4999e-02, 1.8346e-02, 1.4076e-02, 1.0387e-02,
        2.0617e-02, 1.7157e-02, 2.2316e-02, 1.8308e-02, 1.1340e-02, 1.2653e-02,
        1.2752e-02, 1.4942e-02, 1.1103e-02, 9.9227e-03, 8.8512e-03, 1.0327e-02,
        1.7725e-02, 1.2247e-02, 1.9934e-02, 9.4474e-03, 2.1181e-02, 1.5865e-02,
        1.9939e-02, 1.8732e-02, 1.8591e-02, 1.6717e-02, 1.3014e-02, 2.3276e-02,
        1.1458e-02, 1.7519e-02, 8.9333e-03, 1.7343e-02, 1.3211e-02, 2.0652e-02,
        2.0050e-02, 1.9876e-02, 1.2603e-02, 1.6735e-02, 1.1871e-02, 8.9228e-05])
cls_count [ 46.  90.  62.  62.  52.  74.  73.  53.  64.  79.  61.  47.  90.  91.
  60.  88.  53.  31.  76.  98.  46.  63.  60.  61.  69.  73.  67.  81.
  61.  45.  90.  73.  97.  79.  50.  54.  55.  65.  49.  43.  38.  46.
  76.  52.  90.  42.  93.  68.  87.  81.  81.  73.  57. 102.  50.  76.
  39.  76.  59.  91.  88.  86.  54.  72.  49.   0.] inf 4357.0 inf 1.0
Accuracy = 78.36% -> 78.31%

65
all_output1 tensor([1.3786e-02, 1.0713e-02, 3.1025e-02, 1.4497e-02, 1.4193e-02, 1.0962e-02,
        1.7657e-02, 3.2395e-02, 1.0738e-02, 1.3265e-02, 1.6514e-02, 6.6423e-03,
        1.2807e-02, 2.1845e-02, 1.5871e-02, 2.1790e-02, 7.8610e-03, 6.1727e-03,
        1.9494e-02, 3.1456e-02, 7.9416e-03, 1.9750e-02, 1.3725e-02, 1.7849e-02,
        1.2487e-02, 3.8338e-02, 9.6033e-03, 1.2958e-02, 5.6618e-03, 6.2724e-03,
        1.8950e-02, 1.1167e-02, 2.3506e-02, 2.8275e-02, 1.6189e-02, 1.5183e-02,
        1.0203e-02, 1.4039e-02, 1.2733e-02, 7.0810e-03, 1.2125e-02, 1.2954e-02,
        1.0655e-02, 4.9440e-03, 1.1503e-02, 8.1895e-03, 1.3614e-02, 1.0154e-02,
        1.3155e-02, 1.3065e-02, 3.7519e-02, 1.6852e-02, 1.8866e-02, 2.9407e-02,
        1.0456e-02, 1.0110e-02, 1.2574e-02, 1.6462e-02, 1.5272e-02, 1.6056e-02,
        1.4091e-02, 2.7199e-02, 1.6438e-02, 1.3141e-02, 3.5272e-03, 7.2712e-05])
cls_count [34. 26. 75. 35. 34. 26. 43. 79. 26. 32. 40. 16. 31. 53. 39. 53. 19. 14.
 48. 77. 19. 48. 33. 43. 30. 94. 23. 32. 14. 15. 46. 27. 57. 69. 39. 37.
 25. 34. 31. 17. 29. 31. 26. 12. 28. 20. 33. 24. 32. 32. 92. 41. 46. 72.
 25. 24. 30. 40. 37. 39. 34. 67. 40. 32.  8.  0.] inf 2427.0 inf 1.0
Accuracy = 63.95% -> 63.86%

65
all_output1 tensor([8.9472e-03, 3.4216e-02, 2.6740e-02, 2.7093e-02, 1.1641e-02, 1.6883e-02,
        1.4270e-02, 2.3855e-02, 3.3140e-03, 2.2522e-02, 7.9885e-03, 2.1000e-02,
        1.4758e-02, 1.6974e-02, 2.0141e-02, 9.5136e-03, 1.7041e-02, 4.3083e-03,
        1.5529e-02, 1.9358e-02, 1.5011e-02, 1.6168e-02, 1.7787e-02, 1.2274e-02,
        4.9740e-03, 2.1161e-02, 2.1640e-02, 1.7745e-02, 2.3400e-02, 8.3680e-03,
        8.3522e-03, 1.4441e-02, 1.0313e-02, 1.3759e-02, 9.7935e-03, 2.5753e-02,
        1.0908e-02, 1.4339e-02, 1.0498e-02, 1.4111e-02, 9.1914e-03, 1.1659e-02,
        1.0550e-02, 1.0616e-02, 1.7496e-02, 1.1161e-02, 1.7722e-02, 2.1893e-02,
        1.9005e-02, 1.8390e-02, 1.7001e-02, 1.7478e-02, 1.7786e-02, 1.2137e-02,
        2.0294e-02, 2.2772e-02, 1.2255e-02, 1.0386e-02, 1.6522e-02, 6.9156e-03,
        2.2613e-02, 1.2107e-02, 1.5686e-02, 9.5400e-03, 1.1857e-02, 7.7678e-05])
cls_count [ 38. 153. 115. 119.  51.  74.  61. 106.  14.  98.  34.  91.  65.  76.
  88.  42.  75.  18.  68.  85.  64.  70.  76.  51.  21.  91.  94.  78.
 103.  36.  36.  64.  45.  60.  44. 114.  47.  63.  46.  61.  39.  51.
  46.  46.  79.  49.  78.  95.  82.  81.  74.  75.  78.  53.  90. 100.
  52.  46.  71.  30. 100.  52.  70.  42.  51.   0.] inf 4365.0 inf 1.0
Accuracy = 53.04% -> 53.01%

65
all_output1 tensor([1.0574e-02, 2.0505e-02, 1.4427e-02, 1.4225e-02, 1.2006e-02, 1.7007e-02,
        1.6315e-02, 1.2043e-02, 1.4368e-02, 1.8186e-02, 1.4152e-02, 1.0807e-02,
        2.0605e-02, 2.1041e-02, 1.3974e-02, 2.0421e-02, 1.2277e-02, 7.0708e-03,
        1.7467e-02, 2.2449e-02, 1.0878e-02, 1.4171e-02, 1.4221e-02, 1.4339e-02,
        1.6051e-02, 1.6607e-02, 1.5208e-02, 1.8224e-02, 1.3505e-02, 1.0272e-02,
        2.0490e-02, 1.6655e-02, 2.2417e-02, 1.8310e-02, 1.1526e-02, 1.2516e-02,
        1.3228e-02, 1.4991e-02, 1.1101e-02, 9.9777e-03, 8.8337e-03, 1.0516e-02,
        1.7514e-02, 1.2101e-02, 1.9980e-02, 9.3108e-03, 2.1093e-02, 1.5487e-02,
        1.9924e-02, 1.8530e-02, 1.8601e-02, 1.6729e-02, 1.3172e-02, 2.3359e-02,
        1.1837e-02, 1.7418e-02, 9.4779e-03, 1.7302e-02, 1.3017e-02, 2.0714e-02,
        2.0027e-02, 1.9743e-02, 1.2498e-02, 1.6615e-02, 1.1516e-02, 7.5538e-05])
cls_count [ 46.  90.  63.  62.  51.  74.  73.  53.  64.  80.  61.  47.  90.  91.
  60.  88.  53.  31.  76.  98.  47.  63.  61.  61.  69.  73.  67.  80.
  60.  45.  90.  73.  97.  80.  51.  54.  57.  65.  48.  43.  38.  46.
  75.  52.  88.  41.  93.  68.  87.  81.  81.  73.  57. 102.  50.  76.
  40.  76.  58.  91.  88.  87.  54.  72.  48.   0.] inf 4357.0 inf 1.0
Accuracy = 78.40% -> 78.38%

65
all_output1 tensor([1.3781e-02, 1.0746e-02, 3.0884e-02, 1.4482e-02, 1.4278e-02, 1.0821e-02,
        1.7635e-02, 3.2339e-02, 1.0937e-02, 1.3248e-02, 1.6484e-02, 6.7670e-03,
        1.2804e-02, 2.1835e-02, 1.5823e-02, 2.1786e-02, 7.7917e-03, 6.1187e-03,
        1.9686e-02, 3.1573e-02, 7.6033e-03, 1.9801e-02, 1.3566e-02, 1.7637e-02,
        1.2377e-02, 3.8374e-02, 9.5635e-03, 1.3154e-02, 5.6423e-03, 6.2751e-03,
        1.8857e-02, 1.1411e-02, 2.3404e-02, 2.8270e-02, 1.6252e-02, 1.5162e-02,
        9.8634e-03, 1.4078e-02, 1.2751e-02, 7.0843e-03, 1.2091e-02, 1.3001e-02,
        1.0600e-02, 4.9386e-03, 1.1763e-02, 8.3261e-03, 1.3637e-02, 1.0149e-02,
        1.3134e-02, 1.3157e-02, 3.7445e-02, 1.6849e-02, 1.8905e-02, 2.9426e-02,
        1.0393e-02, 1.0150e-02, 1.2644e-02, 1.6528e-02, 1.5290e-02, 1.5971e-02,
        1.4089e-02, 2.7166e-02, 1.6299e-02, 1.3130e-02, 3.9095e-03, 6.4506e-05])
cls_count [34. 26. 75. 35. 34. 26. 43. 79. 26. 32. 40. 16. 31. 53. 39. 53. 19. 14.
 48. 77. 19. 48. 33. 43. 30. 94. 23. 32. 14. 15. 46. 27. 57. 69. 39. 37.
 24. 34. 31. 17. 29. 31. 26. 12. 28. 20. 33. 24. 32. 32. 92. 41. 46. 72.
 25. 24. 30. 40. 37. 39. 34. 67. 40. 32.  9.  0.] inf 2427.0 inf 1.0
Accuracy = 63.91% -> 63.86%

65
all_output1 tensor([8.9219e-03, 3.4245e-02, 2.6367e-02, 2.6672e-02, 1.2229e-02, 1.6638e-02,
        1.3883e-02, 2.3943e-02, 3.4892e-03, 2.2567e-02, 7.9184e-03, 2.0986e-02,
        1.4839e-02, 1.6980e-02, 2.0166e-02, 9.9200e-03, 1.6992e-02, 4.1529e-03,
        1.5624e-02, 1.9588e-02, 1.3709e-02, 1.6250e-02, 1.7698e-02, 1.1409e-02,
        4.8300e-03, 2.1258e-02, 2.1696e-02, 1.8084e-02, 2.3096e-02, 8.4094e-03,
        8.3768e-03, 1.5024e-02, 1.0445e-02, 1.3740e-02, 1.0197e-02, 2.5446e-02,
        1.0773e-02, 1.4321e-02, 1.0249e-02, 1.4210e-02, 9.1768e-03, 1.1490e-02,
        1.0193e-02, 1.0578e-02, 1.7811e-02, 1.1377e-02, 1.8311e-02, 2.1756e-02,
        1.9070e-02, 1.8299e-02, 1.6987e-02, 1.7370e-02, 1.7870e-02, 1.2022e-02,
        2.1271e-02, 2.2990e-02, 1.1952e-02, 1.0508e-02, 1.6994e-02, 6.7977e-03,
        2.2845e-02, 1.1734e-02, 1.6082e-02, 9.6455e-03, 1.1463e-02, 6.4106e-05])
cls_count [ 39. 152. 115. 117.  53.  73.  60. 106.  15.  98.  34.  91.  65.  75.
  88.  43.  74.  18.  68.  87.  63.  70.  77.  50.  21.  92.  94.  78.
 102.  36.  37.  64.  45.  60.  44. 113.  47.  61.  45.  62.  39.  51.
  44.  46.  80.  48.  81.  95.  82.  81.  74.  75.  78.  53.  91. 100.
  51.  46.  72.  30. 100.  52.  71.  42.  51.   0.] inf 4365.0 inf 1.0
Accuracy = 53.10% -> 53.04%

65
all_output1 tensor([1.0611e-02, 2.0535e-02, 1.4182e-02, 1.4283e-02, 1.2032e-02, 1.6793e-02,
        1.6455e-02, 1.2189e-02, 1.4709e-02, 1.8279e-02, 1.4050e-02, 1.0805e-02,
        2.0646e-02, 2.1001e-02, 1.3685e-02, 2.0312e-02, 1.2112e-02, 7.1736e-03,
        1.7687e-02, 2.2469e-02, 1.0363e-02, 1.4395e-02, 1.3847e-02, 1.3967e-02,
        1.5664e-02, 1.6595e-02, 1.5176e-02, 1.8616e-02, 1.3613e-02, 1.0360e-02,
        2.0377e-02, 1.7011e-02, 2.2299e-02, 1.8291e-02, 1.1601e-02, 1.2492e-02,
        1.2809e-02, 1.5090e-02, 1.1102e-02, 9.9454e-03, 8.8434e-03, 1.0548e-02,
        1.7406e-02, 1.2069e-02, 2.0195e-02, 9.5028e-03, 2.1290e-02, 1.5449e-02,
        1.9912e-02, 1.8760e-02, 1.8565e-02, 1.6719e-02, 1.3016e-02, 2.3343e-02,
        1.1829e-02, 1.7482e-02, 9.3761e-03, 1.7390e-02, 1.3310e-02, 2.0659e-02,
        2.0219e-02, 1.9429e-02, 1.2469e-02, 1.6615e-02, 1.1916e-02, 6.5467e-05])
cls_count [ 46.  90.  62.  62.  52.  74.  73.  53.  64.  79.  61.  47.  90.  91.
  60.  89.  53.  31.  75.  98.  46.  63.  60.  61.  69.  73.  67.  81.
  60.  45.  90.  73.  97.  80.  50.  54.  56.  65.  49.  43.  38.  46.
  76.  52.  88.  42.  93.  68.  87.  81.  81.  73.  57. 102.  51.  76.
  40.  76.  58.  91.  88.  86.  54.  72.  49.   0.] inf 4357.0 inf 1.0
Accuracy = 78.40% -> 78.38%

65
all_output1 tensor([1.4041e-02, 1.0750e-02, 3.0788e-02, 1.4358e-02, 1.4128e-02, 1.0755e-02,
        1.7594e-02, 3.2455e-02, 1.0870e-02, 1.3167e-02, 1.6563e-02, 6.7482e-03,
        1.2779e-02, 2.1818e-02, 1.6009e-02, 2.1750e-02, 7.8681e-03, 6.0701e-03,
        1.9571e-02, 3.1604e-02, 7.8300e-03, 1.9763e-02, 1.3583e-02, 1.7752e-02,
        1.2485e-02, 3.8577e-02, 9.5164e-03, 1.3134e-02, 5.7699e-03, 6.2524e-03,
        1.8953e-02, 1.1114e-02, 2.3423e-02, 2.8327e-02, 1.6123e-02, 1.5196e-02,
        9.9645e-03, 1.4035e-02, 1.2762e-02, 7.0085e-03, 1.2002e-02, 1.2840e-02,
        1.0632e-02, 4.9783e-03, 1.1693e-02, 8.2697e-03, 1.3584e-02, 1.0210e-02,
        1.3165e-02, 1.3070e-02, 3.7657e-02, 1.6874e-02, 1.8905e-02, 2.9512e-02,
        1.0367e-02, 1.0137e-02, 1.2250e-02, 1.6475e-02, 1.5208e-02, 1.6067e-02,
        1.3992e-02, 2.7332e-02, 1.6661e-02, 1.3151e-02, 3.6607e-03, 5.5562e-05])
cls_count [34. 26. 75. 35. 34. 26. 43. 79. 26. 32. 40. 16. 31. 53. 39. 53. 19. 14.
 48. 77. 19. 48. 33. 43. 30. 94. 23. 32. 14. 15. 46. 27. 57. 69. 39. 37.
 24. 34. 31. 17. 29. 31. 26. 12. 28. 20. 33. 24. 32. 32. 92. 41. 46. 72.
 25. 24. 30. 40. 37. 39. 34. 67. 40. 32.  9.  0.] inf 2427.0 inf 1.0
Accuracy = 63.91% -> 63.86%

65
all_output1 tensor([8.9947e-03, 3.4610e-02, 2.6390e-02, 2.6333e-02, 1.1689e-02, 1.6459e-02,
        1.4140e-02, 2.4234e-02, 3.5055e-03, 2.2211e-02, 7.9768e-03, 2.0755e-02,
        1.4844e-02, 1.7039e-02, 2.0225e-02, 9.5126e-03, 1.7110e-02, 4.2775e-03,
        1.5585e-02, 1.9860e-02, 1.4547e-02, 1.6222e-02, 1.7730e-02, 1.1701e-02,
        5.0327e-03, 2.1165e-02, 2.1508e-02, 1.8088e-02, 2.3629e-02, 8.3638e-03,
        8.4649e-03, 1.4046e-02, 1.0355e-02, 1.3692e-02, 1.0085e-02, 2.6143e-02,
        1.1036e-02, 1.4292e-02, 1.0237e-02, 1.4106e-02, 9.0790e-03, 1.1456e-02,
        1.0633e-02, 1.0515e-02, 1.7840e-02, 1.1548e-02, 1.7776e-02, 2.1820e-02,
        1.8818e-02, 1.8411e-02, 1.7111e-02, 1.7283e-02, 1.7807e-02, 1.2236e-02,
        2.0883e-02, 2.2901e-02, 1.1649e-02, 1.0555e-02, 1.6493e-02, 6.8286e-03,
        2.2869e-02, 1.1683e-02, 1.6496e-02, 9.5235e-03, 1.1548e-02, 4.9105e-05])
cls_count [ 39. 152. 115. 116.  51.  73.  61. 106.  15.  97.  34.  91.  65.  75.
  88.  43.  74.  18.  68.  87.  63.  70.  77.  50.  21.  93.  94.  78.
 103.  36.  37.  62.  45.  60.  44. 113.  47.  62.  44.  62.  39.  51.
  46.  46.  78.  50.  79.  95.  82.  81.  75.  75.  78.  53.  91. 100.
  53.  46.  72.  30. 100.  52.  71.  42.  51.   0.] inf 4365.0 inf 1.0
Accuracy = 53.08% -> 53.01%

65
all_output1 tensor([1.0764e-02, 2.0610e-02, 1.4113e-02, 1.4188e-02, 1.1939e-02, 1.6764e-02,
        1.6307e-02, 1.2293e-02, 1.4772e-02, 1.8055e-02, 1.4166e-02, 1.0795e-02,
        2.0603e-02, 2.0819e-02, 1.3642e-02, 2.0295e-02, 1.2214e-02, 7.6263e-03,
        1.7379e-02, 2.2483e-02, 1.0774e-02, 1.4329e-02, 1.3941e-02, 1.4152e-02,
        1.6126e-02, 1.6763e-02, 1.5121e-02, 1.8269e-02, 1.3891e-02, 1.0352e-02,
        2.0649e-02, 1.6404e-02, 2.2233e-02, 1.8290e-02, 1.1389e-02, 1.2543e-02,
        1.3196e-02, 1.4995e-02, 1.1177e-02, 9.8757e-03, 8.8305e-03, 1.0463e-02,
        1.7699e-02, 1.2138e-02, 2.0130e-02, 9.4679e-03, 2.1039e-02, 1.5648e-02,
        2.0026e-02, 1.8407e-02, 1.8590e-02, 1.6755e-02, 1.3045e-02, 2.3396e-02,
        1.1806e-02, 1.7463e-02, 9.0545e-03, 1.7317e-02, 1.2944e-02, 2.0806e-02,
        2.0163e-02, 1.9761e-02, 1.2764e-02, 1.6530e-02, 1.1407e-02, 5.6302e-05])
cls_count [ 46.  90.  62.  62.  52.  74.  72.  54.  64.  79.  61.  47.  90.  91.
  59.  89.  53.  32.  75.  98.  47.  63.  60.  61.  69.  73.  67.  80.
  61.  45.  90.  72.  97.  80.  49.  54.  57.  65.  49.  43.  38.  46.
  76.  52.  88.  42.  93.  68.  87.  81.  81.  73.  58. 102.  51.  76.
  39.  76.  57.  91.  88.  87.  55.  72.  48.   0.] inf 4357.0 inf 1.0
Accuracy = 78.43% -> 78.43%

65
all_output1 tensor([1.4008e-02, 1.0733e-02, 3.0853e-02, 1.4409e-02, 1.4158e-02, 1.0797e-02,
        1.7652e-02, 3.2464e-02, 1.0894e-02, 1.3144e-02, 1.6516e-02, 6.6732e-03,
        1.2798e-02, 2.1696e-02, 1.5959e-02, 2.1814e-02, 7.8314e-03, 5.9335e-03,
        1.9537e-02, 3.1587e-02, 7.8784e-03, 1.9751e-02, 1.3572e-02, 1.7674e-02,
        1.2428e-02, 3.8520e-02, 9.5397e-03, 1.3123e-02, 5.7479e-03, 6.2252e-03,
        1.8957e-02, 1.1193e-02, 2.3430e-02, 2.8362e-02, 1.6150e-02, 1.5279e-02,
        9.9850e-03, 1.4062e-02, 1.2754e-02, 7.0270e-03, 1.2003e-02, 1.2906e-02,
        1.0657e-02, 4.9515e-03, 1.1653e-02, 8.2582e-03, 1.3606e-02, 1.0201e-02,
        1.3139e-02, 1.3119e-02, 3.7728e-02, 1.6871e-02, 1.8954e-02, 2.9483e-02,
        1.0358e-02, 1.0077e-02, 1.2201e-02, 1.6496e-02, 1.5252e-02, 1.6105e-02,
        1.3991e-02, 2.7374e-02, 1.6605e-02, 1.3200e-02, 3.6436e-03, 5.1017e-05])
cls_count [34. 26. 75. 35. 34. 26. 43. 79. 26. 32. 40. 16. 31. 53. 39. 53. 19. 14.
 48. 77. 19. 48. 33. 43. 30. 94. 23. 32. 14. 15. 46. 27. 57. 69. 39. 37.
 24. 34. 31. 17. 29. 31. 26. 12. 28. 20. 33. 24. 32. 32. 92. 41. 46. 72.
 25. 24. 30. 40. 37. 39. 34. 67. 40. 32.  9.  0.] inf 2427.0 inf 1.0
Accuracy = 63.91% -> 63.86%

65
all_output1 tensor([8.9802e-03, 3.4293e-02, 2.6328e-02, 2.6695e-02, 1.1716e-02, 1.6708e-02,
        1.4089e-02, 2.4211e-02, 3.5182e-03, 2.2260e-02, 8.1075e-03, 2.0622e-02,
        1.4882e-02, 1.6825e-02, 2.0215e-02, 9.8632e-03, 1.7097e-02, 4.1266e-03,
        1.5570e-02, 1.9836e-02, 1.4449e-02, 1.6207e-02, 1.7776e-02, 1.1634e-02,
        4.9315e-03, 2.0706e-02, 2.1456e-02, 1.7980e-02, 2.3378e-02, 8.3856e-03,
        8.5299e-03, 1.4361e-02, 1.0222e-02, 1.3619e-02, 1.0265e-02, 2.5831e-02,
        1.1107e-02, 1.4299e-02, 1.0293e-02, 1.4191e-02, 9.1282e-03, 1.1635e-02,
        1.0588e-02, 1.0544e-02, 1.7602e-02, 1.1586e-02, 1.7953e-02, 2.1881e-02,
        1.8615e-02, 1.8650e-02, 1.7043e-02, 1.7204e-02, 1.7895e-02, 1.2116e-02,
        2.0923e-02, 2.2885e-02, 1.1998e-02, 1.0486e-02, 1.6637e-02, 6.8390e-03,
        2.2913e-02, 1.1980e-02, 1.6247e-02, 9.4403e-03, 1.1601e-02, 4.5962e-05])
cls_count [ 39. 151. 115. 118.  52.  73.  61. 106.  15.  97.  35.  90.  65.  74.
  88.  43.  74.  18.  68.  87.  63.  70.  77.  50.  21.  91.  94.  78.
 102.  36.  37.  62.  45.  59.  44. 113.  48.  62.  45.  62.  40.  51.
  46.  46.  78.  50.  79.  95.  81.  82.  74.  75.  78.  53.  92. 100.
  53.  46.  72.  30. 100.  52.  71.  42.  51.   0.] inf 4365.0 inf 1.0
Accuracy = 52.99% -> 52.99%

65
all_output1 tensor([1.0718e-02, 2.0551e-02, 1.4130e-02, 1.4245e-02, 1.2194e-02, 1.6892e-02,
        1.6263e-02, 1.2250e-02, 1.4647e-02, 1.7966e-02, 1.4082e-02, 1.0789e-02,
        2.0669e-02, 2.0762e-02, 1.3647e-02, 2.0498e-02, 1.2202e-02, 7.1698e-03,
        1.7213e-02, 2.2479e-02, 1.0821e-02, 1.4331e-02, 1.3927e-02, 1.3995e-02,
        1.5931e-02, 1.6681e-02, 1.5277e-02, 1.8175e-02, 1.3670e-02, 1.0364e-02,
        2.0659e-02, 1.6647e-02, 2.2269e-02, 1.8400e-02, 1.1455e-02, 1.2519e-02,
        1.3409e-02, 1.4944e-02, 1.1161e-02, 9.8983e-03, 8.7966e-03, 1.0601e-02,
        1.7605e-02, 1.2039e-02, 2.0037e-02, 9.5192e-03, 2.1145e-02, 1.5725e-02,
        1.9978e-02, 1.8551e-02, 1.8593e-02, 1.6759e-02, 1.3104e-02, 2.3358e-02,
        1.1683e-02, 1.7448e-02, 9.1552e-03, 1.7272e-02, 1.3368e-02, 2.0885e-02,
        2.0163e-02, 1.9935e-02, 1.2681e-02, 1.6584e-02, 1.1061e-02, 5.1366e-05])
cls_count [ 46.  90.  62.  62.  53.  74.  71.  54.  64.  78.  61.  47.  90.  91.
  59.  89.  53.  32.  75.  98.  47.  63.  60.  61.  69.  73.  67.  79.
  60.  45.  90.  72.  97.  80.  49.  54.  58.  65.  49.  43.  38.  46.
  76.  52.  88.  42.  93.  68.  87.  81.  81.  73.  57. 102.  51.  76.
  40.  76.  58.  91.  88.  88.  55.  72.  48.   0.] inf 4357.0 inf 1.0
Accuracy = 78.38% -> 78.45%

65
all_output1 tensor([1.3965e-02, 1.0749e-02, 3.0826e-02, 1.4365e-02, 1.4230e-02, 1.0780e-02,
        1.7738e-02, 3.2483e-02, 1.0789e-02, 1.3180e-02, 1.6558e-02, 6.6385e-03,
        1.2762e-02, 2.1821e-02, 1.5989e-02, 2.1867e-02, 7.8445e-03, 5.9666e-03,
        1.9616e-02, 3.1647e-02, 7.8656e-03, 1.9712e-02, 1.3645e-02, 1.7729e-02,
        1.2425e-02, 3.8623e-02, 9.4736e-03, 1.3191e-02, 5.6725e-03, 6.2251e-03,
        1.8928e-02, 1.1121e-02, 2.3455e-02, 2.8326e-02, 1.6129e-02, 1.5240e-02,
        9.9212e-03, 1.4017e-02, 1.2778e-02, 7.0238e-03, 1.2011e-02, 1.2861e-02,
        1.0676e-02, 4.9610e-03, 1.1660e-02, 8.2541e-03, 1.3643e-02, 1.0160e-02,
        1.3156e-02, 1.3094e-02, 3.7701e-02, 1.6892e-02, 1.8855e-02, 2.9478e-02,
        1.0350e-02, 1.0019e-02, 1.2314e-02, 1.6519e-02, 1.5210e-02, 1.6062e-02,
        1.3916e-02, 2.7423e-02, 1.6528e-02, 1.3186e-02, 3.7057e-03, 4.5718e-05])
cls_count [34. 26. 75. 35. 34. 26. 43. 79. 26. 32. 40. 16. 31. 53. 39. 53. 19. 14.
 48. 77. 19. 48. 33. 43. 30. 94. 23. 32. 14. 15. 46. 27. 57. 69. 39. 37.
 24. 34. 31. 17. 29. 31. 26. 12. 28. 20. 33. 24. 32. 32. 92. 41. 46. 72.
 25. 24. 30. 40. 37. 39. 34. 67. 40. 32.  9.  0.] inf 2427.0 inf 1.0
Accuracy = 63.91% -> 63.86%

65
all_output1 tensor([8.9820e-03, 3.4497e-02, 2.6190e-02, 2.6396e-02, 1.2039e-02, 1.6806e-02,
        1.4132e-02, 2.4134e-02, 3.4607e-03, 2.2366e-02, 8.1250e-03, 2.0577e-02,
        1.4789e-02, 1.6974e-02, 2.0150e-02, 9.8220e-03, 1.7099e-02, 4.2070e-03,
        1.5595e-02, 1.9894e-02, 1.4374e-02, 1.6158e-02, 1.7789e-02, 1.1676e-02,
        4.9129e-03, 2.0928e-02, 2.1452e-02, 1.8193e-02, 2.3302e-02, 8.3487e-03,
        8.5103e-03, 1.4126e-02, 1.0307e-02, 1.3638e-02, 1.0242e-02, 2.5854e-02,
        1.1090e-02, 1.4040e-02, 1.0376e-02, 1.4210e-02, 9.0895e-03, 1.1755e-02,
        1.0683e-02, 1.0539e-02, 1.8197e-02, 1.1693e-02, 1.8028e-02, 2.1925e-02,
        1.8936e-02, 1.8322e-02, 1.7019e-02, 1.7228e-02, 1.7632e-02, 1.2062e-02,
        2.0688e-02, 2.2859e-02, 1.1811e-02, 1.0515e-02, 1.6392e-02, 6.8220e-03,
        2.2883e-02, 1.1830e-02, 1.6173e-02, 9.5548e-03, 1.1557e-02, 4.0999e-05])
cls_count [ 39. 151. 114. 117.  52.  73.  61. 106.  15.  98.  35.  91.  65.  74.
  88.  43.  74.  18.  68.  87.  63.  70.  77.  50.  21.  92.  94.  79.
 102.  36.  37.  61.  45.  59.  44. 113.  48.  62.  45.  62.  40.  51.
  47.  46.  79.  51.  79.  95.  82.  81.  74.  75.  78.  53.  90. 100.
  52.  46.  72.  30. 100.  52.  71.  42.  50.   0.] inf 4365.0 inf 1.0
Accuracy = 53.04% -> 53.04%

65
all_output1 tensor([1.0740e-02, 2.0651e-02, 1.4167e-02, 1.4178e-02, 1.2251e-02, 1.6889e-02,
        1.6510e-02, 1.2275e-02, 1.4659e-02, 1.8061e-02, 1.4108e-02, 1.0726e-02,
        2.0576e-02, 2.0888e-02, 1.3504e-02, 2.0488e-02, 1.2152e-02, 7.3920e-03,
        1.7243e-02, 2.2492e-02, 1.0779e-02, 1.4227e-02, 1.3826e-02, 1.4053e-02,
        1.5889e-02, 1.6809e-02, 1.5230e-02, 1.8475e-02, 1.3638e-02, 1.0354e-02,
        2.0628e-02, 1.6431e-02, 2.2287e-02, 1.8335e-02, 1.1387e-02, 1.2552e-02,
        1.3242e-02, 1.4920e-02, 1.1229e-02, 9.9084e-03, 8.7834e-03, 1.0597e-02,
        1.7616e-02, 1.2064e-02, 2.0206e-02, 9.4800e-03, 2.1276e-02, 1.5954e-02,
        2.0020e-02, 1.8551e-02, 1.8585e-02, 1.6782e-02, 1.2704e-02, 2.3343e-02,
        1.1780e-02, 1.7409e-02, 9.1721e-03, 1.7358e-02, 1.3232e-02, 2.0831e-02,
        1.9877e-02, 1.9919e-02, 1.2668e-02, 1.6530e-02, 1.1066e-02, 4.7017e-05])
cls_count [ 46.  90.  62.  62.  52.  74.  72.  54.  64.  79.  61.  47.  90.  91.
  59.  89.  53.  32.  75.  98.  47.  63.  60.  61.  69.  73.  67.  80.
  60.  45.  90.  72.  97.  80.  49.  54.  57.  65.  49.  43.  38.  46.
  76.  52.  88.  42.  93.  68.  87.  81.  81.  73.  57. 102.  51.  76.
  40.  76.  58.  91.  88.  87.  55.  72.  48.   0.] inf 4357.0 inf 1.0
Accuracy = 78.43% -> 78.43%

65
all_output1 tensor([1.4012e-02, 1.0746e-02, 3.0884e-02, 1.4438e-02, 1.4244e-02, 1.0856e-02,
        1.7715e-02, 3.2521e-02, 1.0838e-02, 1.3193e-02, 1.6508e-02, 6.7068e-03,
        1.2770e-02, 2.1842e-02, 1.5965e-02, 2.1843e-02, 7.8341e-03, 5.9258e-03,
        1.9631e-02, 3.1628e-02, 7.8349e-03, 1.9706e-02, 1.3578e-02, 1.7659e-02,
        1.2443e-02, 3.8444e-02, 9.4979e-03, 1.3160e-02, 5.6698e-03, 6.2354e-03,
        1.8949e-02, 1.1166e-02, 2.3451e-02, 2.8324e-02, 1.6103e-02, 1.5205e-02,
        9.9185e-03, 1.4032e-02, 1.2758e-02, 7.0222e-03, 1.2010e-02, 1.2842e-02,
        1.0680e-02, 4.9212e-03, 1.1651e-02, 8.2936e-03, 1.3639e-02, 1.0033e-02,
        1.3138e-02, 1.3131e-02, 3.7690e-02, 1.6867e-02, 1.8916e-02, 2.9572e-02,
        1.0314e-02, 1.0039e-02, 1.2440e-02, 1.6493e-02, 1.5269e-02, 1.6041e-02,
        1.3962e-02, 2.7460e-02, 1.6379e-02, 1.3164e-02, 3.7526e-03, 4.2625e-05])
cls_count [34. 26. 75. 35. 34. 26. 43. 79. 26. 32. 40. 16. 31. 53. 39. 53. 19. 14.
 48. 77. 19. 48. 33. 43. 30. 94. 23. 32. 14. 15. 46. 27. 57. 69. 39. 37.
 24. 34. 31. 17. 29. 31. 26. 12. 28. 20. 33. 24. 32. 32. 92. 41. 46. 72.
 25. 24. 30. 40. 37. 39. 34. 67. 40. 32.  9.  0.] inf 2427.0 inf 1.0
Accuracy = 63.91% -> 63.86%

65
all_output1 tensor([8.9637e-03, 3.4577e-02, 2.6163e-02, 2.6456e-02, 1.2071e-02, 1.6861e-02,
        1.4130e-02, 2.4193e-02, 3.4866e-03, 2.2308e-02, 8.0663e-03, 2.0842e-02,
        1.4830e-02, 1.6933e-02, 2.0145e-02, 9.8445e-03, 1.7006e-02, 4.1617e-03,
        1.5586e-02, 1.9818e-02, 1.4343e-02, 1.6092e-02, 1.7698e-02, 1.1509e-02,
        4.9212e-03, 2.1054e-02, 2.1429e-02, 1.7937e-02, 2.3200e-02, 8.3607e-03,
        8.5156e-03, 1.4190e-02, 1.0298e-02, 1.3609e-02, 1.0153e-02, 2.5732e-02,
        1.1161e-02, 1.4032e-02, 1.0259e-02, 1.4167e-02, 9.1372e-03, 1.1772e-02,
        1.0725e-02, 1.0486e-02, 1.8045e-02, 1.1787e-02, 1.8088e-02, 2.1798e-02,
        1.8756e-02, 1.8488e-02, 1.7032e-02, 1.7181e-02, 1.7852e-02, 1.2109e-02,
        2.0558e-02, 2.2936e-02, 1.2063e-02, 1.0525e-02, 1.6409e-02, 6.8845e-03,
        2.2863e-02, 1.1966e-02, 1.6067e-02, 9.6808e-03, 1.1655e-02, 3.5642e-05])
cls_count [ 39. 151. 114. 117.  52.  74.  61. 106.  15.  97.  35.  91.  65.  74.
  88.  43.  74.  18.  68.  87.  63.  70.  77.  50.  21.  92.  94.  79.
 101.  36.  37.  62.  45.  59.  44. 113.  48.  62.  45.  62.  40.  51.
  47.  46.  79.  50.  79.  95.  82.  81.  74.  75.  78.  53.  90. 100.
  53.  46.  72.  30. 100.  52.  71.  42.  50.   0.] inf 4365.0 inf 1.0
Accuracy = 53.06% -> 53.04%

65
all_output1 tensor([1.0689e-02, 2.0621e-02, 1.4265e-02, 1.4247e-02, 1.2193e-02, 1.6925e-02,
        1.6521e-02, 1.2337e-02, 1.4638e-02, 1.8193e-02, 1.4075e-02, 1.0850e-02,
        2.0575e-02, 2.0860e-02, 1.3493e-02, 2.0474e-02, 1.2141e-02, 7.4009e-03,
        1.7218e-02, 2.2483e-02, 1.0759e-02, 1.4282e-02, 1.3748e-02, 1.3943e-02,
        1.5934e-02, 1.6752e-02, 1.5208e-02, 1.8377e-02, 1.3700e-02, 1.0375e-02,
        2.0659e-02, 1.6564e-02, 2.2237e-02, 1.8363e-02, 1.1280e-02, 1.2533e-02,
        1.3212e-02, 1.4921e-02, 1.1196e-02, 9.8860e-03, 8.7995e-03, 1.0549e-02,
        1.7576e-02, 1.2003e-02, 2.0226e-02, 9.6047e-03, 2.1270e-02, 1.5801e-02,
        1.9960e-02, 1.8565e-02, 1.8574e-02, 1.6736e-02, 1.2939e-02, 2.3376e-02,
        1.1706e-02, 1.7443e-02, 9.1372e-03, 1.7293e-02, 1.3307e-02, 2.0750e-02,
        2.0050e-02, 1.9959e-02, 1.2521e-02, 1.6532e-02, 1.1150e-02, 4.2323e-05])
cls_count [ 46.  90.  62.  62.  52.  74.  71.  54.  64.  79.  61.  47.  90.  91.
  59.  89.  53.  32.  75.  98.  47.  63.  60.  61.  69.  73.  67.  80.
  60.  45.  90.  72.  97.  80.  49.  54.  58.  65.  49.  43.  38.  46.
  76.  52.  88.  42.  93.  68.  87.  81.  81.  73.  57. 102.  51.  76.
  40.  76.  58.  91.  88.  87.  55.  72.  48.   0.] inf 4357.0 inf 1.0
Accuracy = 78.40% -> 78.43%

65
all_output1 tensor([1.3963e-02, 1.0731e-02, 3.0803e-02, 1.4455e-02, 1.4125e-02, 1.0786e-02,
        1.7712e-02, 3.2472e-02, 1.0867e-02, 1.3193e-02, 1.6505e-02, 6.6656e-03,
        1.2782e-02, 2.1795e-02, 1.5940e-02, 2.1846e-02, 7.8704e-03, 5.9446e-03,
        1.9680e-02, 3.1618e-02, 7.8503e-03, 1.9761e-02, 1.3584e-02, 1.7739e-02,
        1.2441e-02, 3.8552e-02, 9.4831e-03, 1.3160e-02, 5.7247e-03, 6.2132e-03,
        1.8930e-02, 1.1137e-02, 2.3486e-02, 2.8379e-02, 1.6075e-02, 1.5166e-02,
        9.9373e-03, 1.4062e-02, 1.2792e-02, 7.0276e-03, 1.1991e-02, 1.2823e-02,
        1.0682e-02, 4.9740e-03, 1.1629e-02, 8.3006e-03, 1.3590e-02, 1.0036e-02,
        1.3138e-02, 1.3122e-02, 3.7714e-02, 1.6899e-02, 1.8936e-02, 2.9510e-02,
        1.0343e-02, 9.9892e-03, 1.2373e-02, 1.6477e-02, 1.5295e-02, 1.6073e-02,
        1.3995e-02, 2.7477e-02, 1.6539e-02, 1.3138e-02, 3.6619e-03, 4.0470e-05])
cls_count [34. 26. 75. 35. 34. 26. 43. 79. 26. 32. 40. 16. 31. 53. 39. 53. 19. 14.
 48. 77. 19. 48. 33. 43. 30. 94. 23. 32. 14. 15. 46. 27. 57. 69. 39. 37.
 24. 34. 31. 17. 29. 31. 26. 12. 28. 20. 33. 24. 32. 32. 92. 41. 46. 72.
 25. 24. 30. 40. 37. 39. 34. 67. 40. 32.  9.  0.] inf 2427.0 inf 1.0
Accuracy = 63.91% -> 63.86%

65
all_output1 tensor([8.9566e-03, 3.4382e-02, 2.6011e-02, 2.6923e-02, 1.1864e-02, 1.6791e-02,
        1.3932e-02, 2.4133e-02, 3.4936e-03, 2.2227e-02, 8.1222e-03, 2.0866e-02,
        1.4869e-02, 1.6592e-02, 2.0057e-02, 9.7955e-03, 1.7066e-02, 4.1327e-03,
        1.5616e-02, 1.9910e-02, 1.4246e-02, 1.6213e-02, 1.7671e-02, 1.1509e-02,
        4.9211e-03, 2.1278e-02, 2.1410e-02, 1.7902e-02, 2.3302e-02, 8.3338e-03,
        8.4637e-03, 1.4147e-02, 1.0336e-02, 1.3639e-02, 1.0151e-02, 2.5875e-02,
        1.1127e-02, 1.4289e-02, 1.0411e-02, 1.4209e-02, 9.0965e-03, 1.1704e-02,
        1.1041e-02, 1.0567e-02, 1.7980e-02, 1.1558e-02, 1.7819e-02, 2.1826e-02,
        1.8841e-02, 1.8372e-02, 1.6909e-02, 1.7201e-02, 1.7939e-02, 1.2100e-02,
        2.0370e-02, 2.2866e-02, 1.2354e-02, 1.0501e-02, 1.6577e-02, 6.9346e-03,
        2.2982e-02, 1.2081e-02, 1.6265e-02, 9.4742e-03, 1.1434e-02, 3.4366e-05])
cls_count [ 39. 151. 114. 117.  52.  73.  61. 106.  15.  97.  35.  91.  65.  73.
  88.  43.  74.  18.  68.  87.  63.  70.  77.  50.  21.  93.  94.  79.
 102.  36.  37.  62.  45.  59.  44. 113.  48.  62.  45.  62.  40.  51.
  47.  46.  79.  50.  79.  95.  82.  81.  74.  75.  78.  53.  90. 100.
  53.  46.  72.  30. 100.  52.  71.  42.  50.   0.] inf 4365.0 inf 1.0
Accuracy = 53.08% -> 53.04%

65
all_output1 tensor([1.0668e-02, 2.0598e-02, 1.4172e-02, 1.4283e-02, 1.2001e-02, 1.6948e-02,
        1.6359e-02, 1.2313e-02, 1.4660e-02, 1.8171e-02, 1.4098e-02, 1.0756e-02,
        2.0641e-02, 2.0759e-02, 1.3464e-02, 2.0417e-02, 1.2207e-02, 7.4654e-03,
        1.7273e-02, 2.2473e-02, 1.0844e-02, 1.4372e-02, 1.3710e-02, 1.3993e-02,
        1.5882e-02, 1.6729e-02, 1.5208e-02, 1.8327e-02, 1.3608e-02, 1.0344e-02,
        2.0680e-02, 1.6546e-02, 2.2222e-02, 1.8412e-02, 1.1243e-02, 1.2539e-02,
        1.3330e-02, 1.5006e-02, 1.1268e-02, 9.9028e-03, 8.7964e-03, 1.0542e-02,
        1.7638e-02, 1.2056e-02, 2.0137e-02, 9.6112e-03, 2.1145e-02, 1.5694e-02,
        1.9958e-02, 1.8572e-02, 1.8570e-02, 1.6724e-02, 1.2950e-02, 2.3354e-02,
        1.1709e-02, 1.7394e-02, 9.4266e-03, 1.7267e-02, 1.3475e-02, 2.0838e-02,
        2.0178e-02, 2.0059e-02, 1.2664e-02, 1.6425e-02, 1.0887e-02, 3.9515e-05])
cls_count [ 46.  90.  62.  62.  52.  74.  71.  54.  64.  79.  61.  47.  90.  91.
  59.  89.  53.  33.  75.  98.  47.  63.  60.  61.  69.  73.  67.  79.
  60.  45.  90.  72.  97.  80.  49.  54.  58.  65.  49.  43.  38.  46.
  76.  52.  88.  42.  93.  68.  87.  81.  81.  73.  57. 102.  51.  76.
  40.  76.  58.  91.  88.  88.  55.  72.  47.   0.] inf 4357.0 inf 1.0
Accuracy = 78.43% -> 78.43%

65
all_output1 tensor([1.4009e-02, 1.0738e-02, 3.0862e-02, 1.4411e-02, 1.4111e-02, 1.0756e-02,
        1.7686e-02, 3.2421e-02, 1.0837e-02, 1.3219e-02, 1.6478e-02, 6.6693e-03,
        1.2762e-02, 2.1794e-02, 1.5990e-02, 2.1836e-02, 7.8562e-03, 5.8903e-03,
        1.9690e-02, 3.1598e-02, 7.8073e-03, 1.9769e-02, 1.3576e-02, 1.7722e-02,
        1.2433e-02, 3.8603e-02, 9.4972e-03, 1.3121e-02, 5.7505e-03, 6.2181e-03,
        1.8927e-02, 1.1153e-02, 2.3488e-02, 2.8342e-02, 1.6101e-02, 1.5251e-02,
        9.8979e-03, 1.4052e-02, 1.2771e-02, 7.0269e-03, 1.1965e-02, 1.2799e-02,
        1.0621e-02, 4.9649e-03, 1.1641e-02, 8.2573e-03, 1.3640e-02, 1.0026e-02,
        1.3151e-02, 1.3149e-02, 3.7773e-02, 1.6858e-02, 1.8960e-02, 2.9577e-02,
        1.0315e-02, 1.0002e-02, 1.2020e-02, 1.6497e-02, 1.5238e-02, 1.6080e-02,
        1.3991e-02, 2.7471e-02, 1.6823e-02, 1.3208e-02, 3.8141e-03, 3.7986e-05])
cls_count [34. 26. 75. 35. 34. 26. 43. 79. 26. 32. 40. 16. 31. 53. 39. 53. 19. 14.
 48. 77. 19. 48. 33. 43. 30. 94. 23. 32. 14. 15. 46. 27. 57. 69. 39. 37.
 24. 34. 31. 17. 29. 31. 26. 12. 28. 20. 33. 24. 32. 32. 92. 41. 46. 72.
 25. 24. 29. 40. 37. 39. 34. 67. 41. 32.  9.  0.] inf 2427.0 inf 1.0
Accuracy = 63.86% -> 63.86%

65
all_output1 tensor([8.9620e-03, 3.4480e-02, 2.6148e-02, 2.6725e-02, 1.1985e-02, 1.6670e-02,
        1.4043e-02, 2.4106e-02, 3.4931e-03, 2.2292e-02, 8.0809e-03, 2.0741e-02,
        1.4846e-02, 1.6568e-02, 2.0173e-02, 9.7661e-03, 1.7075e-02, 4.1401e-03,
        1.5606e-02, 1.9856e-02, 1.4222e-02, 1.6178e-02, 1.7663e-02, 1.1592e-02,
        4.9111e-03, 2.1215e-02, 2.1484e-02, 1.7816e-02, 2.3387e-02, 8.3424e-03,
        8.4962e-03, 1.4239e-02, 1.0318e-02, 1.3575e-02, 1.0170e-02, 2.5982e-02,
        1.1086e-02, 1.4218e-02, 1.0331e-02, 1.4217e-02, 9.1037e-03, 1.1666e-02,
        1.0769e-02, 1.0552e-02, 1.8024e-02, 1.1505e-02, 1.7970e-02, 2.1852e-02,
        1.8708e-02, 1.8572e-02, 1.6964e-02, 1.7192e-02, 1.7929e-02, 1.2148e-02,
        2.0453e-02, 2.2906e-02, 1.1758e-02, 1.0554e-02, 1.6472e-02, 6.9383e-03,
        2.2957e-02, 1.2112e-02, 1.6298e-02, 9.6909e-03, 1.1679e-02, 3.0974e-05])
cls_count [ 39. 151. 114. 118.  52.  73.  61. 106.  15.  97.  35.  91.  65.  73.
  88.  43.  74.  18.  68.  87.  63.  70.  77.  50.  21.  92.  94.  79.
 102.  36.  37.  62.  45.  59.  44. 113.  48.  62.  45.  62.  40.  51.
  47.  46.  79.  50.  79.  95.  82.  81.  74.  75.  78.  53.  90. 100.
  52.  46.  72.  30. 100.  53.  71.  42.  50.   0.] inf 4365.0 inf 1.0
Accuracy = 52.99% -> 53.01%

65
all_output1 tensor([1.0668e-02, 2.0624e-02, 1.4208e-02, 1.4238e-02, 1.2031e-02, 1.6897e-02,
        1.6170e-02, 1.2280e-02, 1.4687e-02, 1.8224e-02, 1.4063e-02, 1.0779e-02,
        2.0585e-02, 2.0798e-02, 1.3589e-02, 2.0415e-02, 1.2178e-02, 7.4531e-03,
        1.7273e-02, 2.2464e-02, 1.0795e-02, 1.4411e-02, 1.3701e-02, 1.3987e-02,
        1.5878e-02, 1.6766e-02, 1.5282e-02, 1.8177e-02, 1.3829e-02, 1.0350e-02,
        2.0661e-02, 1.6592e-02, 2.2248e-02, 1.8363e-02, 1.1293e-02, 1.2533e-02,
        1.3320e-02, 1.4969e-02, 1.1214e-02, 9.8931e-03, 8.7634e-03, 1.0562e-02,
        1.7419e-02, 1.2011e-02, 2.0174e-02, 9.5755e-03, 2.1316e-02, 1.5716e-02,
        1.9963e-02, 1.8620e-02, 1.8577e-02, 1.6732e-02, 1.3035e-02, 2.3391e-02,
        1.1708e-02, 1.7404e-02, 8.9019e-03, 1.7285e-02, 1.3321e-02, 2.0829e-02,
        2.0191e-02, 2.0028e-02, 1.2848e-02, 1.6543e-02, 1.1163e-02, 3.6580e-05])
cls_count [ 46.  90.  62.  62.  52.  74.  71.  54.  64.  79.  61.  47.  90.  91.
  59.  89.  53.  33.  75.  98.  47.  63.  60.  61.  69.  73.  67.  80.
  60.  45.  90.  72.  97.  80.  49.  54.  58.  65.  49.  43.  38.  46.
  76.  52.  88.  42.  93.  68.  87.  81.  81.  73.  57. 102.  51.  76.
  40.  76.  58.  91.  88.  87.  55.  72.  47.   0.] inf 4357.0 inf 1.0
Accuracy = 78.43% -> 78.43%

65
