nohup: 忽略输入
ckpt/source/uda/office-home/R
Namespace(batch_size=64, bottleneck=256, class_num=65, classifier='bn', cls_par=0.6, da='uda', distance='cosine', dset='office-home', ent=True, ent_par=1.0, epsilon=1e-05, extra_class=1, gent=True, gpu_id='1', interval=15, issave=False, layer='wn', lr=0.01, lr_decay1=0.1, lr_decay2=1.0, max_epoch=15, name='office-home', name1='RP', name2='RA', name3='RC', net='resnet50', out_file=<_io.TextIOWrapper name='ckpt/target/uda/office-home-addfc+gent/log_par_0.6.txt' mode='w' encoding='UTF-8'>, output='ckpt/target', output_dir='ckpt/target/uda/office-home-addfc+gent', output_dir_src='ckpt/source/uda/office-home/R', output_src='ckpt/source', s=0, s_dset_path='./data/office-home/Real_World.txt', savename='par_0.6', seed=2020, src_classes=[0, 1, 2, 3, 4, 5, 6, 7, 8, 9, 10, 11, 12, 13, 14, 15, 16, 17, 18, 19, 20, 21, 22, 23, 24, 25, 26, 27, 28, 29, 30, 31, 32, 33, 34, 35, 36, 37, 38, 39, 40, 41, 42, 43, 44, 45, 46, 47, 48, 49, 50, 51, 52, 53, 54, 55, 56, 57, 58, 59, 60, 61, 62, 63, 64], t=1, t_dset_path='./data/office-home/Product.txt', t_dset_path1='./data/office-home/Art.txt', t_dset_path2='./data/office-home/Clipart.txt', tar_classes=[0, 1, 2, 3, 4, 5, 6, 7, 8, 9, 10, 11, 12, 13, 14, 15, 16, 17, 18, 19, 20, 21, 22, 23, 24, 25, 26, 27, 28, 29, 30, 31, 32, 33, 34, 35, 36, 37, 38, 39, 40, 41, 42, 43, 44, 45, 46, 47, 48, 49, 50, 51, 52, 53, 54, 55, 56, 57, 58, 59, 60, 61, 62, 63, 64], tar_classes1=[0, 1, 2, 3, 4, 5, 6, 7, 8, 9, 10, 11, 12, 13, 14, 15, 16, 17, 18, 19, 20, 21, 22, 23, 24, 25, 26, 27, 28, 29, 30, 31, 32, 33, 34, 35, 36, 37, 38, 39, 40, 41, 42, 43, 44, 45, 46, 47, 48, 49, 50, 51, 52, 53, 54, 55, 56, 57, 58, 59, 60, 61, 62, 63, 64], tar_classes2=[0, 1, 2, 3, 4, 5, 6, 7, 8, 9, 10, 11, 12, 13, 14, 15, 16, 17, 18, 19, 20, 21, 22, 23, 24, 25, 26, 27, 28, 29, 30, 31, 32, 33, 34, 35, 36, 37, 38, 39, 40, 41, 42, 43, 44, 45, 46, 47, 48, 49, 50, 51, 52, 53, 54, 55, 56, 57, 58, 59, 60, 61, 62, 63, 64], test_dset_path='./data/office-home/Product.txt', test_dset_path1='./data/office-home/Art.txt', test_dset_path2='./data/office-home/Clipart.txt', threshold=0, worker=4)
/homes/jh015/.conda/envs/hj_trans/lib/python3.7/site-packages/torchvision/models/_utils.py:209: UserWarning: The parameter 'pretrained' is deprecated since 0.13 and will be removed in 0.15, please use 'weights' instead.
  f"The parameter '{pretrained_param}' is deprecated since 0.13 and will be removed in 0.15, "
/homes/jh015/.conda/envs/hj_trans/lib/python3.7/site-packages/torchvision/models/_utils.py:223: UserWarning: Arguments other than a weight enum or `None` for 'weights' are deprecated since 0.13 and will be removed in 0.15. The current behavior is equivalent to passing `weights=ResNet50_Weights.IMAGENET1K_V1`. You can also use `weights=ResNet50_Weights.DEFAULT` to get the most up-to-date weights.
  warnings.warn(msg)
all_output1 tensor([0.0196, 0.0128, 0.0069, 0.0167, 0.0120, 0.0145, 0.0102, 0.0136, 0.0129,
        0.0148, 0.0217, 0.0203, 0.0236, 0.0165, 0.0101, 0.0140, 0.0148, 0.0123,
        0.0208, 0.0122, 0.0132, 0.0121, 0.0250, 0.0208, 0.0104, 0.0178, 0.0231,
        0.0135, 0.0264, 0.0169, 0.0205, 0.0206, 0.0219, 0.0186, 0.0075, 0.0161,
        0.0158, 0.0124, 0.0096, 0.0153, 0.0109, 0.0104, 0.0180, 0.0220, 0.0276,
        0.0074, 0.0146, 0.0225, 0.0206, 0.0233, 0.0126, 0.0128, 0.0083, 0.0079,
        0.0105, 0.0203, 0.0082, 0.0136, 0.0135, 0.0080, 0.0151, 0.0086, 0.0172,
        0.0129, 0.0122, 0.0031])
cls_count [ 79.  63.  30.  69.  28.  66.  43.  63.  49.  76. 105. 110. 102.  88.
  33.  56.  60.  50.  87.  46.  63.  44. 107.  97.  42.  87. 106.  63.
 134.  71.  91. 100. 106.  80.  28.  59.  75.  46.  40.  57.  45.  39.
  93. 104. 158.  29.  63. 105.  99. 108.  64.  51.  40.  36.  45.  97.
  22.  70.  58.  35.  61.  36.  74.  58.  50.   0.] inf 4439.0 inf 1.0
Accuracy = 77.09% -> 80.99%

65
image_pretrained-fc_mt.py:595: RuntimeWarning: divide by zero encountered in double_scalars
  print("cls_count", cls_count, min(cls_count[:-1]) / (cls_count[-1]), np.sum(cls_count),
image_pretrained-fc_mt.py:596: RuntimeWarning: divide by zero encountered in double_scalars
  np.mean(cls_count[:-1]) / cls_count[-1], np.sum(cls_count[:-1])/np.sum(cls_count))
all_output1 tensor([0.0113, 0.0098, 0.0190, 0.0174, 0.0153, 0.0094, 0.0162, 0.0503, 0.0130,
        0.0121, 0.0174, 0.0122, 0.0104, 0.0234, 0.0090, 0.0193, 0.0093, 0.0149,
        0.0195, 0.0284, 0.0118, 0.0217, 0.0132, 0.0137, 0.0200, 0.0176, 0.0090,
        0.0083, 0.0079, 0.0127, 0.0207, 0.0108, 0.0125, 0.0284, 0.0223, 0.0211,
        0.0102, 0.0164, 0.0179, 0.0086, 0.0085, 0.0136, 0.0073, 0.0061, 0.0087,
        0.0092, 0.0182, 0.0168, 0.0124, 0.0116, 0.0310, 0.0200, 0.0192, 0.0351,
        0.0167, 0.0106, 0.0144, 0.0127, 0.0158, 0.0101, 0.0095, 0.0223, 0.0084,
        0.0102, 0.0053, 0.0039])
cls_count [ 21.  26.  61.  39.  39.  20.  33. 181.  35.  37.  43.  29.  23.  59.
  19.  46.  14.  39.  53.  83.  24.  55.  33.  29.  45.  49.  15.  13.
  14.  26.  49.  21.  33.  70.  60.  57.  24.  35.  43.  15.  12.  30.
   8.  11.  16.  15.  49.  50.  27.  26.  82.  48.  51.  99.  41.  14.
  32.  33.  35.  21.  14.  63.  12.  25.   3.   0.] inf 2427.0 inf 1.0
Accuracy = 64.28% -> 68.11%

65
all_output1 tensor([0.0097, 0.0166, 0.0076, 0.0250, 0.0277, 0.0100, 0.0090, 0.0127, 0.0098,
        0.0075, 0.0125, 0.0821, 0.0157, 0.0125, 0.0152, 0.0087, 0.0195, 0.0110,
        0.0136, 0.0166, 0.0152, 0.0156, 0.0152, 0.0231, 0.0078, 0.0113, 0.0187,
        0.0111, 0.0251, 0.0121, 0.0065, 0.0211, 0.0055, 0.0149, 0.0168, 0.0358,
        0.0078, 0.0070, 0.0139, 0.0165, 0.0102, 0.0109, 0.0072, 0.0135, 0.0198,
        0.0101, 0.0165, 0.0282, 0.0207, 0.0148, 0.0083, 0.0196, 0.0082, 0.0111,
        0.0089, 0.0231, 0.0107, 0.0064, 0.0267, 0.0056, 0.0245, 0.0137, 0.0086,
        0.0062, 0.0172, 0.0052])
cls_count [ 27.  76.  29. 138. 125.  41.  22.  59.  25.  27.  45. 610.  66.  51.
  64.  36.  94.  44.  50.  79.  49.  70.  49. 109.  31.  46.  93.  46.
 117.  25.  20.  95.  17.  52.  78. 198.  21.  24.  57.  61.  34.  35.
  35.  49.  88.  19.  81. 135.  76.  68.  36.  75.  27.  39.  20. 102.
  41.  30. 125.   7. 114.  66.  19.  14.  64.   0.] inf 4365.0 inf 1.0
Accuracy = 48.38% -> 52.51%

65
all_output1 tensor([0.0167, 0.0149, 0.0108, 0.0150, 0.0055, 0.0137, 0.0086, 0.0092, 0.0117,
        0.0197, 0.0191, 0.0233, 0.0234, 0.0210, 0.0091, 0.0099, 0.0133, 0.0104,
        0.0219, 0.0103, 0.0162, 0.0092, 0.0237, 0.0192, 0.0111, 0.0212, 0.0223,
        0.0173, 0.0263, 0.0145, 0.0205, 0.0162, 0.0219, 0.0182, 0.0060, 0.0117,
        0.0155, 0.0132, 0.0098, 0.0131, 0.0136, 0.0087, 0.0205, 0.0232, 0.0354,
        0.0082, 0.0157, 0.0212, 0.0200, 0.0216, 0.0190, 0.0112, 0.0113, 0.0096,
        0.0086, 0.0219, 0.0102, 0.0175, 0.0104, 0.0109, 0.0166, 0.0088, 0.0166,
        0.0154, 0.0089, 0.0006])
cls_count [ 73.  65.  48.  67.  19.  60.  38.  39.  49.  89.  84. 109. 103.  95.
  37.  42.  59.  42.  95.  46.  73.  41. 104.  91.  49. 100. 100.  76.
 115.  66.  93.  73.  99.  81.  29.  51.  70.  58.  39.  55.  59.  39.
  94. 103. 165.  37.  66.  93.  90.  95.  88.  49.  49.  44.  39.  98.
  43.  78.  48.  50.  73.  38.  72.  69.  38.   0.] inf 4439.0 inf 1.0
Accuracy = 81.57% -> 81.98%

65
all_output1 tensor([0.0078, 0.0097, 0.0356, 0.0166, 0.0123, 0.0094, 0.0143, 0.0493, 0.0148,
        0.0166, 0.0171, 0.0168, 0.0107, 0.0223, 0.0107, 0.0213, 0.0079, 0.0161,
        0.0171, 0.0315, 0.0110, 0.0215, 0.0129, 0.0098, 0.0154, 0.0308, 0.0078,
        0.0110, 0.0075, 0.0089, 0.0178, 0.0113, 0.0131, 0.0293, 0.0154, 0.0215,
        0.0099, 0.0178, 0.0180, 0.0064, 0.0097, 0.0126, 0.0038, 0.0059, 0.0094,
        0.0080, 0.0189, 0.0212, 0.0117, 0.0118, 0.0357, 0.0178, 0.0181, 0.0329,
        0.0112, 0.0076, 0.0169, 0.0139, 0.0120, 0.0091, 0.0085, 0.0277, 0.0066,
        0.0107, 0.0026, 0.0007])
cls_count [ 16.  22.  85.  40.  29.  24.  31. 132.  37.  42.  42.  42.  26.  53.
  26.  55.  18.  39.  40.  77.  26.  53.  29.  27.  39.  78.  18.  27.
  16.  20.  41.  28.  33.  71.  34.  53.  23.  44.  44.  14.  24.  31.
   8.  14.  20.  20.  48.  57.  29.  28.  85.  47.  47.  82.  24.  15.
  42.  33.  28.  22.  19.  66.  15.  25.   4.   0.] inf 2427.0 inf 1.0
Accuracy = 70.29% -> 70.09%

65
all_output1 tensor([0.0073, 0.0230, 0.0164, 0.0211, 0.0109, 0.0117, 0.0065, 0.0205, 0.0071,
        0.0198, 0.0095, 0.0507, 0.0184, 0.0142, 0.0157, 0.0149, 0.0209, 0.0117,
        0.0144, 0.0193, 0.0228, 0.0177, 0.0118, 0.0123, 0.0076, 0.0143, 0.0209,
        0.0185, 0.0276, 0.0073, 0.0081, 0.0170, 0.0085, 0.0125, 0.0150, 0.0322,
        0.0066, 0.0095, 0.0147, 0.0136, 0.0112, 0.0086, 0.0134, 0.0146, 0.0200,
        0.0054, 0.0212, 0.0214, 0.0162, 0.0178, 0.0139, 0.0197, 0.0140, 0.0133,
        0.0083, 0.0218, 0.0138, 0.0106, 0.0142, 0.0040, 0.0291, 0.0178, 0.0073,
        0.0108, 0.0184, 0.0009])
cls_count [ 30. 109.  74.  94.  43.  49.  28.  91.  29.  91.  38. 239.  79.  64.
  67.  67.  93.  46.  63.  84. 100.  76.  51.  51.  31.  59. 104.  78.
 120.  32.  33.  75.  37.  54.  69. 148.  28.  41.  63.  59.  46.  37.
  60.  66.  84.  17.  92.  90.  67.  81.  60.  93.  61.  57.  36.  92.
  63.  45.  64.  14. 130.  76.  28.  41.  78.   0.] inf 4365.0 inf 1.0
Accuracy = 56.22% -> 56.79%

65
all_output1 tensor([0.0168, 0.0153, 0.0106, 0.0148, 0.0049, 0.0143, 0.0091, 0.0090, 0.0113,
        0.0197, 0.0181, 0.0236, 0.0230, 0.0203, 0.0089, 0.0110, 0.0131, 0.0076,
        0.0213, 0.0101, 0.0163, 0.0096, 0.0225, 0.0211, 0.0115, 0.0225, 0.0224,
        0.0162, 0.0238, 0.0148, 0.0213, 0.0135, 0.0235, 0.0174, 0.0056, 0.0116,
        0.0167, 0.0146, 0.0100, 0.0128, 0.0142, 0.0088, 0.0204, 0.0229, 0.0351,
        0.0101, 0.0156, 0.0211, 0.0198, 0.0208, 0.0193, 0.0113, 0.0122, 0.0096,
        0.0098, 0.0217, 0.0134, 0.0182, 0.0110, 0.0114, 0.0153, 0.0072, 0.0165,
        0.0148, 0.0089, 0.0003])
cls_count [ 74.  67.  47.  66.  20.  61.  41.  42.  49.  88.  84. 103. 101.  92.
  40.  48.  57.  34.  94.  46.  74.  39. 101.  99.  51. 100. 100.  74.
 106.  67.  95.  62. 104.  78.  24.  50.  75.  62.  43.  56.  63.  40.
  94. 104. 160.  44.  65.  94.  87.  92.  86.  49.  55.  44.  42.  97.
  62.  81.  47.  49.  67.  30.  71.  64.  38.   0.] inf 4439.0 inf 1.0
Accuracy = 81.91% -> 81.93%

65
all_output1 tensor([0.0071, 0.0102, 0.0360, 0.0164, 0.0132, 0.0098, 0.0147, 0.0435, 0.0140,
        0.0174, 0.0167, 0.0167, 0.0108, 0.0220, 0.0111, 0.0235, 0.0082, 0.0136,
        0.0161, 0.0307, 0.0110, 0.0219, 0.0115, 0.0124, 0.0146, 0.0303, 0.0079,
        0.0113, 0.0074, 0.0086, 0.0179, 0.0114, 0.0153, 0.0293, 0.0147, 0.0211,
        0.0098, 0.0179, 0.0175, 0.0063, 0.0111, 0.0124, 0.0040, 0.0054, 0.0104,
        0.0082, 0.0192, 0.0212, 0.0117, 0.0114, 0.0349, 0.0199, 0.0188, 0.0328,
        0.0117, 0.0069, 0.0169, 0.0139, 0.0126, 0.0109, 0.0088, 0.0263, 0.0070,
        0.0108, 0.0024, 0.0003])
cls_count [ 15.  25.  88.  40.  32.  24.  35. 110.  37.  42.  41.  40.  26.  54.
  26.  57.  19.  32.  40.  75.  26.  52.  29.  31.  34.  78.  19.  29.
  17.  19.  42.  30.  36.  71.  35.  51.  22.  44.  43.  15.  27.  32.
  10.  13.  25.  20.  47.  54.  28.  29.  85.  48.  45.  79.  24.  16.
  42.  33.  30.  26.  20.  66.  17.  24.   6.   0.] inf 2427.0 inf 1.0
Accuracy = 70.09% -> 70.17%

65
all_output1 tensor([0.0080, 0.0243, 0.0172, 0.0195, 0.0129, 0.0152, 0.0071, 0.0185, 0.0082,
        0.0216, 0.0090, 0.0441, 0.0179, 0.0130, 0.0148, 0.0165, 0.0205, 0.0086,
        0.0149, 0.0195, 0.0235, 0.0182, 0.0111, 0.0125, 0.0077, 0.0155, 0.0224,
        0.0176, 0.0229, 0.0090, 0.0088, 0.0156, 0.0105, 0.0134, 0.0153, 0.0307,
        0.0076, 0.0104, 0.0140, 0.0134, 0.0105, 0.0085, 0.0134, 0.0140, 0.0194,
        0.0064, 0.0204, 0.0195, 0.0161, 0.0173, 0.0140, 0.0218, 0.0158, 0.0152,
        0.0106, 0.0204, 0.0165, 0.0107, 0.0131, 0.0052, 0.0268, 0.0160, 0.0079,
        0.0117, 0.0170, 0.0003])
cls_count [ 34. 112.  77.  86.  51.  63.  31.  81.  34.  92.  38. 196.  79.  60.
  64.  70.  94.  34.  64.  87. 105.  81.  47.  60.  31.  64. 100.  79.
 105.  38.  37.  72.  45.  58.  66. 131.  31.  45.  62.  57.  44.  37.
  59.  61.  83.  23.  90.  85.  69.  78.  58.  96.  73.  66.  44.  87.
  78.  47.  51.  21. 123.  72.  32.  51.  76.   0.] inf 4365.0 inf 1.0
Accuracy = 57.21% -> 57.46%

65
all_output1 tensor([0.0167, 0.0155, 0.0109, 0.0148, 0.0047, 0.0141, 0.0091, 0.0091, 0.0113,
        0.0201, 0.0186, 0.0221, 0.0222, 0.0214, 0.0089, 0.0109, 0.0130, 0.0072,
        0.0210, 0.0101, 0.0170, 0.0091, 0.0231, 0.0222, 0.0117, 0.0224, 0.0230,
        0.0166, 0.0238, 0.0147, 0.0207, 0.0138, 0.0230, 0.0174, 0.0058, 0.0115,
        0.0160, 0.0154, 0.0100, 0.0127, 0.0140, 0.0100, 0.0211, 0.0230, 0.0337,
        0.0105, 0.0146, 0.0211, 0.0195, 0.0209, 0.0194, 0.0112, 0.0118, 0.0096,
        0.0096, 0.0216, 0.0141, 0.0181, 0.0106, 0.0114, 0.0151, 0.0074, 0.0161,
        0.0151, 0.0086, 0.0002])
cls_count [ 74.  68.  48.  66.  20.  60.  42.  40.  49.  89.  84.  99.  99.  96.
  40.  47.  57.  32.  93.  45.  78.  39. 102. 100.  50. 100. 102.  75.
 105.  66.  91.  58. 104.  78.  25.  52.  71.  66.  44.  56.  63.  43.
  97. 103. 156.  47.  63.  94.  86.  92.  88.  49.  52.  44.  43.  96.
  64.  81.  47.  49.  68.  31.  71.  64.  38.   0.] inf 4439.0 inf 1.0
Accuracy = 82.09% -> 82.16%

65
all_output1 tensor([0.0066, 0.0105, 0.0360, 0.0164, 0.0123, 0.0099, 0.0149, 0.0414, 0.0136,
        0.0181, 0.0171, 0.0150, 0.0100, 0.0226, 0.0103, 0.0229, 0.0088, 0.0129,
        0.0158, 0.0309, 0.0113, 0.0213, 0.0122, 0.0131, 0.0139, 0.0313, 0.0081,
        0.0123, 0.0088, 0.0093, 0.0175, 0.0124, 0.0149, 0.0292, 0.0153, 0.0212,
        0.0089, 0.0173, 0.0173, 0.0062, 0.0113, 0.0131, 0.0046, 0.0059, 0.0107,
        0.0081, 0.0193, 0.0214, 0.0115, 0.0121, 0.0351, 0.0199, 0.0183, 0.0323,
        0.0101, 0.0070, 0.0168, 0.0137, 0.0122, 0.0111, 0.0088, 0.0266, 0.0071,
        0.0112, 0.0034, 0.0001])
cls_count [ 16.  25.  87.  40.  29.  24.  36. 105.  32.  44.  41.  37.  25.  54.
  25.  56.  21.  31.  38.  75.  26.  52.  30.  31.  33.  78.  20.  30.
  22.  21.  42.  32.  36.  71.  35.  51.  21.  42.  43.  15.  27.  33.
  11.  15.  26.  20.  47.  53.  28.  29.  86.  48.  44.  78.  24.  17.
  41.  33.  30.  27.  21.  65.  18.  26.   8.   0.] inf 2427.0 inf 1.0
Accuracy = 70.25% -> 70.13%

65
all_output1 tensor([0.0081, 0.0250, 0.0183, 0.0193, 0.0141, 0.0147, 0.0072, 0.0180, 0.0086,
        0.0221, 0.0092, 0.0388, 0.0172, 0.0134, 0.0138, 0.0161, 0.0215, 0.0088,
        0.0148, 0.0198, 0.0225, 0.0183, 0.0124, 0.0140, 0.0080, 0.0152, 0.0220,
        0.0178, 0.0210, 0.0096, 0.0086, 0.0154, 0.0105, 0.0134, 0.0162, 0.0284,
        0.0075, 0.0107, 0.0142, 0.0137, 0.0098, 0.0094, 0.0142, 0.0135, 0.0181,
        0.0072, 0.0196, 0.0195, 0.0154, 0.0184, 0.0140, 0.0220, 0.0166, 0.0153,
        0.0082, 0.0202, 0.0179, 0.0110, 0.0117, 0.0066, 0.0275, 0.0161, 0.0074,
        0.0134, 0.0186, 0.0002])
cls_count [ 35. 114.  79.  87.  63.  64.  32.  79.  35.  95.  39. 175.  73.  60.
  59.  71.  93.  37.  65.  86.  98.  80.  53.  57.  33.  66.  95.  79.
  91.  42.  37.  69.  46.  59.  72. 126.  31.  45.  64.  60.  41.  40.
  63.  61.  80.  29.  85.  84.  65.  82.  60.  95.  74.  66.  34.  87.
  83.  51.  49.  28. 123.  71.  29.  56.  85.   0.] inf 4365.0 inf 1.0
Accuracy = 57.50% -> 57.71%

65
all_output1 tensor([0.0167, 0.0157, 0.0106, 0.0147, 0.0046, 0.0144, 0.0093, 0.0096, 0.0111,
        0.0201, 0.0185, 0.0221, 0.0225, 0.0217, 0.0095, 0.0109, 0.0128, 0.0074,
        0.0210, 0.0101, 0.0168, 0.0089, 0.0230, 0.0221, 0.0123, 0.0228, 0.0231,
        0.0164, 0.0239, 0.0148, 0.0203, 0.0135, 0.0233, 0.0172, 0.0054, 0.0113,
        0.0155, 0.0151, 0.0101, 0.0127, 0.0140, 0.0098, 0.0219, 0.0235, 0.0342,
        0.0116, 0.0145, 0.0210, 0.0192, 0.0198, 0.0196, 0.0111, 0.0120, 0.0099,
        0.0099, 0.0217, 0.0140, 0.0183, 0.0101, 0.0113, 0.0149, 0.0078, 0.0162,
        0.0141, 0.0082, 0.0001])
cls_count [ 74.  69.  47.  66.  20.  64.  42.  43.  49.  88.  83.  99. 100.  98.
  43.  48.  57.  32.  92.  46.  75.  40. 103.  99.  51. 101. 102.  73.
 106.  67.  90.  59. 104.  78.  24.  50.  68.  68.  44.  56.  62.  44.
  97. 104. 153.  50.  62.  94.  86.  90.  88.  49.  52.  44.  43.  96.
  63.  81.  47.  49.  66.  31.  71.  63.  36.   0.] inf 4439.0 inf 1.0
Accuracy = 82.20% -> 82.16%

65
all_output1 tensor([6.7414e-03, 1.0423e-02, 3.5763e-02, 1.6443e-02, 1.2224e-02, 9.9901e-03,
        1.4714e-02, 4.2490e-02, 1.3034e-02, 1.8270e-02, 1.6836e-02, 1.5739e-02,
        1.0429e-02, 2.2591e-02, 1.0420e-02, 2.2746e-02, 8.5139e-03, 1.2750e-02,
        1.5999e-02, 3.0797e-02, 1.0990e-02, 2.1302e-02, 1.1973e-02, 1.2872e-02,
        1.4215e-02, 3.1947e-02, 8.2866e-03, 1.2093e-02, 8.7734e-03, 8.8656e-03,
        1.7254e-02, 1.2744e-02, 1.5097e-02, 2.9163e-02, 1.4287e-02, 2.0916e-02,
        8.8909e-03, 1.7288e-02, 1.7776e-02, 6.1595e-03, 1.1341e-02, 1.2952e-02,
        5.2186e-03, 6.5266e-03, 1.0889e-02, 8.6451e-03, 1.9342e-02, 2.1361e-02,
        1.1306e-02, 1.1513e-02, 3.5107e-02, 1.9855e-02, 1.8533e-02, 3.2071e-02,
        1.0101e-02, 7.0851e-03, 1.6781e-02, 1.3667e-02, 1.2037e-02, 1.0931e-02,
        8.5383e-03, 2.6988e-02, 7.3705e-03, 1.0411e-02, 3.5382e-03, 8.8423e-05])
cls_count [ 16.  25.  87.  40.  29.  24.  36. 103.  32.  44.  41.  37.  25.  54.
  25.  56.  21.  31.  38.  75.  26.  52.  29.  31.  33.  78.  20.  30.
  22.  21.  42.  32.  36.  71.  34.  51.  21.  42.  43.  15.  27.  32.
  12.  16.  27.  21.  47.  53.  28.  29.  86.  48.  45.  78.  24.  17.
  41.  33.  30.  26.  21.  65.  18.  26.   9.   0.] inf 2427.0 inf 1.0
Accuracy = 70.13% -> 70.21%

65
all_output1 tensor([0.0085, 0.0258, 0.0186, 0.0191, 0.0157, 0.0160, 0.0071, 0.0188, 0.0080,
        0.0221, 0.0089, 0.0388, 0.0178, 0.0137, 0.0146, 0.0162, 0.0202, 0.0094,
        0.0147, 0.0199, 0.0223, 0.0179, 0.0121, 0.0130, 0.0085, 0.0153, 0.0224,
        0.0171, 0.0192, 0.0098, 0.0084, 0.0154, 0.0107, 0.0136, 0.0155, 0.0287,
        0.0077, 0.0109, 0.0146, 0.0139, 0.0098, 0.0093, 0.0147, 0.0140, 0.0177,
        0.0077, 0.0201, 0.0193, 0.0151, 0.0170, 0.0139, 0.0219, 0.0167, 0.0154,
        0.0080, 0.0204, 0.0185, 0.0117, 0.0103, 0.0066, 0.0267, 0.0168, 0.0075,
        0.0123, 0.0181, 0.0001])
cls_count [ 36. 115.  80.  85.  67.  71.  32.  82.  33.  95.  38. 170.  78.  59.
  62.  69.  92.  39.  64.  87.  98.  80.  53.  57.  35.  66.  98.  79.
  87.  43.  37.  68.  47.  59.  68. 127.  33.  46.  64.  60.  42.  40.
  62.  60.  77.  30.  87.  84.  65.  76.  60.  94.  75.  69.  35.  87.
  84.  51.  45.  28. 120.  69.  31.  55.  80.   0.] inf 4365.0 inf 1.0
Accuracy = 57.71% -> 57.82%

65
all_output1 tensor([0.0168, 0.0156, 0.0107, 0.0147, 0.0047, 0.0145, 0.0093, 0.0096, 0.0111,
        0.0198, 0.0187, 0.0219, 0.0227, 0.0214, 0.0088, 0.0112, 0.0128, 0.0076,
        0.0204, 0.0102, 0.0174, 0.0088, 0.0231, 0.0218, 0.0116, 0.0227, 0.0230,
        0.0163, 0.0236, 0.0151, 0.0206, 0.0130, 0.0233, 0.0175, 0.0054, 0.0112,
        0.0153, 0.0148, 0.0104, 0.0127, 0.0140, 0.0100, 0.0222, 0.0234, 0.0330,
        0.0117, 0.0143, 0.0211, 0.0193, 0.0203, 0.0196, 0.0112, 0.0117, 0.0099,
        0.0100, 0.0217, 0.0144, 0.0182, 0.0106, 0.0111, 0.0149, 0.0073, 0.0163,
        0.0143, 0.0090, 0.0001])
cls_count [ 74.  69.  47.  66.  19.  64.  42.  43.  49.  88.  83.  97. 101.  97.
  40.  48.  57.  33.  92.  46.  76.  40. 104.  98.  51. 101. 102.  73.
 105.  67.  91.  58. 104.  78.  24.  50.  67.  65.  46.  56.  62.  44.
  97. 104. 152.  51.  62.  94.  86.  91.  88.  49.  52.  44.  43.  96.
  64.  81.  47.  49.  66.  31.  72.  64.  39.   0.] inf 4439.0 inf 1.0
Accuracy = 82.20% -> 82.20%

65
all_output1 tensor([6.8117e-03, 1.0359e-02, 3.5917e-02, 1.6436e-02, 1.2444e-02, 1.0017e-02,
        1.5048e-02, 4.1328e-02, 1.3057e-02, 1.8021e-02, 1.7095e-02, 1.5280e-02,
        1.0360e-02, 2.2466e-02, 1.0087e-02, 2.3083e-02, 8.5214e-03, 1.2879e-02,
        1.5828e-02, 3.0788e-02, 1.1082e-02, 2.1165e-02, 1.1904e-02, 1.2692e-02,
        1.3840e-02, 3.1460e-02, 8.2644e-03, 1.2296e-02, 8.8862e-03, 9.1013e-03,
        1.7296e-02, 1.2568e-02, 1.5209e-02, 2.9189e-02, 1.4152e-02, 2.0754e-02,
        9.0131e-03, 1.7081e-02, 1.7878e-02, 6.2315e-03, 1.1297e-02, 1.3203e-02,
        5.7333e-03, 6.4748e-03, 1.0976e-02, 8.8385e-03, 1.9041e-02, 2.1380e-02,
        1.1499e-02, 1.1790e-02, 3.5145e-02, 1.9759e-02, 1.8629e-02, 3.2166e-02,
        1.0245e-02, 7.0324e-03, 1.6716e-02, 1.3707e-02, 1.2313e-02, 1.0920e-02,
        8.6338e-03, 2.6549e-02, 7.6158e-03, 1.0521e-02, 3.8507e-03, 7.7644e-05])
cls_count [ 16.  25.  87.  40.  29.  24.  37. 101.  32.  44.  41.  37.  25.  54.
  24.  56.  21.  31.  38.  75.  26.  52.  29.  30.  34.  78.  20.  30.
  22.  21.  42.  31.  36.  71.  34.  51.  21.  42.  43.  15.  27.  32.
  14.  16.  27.  21.  46.  53.  28.  29.  86.  48.  46.  78.  24.  17.
  41.  33.  30.  26.  21.  65.  18.  26.  10.   0.] inf 2427.0 inf 1.0
Accuracy = 70.25% -> 70.25%

65
all_output1 tensor([8.4529e-03, 2.5559e-02, 1.8945e-02, 1.8752e-02, 1.6441e-02, 1.6123e-02,
        7.2250e-03, 1.7989e-02, 8.1662e-03, 2.2404e-02, 9.1139e-03, 3.6732e-02,
        1.8072e-02, 1.3531e-02, 1.4683e-02, 1.6703e-02, 1.9906e-02, 9.8413e-03,
        1.4398e-02, 2.0319e-02, 2.2894e-02, 1.8107e-02, 1.1981e-02, 1.3234e-02,
        7.9158e-03, 1.5034e-02, 2.2134e-02, 1.7150e-02, 1.9036e-02, 9.9868e-03,
        8.3619e-03, 1.4709e-02, 1.1045e-02, 1.3648e-02, 1.5340e-02, 2.8819e-02,
        7.7551e-03, 1.0805e-02, 1.4853e-02, 1.4139e-02, 9.9568e-03, 9.3366e-03,
        1.4609e-02, 1.3824e-02, 1.7621e-02, 7.6214e-03, 2.0029e-02, 1.9362e-02,
        1.5427e-02, 1.7058e-02, 1.3836e-02, 2.1570e-02, 1.6600e-02, 1.5987e-02,
        8.2028e-03, 2.0152e-02, 1.7730e-02, 1.1685e-02, 1.0672e-02, 6.6530e-03,
        2.7053e-02, 1.5886e-02, 8.4819e-03, 1.2214e-02, 1.8031e-02, 9.7779e-05])
cls_count [ 36. 114.  82.  84.  66.  70.  32.  78.  34.  98.  38. 166.  80.  59.
  62.  70.  91.  42.  63.  89.  97.  79.  53.  56.  35.  67.  97.  76.
  85.  43.  37.  65.  49.  59.  67. 126.  33.  48.  64.  63.  44.  40.
  63.  60.  77.  30.  88.  84.  66.  74.  60.  94.  73.  70.  34.  87.
  82.  50.  46.  30. 120.  69.  36.  55.  80.   0.] inf 4365.0 inf 1.0
Accuracy = 57.85% -> 57.92%

65
all_output1 tensor([1.6745e-02, 1.5520e-02, 1.0480e-02, 1.4796e-02, 4.5715e-03, 1.4427e-02,
        9.3199e-03, 9.6589e-03, 1.1106e-02, 1.9958e-02, 1.8914e-02, 2.1550e-02,
        2.2566e-02, 2.1571e-02, 8.9677e-03, 1.1009e-02, 1.2924e-02, 7.1096e-03,
        2.0550e-02, 1.0224e-02, 1.6893e-02, 9.0746e-03, 2.3174e-02, 2.1558e-02,
        1.1783e-02, 2.2756e-02, 2.2928e-02, 1.6450e-02, 2.3643e-02, 1.5066e-02,
        2.0612e-02, 1.3470e-02, 2.3398e-02, 1.7480e-02, 5.6384e-03, 1.1131e-02,
        1.5549e-02, 1.4766e-02, 1.0227e-02, 1.2669e-02, 1.3838e-02, 9.9915e-03,
        2.2008e-02, 2.3417e-02, 3.4208e-02, 1.1140e-02, 1.4206e-02, 2.1014e-02,
        1.9268e-02, 2.0195e-02, 1.9759e-02, 1.1203e-02, 1.2015e-02, 9.8986e-03,
        9.9713e-03, 2.1626e-02, 1.4663e-02, 1.8186e-02, 1.0382e-02, 1.0924e-02,
        1.4935e-02, 7.2913e-03, 1.6223e-02, 1.4135e-02, 9.1776e-03, 9.0780e-05])
cls_count [ 74.  69.  47.  66.  20.  64.  42.  43.  49.  89.  83.  98. 100.  97.
  39.  48.  57.  31.  91.  46.  76.  40. 104.  96.  52. 101. 102.  73.
 105.  67.  91.  57. 104.  78.  24.  50.  69.  66.  45.  56.  62.  44.
  98. 104. 152.  51.  62.  94.  86.  90.  89.  49.  52.  44.  43.  97.
  64.  81.  47.  49.  66.  31.  72.  63.  40.   0.] inf 4439.0 inf 1.0
Accuracy = 82.18% -> 82.20%

65
all_output1 tensor([6.8130e-03, 1.0240e-02, 3.5784e-02, 1.6465e-02, 1.2024e-02, 1.0005e-02,
        1.5284e-02, 4.1385e-02, 1.3194e-02, 1.8159e-02, 1.7085e-02, 1.5340e-02,
        1.0388e-02, 2.2406e-02, 1.0062e-02, 2.2928e-02, 8.6611e-03, 1.2388e-02,
        1.6032e-02, 3.0860e-02, 1.0777e-02, 2.1383e-02, 1.1896e-02, 1.2497e-02,
        1.3953e-02, 3.1836e-02, 8.2560e-03, 1.2379e-02, 9.1269e-03, 8.8370e-03,
        1.7342e-02, 1.2771e-02, 1.5113e-02, 2.9171e-02, 1.4200e-02, 2.0969e-02,
        9.0363e-03, 1.7193e-02, 1.7747e-02, 6.2043e-03, 1.1174e-02, 1.3161e-02,
        5.8462e-03, 6.5267e-03, 1.1087e-02, 8.6994e-03, 1.8912e-02, 2.1257e-02,
        1.1479e-02, 1.1765e-02, 3.5261e-02, 1.9827e-02, 1.8814e-02, 3.2022e-02,
        1.0120e-02, 7.0323e-03, 1.6786e-02, 1.3662e-02, 1.2343e-02, 1.0719e-02,
        8.7089e-03, 2.6609e-02, 7.4550e-03, 1.0555e-02, 3.9328e-03, 5.7149e-05])
cls_count [ 16.  25.  87.  40.  29.  24.  37. 101.  32.  44.  41.  37.  25.  54.
  24.  56.  21.  30.  38.  75.  26.  52.  29.  30.  34.  78.  20.  30.
  22.  21.  42.  31.  36.  71.  34.  51.  22.  42.  43.  15.  27.  32.
  14.  16.  27.  21.  46.  53.  28.  29.  86.  48.  46.  78.  24.  17.
  41.  33.  30.  26.  21.  65.  18.  26.  10.   0.] inf 2427.0 inf 1.0
Accuracy = 70.25% -> 70.25%

65
all_output1 tensor([8.4571e-03, 2.5466e-02, 1.8764e-02, 1.9093e-02, 1.4532e-02, 1.6042e-02,
        7.4222e-03, 1.7764e-02, 7.9867e-03, 2.2665e-02, 9.0270e-03, 3.6546e-02,
        1.8226e-02, 1.3518e-02, 1.4826e-02, 1.6383e-02, 2.0247e-02, 9.3258e-03,
        1.4238e-02, 2.0393e-02, 2.2236e-02, 1.8521e-02, 1.2109e-02, 1.3110e-02,
        8.0013e-03, 1.5181e-02, 2.2102e-02, 1.7866e-02, 1.9867e-02, 1.0033e-02,
        8.4447e-03, 1.5363e-02, 1.1377e-02, 1.3789e-02, 1.5454e-02, 2.8558e-02,
        7.8557e-03, 1.0879e-02, 1.4674e-02, 1.4078e-02, 9.8822e-03, 9.2216e-03,
        1.4619e-02, 1.3844e-02, 1.7745e-02, 7.2256e-03, 2.0043e-02, 1.9273e-02,
        1.5186e-02, 1.6928e-02, 1.3762e-02, 2.1699e-02, 1.6866e-02, 1.6163e-02,
        8.0165e-03, 1.9980e-02, 1.9100e-02, 1.1912e-02, 1.0436e-02, 6.3988e-03,
        2.7101e-02, 1.5813e-02, 8.3619e-03, 1.2341e-02, 1.7589e-02, 7.2392e-05])
cls_count [ 36. 114.  82.  84.  61.  70.  32.  78.  34.  99.  38. 160.  80.  59.
  66.  70.  90.  42.  63.  89.  96.  81.  53.  56.  35.  67.  97.  77.
  87.  43.  37.  67.  49.  59.  67. 125.  33.  48.  64.  62.  44.  40.
  63.  60.  77.  32.  88.  85.  65.  74.  60.  94.  73.  71.  33.  87.
  85.  52.  44.  29. 119.  69.  37.  56.  78.   0.] inf 4365.0 inf 1.0
Accuracy = 57.94% -> 57.89%

65
all_output1 tensor([1.6837e-02, 1.5423e-02, 1.0535e-02, 1.4720e-02, 4.5220e-03, 1.4328e-02,
        9.3558e-03, 9.7161e-03, 1.1053e-02, 1.9961e-02, 1.8681e-02, 2.1476e-02,
        2.2570e-02, 2.1633e-02, 9.1043e-03, 1.1066e-02, 1.2883e-02, 7.1587e-03,
        2.0368e-02, 9.9927e-03, 1.7345e-02, 8.9632e-03, 2.3364e-02, 2.1800e-02,
        1.1973e-02, 2.2855e-02, 2.2887e-02, 1.6447e-02, 2.3570e-02, 1.5037e-02,
        2.0534e-02, 1.3111e-02, 2.3371e-02, 1.7435e-02, 5.5208e-03, 1.1040e-02,
        1.5383e-02, 1.5254e-02, 1.0287e-02, 1.2732e-02, 1.3991e-02, 1.0040e-02,
        2.1491e-02, 2.3082e-02, 3.4621e-02, 1.0985e-02, 1.4346e-02, 2.0997e-02,
        1.9290e-02, 2.0064e-02, 1.9906e-02, 1.1060e-02, 1.2034e-02, 1.0136e-02,
        9.7349e-03, 2.1682e-02, 1.4523e-02, 1.8173e-02, 1.0521e-02, 1.1093e-02,
        1.4870e-02, 7.3553e-03, 1.6380e-02, 1.4009e-02, 9.2425e-03, 8.0355e-05])
cls_count [ 75.  69.  47.  66.  20.  64.  42.  43.  49.  89.  83.  97. 100.  96.
  40.  49.  57.  32.  90.  44.  76.  40. 105.  96.  53. 101. 102.  73.
 105.  67.  92.  57. 104.  78.  24.  50.  69.  66.  45.  56.  62.  44.
  96. 104. 152.  50.  63.  94.  86.  89.  89.  49.  52.  45.  43.  97.
  64.  81.  47.  49.  66.  31.  72.  63.  40.   0.] inf 4439.0 inf 1.0
Accuracy = 82.14% -> 82.11%

65
all_output1 tensor([6.7904e-03, 1.0241e-02, 3.5820e-02, 1.6482e-02, 1.1839e-02, 9.9192e-03,
        1.5178e-02, 4.1465e-02, 1.3094e-02, 1.8142e-02, 1.6856e-02, 1.5486e-02,
        1.0353e-02, 2.2273e-02, 9.9879e-03, 2.3140e-02, 8.6967e-03, 1.2387e-02,
        1.5829e-02, 3.0764e-02, 1.0832e-02, 2.1339e-02, 1.1905e-02, 1.2540e-02,
        1.4102e-02, 3.1991e-02, 8.2759e-03, 1.2282e-02, 9.1777e-03, 8.8178e-03,
        1.7322e-02, 1.2561e-02, 1.4986e-02, 2.9171e-02, 1.4134e-02, 2.0871e-02,
        8.9426e-03, 1.7312e-02, 1.7754e-02, 6.2323e-03, 1.1173e-02, 1.3204e-02,
        5.7958e-03, 6.5061e-03, 1.1126e-02, 8.6107e-03, 1.8865e-02, 2.1529e-02,
        1.1529e-02, 1.1779e-02, 3.5251e-02, 1.9760e-02, 1.8929e-02, 3.2175e-02,
        9.8897e-03, 7.0144e-03, 1.6884e-02, 1.3653e-02, 1.2418e-02, 1.0827e-02,
        8.6747e-03, 2.6719e-02, 7.5259e-03, 1.0664e-02, 4.1579e-03, 4.8215e-05])
cls_count [ 16.  25.  87.  40.  29.  24.  37. 101.  32.  44.  41.  38.  25.  54.
  24.  56.  21.  30.  38.  75.  26.  52.  29.  30.  34.  78.  20.  30.
  22.  21.  42.  30.  36.  71.  34.  51.  22.  42.  43.  15.  27.  32.
  14.  16.  27.  21.  46.  53.  28.  29.  86.  48.  46.  78.  24.  17.
  41.  33.  30.  26.  21.  65.  18.  26.  10.   0.] inf 2427.0 inf 1.0
Accuracy = 70.21% -> 70.25%

65
all_output1 tensor([8.4104e-03, 2.5687e-02, 1.8838e-02, 1.9157e-02, 1.4447e-02, 1.6020e-02,
        7.5096e-03, 1.7513e-02, 7.9706e-03, 2.2631e-02, 8.9819e-03, 3.5676e-02,
        1.8245e-02, 1.3523e-02, 1.5025e-02, 1.6397e-02, 2.0603e-02, 9.3496e-03,
        1.4265e-02, 2.0313e-02, 2.2504e-02, 1.8391e-02, 1.2190e-02, 1.3341e-02,
        8.1508e-03, 1.5803e-02, 2.2149e-02, 1.7470e-02, 1.9540e-02, 1.0117e-02,
        8.3220e-03, 1.5143e-02, 1.1053e-02, 1.3685e-02, 1.5363e-02, 2.8302e-02,
        7.6776e-03, 1.1093e-02, 1.4822e-02, 1.4133e-02, 9.8141e-03, 9.2861e-03,
        1.4194e-02, 1.3749e-02, 1.7916e-02, 7.3236e-03, 2.0159e-02, 1.9308e-02,
        1.5308e-02, 1.6884e-02, 1.3723e-02, 2.1299e-02, 1.6834e-02, 1.6802e-02,
        7.4321e-03, 1.9896e-02, 1.9340e-02, 1.1754e-02, 1.0701e-02, 6.6810e-03,
        2.6628e-02, 1.5867e-02, 8.7455e-03, 1.2533e-02, 1.7944e-02, 6.2341e-05])
cls_count [ 35. 113.  82.  84.  62.  71.  32.  77.  34.  99.  38. 160.  80.  60.
  64.  70.  90.  42.  63.  89.  96.  81.  54.  57.  36.  69.  97.  76.
  87.  44.  36.  66.  48.  60.  67. 125.  33.  48.  64.  63.  42.  40.
  63.  60.  78.  31.  88.  85.  66.  74.  60.  93.  73.  73.  32.  87.
  85.  51.  46.  29. 117.  70.  37.  54.  79.   0.] inf 4365.0 inf 1.0
Accuracy = 57.87% -> 57.87%

65
all_output1 tensor([1.6734e-02, 1.5480e-02, 1.0554e-02, 1.4767e-02, 4.5881e-03, 1.4365e-02,
        9.6006e-03, 9.6863e-03, 1.1139e-02, 2.0018e-02, 1.8519e-02, 2.1422e-02,
        2.2567e-02, 2.1551e-02, 8.8493e-03, 1.1133e-02, 1.2876e-02, 7.0102e-03,
        2.0305e-02, 1.0101e-02, 1.6997e-02, 9.1555e-03, 2.3432e-02, 2.1563e-02,
        1.2239e-02, 2.2675e-02, 2.3021e-02, 1.6475e-02, 2.3621e-02, 1.5041e-02,
        2.0636e-02, 1.2992e-02, 2.3317e-02, 1.7522e-02, 5.4979e-03, 1.1133e-02,
        1.5370e-02, 1.5179e-02, 1.0342e-02, 1.2729e-02, 1.3995e-02, 1.0072e-02,
        2.1663e-02, 2.3401e-02, 3.3916e-02, 1.1430e-02, 1.4224e-02, 2.1123e-02,
        1.9295e-02, 1.9830e-02, 2.0000e-02, 1.1084e-02, 1.2146e-02, 1.0219e-02,
        9.7901e-03, 2.1558e-02, 1.4434e-02, 1.8235e-02, 1.0382e-02, 1.1093e-02,
        1.4836e-02, 7.1698e-03, 1.6292e-02, 1.4207e-02, 9.3300e-03, 7.1429e-05])
cls_count [ 74.  69.  47.  66.  20.  64.  42.  43.  49.  89.  83.  97. 100.  96.
  40.  49.  57.  31.  90.  45.  76.  40. 105.  96.  53. 101. 102.  73.
 105.  67.  92.  57. 104.  78.  24.  50.  69.  66.  45.  56.  62.  44.
  96. 104. 152.  51.  63.  94.  86.  89.  89.  49.  53.  45.  43.  96.
  64.  81.  47.  49.  66.  31.  72.  63.  40.   0.] inf 4439.0 inf 1.0
Accuracy = 82.09% -> 82.07%

65
all_output1 tensor([6.7039e-03, 1.0262e-02, 3.5729e-02, 1.6485e-02, 1.2024e-02, 9.9560e-03,
        1.5397e-02, 4.1370e-02, 1.3259e-02, 1.8132e-02, 1.6839e-02, 1.5236e-02,
        1.0349e-02, 2.2258e-02, 9.8605e-03, 2.3028e-02, 8.6955e-03, 1.2442e-02,
        1.5720e-02, 3.0860e-02, 1.0729e-02, 2.1425e-02, 1.1967e-02, 1.2463e-02,
        1.4077e-02, 3.1957e-02, 8.3236e-03, 1.2341e-02, 9.0637e-03, 8.7117e-03,
        1.7323e-02, 1.2668e-02, 1.4942e-02, 2.9179e-02, 1.4142e-02, 2.0966e-02,
        9.0003e-03, 1.7332e-02, 1.7714e-02, 6.2277e-03, 1.1208e-02, 1.3223e-02,
        5.8342e-03, 6.5825e-03, 1.1039e-02, 8.7575e-03, 1.8873e-02, 2.1692e-02,
        1.1503e-02, 1.1826e-02, 3.5321e-02, 1.9743e-02, 1.8985e-02, 3.2063e-02,
        9.9296e-03, 6.9917e-03, 1.6797e-02, 1.3646e-02, 1.2282e-02, 1.0825e-02,
        8.6806e-03, 2.6661e-02, 7.5592e-03, 1.0602e-02, 4.1775e-03, 4.1683e-05])
cls_count [ 16.  25.  87.  40.  29.  24.  37. 101.  32.  44.  41.  37.  25.  54.
  24.  56.  21.  30.  38.  75.  26.  52.  29.  30.  34.  78.  20.  30.
  22.  21.  42.  31.  36.  71.  34.  51.  22.  42.  43.  15.  27.  32.
  14.  16.  27.  21.  46.  53.  28.  29.  86.  48.  46.  78.  24.  17.
  41.  33.  30.  26.  21.  65.  18.  26.  10.   0.] inf 2427.0 inf 1.0
Accuracy = 70.25% -> 70.25%

65
all_output1 tensor([8.4305e-03, 2.5763e-02, 1.8788e-02, 1.8879e-02, 1.4809e-02, 1.6372e-02,
        7.6203e-03, 1.7592e-02, 8.0175e-03, 2.2682e-02, 8.8726e-03, 3.5743e-02,
        1.8275e-02, 1.3569e-02, 1.4535e-02, 1.6599e-02, 2.0105e-02, 9.8197e-03,
        1.4213e-02, 2.0364e-02, 2.1959e-02, 1.8705e-02, 1.2186e-02, 1.2943e-02,
        8.4100e-03, 1.5493e-02, 2.2286e-02, 1.7269e-02, 1.9436e-02, 1.0083e-02,
        8.3167e-03, 1.5026e-02, 1.1076e-02, 1.3799e-02, 1.5530e-02, 2.7756e-02,
        7.6179e-03, 1.1127e-02, 1.4786e-02, 1.4196e-02, 9.8895e-03, 9.2953e-03,
        1.4660e-02, 1.3899e-02, 1.7544e-02, 7.5251e-03, 1.9927e-02, 1.9369e-02,
        1.5142e-02, 1.6815e-02, 1.3786e-02, 2.1333e-02, 1.7091e-02, 1.6826e-02,
        7.4888e-03, 1.9883e-02, 1.9229e-02, 1.2075e-02, 1.0325e-02, 6.6727e-03,
        2.6653e-02, 1.5753e-02, 8.6497e-03, 1.2661e-02, 1.8410e-02, 5.1443e-05])
cls_count [ 36. 113.  82.  84.  63.  72.  32.  77.  34.  99.  38. 159.  80.  60.
  64.  73.  90.  43.  61.  89.  96.  81.  53.  57.  36.  69.  97.  74.
  86.  44.  36.  66.  48.  60.  68. 123.  33.  48.  64.  62.  43.  40.
  63.  60.  77.  33.  88.  85.  66.  74.  60.  93.  73.  73.  32.  87.
  85.  52.  44.  29. 116.  70.  37.  55.  80.   0.] inf 4365.0 inf 1.0
Accuracy = 57.89% -> 57.96%

65
all_output1 tensor([1.6723e-02, 1.5512e-02, 1.0597e-02, 1.4879e-02, 4.5584e-03, 1.4377e-02,
        9.4902e-03, 9.7293e-03, 1.1125e-02, 1.9956e-02, 1.8639e-02, 2.1665e-02,
        2.2525e-02, 2.1444e-02, 8.8125e-03, 1.1251e-02, 1.2842e-02, 7.2394e-03,
        2.0151e-02, 1.0079e-02, 1.7105e-02, 9.0209e-03, 2.3509e-02, 2.1368e-02,
        1.2110e-02, 2.2802e-02, 2.2905e-02, 1.6396e-02, 2.3562e-02, 1.5050e-02,
        2.0812e-02, 1.2841e-02, 2.3352e-02, 1.7517e-02, 5.5250e-03, 1.1228e-02,
        1.5256e-02, 1.4950e-02, 1.0325e-02, 1.2611e-02, 1.3930e-02, 1.0025e-02,
        2.1707e-02, 2.3383e-02, 3.4272e-02, 1.1404e-02, 1.4307e-02, 2.1271e-02,
        1.9317e-02, 1.9922e-02, 1.9941e-02, 1.1083e-02, 1.1870e-02, 1.0211e-02,
        9.8044e-03, 2.1558e-02, 1.4601e-02, 1.8243e-02, 1.0517e-02, 1.1083e-02,
        1.4718e-02, 7.2482e-03, 1.6233e-02, 1.4225e-02, 9.2266e-03, 6.0112e-05])
cls_count [ 74.  69.  47.  66.  20.  64.  42.  43.  49.  89.  83.  97. 100.  96.
  40.  50.  57.  31.  89.  46.  76.  40. 105.  95.  54. 102. 102.  73.
 105.  67.  92.  56. 104.  78.  24.  50.  69.  66.  45.  56.  62.  44.
  96. 104. 153.  51.  63.  94.  86.  88.  89.  49.  53.  45.  43.  96.
  64.  81.  46.  49.  66.  31.  72.  63.  40.   0.] inf 4439.0 inf 1.0
Accuracy = 82.09% -> 82.09%

65
all_output1 tensor([6.6950e-03, 1.0298e-02, 3.5790e-02, 1.6510e-02, 1.2001e-02, 9.9331e-03,
        1.5280e-02, 4.1485e-02, 1.3236e-02, 1.8091e-02, 1.6855e-02, 1.5323e-02,
        1.0350e-02, 2.2223e-02, 9.8540e-03, 2.3103e-02, 8.6437e-03, 1.2448e-02,
        1.5599e-02, 3.0858e-02, 1.0778e-02, 2.1394e-02, 1.1960e-02, 1.2451e-02,
        1.4025e-02, 3.1965e-02, 8.2752e-03, 1.2341e-02, 9.1003e-03, 8.6946e-03,
        1.7351e-02, 1.2637e-02, 1.4927e-02, 2.9208e-02, 1.4145e-02, 2.0977e-02,
        8.9788e-03, 1.7257e-02, 1.7719e-02, 6.2097e-03, 1.1129e-02, 1.3186e-02,
        5.8967e-03, 6.5879e-03, 1.1111e-02, 8.6984e-03, 1.8957e-02, 2.1848e-02,
        1.1489e-02, 1.1868e-02, 3.5312e-02, 1.9763e-02, 1.8877e-02, 3.2139e-02,
        9.9915e-03, 7.0276e-03, 1.6858e-02, 1.3634e-02, 1.2343e-02, 1.0762e-02,
        8.5989e-03, 2.6728e-02, 7.4584e-03, 1.0613e-02, 4.1182e-03, 3.6470e-05])
cls_count [ 16.  25.  87.  40.  29.  24.  37. 101.  32.  44.  41.  37.  25.  54.
  24.  56.  21.  30.  38.  75.  26.  52.  29.  30.  34.  78.  20.  30.
  22.  21.  42.  31.  36.  71.  34.  51.  22.  42.  43.  15.  27.  32.
  14.  16.  27.  21.  46.  53.  28.  29.  86.  48.  46.  78.  24.  17.
  41.  33.  30.  26.  21.  65.  18.  26.  10.   0.] inf 2427.0 inf 1.0
Accuracy = 70.25% -> 70.25%

65
all_output1 tensor([8.5010e-03, 2.5781e-02, 1.8848e-02, 1.9209e-02, 1.4706e-02, 1.6388e-02,
        7.4807e-03, 1.7568e-02, 7.9192e-03, 2.2606e-02, 8.9016e-03, 3.6048e-02,
        1.8265e-02, 1.3653e-02, 1.4644e-02, 1.6753e-02, 1.9971e-02, 9.7928e-03,
        1.3980e-02, 2.0357e-02, 2.2163e-02, 1.8591e-02, 1.2166e-02, 1.2889e-02,
        8.2087e-03, 1.5750e-02, 2.2060e-02, 1.7291e-02, 1.9368e-02, 9.9121e-03,
        8.4284e-03, 1.5055e-02, 1.1171e-02, 1.3890e-02, 1.5593e-02, 2.8028e-02,
        7.5492e-03, 1.1005e-02, 1.4481e-02, 1.4163e-02, 9.7641e-03, 9.1752e-03,
        1.4722e-02, 1.3822e-02, 1.7647e-02, 7.5299e-03, 1.9986e-02, 1.9537e-02,
        1.5134e-02, 1.6927e-02, 1.3821e-02, 2.1220e-02, 1.6732e-02, 1.6861e-02,
        7.5971e-03, 1.9871e-02, 1.9522e-02, 1.2190e-02, 1.0202e-02, 6.6414e-03,
        2.6467e-02, 1.6138e-02, 8.4906e-03, 1.2545e-02, 1.8279e-02, 4.2694e-05])
cls_count [ 36. 113.  82.  84.  63.  72.  32.  77.  34.  99.  38. 159.  80.  60.
  64.  73.  90.  41.  61.  89.  96.  81.  53.  57.  36.  69.  97.  75.
  85.  44.  36.  66.  49.  60.  68. 123.  33.  48.  63.  62.  43.  40.
  63.  60.  77.  33.  88.  85.  66.  74.  60.  93.  73.  73.  32.  87.
  86.  53.  44.  29. 116.  70.  37.  55.  80.   0.] inf 4365.0 inf 1.0
Accuracy = 57.89% -> 57.94%

65
all_output1 tensor([1.6650e-02, 1.5512e-02, 1.0628e-02, 1.4868e-02, 4.5752e-03, 1.4392e-02,
        9.5601e-03, 9.5907e-03, 1.1119e-02, 2.0013e-02, 1.8567e-02, 2.1414e-02,
        2.2549e-02, 2.1563e-02, 9.0334e-03, 1.1141e-02, 1.2859e-02, 7.2558e-03,
        2.0247e-02, 1.0211e-02, 1.6934e-02, 9.0609e-03, 2.3434e-02, 2.1607e-02,
        1.2390e-02, 2.2860e-02, 2.2946e-02, 1.6526e-02, 2.3642e-02, 1.5017e-02,
        2.0746e-02, 1.2889e-02, 2.3330e-02, 1.7494e-02, 5.4767e-03, 1.1221e-02,
        1.5328e-02, 1.4779e-02, 1.0280e-02, 1.2592e-02, 1.3967e-02, 9.9884e-03,
        2.1589e-02, 2.3392e-02, 3.4354e-02, 1.1386e-02, 1.4299e-02, 2.1168e-02,
        1.9361e-02, 1.9625e-02, 2.0012e-02, 1.1076e-02, 1.2055e-02, 1.0478e-02,
        9.7596e-03, 2.1541e-02, 1.4388e-02, 1.8240e-02, 1.0409e-02, 1.1105e-02,
        1.4758e-02, 7.2075e-03, 1.6251e-02, 1.4265e-02, 8.9678e-03, 5.7574e-05])
cls_count [ 74.  69.  47.  66.  20.  64.  42.  43.  49.  89.  83.  96. 100.  96.
  40.  50.  57.  31.  89.  46.  76.  40. 105.  95.  54. 102. 102.  73.
 105.  67.  92.  56. 104.  78.  24.  50.  69.  66.  45.  56.  62.  44.
  96. 104. 153.  51.  63.  94.  86.  88.  89.  49.  53.  46.  43.  96.
  64.  81.  46.  49.  66.  31.  72.  63.  40.   0.] inf 4439.0 inf 1.0
Accuracy = 82.07% -> 82.07%

65
all_output1 tensor([6.6888e-03, 1.0304e-02, 3.5829e-02, 1.6481e-02, 1.2045e-02, 9.9239e-03,
        1.5385e-02, 4.1262e-02, 1.3241e-02, 1.8103e-02, 1.6873e-02, 1.5290e-02,
        1.0357e-02, 2.2240e-02, 9.9782e-03, 2.2986e-02, 8.6683e-03, 1.2482e-02,
        1.5659e-02, 3.0882e-02, 1.0716e-02, 2.1412e-02, 1.1951e-02, 1.2432e-02,
        1.4086e-02, 3.2081e-02, 8.2938e-03, 1.2399e-02, 9.1123e-03, 8.7031e-03,
        1.7332e-02, 1.2765e-02, 1.4903e-02, 2.9193e-02, 1.4093e-02, 2.0974e-02,
        8.9377e-03, 1.7247e-02, 1.7720e-02, 6.1989e-03, 1.1132e-02, 1.3199e-02,
        5.8621e-03, 6.5844e-03, 1.1071e-02, 8.7113e-03, 1.8920e-02, 2.1773e-02,
        1.1521e-02, 1.1813e-02, 3.5357e-02, 1.9771e-02, 1.8954e-02, 3.2142e-02,
        9.9249e-03, 7.0356e-03, 1.6756e-02, 1.3634e-02, 1.2315e-02, 1.0774e-02,
        8.6338e-03, 2.6724e-02, 7.4619e-03, 1.0655e-02, 4.0106e-03, 3.4381e-05])
cls_count [ 16.  25.  87.  40.  29.  24.  37. 101.  32.  44.  41.  37.  25.  54.
  24.  56.  21.  30.  38.  75.  26.  52.  29.  30.  34.  78.  20.  30.
  22.  21.  42.  31.  36.  71.  34.  51.  22.  42.  43.  15.  27.  32.
  14.  16.  27.  21.  46.  53.  28.  29.  86.  48.  46.  78.  24.  17.
  41.  33.  30.  26.  21.  65.  18.  26.  10.   0.] inf 2427.0 inf 1.0
Accuracy = 70.25% -> 70.25%

65
all_output1 tensor([8.4801e-03, 2.5975e-02, 1.8841e-02, 1.9189e-02, 1.4724e-02, 1.6504e-02,
        7.5605e-03, 1.7409e-02, 7.8915e-03, 2.2614e-02, 8.7808e-03, 3.5568e-02,
        1.8300e-02, 1.3529e-02, 1.4740e-02, 1.6724e-02, 2.0098e-02, 1.0046e-02,
        1.3943e-02, 2.0414e-02, 2.1975e-02, 1.8576e-02, 1.2174e-02, 1.3098e-02,
        8.4396e-03, 1.5667e-02, 2.2138e-02, 1.7512e-02, 1.9510e-02, 9.9162e-03,
        8.3845e-03, 1.5101e-02, 1.1121e-02, 1.3796e-02, 1.5324e-02, 2.8122e-02,
        7.6074e-03, 1.0937e-02, 1.4676e-02, 1.4156e-02, 9.8047e-03, 9.1930e-03,
        1.4621e-02, 1.3811e-02, 1.7587e-02, 7.5057e-03, 1.9970e-02, 1.9424e-02,
        1.5233e-02, 1.6740e-02, 1.3797e-02, 2.1338e-02, 1.6951e-02, 1.7323e-02,
        7.5770e-03, 1.9898e-02, 1.9188e-02, 1.2027e-02, 1.0100e-02, 6.7112e-03,
        2.6424e-02, 1.6041e-02, 8.5317e-03, 1.2610e-02, 1.7991e-02, 3.9357e-05])
cls_count [ 36. 113.  82.  84.  63.  72.  32.  77.  34.  99.  38. 157.  80.  60.
  64.  73.  89.  43.  61.  89.  96.  81.  53.  57.  36.  69.  97.  75.
  86.  44.  36.  66.  48.  60.  68. 123.  34.  48.  64.  62.  43.  40.
  63.  60.  77.  33.  88.  85.  66.  74.  60.  93.  73.  75.  32.  87.
  85.  52.  44.  29. 116.  70.  37.  55.  79.   0.] inf 4365.0 inf 1.0
Accuracy = 57.85% -> 57.94%

65
all_output1 tensor([1.6681e-02, 1.5535e-02, 1.0641e-02, 1.4873e-02, 4.5797e-03, 1.4448e-02,
        9.4259e-03, 9.6853e-03, 1.1116e-02, 1.9986e-02, 1.8526e-02, 2.1353e-02,
        2.2436e-02, 2.1425e-02, 8.9982e-03, 1.1142e-02, 1.2864e-02, 7.0300e-03,
        2.0232e-02, 1.0230e-02, 1.7014e-02, 9.0450e-03, 2.3503e-02, 2.1601e-02,
        1.2306e-02, 2.2868e-02, 2.2910e-02, 1.6438e-02, 2.3518e-02, 1.5122e-02,
        2.0880e-02, 1.2830e-02, 2.3345e-02, 1.7514e-02, 5.4828e-03, 1.1321e-02,
        1.5498e-02, 1.4934e-02, 1.0188e-02, 1.2587e-02, 1.4070e-02, 9.9182e-03,
        2.1629e-02, 2.3354e-02, 3.4400e-02, 1.1537e-02, 1.4193e-02, 2.1127e-02,
        1.9307e-02, 1.9779e-02, 1.9950e-02, 1.1057e-02, 1.1968e-02, 1.0433e-02,
        9.7707e-03, 2.1596e-02, 1.4618e-02, 1.8237e-02, 1.0313e-02, 1.1021e-02,
        1.4840e-02, 7.1383e-03, 1.6252e-02, 1.4274e-02, 9.0548e-03, 5.0584e-05])
cls_count [ 74.  69.  47.  66.  20.  64.  42.  43.  49.  89.  83.  96. 100.  96.
  40.  50.  57.  31.  89.  46.  76.  40. 105.  95.  54. 102. 102.  73.
 105.  67.  92.  56. 104.  78.  24.  50.  69.  66.  45.  56.  62.  44.
  96. 104. 153.  51.  63.  94.  86.  88.  89.  49.  53.  46.  43.  96.
  64.  81.  46.  49.  66.  31.  72.  63.  40.   0.] inf 4439.0 inf 1.0
Accuracy = 82.07% -> 82.07%

65
all_output1 tensor([6.6692e-03, 1.0314e-02, 3.5823e-02, 1.6474e-02, 1.2033e-02, 9.9462e-03,
        1.5302e-02, 4.1449e-02, 1.3187e-02, 1.8101e-02, 1.6862e-02, 1.5214e-02,
        1.0319e-02, 2.2251e-02, 9.9734e-03, 2.3024e-02, 8.6835e-03, 1.2403e-02,
        1.5663e-02, 3.0875e-02, 1.0737e-02, 2.1421e-02, 1.1933e-02, 1.2459e-02,
        1.4044e-02, 3.2044e-02, 8.2579e-03, 1.2341e-02, 9.0539e-03, 8.7383e-03,
        1.7339e-02, 1.2734e-02, 1.4875e-02, 2.9200e-02, 1.4091e-02, 2.1049e-02,
        9.0139e-03, 1.7309e-02, 1.7683e-02, 6.1897e-03, 1.1218e-02, 1.3163e-02,
        5.8429e-03, 6.5693e-03, 1.1110e-02, 8.7349e-03, 1.8918e-02, 2.1754e-02,
        1.1485e-02, 1.1866e-02, 3.5346e-02, 1.9768e-02, 1.8878e-02, 3.2059e-02,
        9.9736e-03, 7.0465e-03, 1.6903e-02, 1.3629e-02, 1.2320e-02, 1.0745e-02,
        8.6412e-03, 2.6690e-02, 7.4878e-03, 1.0701e-02, 4.0423e-03, 3.2076e-05])
cls_count [ 16.  25.  87.  40.  29.  24.  37. 101.  32.  44.  41.  37.  25.  54.
  24.  56.  21.  30.  38.  75.  26.  52.  29.  30.  34.  78.  20.  30.
  22.  21.  42.  31.  36.  71.  34.  51.  22.  42.  43.  15.  27.  32.
  14.  16.  27.  21.  46.  53.  28.  29.  86.  48.  46.  78.  24.  17.
  41.  33.  30.  26.  21.  65.  18.  26.  10.   0.] inf 2427.0 inf 1.0
Accuracy = 70.25% -> 70.25%

65
all_output1 tensor([8.5172e-03, 2.5821e-02, 1.8870e-02, 1.9165e-02, 1.4522e-02, 1.6738e-02,
        7.3404e-03, 1.7563e-02, 7.8730e-03, 2.2597e-02, 8.7255e-03, 3.5559e-02,
        1.8274e-02, 1.3509e-02, 1.4653e-02, 1.6678e-02, 2.0246e-02, 9.9431e-03,
        1.3956e-02, 2.0408e-02, 2.2069e-02, 1.8596e-02, 1.2173e-02, 1.2963e-02,
        8.2861e-03, 1.5507e-02, 2.2192e-02, 1.7156e-02, 1.9393e-02, 1.0121e-02,
        8.5810e-03, 1.5210e-02, 1.1150e-02, 1.3840e-02, 1.5581e-02, 2.8017e-02,
        7.6528e-03, 1.1008e-02, 1.4556e-02, 1.4145e-02, 9.8634e-03, 9.1729e-03,
        1.4608e-02, 1.3837e-02, 1.7594e-02, 7.6789e-03, 1.9902e-02, 1.9411e-02,
        1.5150e-02, 1.6855e-02, 1.3802e-02, 2.1338e-02, 1.6690e-02, 1.7231e-02,
        7.6671e-03, 1.9907e-02, 1.9649e-02, 1.2050e-02, 9.9515e-03, 6.7032e-03,
        2.6484e-02, 1.6015e-02, 8.5367e-03, 1.2566e-02, 1.8146e-02, 3.4689e-05])
cls_count [ 36. 113.  82.  84.  63.  72.  32.  77.  34.  99.  38. 157.  80.  59.
  64.  73.  89.  43.  61.  89.  96.  81.  53.  56.  36.  69.  97.  75.
  85.  44.  37.  66.  49.  60.  68. 123.  34.  48.  64.  62.  43.  40.
  64.  60.  77.  33.  87.  85.  66.  74.  60.  93.  73.  75.  32.  87.
  86.  53.  43.  29. 116.  70.  37.  55.  79.   0.] inf 4365.0 inf 1.0
Accuracy = 57.87% -> 57.92%

65
all_output1 tensor([1.6667e-02, 1.5509e-02, 1.0614e-02, 1.4894e-02, 4.5502e-03, 1.4404e-02,
        9.4506e-03, 9.7419e-03, 1.1157e-02, 2.0022e-02, 1.8513e-02, 2.1367e-02,
        2.2489e-02, 2.1417e-02, 8.9689e-03, 1.1161e-02, 1.2866e-02, 6.9430e-03,
        2.0242e-02, 1.0397e-02, 1.7178e-02, 9.0532e-03, 2.3633e-02, 2.1421e-02,
        1.2495e-02, 2.2916e-02, 2.2930e-02, 1.6443e-02, 2.3695e-02, 1.5107e-02,
        2.0811e-02, 1.2784e-02, 2.3357e-02, 1.7468e-02, 5.4250e-03, 1.1254e-02,
        1.5582e-02, 1.4951e-02, 1.0181e-02, 1.2602e-02, 1.4009e-02, 9.8712e-03,
        2.1532e-02, 2.3302e-02, 3.4401e-02, 1.1383e-02, 1.4280e-02, 2.1234e-02,
        1.9301e-02, 1.9535e-02, 1.9940e-02, 1.1048e-02, 1.2116e-02, 1.0491e-02,
        9.7849e-03, 2.1427e-02, 1.4482e-02, 1.8252e-02, 1.0412e-02, 1.1012e-02,
        1.4806e-02, 7.1484e-03, 1.6280e-02, 1.4152e-02, 9.0935e-03, 4.8962e-05])
cls_count [ 74.  69.  47.  66.  20.  64.  42.  43.  49.  89.  83.  96. 100.  96.
  40.  50.  57.  31.  89.  46.  76.  40. 105.  95.  55. 102. 102.  73.
 105.  67.  92.  56. 104.  78.  24.  50.  69.  66.  45.  56.  62.  44.
  96. 104. 153.  51.  63.  94.  86.  87.  89.  49.  53.  46.  43.  96.
  64.  81.  46.  49.  66.  31.  72.  63.  40.   0.] inf 4439.0 inf 1.0
Accuracy = 82.05% -> 82.05%

65
all_output1 tensor([6.6574e-03, 1.0283e-02, 3.5796e-02, 1.6498e-02, 1.1970e-02, 9.9294e-03,
        1.5254e-02, 4.1548e-02, 1.3233e-02, 1.8113e-02, 1.6876e-02, 1.5235e-02,
        1.0318e-02, 2.2209e-02, 9.9234e-03, 2.3059e-02, 8.6702e-03, 1.2358e-02,
        1.5693e-02, 3.0927e-02, 1.0744e-02, 2.1413e-02, 1.1995e-02, 1.2399e-02,
        1.4062e-02, 3.2096e-02, 8.2695e-03, 1.2352e-02, 9.1157e-03, 8.7128e-03,
        1.7325e-02, 1.2753e-02, 1.4869e-02, 2.9171e-02, 1.4039e-02, 2.1004e-02,
        9.0431e-03, 1.7309e-02, 1.7711e-02, 6.1914e-03, 1.1133e-02, 1.3152e-02,
        5.8178e-03, 6.5577e-03, 1.1090e-02, 8.6599e-03, 1.8932e-02, 2.1818e-02,
        1.1506e-02, 1.1833e-02, 3.5347e-02, 1.9766e-02, 1.8957e-02, 3.2129e-02,
        9.9626e-03, 7.0208e-03, 1.6867e-02, 1.3620e-02, 1.2359e-02, 1.0729e-02,
        8.6254e-03, 2.6716e-02, 7.5140e-03, 1.0632e-02, 4.1031e-03, 2.8051e-05])
cls_count [ 16.  25.  87.  40.  29.  24.  37. 101.  32.  44.  41.  37.  25.  54.
  24.  56.  21.  30.  38.  75.  26.  52.  29.  30.  34.  78.  20.  30.
  22.  21.  42.  31.  36.  71.  34.  51.  22.  42.  43.  15.  27.  32.
  14.  16.  27.  21.  46.  53.  28.  29.  86.  48.  46.  78.  24.  17.
  41.  33.  30.  26.  21.  65.  18.  26.  10.   0.] inf 2427.0 inf 1.0
Accuracy = 70.25% -> 70.25%

65
all_output1 tensor([8.4890e-03, 2.5664e-02, 1.8766e-02, 1.9247e-02, 1.4416e-02, 1.6633e-02,
        7.4077e-03, 1.7676e-02, 7.9083e-03, 2.2640e-02, 8.6892e-03, 3.5417e-02,
        1.8277e-02, 1.3477e-02, 1.4512e-02, 1.6773e-02, 2.0225e-02, 9.8553e-03,
        1.3977e-02, 2.0466e-02, 2.2265e-02, 1.8517e-02, 1.2246e-02, 1.2875e-02,
        8.3999e-03, 1.5688e-02, 2.2223e-02, 1.7218e-02, 1.9596e-02, 1.0147e-02,
        8.5061e-03, 1.5160e-02, 1.1158e-02, 1.3782e-02, 1.5435e-02, 2.8066e-02,
        7.6734e-03, 1.0976e-02, 1.4672e-02, 1.4175e-02, 9.8553e-03, 9.0348e-03,
        1.4493e-02, 1.3745e-02, 1.7571e-02, 7.5948e-03, 2.0049e-02, 1.9504e-02,
        1.5200e-02, 1.6711e-02, 1.3754e-02, 2.1257e-02, 1.6857e-02, 1.7296e-02,
        7.5559e-03, 1.9891e-02, 1.9647e-02, 1.2080e-02, 1.0066e-02, 6.6771e-03,
        2.6464e-02, 1.6019e-02, 8.6404e-03, 1.2517e-02, 1.8195e-02, 3.1036e-05])
cls_count [ 37. 113.  82.  84.  63.  72.  32.  77.  34.  99.  38. 157.  80.  59.
  64.  73.  89.  43.  61.  89.  96.  81.  53.  56.  36.  69.  97.  75.
  85.  44.  37.  66.  49.  60.  68. 123.  34.  48.  64.  62.  43.  39.
  63.  60.  77.  33.  88.  85.  66.  74.  60.  93.  73.  75.  32.  87.
  86.  53.  43.  29. 116.  70.  37.  55.  79.   0.] inf 4365.0 inf 1.0
Accuracy = 57.92% -> 57.87%

65
all_output1 tensor([1.6720e-02, 1.5528e-02, 1.0623e-02, 1.4859e-02, 4.5679e-03, 1.4402e-02,
        9.4549e-03, 9.7221e-03, 1.1112e-02, 2.0007e-02, 1.8554e-02, 2.1426e-02,
        2.2412e-02, 2.1595e-02, 8.9290e-03, 1.1172e-02, 1.2835e-02, 6.9471e-03,
        2.0195e-02, 1.0270e-02, 1.7077e-02, 9.0608e-03, 2.3514e-02, 2.1482e-02,
        1.2477e-02, 2.2945e-02, 2.2895e-02, 1.6407e-02, 2.3571e-02, 1.5089e-02,
        2.0733e-02, 1.2896e-02, 2.3382e-02, 1.7517e-02, 5.4260e-03, 1.1282e-02,
        1.5637e-02, 1.4926e-02, 1.0185e-02, 1.2667e-02, 1.3961e-02, 9.9566e-03,
        2.1663e-02, 2.3284e-02, 3.4346e-02, 1.1462e-02, 1.4184e-02, 2.1133e-02,
        1.9322e-02, 1.9584e-02, 1.9948e-02, 1.1036e-02, 1.2006e-02, 1.0348e-02,
        9.7523e-03, 2.1609e-02, 1.4545e-02, 1.8261e-02, 1.0418e-02, 1.1060e-02,
        1.4879e-02, 7.1161e-03, 1.6230e-02, 1.4176e-02, 9.1734e-03, 4.4434e-05])
cls_count [ 74.  69.  47.  66.  20.  64.  42.  43.  49.  89.  83.  96. 100.  96.
  40.  50.  57.  31.  89.  46.  76.  40. 105.  95.  55. 102. 102.  73.
 105.  67.  92.  56. 104.  78.  24.  50.  69.  66.  45.  56.  62.  44.
  96. 104. 153.  51.  63.  94.  86.  87.  89.  49.  53.  46.  43.  96.
  64.  81.  46.  49.  66.  31.  72.  63.  40.   0.] inf 4439.0 inf 1.0
Accuracy = 82.05% -> 82.05%

65
all_output1 tensor([6.6590e-03, 1.0289e-02, 3.5786e-02, 1.6471e-02, 1.1977e-02, 9.9427e-03,
        1.5276e-02, 4.1618e-02, 1.3172e-02, 1.8104e-02, 1.6873e-02, 1.5245e-02,
        1.0304e-02, 2.2245e-02, 9.9259e-03, 2.2992e-02, 8.6583e-03, 1.2390e-02,
        1.5691e-02, 3.0884e-02, 1.0723e-02, 2.1412e-02, 1.1908e-02, 1.2420e-02,
        1.4023e-02, 3.2101e-02, 8.2711e-03, 1.2323e-02, 9.1101e-03, 8.6957e-03,
        1.7328e-02, 1.2766e-02, 1.4884e-02, 2.9211e-02, 1.4056e-02, 2.1032e-02,
        9.0321e-03, 1.7295e-02, 1.7724e-02, 6.1972e-03, 1.1103e-02, 1.3181e-02,
        5.8488e-03, 6.5449e-03, 1.1122e-02, 8.6929e-03, 1.8902e-02, 2.1740e-02,
        1.1520e-02, 1.1906e-02, 3.5349e-02, 1.9769e-02, 1.8938e-02, 3.2027e-02,
        9.9331e-03, 7.0390e-03, 1.6844e-02, 1.3621e-02, 1.2381e-02, 1.0778e-02,
        8.6629e-03, 2.6782e-02, 7.4541e-03, 1.0682e-02, 4.1395e-03, 2.6855e-05])
cls_count [ 16.  25.  87.  40.  29.  24.  37. 101.  32.  44.  41.  37.  25.  54.
  24.  56.  21.  30.  38.  75.  26.  52.  29.  30.  34.  78.  20.  30.
  22.  21.  42.  31.  36.  71.  34.  51.  22.  42.  43.  15.  27.  32.
  14.  16.  27.  21.  46.  53.  28.  29.  86.  48.  46.  78.  24.  17.
  41.  33.  30.  26.  21.  65.  18.  26.  10.   0.] inf 2427.0 inf 1.0
Accuracy = 70.25% -> 70.25%

65
all_output1 tensor([8.4445e-03, 2.5836e-02, 1.8781e-02, 1.9130e-02, 1.4465e-02, 1.6598e-02,
        7.4168e-03, 1.7631e-02, 7.8394e-03, 2.2592e-02, 8.6766e-03, 3.5652e-02,
        1.8280e-02, 1.3489e-02, 1.4596e-02, 1.6722e-02, 2.0203e-02, 9.9735e-03,
        1.3967e-02, 2.0392e-02, 2.2036e-02, 1.8515e-02, 1.2116e-02, 1.2937e-02,
        8.3206e-03, 1.5726e-02, 2.2187e-02, 1.7105e-02, 1.9409e-02, 1.0116e-02,
        8.5163e-03, 1.5234e-02, 1.1239e-02, 1.3819e-02, 1.5498e-02, 2.8231e-02,
        7.7326e-03, 1.0998e-02, 1.4717e-02, 1.4199e-02, 9.7872e-03, 9.1025e-03,
        1.4564e-02, 1.3667e-02, 1.7622e-02, 7.6632e-03, 1.9930e-02, 1.9428e-02,
        1.5181e-02, 1.6851e-02, 1.3730e-02, 2.1307e-02, 1.6864e-02, 1.6946e-02,
        7.5914e-03, 1.9958e-02, 1.9738e-02, 1.2103e-02, 1.0017e-02, 6.7528e-03,
        2.6496e-02, 1.6073e-02, 8.6124e-03, 1.2458e-02, 1.8193e-02, 2.8776e-05])
cls_count [ 36. 113.  82.  84.  63.  72.  32.  77.  34.  99.  38. 158.  80.  59.
  64.  73.  89.  43.  61.  89.  96.  81.  53.  56.  36.  69.  97.  75.
  85.  44.  37.  66.  49.  60.  68. 123.  34.  48.  64.  62.  43.  40.
  64.  60.  77.  33.  87.  85.  66.  74.  60.  93.  73.  74.  32.  87.
  86.  53.  43.  29. 116.  70.  37.  55.  79.   0.] inf 4365.0 inf 1.0
Accuracy = 57.89% -> 57.92%

65
all_output1 tensor([1.6689e-02, 1.5578e-02, 1.0565e-02, 1.4854e-02, 4.5672e-03, 1.4410e-02,
        9.4570e-03, 9.6846e-03, 1.1124e-02, 2.0063e-02, 1.8635e-02, 2.1395e-02,
        2.2476e-02, 2.1561e-02, 8.9966e-03, 1.1195e-02, 1.2852e-02, 6.9646e-03,
        2.0190e-02, 1.0273e-02, 1.7065e-02, 9.0342e-03, 2.3531e-02, 2.1487e-02,
        1.2422e-02, 2.2902e-02, 2.2916e-02, 1.6492e-02, 2.3718e-02, 1.5053e-02,
        2.0814e-02, 1.2763e-02, 2.3343e-02, 1.7492e-02, 5.4469e-03, 1.1304e-02,
        1.5425e-02, 1.4963e-02, 1.0232e-02, 1.2629e-02, 1.4016e-02, 9.9654e-03,
        2.1500e-02, 2.3351e-02, 3.4255e-02, 1.1517e-02, 1.4265e-02, 2.1182e-02,
        1.9360e-02, 1.9585e-02, 1.9958e-02, 1.1061e-02, 1.2022e-02, 1.0469e-02,
        9.7412e-03, 2.1491e-02, 1.4339e-02, 1.8247e-02, 1.0457e-02, 1.1053e-02,
        1.4885e-02, 7.1040e-03, 1.6226e-02, 1.4276e-02, 9.0717e-03, 4.0726e-05])
cls_count [ 74.  69.  47.  66.  20.  64.  42.  43.  49.  89.  83.  96. 100.  96.
  40.  50.  57.  30.  89.  46.  76.  40. 105.  95.  55. 102. 102.  73.
 105.  67.  92.  56. 104.  78.  24.  50.  69.  66.  45.  56.  62.  44.
  96. 104. 153.  51.  63.  94.  86.  87.  89.  49.  53.  46.  43.  96.
  64.  81.  47.  49.  66.  31.  72.  63.  40.   0.] inf 4439.0 inf 1.0
Accuracy = 82.05% -> 82.05%

65
all_output1 tensor([6.6561e-03, 1.0294e-02, 3.5741e-02, 1.6471e-02, 1.1994e-02, 9.9305e-03,
        1.5309e-02, 4.1559e-02, 1.3200e-02, 1.8117e-02, 1.6885e-02, 1.5244e-02,
        1.0316e-02, 2.2238e-02, 9.9642e-03, 2.3002e-02, 8.6621e-03, 1.2407e-02,
        1.5686e-02, 3.0868e-02, 1.0740e-02, 2.1411e-02, 1.1925e-02, 1.2416e-02,
        1.4040e-02, 3.2063e-02, 8.2700e-03, 1.2379e-02, 9.1362e-03, 8.6943e-03,
        1.7342e-02, 1.2740e-02, 1.4865e-02, 2.9169e-02, 1.4062e-02, 2.1012e-02,
        8.9669e-03, 1.7287e-02, 1.7719e-02, 6.1912e-03, 1.1183e-02, 1.3185e-02,
        5.8071e-03, 6.5714e-03, 1.1110e-02, 8.6970e-03, 1.8919e-02, 2.1801e-02,
        1.1526e-02, 1.1905e-02, 3.5358e-02, 1.9762e-02, 1.8909e-02, 3.2096e-02,
        9.9313e-03, 7.0129e-03, 1.6772e-02, 1.3620e-02, 1.2386e-02, 1.0766e-02,
        8.6623e-03, 2.6768e-02, 7.4707e-03, 1.0699e-02, 4.0795e-03, 2.5788e-05])
cls_count [ 16.  25.  87.  40.  29.  24.  37. 101.  32.  44.  41.  37.  25.  54.
  24.  56.  21.  30.  38.  75.  26.  52.  29.  30.  34.  78.  20.  30.
  22.  21.  42.  31.  36.  71.  34.  51.  22.  42.  43.  15.  27.  32.
  14.  16.  27.  21.  46.  53.  28.  29.  86.  48.  46.  78.  24.  17.
  41.  33.  30.  26.  21.  65.  18.  26.  10.   0.] inf 2427.0 inf 1.0
Accuracy = 70.25% -> 70.25%

65
all_output1 tensor([8.4254e-03, 2.5791e-02, 1.8753e-02, 1.9101e-02, 1.4388e-02, 1.6568e-02,
        7.4326e-03, 1.7624e-02, 7.8601e-03, 2.2666e-02, 8.7104e-03, 3.5798e-02,
        1.8304e-02, 1.3496e-02, 1.4677e-02, 1.6777e-02, 2.0158e-02, 1.0018e-02,
        1.3979e-02, 2.0389e-02, 2.2042e-02, 1.8508e-02, 1.2117e-02, 1.2855e-02,
        8.2620e-03, 1.5657e-02, 2.2192e-02, 1.7260e-02, 1.9665e-02, 1.0042e-02,
        8.5605e-03, 1.5150e-02, 1.1228e-02, 1.3775e-02, 1.5524e-02, 2.8137e-02,
        7.6505e-03, 1.1021e-02, 1.4658e-02, 1.4180e-02, 9.8971e-03, 9.1051e-03,
        1.4430e-02, 1.3738e-02, 1.7586e-02, 7.6034e-03, 2.0092e-02, 1.9504e-02,
        1.5184e-02, 1.6878e-02, 1.3791e-02, 2.1337e-02, 1.6797e-02, 1.6984e-02,
        7.5836e-03, 1.9884e-02, 1.9373e-02, 1.2206e-02, 9.9643e-03, 6.6951e-03,
        2.6572e-02, 1.6030e-02, 8.6124e-03, 1.2596e-02, 1.8131e-02, 2.6428e-05])
cls_count [ 36. 113.  82.  84.  63.  72.  32.  77.  34.  99.  38. 156.  80.  59.
  64.  73.  89.  43.  61.  89.  96.  81.  53.  56.  36.  69.  97.  75.
  85.  44.  37.  66.  49.  60.  68. 123.  34.  48.  64.  62.  43.  40.
  63.  60.  77.  33.  88.  85.  66.  74.  60.  93.  73.  75.  32.  87.
  86.  53.  43.  29. 116.  70.  38.  55.  79.   0.] inf 4365.0 inf 1.0
Accuracy = 57.92% -> 57.89%

65
