nohup: 忽略输入
ckpt/source/pda/office-home/A
Namespace(batch_size=64, bottleneck=256, class_num=50, classifier='bn', cls_par=0.3, da='pda', distance='cosine', dset='office-home', ent=True, ent_par=1.0, epsilon=1e-05, gent=True, gpu_id='0', interval=15, issave=False, layer='wn', lr=0.01, lr_decay1=0.1, lr_decay2=1.0, max_epoch=15, name='office-home', name1='AC', name2='AP', net='resnet50', out_file=<_io.TextIOWrapper name='ckpt/target/pda/office-home-addfc+gent/log_par_0.3_thr10.txt' mode='w' encoding='UTF-8'>, output='ckpt/target', output_dir='ckpt/target/pda/office-home-addfc+gent', output_dir_src='ckpt/source/pda/office-home/A', output_src='ckpt/source', s=0, s_dset_path='./data/office-home/Art.txt', savename='par_0.3_thr10', seed=2020, src_classes=[0, 1, 2, 3, 4, 5, 6, 7, 8, 9, 10, 11, 12, 13, 14, 15, 16, 17, 18, 19, 20, 21, 22, 23, 24, 25, 26, 27, 28, 29, 30, 31, 32, 33, 34, 35, 36, 37, 38, 39, 40, 41, 42, 43, 44, 45, 46, 47, 48, 49], t=1, t_dset_path='./data/office-home/Clipart.txt', t_dset_path1='./data/office-home/Product.txt', t_dset_path2='./data/office-home/Real_World.txt', tar_classes=[0, 1, 2, 3, 4, 5, 6, 7, 8, 9, 10, 11, 12, 13, 14, 15, 16, 17, 18, 19, 20, 21, 22, 23, 24, 25, 26, 27, 28, 29, 30, 31, 32, 33, 34, 35, 36, 37, 38, 39, 40, 41, 42, 43, 44, 45, 46, 47, 48, 49], tar_classes1=[0, 1, 2, 3, 4, 5, 6, 7, 8, 9, 10, 11, 12, 13, 14, 15, 16, 17, 18, 19, 20, 21, 22, 23, 24], test_dset_path='./data/office-home/Clipart.txt', test_dset_path1='./data/office-home/Product.txt', test_dset_path2='./data/office-home/Real_World.txt', threshold=10, worker=4)
/homes/jh015/.conda/envs/hj_trans/lib/python3.7/site-packages/torchvision/models/_utils.py:209: UserWarning: The parameter 'pretrained' is deprecated since 0.13 and will be removed in 0.15, please use 'weights' instead.
  f"The parameter '{pretrained_param}' is deprecated since 0.13 and will be removed in 0.15, "
/homes/jh015/.conda/envs/hj_trans/lib/python3.7/site-packages/torchvision/models/_utils.py:223: UserWarning: Arguments other than a weight enum or `None` for 'weights' are deprecated since 0.13 and will be removed in 0.15. The current behavior is equivalent to passing `weights=ResNet50_Weights.IMAGENET1K_V1`. You can also use `weights=ResNet50_Weights.DEFAULT` to get the most up-to-date weights.
  warnings.warn(msg)
cls_count [ 34. 283.  64. 126. 149.  74.  27.  17.  14. 197.  42. 296.  73.  23.
  76.  42. 204. 200.  82.  88.  74.  76.  19. 138.  35.  39.  74.  38.
  82.  68.  39.  84.  26.  53.  41. 123.  58.  55. 104.  43. 177.  95.
 141.  81.  93.  45.  77.  93.  52. 131.]
Accuracy = 36.11% -> 40.73%

50
cls_count [ 74.  69.  42.  62.  29.  85.  26.  11.  40. 123.  46.  65.  82.  65.
  33.  35.  69.  49.  88.  46.  31.  45.  77.  35.  11.  14.   9.   1.
   8.   9.   8.  23.   8.   3.   8.   7.  34.  23.   2.   2.   5.   3.
  24.   9.   5.   2.  14.  35.   3.  64.]
Accuracy = 65.68% -> 0.00%

label_list1 1
cls_count [ 21. 196. 101. 116. 102.  81.  83.  62.  32. 111.  47.  81.  80.  65.
 118.  60. 111. 116.  79.  85. 117.  74.   4. 104.  63.  81.  90.  91.
 127.  62.  58.  84.  64.  62. 116.  76.  66. 133. 110.  51.  73.  98.
 126. 119. 130.  59.  61. 111. 116.  92.]
Accuracy = 43.64% -> 43.09%

50
cls_count [67. 68. 74. 69. 32. 89. 51. 24. 50. 85. 44.  6. 80. 43. 45. 26. 44. 18.
 92. 47. 78. 56. 33. 11. 13. 39.  5.  4. 16.  5.  8. 42. 12.  3. 18.  1.
 16. 38.  4.  3.  5. 13. 30. 11. 27.  1.  4. 20. 22. 69.]
Accuracy = 55.63% -> 0.00%

label_list1 1
cls_count [ 21. 172.  97. 121. 111.  76.  85.  76.  31. 112.  47.  73.  85.  66.
 116.  48. 110. 100.  83.  86. 146.  73.   2.  91.  61.  85. 104.  88.
 108.  70.  66.  76.  60.  67. 111.  72.  59. 144. 108.  59.  79.  98.
 139. 104. 135.  64.  61. 121. 112.  86.]
Accuracy = 43.57% -> 43.44%

50
cls_count [ 67.  68.  68.  66.  28.  79.  49.  21.  37.  79.  43.  12.  94.  31.
  46.  25.  52.  15. 104.  47.  81.  55.  13.  15.  18.  39.  11.   3.
  10.  11.  16.  33.  16.   3.  17.   6.  11.  69.   1.   3.   7.  11.
  32.  13.  40.   1.   5.  20.  17.  53.]
Accuracy = 54.00% -> 0.00%

label_list1 1
cls_count [ 26. 157.  97. 115. 119.  84.  85.  81.  38. 107.  49.  84.  89.  64.
 110.  50.  95. 110.  84.  86. 148.  74.   4.  92.  62.  85. 101. 104.
 102.  68.  67.  68.  58.  66. 111.  79.  64. 137. 108.  61.  76.  93.
 123. 106. 131.  56.  79. 119. 109.  84.]
Accuracy = 43.96% -> 43.62%

50
cls_count [ 64.  66.  68.  63.  40.  93.  57.  23.  45.  74.  43.  20.  92.  32.
  47.  24.  48.  18. 105.  50.  74.  54.  20.   9.  17.  36.  10.   6.
   7.  13.  14.  30.  12.   2.  18.   5.   7.  53.   2.   2.   6.  12.
  30.   7.  35.   2.   9.  25.  19.  53.]
Accuracy = 53.46% -> 0.00%

label_list1 1
