nohup: 忽略输入
ckpt/source/pda/office-home/P
Namespace(batch_size=64, bottleneck=256, class_num=50, classifier='bn', cls_par=0.6, da='pda', distance='cosine', dset='office-home', ent=True, ent_par=1.0, epsilon=1e-05, extra_class=1, gent=True, gpu_id='1', interval=10, issave=False, layer='wn', lr=0.01, lr_decay1=0.1, lr_decay2=1.0, max_epoch=10, name='office-home', name1='PA', name2='PC', name3='PR', net='resnet50', out_file=<_io.TextIOWrapper name='ckpt/target/pda/office-home-addfc+gent/log_par_0.6_thr0.txt' mode='w' encoding='UTF-8'>, output='ckpt/target', output_dir='ckpt/target/pda/office-home-addfc+gent', output_dir_src='ckpt/source/pda/office-home/P', output_src='ckpt/source', s=0, s_dset_path='./data/office-home/Product.txt', savename='par_0.6_thr0', seed=2020, src_classes=[0, 1, 2, 3, 4, 5, 6, 7, 8, 9, 10, 11, 12, 13, 14, 15, 16, 17, 18, 19, 20, 21, 22, 23, 24, 25, 26, 27, 28, 29, 30, 31, 32, 33, 34, 35, 36, 37, 38, 39, 40, 41, 42, 43, 44, 45, 46, 47, 48, 49], t=1, t_dset_path='./data/office-home/Art.txt', t_dset_path1='./data/office-home/Clipart.txt', t_dset_path2='./data/office-home/Real_World.txt', tar_classes=[0, 1, 2, 3, 4, 5, 6, 7, 8, 9, 10, 11, 12, 13, 14, 15, 16, 17, 18, 19, 20, 21, 22, 23, 24, 25, 26, 27, 28, 29, 30, 31, 32, 33, 34, 35, 36, 37, 38, 39, 40, 41, 42, 43, 44, 45, 46, 47, 48, 49], tar_classes1=[0, 1, 2, 3, 4, 5, 6, 7, 8, 9, 10, 11, 12, 13, 14, 15, 16, 17, 18, 19, 20, 21, 22, 23, 24], tar_classes2=[0, 1, 2, 3, 4, 5, 6, 7, 8, 9, 10, 11, 12, 13, 14, 15, 16, 17, 18, 19, 20, 21, 22, 23, 24, 25, 26, 27, 28, 29, 30, 31, 32, 33, 34, 35, 36, 37, 38, 39, 40, 41, 42, 43, 44, 45, 46, 47, 48, 49, 50, 51, 52, 53, 54, 55, 56, 57, 58, 59, 60, 61, 62, 63, 64], test_dset_path='./data/office-home/Art.txt', test_dset_path1='./data/office-home/Clipart.txt', test_dset_path2='./data/office-home/Real_World.txt', threshold=0, worker=4)
/homes/jh015/.conda/envs/hj_trans/lib/python3.7/site-packages/torchvision/models/_utils.py:209: UserWarning: The parameter 'pretrained' is deprecated since 0.13 and will be removed in 0.15, please use 'weights' instead.
  f"The parameter '{pretrained_param}' is deprecated since 0.13 and will be removed in 0.15, "
/homes/jh015/.conda/envs/hj_trans/lib/python3.7/site-packages/torchvision/models/_utils.py:223: UserWarning: Arguments other than a weight enum or `None` for 'weights' are deprecated since 0.13 and will be removed in 0.15. The current behavior is equivalent to passing `weights=ResNet50_Weights.IMAGENET1K_V1`. You can also use `weights=ResNet50_Weights.DEFAULT` to get the most up-to-date weights.
  warnings.warn(msg)
ent tensor(0.3274) tensor(0.4657) tensor(16.8597, dtype=torch.float64) tensor(9.4315, dtype=torch.float64)
all_output1 tensor([0.0066, 0.0100, 0.0231, 0.0116, 0.0093, 0.0103, 0.0131, 0.0258, 0.0073,
        0.0071, 0.0110, 0.0104, 0.0070, 0.0192, 0.0050, 0.0099, 0.0042, 0.0052,
        0.0130, 0.0227, 0.0030, 0.0213, 0.0092, 0.0146, 0.0082, 0.0105, 0.0074,
        0.0105, 0.0057, 0.0055, 0.0084, 0.0060, 0.0140, 0.0272, 0.0204, 0.0101,
        0.0062, 0.0056, 0.0053, 0.0049, 0.0070, 0.0128, 0.0078, 0.0040, 0.0100,
        0.0046, 0.0057, 0.0098, 0.0116, 0.0099, 0.4810])
cls_count [4.000e+00 1.500e+01 3.300e+01 1.900e+01 6.000e+00 1.500e+01 1.200e+01
 2.700e+01 5.000e+00 1.100e+01 1.200e+01 6.000e+00 9.000e+00 2.100e+01
 4.000e+00 8.000e+00 1.000e+00 3.000e+00 1.400e+01 4.100e+01 1.000e+00
 3.500e+01 1.000e+01 1.200e+01 6.000e+00 8.000e+00 9.000e+00 1.200e+01
 6.000e+00 3.000e+00 9.000e+00 3.000e+00 1.900e+01 5.200e+01 1.800e+01
 1.300e+01 9.000e+00 5.000e+00 5.000e+00 6.000e+00 6.000e+00 1.600e+01
 2.000e+00 5.000e+00 1.100e+01 2.000e+00 6.000e+00 7.000e+00 1.500e+01
 1.500e+01 1.186e+03] 0.0008431703204047217 1778.0 0.009983136593591905 0.6670416197975253
Accuracy = 53.49% -> 59.00%

50
ent tensor(0.3550) tensor(0.5148) tensor(15.6790, dtype=torch.float64) tensor(7.9297, dtype=torch.float64)
all_output1 tensor([0.0077, 0.0299, 0.0181, 0.0260, 0.0133, 0.0145, 0.0120, 0.0165, 0.0043,
        0.0250, 0.0129, 0.0297, 0.0129, 0.0091, 0.0122, 0.0048, 0.0173, 0.0023,
        0.0092, 0.0280, 0.0056, 0.0239, 0.0081, 0.0178, 0.0084, 0.0061, 0.0051,
        0.0068, 0.0091, 0.0033, 0.0032, 0.0091, 0.0019, 0.0050, 0.0038, 0.0095,
        0.0032, 0.0019, 0.0027, 0.0023, 0.0034, 0.0039, 0.0050, 0.0029, 0.0037,
        0.0063, 0.0042, 0.0044, 0.0148, 0.0063, 0.5030])
cls_count [1.000e+01 3.900e+01 2.300e+01 3.500e+01 1.300e+01 1.900e+01 1.200e+01
 1.400e+01 0.000e+00 3.800e+01 1.600e+01 3.800e+01 1.600e+01 8.000e+00
 1.400e+01 1.000e+00 2.700e+01 0.000e+00 1.000e+01 4.900e+01 1.000e+00
 4.000e+01 5.000e+00 1.200e+01 9.000e+00 0.000e+00 0.000e+00 5.000e+00
 4.000e+00 0.000e+00 0.000e+00 6.000e+00 0.000e+00 3.000e+00 0.000e+00
 7.000e+00 0.000e+00 0.000e+00 0.000e+00 0.000e+00 0.000e+00 0.000e+00
 1.000e+00 0.000e+00 1.000e+00 1.000e+00 1.000e+00 1.000e+00 1.900e+01
 6.000e+00 1.253e+03] 0.0 1757.0 0.008044692737430168 0.7131474103585658
Accuracy = 45.87% -> 48.55%

50
ent tensor(0.2916) tensor(0.3777) tensor(16.4802, dtype=torch.float64) tensor(16.4802, dtype=torch.float64)
cls_count [  28.   65.   46.   49.   19.   43.   45.   20.   42.   54.   38.   39.
   68.   61.   24.   44.   33.   11.   33.   86.    5.   48.   33.   33.
   54.   36.   44.   92.   38.   24.   53.   26.   74.   76.   50.   34.
   15.   27.   22.   29.   23.   37.   34.   38.   39.   20.   43.   50.
   68.   68. 2276.] 0.0021968365553602814 4357.0 0.018286467486818978 0.5223777828781271
cls_count [28. 65. 46. 49. 19. 43. 45. 20. 42. 54. 38. 39. 68. 61. 24. 44. 33. 11.
 33. 86.  5. 48. 33. 33. 54. 36. 44. 92. 38. 24. 53. 26. 74. 76. 50. 34.
 15. 27. 22. 29. 23. 37. 34. 38. 39. 20. 43. 50. 68. 68.] 0.0 5.0 92.0 0.05434782608695652
51
acc [54.90196078 77.77777778 46.15384615 76.66666667 18.75       67.24137931
 39.39393939 23.88059701 54.54545455 71.64179104 51.38888889 21.05263158
 85.33333333 63.52941176 27.11864407 49.39759036 55.76923077  8.23529412
 36.84210526 86.86868687  7.46268657 77.5862069  67.34693878 46.77419355
 65.85365854 60.         70.         78.46153846 32.3943662  50.
 57.95454545 25.         73.73737374 82.55813953 43.39622642 45.58823529
 18.75       39.39393939 35.         70.73170732 40.         66.66666667
 35.80246914 73.07692308 45.67901235 44.18604651 45.         46.875
 91.17647059 89.04109589 87.61514841] 51 H_score 65.92233252320291
Task: office-home, Iter:0/690; Accuracy = 53.52% / 52.84% / 87.62%
ent tensor(0.1571) tensor(0.1375) tensor(12.4465, dtype=torch.float64) tensor(13.1976, dtype=torch.float64)
all_output1 tensor([0.0096, 0.0119, 0.0367, 0.0166, 0.0179, 0.0131, 0.0201, 0.0412, 0.0096,
        0.0148, 0.0206, 0.0144, 0.0106, 0.0253, 0.0060, 0.0174, 0.0084, 0.0102,
        0.0175, 0.0365, 0.0047, 0.0240, 0.0149, 0.0156, 0.0167, 0.0293, 0.0108,
        0.0148, 0.0084, 0.0118, 0.0205, 0.0062, 0.0251, 0.0335, 0.0186, 0.0183,
        0.0079, 0.0118, 0.0096, 0.0074, 0.0134, 0.0138, 0.0049, 0.0054, 0.0119,
        0.0081, 0.0104, 0.0184, 0.0133, 0.0146, 0.2175])
cls_count [ 15.  23.  68.  31.  33.  23.  37.  78.  18.  27.  38.  27.  20.  47.
   9.  33.  15.  17.  33.  68.   7.  45.  28.  30.  30.  54.  19.  27.
  14.  20.  38.  11.  43.  61.  33.  33.  15.  22.  17.  13.  26.  25.
   7.   9.  20.  16.  19.  34.  22.  26. 354.] 0.01977401129943503 1778.0 0.08045197740112994 0.19910011248593928
Accuracy = 62.32% -> 62.82%

50
ent tensor(0.1386) tensor(0.1077) tensor(8.4389, dtype=torch.float64) tensor(9.1111, dtype=torch.float64)
all_output1 tensor([0.0112, 0.0495, 0.0334, 0.0305, 0.0267, 0.0229, 0.0221, 0.0268, 0.0022,
        0.0388, 0.0147, 0.0474, 0.0146, 0.0267, 0.0251, 0.0126, 0.0346, 0.0135,
        0.0224, 0.0429, 0.0181, 0.0352, 0.0172, 0.0180, 0.0095, 0.0134, 0.0104,
        0.0195, 0.0181, 0.0058, 0.0065, 0.0134, 0.0051, 0.0081, 0.0058, 0.0251,
        0.0057, 0.0013, 0.0040, 0.0034, 0.0088, 0.0022, 0.0055, 0.0067, 0.0097,
        0.0058, 0.0035, 0.0106, 0.0264, 0.0167, 0.1422])
cls_count [ 19.  89.  61.  52.  49.  41.  40.  46.   3.  74.  27.  88.  26.  50.
  48.  22.  64.  24.  39.  80.  33.  65.  31.  35.  18.  24.  17.  34.
  31.  10.  12.  26.   8.  15.   9.  44.  10.   2.   7.   4.  15.   3.
  10.  11.  19.   7.   5.  18.  51.  32. 209.] 0.009569377990430622 1757.0 0.14813397129186603 0.11895276038702329
Accuracy = 50.37% -> 49.74%

50
ent tensor(0.1676) tensor(0.3137) tensor(24.0645, dtype=torch.float64) tensor(24.0645, dtype=torch.float64)
cls_count [  31.   75.   48.   52.   19.   50.   51.   24.   43.   65.   48.   38.
   72.   73.   28.   57.   42.   16.   43.   95.    8.   55.   41.   30.
   57.   38.   49.   97.   48.   36.   67.   28.   85.   75.   40.   40.
   18.   31.   30.   37.   29.   35.   36.   43.   60.   28.   45.   66.
   75.   71. 1989.] 0.004022121669180492 4357.0 0.023810960281548516 0.45650677071379386
cls_count [31. 75. 48. 52. 19. 50. 51. 24. 43. 65. 48. 38. 72. 73. 28. 57. 42. 16.
 43. 95.  8. 55. 41. 30. 57. 38. 49. 97. 48. 36. 67. 28. 85. 75. 40. 40.
 18. 31. 30. 37. 29. 35. 36. 43. 60. 28. 45. 66. 75. 71.] 0.0 8.0 97.0 0.08247422680412371
51
acc [58.82352941 83.95061728 51.28205128 83.33333333 18.75       72.4137931
 46.96969697 29.85074627 55.84415584 82.08955224 65.27777778 28.07017544
 85.33333333 81.17647059 28.81355932 61.44578313 71.15384615 15.29411765
 46.05263158 95.95959596 10.44776119 87.93103448 75.51020408 45.16129032
 69.51219512 61.66666667 78.33333333 84.61538462 39.43661972 67.39130435
 75.         30.88235294 81.81818182 83.72093023 54.71698113 52.94117647
 26.5625     45.45454545 46.66666667 82.92682927 60.         66.66666667
 38.27160494 80.76923077 64.19753086 51.1627907  50.         58.33333333
 94.11764706 90.4109589  89.66223132] 51 H_score 72.1281843791194
Task: office-home, Iter:69/690; Accuracy = 60.91% / 60.33% / 89.66%
ent tensor(0.1012) tensor(0.0677) tensor(6.1436, dtype=torch.float64) tensor(6.5738, dtype=torch.float64)
all_output1 tensor([0.0122, 0.0128, 0.0384, 0.0178, 0.0215, 0.0137, 0.0219, 0.0404, 0.0136,
        0.0196, 0.0222, 0.0173, 0.0128, 0.0275, 0.0088, 0.0202, 0.0112, 0.0110,
        0.0209, 0.0373, 0.0061, 0.0254, 0.0162, 0.0209, 0.0174, 0.0336, 0.0125,
        0.0188, 0.0105, 0.0108, 0.0214, 0.0066, 0.0282, 0.0367, 0.0220, 0.0232,
        0.0094, 0.0148, 0.0102, 0.0072, 0.0143, 0.0159, 0.0066, 0.0078, 0.0131,
        0.0092, 0.0132, 0.0237, 0.0143, 0.0173, 0.1113])
cls_count [ 22.  25.  73.  34.  40.  24.  41.  75.  24.  36.  42.  30.  23.  50.
  16.  37.  20.  22.  41.  69.  12.  49.  30.  42.  32.  58.  22.  36.
  18.  19.  39.  12.  53.  67.  43.  44.  18.  27.  18.  13.  27.  29.
  10.  14.  24.  16.  26.  42.  27.  33. 134.] 0.07462686567164178 1778.0 0.24537313432835822 0.07536557930258714
Accuracy = 63.10% -> 62.99%

50
ent tensor(0.0744) tensor(0.0498) tensor(2.1910, dtype=torch.float64) tensor(2.2371, dtype=torch.float64)
all_output1 tensor([0.0131, 0.0525, 0.0351, 0.0311, 0.0284, 0.0242, 0.0236, 0.0265, 0.0037,
        0.0426, 0.0164, 0.0453, 0.0152, 0.0265, 0.0279, 0.0143, 0.0386, 0.0128,
        0.0271, 0.0433, 0.0192, 0.0364, 0.0182, 0.0216, 0.0101, 0.0146, 0.0124,
        0.0204, 0.0223, 0.0053, 0.0078, 0.0220, 0.0062, 0.0093, 0.0087, 0.0267,
        0.0074, 0.0018, 0.0046, 0.0093, 0.0104, 0.0032, 0.0064, 0.0095, 0.0127,
        0.0077, 0.0052, 0.0131, 0.0293, 0.0191, 0.0510])
cls_count [23. 96. 63. 56. 51. 43. 41. 50.  6. 75. 29. 81. 26. 50. 52. 25. 71. 23.
 48. 79. 38. 66. 32. 40. 18. 25. 22. 36. 42. 11. 15. 40. 11. 16. 16. 47.
 13.  3.  8. 15. 19.  6. 12. 17. 22. 14.  9. 26. 54. 35. 41.] 0.07317073170731707 1757.0 0.8370731707317073 0.02333523050654529
Accuracy = 49.52% -> 49.35%

50
ent tensor(0.1314) tensor(0.3037) tensor(24.9785, dtype=torch.float64) tensor(24.9785, dtype=torch.float64)
cls_count [  32.   76.   53.   53.   35.   56.   57.   20.   52.   73.   49.   48.
   78.   77.   28.   56.   44.   11.   61.   97.    9.   55.   44.   35.
   59.   49.   53.  105.   55.   36.   66.   33.   90.   78.   38.   42.
   23.   40.   31.   37.   33.   37.   45.   52.   73.   30.   50.   79.
   77.   76. 1771.] 0.005081874647092038 4357.0 0.029203839638622248 0.40647234335551985
cls_count [ 32.  76.  53.  53.  35.  56.  57.  20.  52.  73.  49.  48.  78.  77.
  28.  56.  44.  11.  61.  97.   9.  55.  44.  35.  59.  49.  53. 105.
  55.  36.  66.  33.  90.  78.  38.  42.  23.  40.  31.  37.  33.  37.
  45.  52.  73.  30.  50.  79.  77.  76.] 0.0 9.0 105.0 0.08571428571428572
51
acc [62.74509804 85.18518519 55.12820513 86.66666667 34.375      75.86206897
 51.51515152 23.88059701 64.93506494 88.05970149 65.27777778 36.84210526
 89.33333333 84.70588235 30.50847458 60.24096386 73.07692308 10.58823529
 63.15789474 97.97979798 10.44776119 89.65517241 79.59183673 48.38709677
 71.95121951 75.         81.66666667 87.69230769 46.47887324 71.73913043
 75.         30.88235294 87.87878788 87.20930233 52.83018868 52.94117647
 31.25       53.03030303 46.66666667 82.92682927 63.33333333 66.66666667
 46.91358025 88.46153846 74.07407407 51.1627907  52.5        68.75
 94.11764706 91.78082192 88.53633572] 51 H_score 74.30891449359913
Task: office-home, Iter:138/690; Accuracy = 64.50% / 64.02% / 88.54%
ent tensor(0.0647) tensor(0.0413) tensor(1.7326, dtype=torch.float64) tensor(1.7566, dtype=torch.float64)
all_output1 tensor([0.0130, 0.0139, 0.0414, 0.0192, 0.0227, 0.0137, 0.0250, 0.0462, 0.0137,
        0.0205, 0.0236, 0.0168, 0.0124, 0.0285, 0.0102, 0.0238, 0.0131, 0.0142,
        0.0233, 0.0382, 0.0087, 0.0273, 0.0165, 0.0236, 0.0178, 0.0339, 0.0137,
        0.0199, 0.0121, 0.0134, 0.0232, 0.0076, 0.0317, 0.0372, 0.0228, 0.0239,
        0.0101, 0.0152, 0.0117, 0.0074, 0.0150, 0.0170, 0.0067, 0.0078, 0.0130,
        0.0112, 0.0149, 0.0253, 0.0155, 0.0179, 0.0443])
cls_count [24. 26. 76. 35. 41. 24. 45. 87. 24. 37. 43. 32. 22. 51. 20. 42. 24. 28.
 44. 69. 16. 50. 31. 43. 32. 61. 26. 36. 22. 24. 43. 14. 58. 67. 44. 44.
 18. 27. 22. 13. 27. 31. 12. 14. 23. 19. 28. 45. 29. 33. 32.] 0.375 1778.0 1.09125 0.017997750281214864
Accuracy = 63.10% -> 63.10%

50
ent tensor(0.0451) tensor(0.0301) tensor(0.1849, dtype=torch.float64) tensor(0.1801, dtype=torch.float64)
all_output1 tensor([0.0129, 0.0541, 0.0374, 0.0314, 0.0283, 0.0242, 0.0226, 0.0280, 0.0052,
        0.0427, 0.0169, 0.0425, 0.0146, 0.0277, 0.0291, 0.0147, 0.0383, 0.0147,
        0.0276, 0.0443, 0.0226, 0.0375, 0.0180, 0.0237, 0.0102, 0.0144, 0.0142,
        0.0212, 0.0237, 0.0065, 0.0084, 0.0215, 0.0062, 0.0093, 0.0103, 0.0264,
        0.0080, 0.0018, 0.0046, 0.0141, 0.0106, 0.0032, 0.0067, 0.0094, 0.0126,
        0.0090, 0.0052, 0.0149, 0.0299, 0.0196, 0.0191])
cls_count [23. 99. 68. 55. 50. 43. 40. 51.  9. 75. 31. 77. 26. 50. 53. 26. 70. 27.
 49. 79. 40. 67. 32. 42. 18. 25. 26. 38. 43. 11. 15. 39. 11. 16. 19. 46.
 14.  3.  8. 24. 19.  6. 12. 17. 22. 15.  9. 26. 54. 36.  3.] 1.0 1757.0 11.693333333333333 0.0017074558907228532
Accuracy = 49.23% -> 49.23%

50
ent tensor(0.1239) tensor(0.2975) tensor(23.2632, dtype=torch.float64) tensor(23.2632, dtype=torch.float64)
cls_count [  32.   79.   55.   56.   42.   57.   63.   27.   52.   73.   53.   48.
   79.   86.   29.   67.   50.   15.   72.   98.   11.   61.   46.   41.
   59.   54.   51.  109.   56.   42.   76.   43.   94.   79.   42.   44.
   31.   49.   34.   39.   35.   39.   48.   52.   79.   35.   53.   84.
   76.   80. 1582.] 0.00695322376738306 4357.0 0.03508217446270544 0.36309387193022724
cls_count [ 32.  79.  55.  56.  42.  57.  63.  27.  52.  73.  53.  48.  79.  86.
  29.  67.  50.  15.  72.  98.  11.  61.  46.  41.  59.  54.  51. 109.
  56.  42.  76.  43.  94.  79.  42.  44.  31.  49.  34.  39.  35.  39.
  48.  52.  79.  35.  53.  84.  76.  80.] 0.0 11.0 109.0 0.10091743119266056
51
acc [62.74509804 87.65432099 58.97435897 88.33333333 39.0625     75.86206897
 57.57575758 29.85074627 64.93506494 88.05970149 69.44444444 36.84210526
 89.33333333 92.94117647 30.50847458 65.06024096 78.84615385 15.29411765
 71.05263158 98.98989899 11.94029851 93.10344828 81.63265306 50.
 71.95121951 83.33333333 80.         89.23076923 47.88732394 73.91304348
 85.22727273 39.70588235 90.90909091 87.20930233 58.49056604 55.88235294
 42.1875     60.60606061 51.66666667 85.36585366 66.66666667 70.58823529
 50.61728395 88.46153846 77.77777778 58.13953488 55.         70.83333333
 94.11764706 94.52054795 87.00102354] 51 H_score 75.93514410015557
Task: office-home, Iter:207/690; Accuracy = 67.75% / 67.37% / 87.00%
ent tensor(0.0610) tensor(0.0293) tensor(2.7394, dtype=torch.float64) tensor(2.8341, dtype=torch.float64)
all_output1 tensor([0.0131, 0.0132, 0.0403, 0.0189, 0.0214, 0.0144, 0.0243, 0.0463, 0.0136,
        0.0210, 0.0237, 0.0157, 0.0122, 0.0283, 0.0082, 0.0231, 0.0134, 0.0146,
        0.0239, 0.0375, 0.0081, 0.0264, 0.0169, 0.0237, 0.0173, 0.0332, 0.0144,
        0.0205, 0.0125, 0.0119, 0.0226, 0.0073, 0.0299, 0.0364, 0.0229, 0.0240,
        0.0100, 0.0146, 0.0120, 0.0074, 0.0146, 0.0168, 0.0067, 0.0077, 0.0125,
        0.0104, 0.0141, 0.0236, 0.0153, 0.0170, 0.0623])
cls_count [24. 24. 76. 34. 40. 26. 44. 87. 24. 38. 43. 28. 22. 51. 15. 41. 26. 28.
 43. 69. 16. 50. 30. 43. 32. 61. 27. 38. 23. 22. 41. 13. 56. 67. 42. 44.
 18. 27. 22. 13. 27. 30. 12. 14. 23. 19. 28. 44. 29. 32. 52.] 0.23076923076923078 1778.0 0.6638461538461539 0.02924634420697414
Accuracy = 63.10% -> 63.10%

50
ent tensor(0.0449) tensor(0.0226) tensor(0.5279, dtype=torch.float64) tensor(0.5201, dtype=torch.float64)
all_output1 tensor([0.0131, 0.0520, 0.0366, 0.0310, 0.0279, 0.0242, 0.0223, 0.0283, 0.0053,
        0.0427, 0.0173, 0.0413, 0.0146, 0.0268, 0.0277, 0.0147, 0.0392, 0.0141,
        0.0277, 0.0433, 0.0213, 0.0362, 0.0181, 0.0232, 0.0101, 0.0139, 0.0149,
        0.0211, 0.0238, 0.0061, 0.0082, 0.0218, 0.0066, 0.0092, 0.0105, 0.0262,
        0.0079, 0.0017, 0.0045, 0.0142, 0.0105, 0.0032, 0.0072, 0.0092, 0.0124,
        0.0091, 0.0052, 0.0144, 0.0298, 0.0193, 0.0299])
cls_count [23. 98. 67. 56. 50. 43. 40. 51.  9. 75. 31. 76. 26. 50. 53. 26. 70. 27.
 49. 79. 40. 65. 32. 40. 18. 25. 26. 37. 43. 11. 15. 39. 12. 16. 19. 46.
 14.  3.  8. 25. 18.  6. 12. 17. 22. 16.  9. 26. 54. 35.  9.] 0.3333333333333333 1757.0 3.8844444444444446 0.005122367672168449
Accuracy = 49.17% -> 49.12%

50
ent tensor(0.0776) tensor(0.2934) tensor(28.3453, dtype=torch.float64) tensor(28.3453, dtype=torch.float64)
cls_count [  32.   77.   51.   54.   38.   55.   59.   28.   52.   74.   53.   48.
   79.   85.   27.   65.   49.   12.   72.   98.   10.   60.   46.   40.
   59.   53.   51.  108.   54.   37.   76.   43.   92.   78.   42.   44.
   31.   43.   34.   39.   35.   39.   49.   51.   76.   35.   51.   81.
   76.   80. 1636.] 0.006112469437652812 4357.0 0.0332640586797066 0.37548772090888227
cls_count [ 32.  77.  51.  54.  38.  55.  59.  28.  52.  74.  53.  48.  79.  85.
  27.  65.  49.  12.  72.  98.  10.  60.  46.  40.  59.  53.  51. 108.
  54.  37.  76.  43.  92.  78.  42.  44.  31.  43.  34.  39.  35.  39.
  49.  51.  76.  35.  51.  81.  76.  80.] 0.0 10.0 108.0 0.09259259259259259
51
acc [62.74509804 85.18518519 55.12820513 86.66666667 37.5        75.86206897
 53.03030303 31.34328358 64.93506494 89.55223881 69.44444444 36.84210526
 89.33333333 91.76470588 30.50847458 63.85542169 78.84615385 11.76470588
 71.05263158 98.98989899 11.94029851 93.10344828 81.63265306 50.
 71.95121951 81.66666667 80.         89.23076923 46.47887324 71.73913043
 85.22727273 39.70588235 88.88888889 86.04651163 58.49056604 55.88235294
 42.1875     56.06060606 51.66666667 85.36585366 66.66666667 70.58823529
 51.85185185 88.46153846 77.77777778 58.13953488 53.75       69.79166667
 94.11764706 94.52054795 87.61514841] 51 H_score 75.76960235094985
Task: office-home, Iter:276/690; Accuracy = 67.15% / 66.75% / 87.62%
ent tensor(0.0606) tensor(0.0250) tensor(2.2924, dtype=torch.float64) tensor(2.3656, dtype=torch.float64)
all_output1 tensor([0.0120, 0.0141, 0.0400, 0.0189, 0.0209, 0.0142, 0.0243, 0.0478, 0.0133,
        0.0205, 0.0236, 0.0159, 0.0121, 0.0284, 0.0090, 0.0227, 0.0136, 0.0141,
        0.0234, 0.0373, 0.0081, 0.0265, 0.0165, 0.0232, 0.0176, 0.0317, 0.0139,
        0.0197, 0.0120, 0.0120, 0.0228, 0.0075, 0.0305, 0.0367, 0.0234, 0.0242,
        0.0097, 0.0142, 0.0115, 0.0074, 0.0144, 0.0165, 0.0064, 0.0077, 0.0123,
        0.0099, 0.0152, 0.0234, 0.0155, 0.0175, 0.0665])
cls_count [24. 26. 76. 34. 38. 26. 44. 88. 24. 37. 43. 29. 22. 51. 16. 42. 26. 29.
 43. 69. 16. 50. 30. 43. 32. 60. 27. 37. 24. 24. 41. 14. 57. 67. 45. 44.
 18. 27. 21. 13. 27. 30. 12. 15. 23. 17. 29. 43. 29. 33. 43.] 0.27906976744186046 1778.0 0.8069767441860466 0.024184476940382504
Accuracy = 63.10% -> 63.05%

50
ent tensor(0.0380) tensor(0.0180) tensor(0.4691, dtype=torch.float64) tensor(0.4618, dtype=torch.float64)
all_output1 tensor([0.0128, 0.0546, 0.0369, 0.0305, 0.0273, 0.0241, 0.0226, 0.0287, 0.0054,
        0.0425, 0.0175, 0.0421, 0.0142, 0.0276, 0.0293, 0.0146, 0.0390, 0.0130,
        0.0276, 0.0438, 0.0222, 0.0367, 0.0180, 0.0229, 0.0101, 0.0138, 0.0147,
        0.0207, 0.0238, 0.0062, 0.0082, 0.0215, 0.0068, 0.0092, 0.0104, 0.0264,
        0.0079, 0.0018, 0.0044, 0.0143, 0.0109, 0.0031, 0.0069, 0.0090, 0.0122,
        0.0092, 0.0052, 0.0144, 0.0301, 0.0194, 0.0253])
cls_count [23. 99. 66. 55. 50. 43. 40. 51. 10. 75. 31. 75. 25. 50. 53. 26. 70. 25.
 49. 79. 40. 66. 32. 40. 18. 25. 27. 37. 43. 11. 15. 39. 12. 16. 19. 47.
 14.  3.  8. 26. 20.  5. 12. 16. 22. 16.  9. 26. 55. 35.  8.] 0.375 1757.0 4.3725 0.004553215708594238
Accuracy = 49.12% -> 49.12%

50
ent tensor(0.0610) tensor(0.3043) tensor(30.2729, dtype=torch.float64) tensor(30.2729, dtype=torch.float64)
cls_count [  32.   78.   50.   54.   39.   55.   58.   28.   52.   74.   54.   48.
   79.   85.   27.   64.   48.   12.   69.   98.   10.   60.   45.   41.
   59.   50.   51.  105.   54.   37.   75.   42.   92.   79.   42.   44.
   31.   43.   34.   39.   35.   38.   49.   52.   76.   35.   52.   81.
   76.   80. 1646.] 0.006075334143377886 4357.0 0.032940461725394894 0.3777828781271517
cls_count [ 32.  78.  50.  54.  39.  55.  58.  28.  52.  74.  54.  48.  79.  85.
  27.  64.  48.  12.  69.  98.  10.  60.  45.  41.  59.  50.  51. 105.
  54.  37.  75.  42.  92.  79.  42.  44.  31.  43.  34.  39.  35.  38.
  49.  52.  76.  35.  52.  81.  76.  80.] 0.0 10.0 105.0 0.09523809523809523
51
acc [62.74509804 86.41975309 53.84615385 86.66666667 39.0625     75.86206897
 53.03030303 31.34328358 64.93506494 89.55223881 70.83333333 36.84210526
 89.33333333 91.76470588 30.50847458 63.85542169 78.84615385 11.76470588
 68.42105263 98.98989899 11.94029851 93.10344828 79.59183673 50.
 71.95121951 76.66666667 80.         89.23076923 46.47887324 71.73913043
 85.22727273 38.23529412 88.88888889 87.20930233 58.49056604 55.88235294
 42.1875     56.06060606 51.66666667 85.36585366 66.66666667 68.62745098
 51.85185185 88.46153846 77.77777778 58.13953488 53.75       69.79166667
 94.11764706 94.52054795 87.92221085] 51 H_score 75.76724924652923
Task: office-home, Iter:345/690; Accuracy = 66.98% / 66.56% / 87.92%
ent tensor(0.0508) tensor(0.0238) tensor(0.6885, dtype=torch.float64) tensor(0.6813, dtype=torch.float64)
all_output1 tensor([0.0124, 0.0143, 0.0418, 0.0196, 0.0214, 0.0145, 0.0251, 0.0480, 0.0134,
        0.0205, 0.0237, 0.0178, 0.0118, 0.0282, 0.0095, 0.0237, 0.0144, 0.0147,
        0.0238, 0.0380, 0.0084, 0.0273, 0.0169, 0.0237, 0.0178, 0.0331, 0.0145,
        0.0202, 0.0131, 0.0122, 0.0226, 0.0078, 0.0311, 0.0369, 0.0245, 0.0240,
        0.0100, 0.0148, 0.0121, 0.0074, 0.0149, 0.0171, 0.0067, 0.0080, 0.0126,
        0.0103, 0.0160, 0.0243, 0.0164, 0.0173, 0.0412])
cls_count [24. 26. 76. 36. 40. 26. 46. 88. 24. 37. 43. 34. 22. 51. 20. 43. 27. 29.
 44. 69. 16. 50. 31. 44. 32. 61. 27. 38. 25. 24. 42. 14. 57. 67. 45. 44.
 18. 27. 22. 13. 27. 31. 12. 15. 23. 19. 30. 44. 30. 33. 12.] 1.0 1778.0 2.9433333333333334 0.006749156355455588
Accuracy = 63.10% -> 63.05%

50
ent tensor(0.0329) tensor(0.0175) tensor(0.1223, dtype=torch.float64) tensor(0.1183, dtype=torch.float64)
all_output1 tensor([0.0128, 0.0547, 0.0375, 0.0310, 0.0280, 0.0243, 0.0225, 0.0281, 0.0055,
        0.0425, 0.0175, 0.0423, 0.0139, 0.0272, 0.0292, 0.0148, 0.0393, 0.0136,
        0.0277, 0.0443, 0.0224, 0.0367, 0.0181, 0.0231, 0.0102, 0.0139, 0.0151,
        0.0209, 0.0244, 0.0063, 0.0084, 0.0221, 0.0069, 0.0091, 0.0104, 0.0265,
        0.0079, 0.0018, 0.0046, 0.0145, 0.0114, 0.0033, 0.0070, 0.0093, 0.0123,
        0.0098, 0.0052, 0.0147, 0.0309, 0.0194, 0.0169])
cls_count [23. 99. 67. 55. 50. 43. 40. 51. 10. 75. 31. 75. 25. 50. 53. 26. 70. 25.
 49. 79. 40. 66. 32. 42. 18. 25. 27. 37. 43. 11. 15. 39. 12. 16. 19. 47.
 14.  3.  8. 26. 20.  6. 12. 16. 22. 17.  9. 26. 55. 36.  2.] 1.5 1757.0 17.55 0.0011383039271485318
Accuracy = 49.06% -> 49.06%

50
ent tensor(0.0631) tensor(0.3165) tensor(29.8397, dtype=torch.float64) tensor(29.8397, dtype=torch.float64)
cls_count [  32.   78.   52.   55.   36.   55.   58.   28.   52.   74.   54.   48.
   79.   85.   27.   64.   48.   12.   70.   98.   10.   61.   46.   41.
   59.   51.   51.  105.   55.   38.   75.   42.   92.   79.   42.   44.
   32.   43.   35.   39.   35.   38.   50.   52.   77.   35.   53.   82.
   76.   80. 1634.] 0.006119951040391677 4357.0 0.033329253365973074 0.3750286894652284
cls_count [ 32.  78.  52.  55.  36.  55.  58.  28.  52.  74.  54.  48.  79.  85.
  27.  64.  48.  12.  70.  98.  10.  61.  46.  41.  59.  51.  51. 105.
  55.  38.  75.  42.  92.  79.  42.  44.  32.  43.  35.  39.  35.  38.
  50.  52.  77.  35.  53.  82.  76.  80.] 0.0 10.0 105.0 0.09523809523809523
51
acc [62.74509804 86.41975309 55.12820513 88.33333333 34.375      75.86206897
 53.03030303 31.34328358 64.93506494 89.55223881 70.83333333 36.84210526
 89.33333333 91.76470588 30.50847458 63.85542169 78.84615385 11.76470588
 69.73684211 98.98989899 11.94029851 93.10344828 81.63265306 50.
 71.95121951 78.33333333 80.         89.23076923 46.47887324 73.91304348
 85.22727273 38.23529412 88.88888889 87.20930233 58.49056604 55.88235294
 42.1875     56.06060606 53.33333333 85.36585366 66.66666667 68.62745098
 53.08641975 88.46153846 77.77777778 58.13953488 55.         69.79166667
 94.11764706 94.52054795 87.71750256] 51 H_score 75.81523671476899
Task: office-home, Iter:414/690; Accuracy = 67.17% / 66.76% / 87.72%
ent tensor(0.0534) tensor(0.0239) tensor(0.9584, dtype=torch.float64) tensor(0.9572, dtype=torch.float64)
all_output1 tensor([0.0127, 0.0141, 0.0416, 0.0195, 0.0215, 0.0146, 0.0250, 0.0487, 0.0133,
        0.0204, 0.0233, 0.0179, 0.0121, 0.0280, 0.0107, 0.0236, 0.0138, 0.0148,
        0.0239, 0.0373, 0.0083, 0.0277, 0.0169, 0.0233, 0.0176, 0.0343, 0.0145,
        0.0206, 0.0132, 0.0122, 0.0225, 0.0077, 0.0310, 0.0367, 0.0238, 0.0238,
        0.0100, 0.0144, 0.0118, 0.0075, 0.0150, 0.0167, 0.0068, 0.0083, 0.0126,
        0.0099, 0.0154, 0.0241, 0.0156, 0.0174, 0.0435])
cls_count [24. 26. 76. 35. 40. 26. 46. 88. 24. 37. 43. 33. 22. 51. 20. 43. 25. 29.
 44. 69. 16. 50. 31. 44. 32. 62. 27. 38. 25. 24. 42. 14. 58. 67. 46. 44.
 18. 27. 22. 13. 27. 31. 12. 15. 23. 18. 29. 44. 29. 32. 17.] 0.7058823529411765 1778.0 2.071764705882353 0.009561304836895435
Accuracy = 63.05% -> 62.99%

50
ent tensor(0.0366) tensor(0.0183) tensor(0.0632, dtype=torch.float64) tensor(0.0600, dtype=torch.float64)
all_output1 tensor([0.0128, 0.0540, 0.0373, 0.0308, 0.0279, 0.0243, 0.0224, 0.0286, 0.0054,
        0.0424, 0.0175, 0.0422, 0.0144, 0.0277, 0.0304, 0.0148, 0.0391, 0.0129,
        0.0277, 0.0435, 0.0219, 0.0366, 0.0180, 0.0231, 0.0101, 0.0142, 0.0150,
        0.0209, 0.0244, 0.0063, 0.0082, 0.0215, 0.0069, 0.0091, 0.0104, 0.0264,
        0.0079, 0.0017, 0.0043, 0.0146, 0.0113, 0.0034, 0.0068, 0.0094, 0.0123,
        0.0101, 0.0051, 0.0145, 0.0300, 0.0196, 0.0198])
cls_count [23. 99. 67. 55. 50. 43. 40. 51. 10. 75. 31. 75. 26. 50. 54. 26. 70. 24.
 49. 79. 40. 65. 32. 42. 18. 25. 27. 37. 43. 11. 15. 39. 12. 16. 19. 47.
 14.  3.  8. 26. 20.  6. 12. 17. 22. 18.  9. 26. 54. 36.  1.] 3.0 1757.0 35.12 0.0005691519635743214
Accuracy = 49.06% -> 49.06%

50
ent tensor(0.0526) tensor(0.3260) tensor(31.0256, dtype=torch.float64) tensor(31.0256, dtype=torch.float64)
cls_count [  32.   78.   51.   54.   36.   55.   58.   27.   52.   74.   54.   48.
   79.   85.   27.   64.   48.   12.   70.   98.   10.   61.   46.   40.
   59.   52.   51.  105.   55.   38.   75.   42.   92.   79.   42.   44.
   33.   43.   35.   39.   35.   38.   50.   52.   77.   35.   53.   82.
   76.   80. 1636.] 0.006112469437652812 4357.0 0.0332640586797066 0.37548772090888227
cls_count [ 32.  78.  51.  54.  36.  55.  58.  27.  52.  74.  54.  48.  79.  85.
  27.  64.  48.  12.  70.  98.  10.  61.  46.  40.  59.  52.  51. 105.
  55.  38.  75.  42.  92.  79.  42.  44.  33.  43.  35.  39.  35.  38.
  50.  52.  77.  35.  53.  82.  76.  80.] 0.0 10.0 105.0 0.09523809523809523
51
acc [62.74509804 86.41975309 55.12820513 86.66666667 34.375      75.86206897
 53.03030303 29.85074627 64.93506494 89.55223881 70.83333333 36.84210526
 89.33333333 91.76470588 30.50847458 63.85542169 78.84615385 11.76470588
 69.73684211 98.98989899 11.94029851 93.10344828 81.63265306 48.38709677
 71.95121951 80.         80.         89.23076923 46.47887324 73.91304348
 85.22727273 38.23529412 88.88888889 87.20930233 58.49056604 55.88235294
 42.1875     56.06060606 53.33333333 85.36585366 66.66666667 68.62745098
 53.08641975 88.46153846 77.77777778 58.13953488 55.         69.79166667
 94.11764706 94.52054795 87.8198567 ] 51 H_score 75.81333230898622
Task: office-home, Iter:483/690; Accuracy = 67.11% / 66.69% / 87.82%
ent tensor(0.0567) tensor(0.0240) tensor(0.7981, dtype=torch.float64) tensor(0.7919, dtype=torch.float64)
all_output1 tensor([0.0128, 0.0135, 0.0414, 0.0198, 0.0213, 0.0141, 0.0251, 0.0470, 0.0134,
        0.0203, 0.0234, 0.0180, 0.0119, 0.0281, 0.0106, 0.0231, 0.0148, 0.0156,
        0.0235, 0.0363, 0.0082, 0.0266, 0.0169, 0.0241, 0.0177, 0.0338, 0.0146,
        0.0207, 0.0131, 0.0121, 0.0221, 0.0079, 0.0306, 0.0362, 0.0247, 0.0240,
        0.0100, 0.0142, 0.0121, 0.0074, 0.0149, 0.0172, 0.0067, 0.0083, 0.0122,
        0.0105, 0.0156, 0.0240, 0.0153, 0.0175, 0.0469])
cls_count [24. 26. 76. 36. 40. 26. 46. 88. 24. 37. 43. 34. 22. 51. 20. 43. 27. 29.
 44. 69. 16. 50. 31. 44. 32. 62. 27. 38. 25. 24. 41. 14. 58. 67. 46. 44.
 18. 27. 22. 13. 27. 31. 12. 15. 22. 19. 29. 44. 29. 32. 14.] 0.8571428571428571 1778.0 2.52 0.007874015748031482
Accuracy = 63.05% -> 62.99%

50
ent tensor(0.0420) tensor(0.0197) tensor(0.0642, dtype=torch.float64) tensor(0.0602, dtype=torch.float64)
all_output1 tensor([0.0130, 0.0529, 0.0374, 0.0311, 0.0279, 0.0238, 0.0222, 0.0279, 0.0055,
        0.0421, 0.0176, 0.0418, 0.0142, 0.0277, 0.0302, 0.0147, 0.0393, 0.0139,
        0.0275, 0.0432, 0.0221, 0.0353, 0.0181, 0.0235, 0.0101, 0.0139, 0.0153,
        0.0208, 0.0244, 0.0063, 0.0082, 0.0220, 0.0068, 0.0092, 0.0103, 0.0263,
        0.0077, 0.0017, 0.0042, 0.0140, 0.0114, 0.0034, 0.0069, 0.0096, 0.0122,
        0.0096, 0.0051, 0.0144, 0.0294, 0.0195, 0.0241])
cls_count [23. 98. 67. 55. 50. 43. 40. 51. 10. 75. 31. 75. 26. 50. 54. 26. 70. 25.
 49. 79. 40. 65. 32. 42. 18. 25. 27. 37. 43. 11. 15. 39. 12. 16. 19. 47.
 14.  3.  8. 26. 20.  6. 12. 17. 22. 18.  9. 26. 54. 36.  1.] 3.0 1757.0 35.12 0.0005691519635743214
Accuracy = 49.06% -> 49.06%

50
