nohup: 忽略输入
ckpt/source/pda/office-home/P
Namespace(batch_size=64, bottleneck=256, class_num=50, classifier='bn', cls_par=0.6, da='pda', distance='cosine', dset='office-home', ent=True, ent_par=1.0, epsilon=1e-05, extra_class=1, gent=True, gpu_id='1', interval=10, issave=False, layer='wn', lr=0.01, lr_decay1=0.1, lr_decay2=1.0, max_epoch=10, name='office-home', name1='PA', name2='PC', name3='PR', net='resnet50', out_file=<_io.TextIOWrapper name='ckpt/target/pda/office-home-addfc+gent/log_par_0.6_thr0.txt' mode='w' encoding='UTF-8'>, output='ckpt/target', output_dir='ckpt/target/pda/office-home-addfc+gent', output_dir_src='ckpt/source/pda/office-home/P', output_src='ckpt/source', s=0, s_dset_path='./data/office-home/Product.txt', savename='par_0.6_thr0', seed=2020, src_classes=[0, 1, 2, 3, 4, 5, 6, 7, 8, 9, 10, 11, 12, 13, 14, 15, 16, 17, 18, 19, 20, 21, 22, 23, 24, 25, 26, 27, 28, 29, 30, 31, 32, 33, 34, 35, 36, 37, 38, 39, 40, 41, 42, 43, 44, 45, 46, 47, 48, 49], t=1, t_dset_path='./data/office-home/Art.txt', t_dset_path1='./data/office-home/Clipart.txt', t_dset_path2='./data/office-home/Real_World.txt', tar_classes=[0, 1, 2, 3, 4, 5, 6, 7, 8, 9, 10, 11, 12, 13, 14, 15, 16, 17, 18, 19, 20, 21, 22, 23, 24, 25, 26, 27, 28, 29, 30, 31, 32, 33, 34, 35, 36, 37, 38, 39, 40, 41, 42, 43, 44, 45, 46, 47, 48, 49], tar_classes1=[0, 1, 2, 3, 4, 5, 6, 7, 8, 9, 10, 11, 12, 13, 14, 15, 16, 17, 18, 19, 20, 21, 22, 23, 24], tar_classes2=[0, 1, 2, 3, 4, 5, 6, 7, 8, 9, 10, 11, 12, 13, 14, 15, 16, 17, 18, 19, 20, 21, 22, 23, 24, 25, 26, 27, 28, 29, 30, 31, 32, 33, 34, 35, 36, 37, 38, 39, 40, 41, 42, 43, 44, 45, 46, 47, 48, 49, 50, 51, 52, 53, 54, 55, 56, 57, 58, 59, 60, 61, 62, 63, 64], test_dset_path='./data/office-home/Art.txt', test_dset_path1='./data/office-home/Clipart.txt', test_dset_path2='./data/office-home/Real_World.txt', threshold=0, worker=4)
/homes/jh015/.conda/envs/hj_trans/lib/python3.7/site-packages/torchvision/models/_utils.py:209: UserWarning: The parameter 'pretrained' is deprecated since 0.13 and will be removed in 0.15, please use 'weights' instead.
  f"The parameter '{pretrained_param}' is deprecated since 0.13 and will be removed in 0.15, "
/homes/jh015/.conda/envs/hj_trans/lib/python3.7/site-packages/torchvision/models/_utils.py:223: UserWarning: Arguments other than a weight enum or `None` for 'weights' are deprecated since 0.13 and will be removed in 0.15. The current behavior is equivalent to passing `weights=ResNet50_Weights.IMAGENET1K_V1`. You can also use `weights=ResNet50_Weights.DEFAULT` to get the most up-to-date weights.
  warnings.warn(msg)
all_output1 tensor([0.0066, 0.0100, 0.0231, 0.0116, 0.0093, 0.0103, 0.0131, 0.0258, 0.0073,
        0.0071, 0.0110, 0.0104, 0.0070, 0.0192, 0.0050, 0.0099, 0.0042, 0.0052,
        0.0130, 0.0227, 0.0030, 0.0213, 0.0092, 0.0146, 0.0082, 0.0105, 0.0074,
        0.0105, 0.0057, 0.0055, 0.0084, 0.0060, 0.0140, 0.0272, 0.0204, 0.0101,
        0.0062, 0.0056, 0.0053, 0.0049, 0.0070, 0.0128, 0.0078, 0.0040, 0.0100,
        0.0046, 0.0057, 0.0098, 0.0116, 0.0099, 0.4810])
cls_count [4.000e+00 1.500e+01 3.300e+01 1.900e+01 6.000e+00 1.500e+01 1.200e+01
 2.700e+01 5.000e+00 1.100e+01 1.200e+01 6.000e+00 9.000e+00 2.100e+01
 4.000e+00 8.000e+00 1.000e+00 3.000e+00 1.400e+01 4.100e+01 1.000e+00
 3.500e+01 1.000e+01 1.200e+01 6.000e+00 8.000e+00 9.000e+00 1.200e+01
 6.000e+00 3.000e+00 9.000e+00 3.000e+00 1.900e+01 5.200e+01 1.800e+01
 1.300e+01 9.000e+00 5.000e+00 5.000e+00 6.000e+00 6.000e+00 1.600e+01
 2.000e+00 5.000e+00 1.100e+01 2.000e+00 6.000e+00 7.000e+00 1.500e+01
 1.500e+01 1.186e+03] 0.0008431703204047217 1778.0 0.009983136593591905 0.3329583802024747
Accuracy = 53.49% -> 59.00%

50
all_output1 tensor([0.0077, 0.0299, 0.0181, 0.0260, 0.0133, 0.0145, 0.0120, 0.0165, 0.0043,
        0.0250, 0.0129, 0.0297, 0.0129, 0.0091, 0.0122, 0.0048, 0.0173, 0.0023,
        0.0092, 0.0280, 0.0056, 0.0239, 0.0081, 0.0178, 0.0084, 0.0061, 0.0051,
        0.0068, 0.0091, 0.0033, 0.0032, 0.0091, 0.0019, 0.0050, 0.0038, 0.0095,
        0.0032, 0.0019, 0.0027, 0.0023, 0.0034, 0.0039, 0.0050, 0.0029, 0.0037,
        0.0063, 0.0042, 0.0044, 0.0148, 0.0063, 0.5030])
cls_count [1.000e+01 3.900e+01 2.300e+01 3.500e+01 1.300e+01 1.900e+01 1.200e+01
 1.400e+01 0.000e+00 3.800e+01 1.600e+01 3.800e+01 1.600e+01 8.000e+00
 1.400e+01 1.000e+00 2.700e+01 0.000e+00 1.000e+01 4.900e+01 1.000e+00
 4.000e+01 5.000e+00 1.200e+01 9.000e+00 0.000e+00 0.000e+00 5.000e+00
 4.000e+00 0.000e+00 0.000e+00 6.000e+00 0.000e+00 3.000e+00 0.000e+00
 7.000e+00 0.000e+00 0.000e+00 0.000e+00 0.000e+00 0.000e+00 0.000e+00
 1.000e+00 0.000e+00 1.000e+00 1.000e+00 1.000e+00 1.000e+00 1.900e+01
 6.000e+00 1.253e+03] 0.0 1757.0 0.008044692737430168 0.2868525896414343
Accuracy = 45.87% -> 48.55%

50
tensor([0.0085, 0.0164, 0.0141, 0.0127, 0.0094, 0.0128, 0.0142, 0.0088, 0.0124,
        0.0122, 0.0109, 0.0134, 0.0152, 0.0162, 0.0086, 0.0125, 0.0106, 0.0069,
        0.0110, 0.0198, 0.0030, 0.0126, 0.0093, 0.0131, 0.0135, 0.0104, 0.0115,
        0.0236, 0.0101, 0.0084, 0.0125, 0.0104, 0.0166, 0.0183, 0.0183, 0.0110,
        0.0074, 0.0079, 0.0067, 0.0078, 0.0088, 0.0116, 0.0107, 0.0101, 0.0128,
        0.0068, 0.0119, 0.0154, 0.0164, 0.0163, 0.4001])
cls_count [  28.   65.   46.   49.   19.   43.   45.   20.   42.   54.   38.   39.
   68.   61.   24.   44.   33.   11.   33.   86.    5.   48.   33.   33.
   54.   36.   44.   92.   38.   24.   53.   26.   74.   76.   50.   34.
   15.   27.   22.   29.   23.   37.   34.   38.   39.   20.   43.   50.
   68.   68. 2276.] 0.0021968365553602814 4357.0 0.018286467486818978 0.47762221712187286
cls_count [28. 65. 46. 49. 19. 43. 45. 20. 42. 54. 38. 39. 68. 61. 24. 44. 33. 11.
 33. 86.  5. 48. 33. 33. 54. 36. 44. 92. 38. 24. 53. 26. 74. 76. 50. 34.
 15. 27. 22. 29. 23. 37. 34. 38. 39. 20. 43. 50. 68. 68.] 0.0 5.0 92.0 0.05434782608695652
51
acc [54.90196078 77.77777778 46.15384615 76.66666667 18.75       67.24137931
 39.39393939 23.88059701 54.54545455 71.64179104 51.38888889 21.05263158
 85.33333333 63.52941176 27.11864407 49.39759036 55.76923077  8.23529412
 36.84210526 86.86868687  7.46268657 77.5862069  67.34693878 46.77419355
 65.85365854 60.         70.         78.46153846 32.3943662  50.
 57.95454545 25.         73.73737374 82.55813953 43.39622642 45.58823529
 18.75       39.39393939 35.         70.73170732 40.         66.66666667
 35.80246914 73.07692308 45.67901235 44.18604651 45.         46.875
 91.17647059 89.04109589 87.61514841] 51 H_score 65.92233252320291
Task: office-home, Iter:0/690; Accuracy = 53.52% / 52.84% / 87.62%
all_output1 tensor([0.0098, 0.0119, 0.0366, 0.0166, 0.0182, 0.0131, 0.0204, 0.0426, 0.0093,
        0.0149, 0.0204, 0.0148, 0.0107, 0.0255, 0.0061, 0.0176, 0.0082, 0.0103,
        0.0178, 0.0365, 0.0049, 0.0242, 0.0150, 0.0155, 0.0167, 0.0290, 0.0105,
        0.0152, 0.0083, 0.0121, 0.0209, 0.0067, 0.0254, 0.0335, 0.0188, 0.0189,
        0.0081, 0.0119, 0.0098, 0.0075, 0.0134, 0.0142, 0.0049, 0.0053, 0.0118,
        0.0086, 0.0104, 0.0181, 0.0135, 0.0147, 0.2111])
cls_count [ 15.  23.  69.  31.  33.  23.  38.  79.  18.  28.  38.  25.  21.  48.
  10.  34.  15.  17.  33.  68.   6.  45.  28.  29.  30.  53.  20.  28.
  13.  22.  38.  11.  44.  62.  33.  35.  16.  23.  17.  13.  26.  27.
   7.   9.  20.  16.  18.  35.  24.  26. 338.] 0.01775147928994083 1778.0 0.08520710059171598 0.8098987626546682
Accuracy = 62.26% -> 62.77%

50
all_output1 tensor([0.0112, 0.0494, 0.0330, 0.0303, 0.0266, 0.0228, 0.0225, 0.0273, 0.0021,
        0.0393, 0.0146, 0.0448, 0.0145, 0.0272, 0.0252, 0.0126, 0.0339, 0.0135,
        0.0226, 0.0432, 0.0187, 0.0350, 0.0174, 0.0181, 0.0094, 0.0135, 0.0107,
        0.0201, 0.0179, 0.0058, 0.0069, 0.0154, 0.0055, 0.0080, 0.0061, 0.0257,
        0.0063, 0.0014, 0.0041, 0.0043, 0.0089, 0.0021, 0.0057, 0.0066, 0.0104,
        0.0063, 0.0034, 0.0106, 0.0268, 0.0169, 0.1350])
cls_count [ 20.  90.  61.  52.  49.  41.  41.  47.   3.  74.  25.  82.  26.  50.
  49.  22.  63.  24.  41.  81.  34.  65.  31.  35.  17.  22.  20.  34.
  32.  10.  13.  30.   9.  14.   9.  46.  11.   2.   7.   6.  15.   3.
  10.  11.  20.   7.   5.  18.  52.  33. 195.] 0.010256410256410256 1757.0 0.1602051282051282 0.8890153671030165
Accuracy = 49.57% -> 49.97%

50
tensor([0.0083, 0.0176, 0.0132, 0.0128, 0.0067, 0.0133, 0.0147, 0.0073, 0.0104,
        0.0147, 0.0117, 0.0103, 0.0173, 0.0171, 0.0076, 0.0138, 0.0107, 0.0061,
        0.0118, 0.0217, 0.0033, 0.0136, 0.0106, 0.0090, 0.0139, 0.0104, 0.0120,
        0.0241, 0.0124, 0.0103, 0.0165, 0.0096, 0.0207, 0.0174, 0.0106, 0.0107,
        0.0061, 0.0085, 0.0085, 0.0094, 0.0083, 0.0098, 0.0093, 0.0108, 0.0141,
        0.0078, 0.0117, 0.0163, 0.0187, 0.0176, 0.3908])
cls_count [  30.   76.   48.   53.   17.   50.   51.   25.   43.   64.   48.   39.
   72.   75.   28.   58.   41.   19.   44.   95.    8.   56.   41.   32.
   57.   36.   49.   98.   47.   36.   70.   31.   86.   76.   41.   43.
   20.   32.   31.   37.   31.   38.   38.   43.   58.   28.   46.   66.
   76.   72. 1958.] 0.0040858018386108275 4357.0 0.024504596527068434 0.5506082166628414
cls_count [30. 76. 48. 53. 17. 50. 51. 25. 43. 64. 48. 39. 72. 75. 28. 58. 41. 19.
 44. 95.  8. 56. 41. 32. 57. 36. 49. 98. 47. 36. 70. 31. 86. 76. 41. 43.
 20. 32. 31. 37. 31. 38. 38. 43. 58. 28. 46. 66. 76. 72.] 0.0 8.0 98.0 0.08163265306122448
51
acc [56.8627451  83.95061728 51.28205128 85.         17.1875     72.4137931
 46.96969697 31.34328358 55.84415584 80.59701493 65.27777778 28.07017544
 85.33333333 84.70588235 28.81355932 61.44578313 71.15384615 17.64705882
 47.36842105 95.95959596 10.44776119 87.93103448 75.51020408 48.38709677
 69.51219512 60.         78.33333333 86.15384615 40.84507042 67.39130435
 78.40909091 35.29411765 82.82828283 83.72093023 54.71698113 57.35294118
 28.125      46.96969697 48.33333333 82.92682927 60.         68.62745098
 40.74074074 80.76923077 62.96296296 51.1627907  50.         59.375
 94.11764706 90.4109589  89.66223132] 51 H_score 72.58465009215635
Task: office-home, Iter:69/690; Accuracy = 61.53% / 60.97% / 89.66%
all_output1 tensor([0.0124, 0.0128, 0.0388, 0.0177, 0.0223, 0.0132, 0.0231, 0.0415, 0.0133,
        0.0194, 0.0220, 0.0186, 0.0128, 0.0277, 0.0091, 0.0205, 0.0111, 0.0119,
        0.0214, 0.0375, 0.0065, 0.0251, 0.0168, 0.0209, 0.0175, 0.0328, 0.0127,
        0.0187, 0.0101, 0.0109, 0.0223, 0.0072, 0.0282, 0.0368, 0.0220, 0.0229,
        0.0096, 0.0149, 0.0101, 0.0072, 0.0142, 0.0156, 0.0070, 0.0079, 0.0127,
        0.0096, 0.0133, 0.0228, 0.0145, 0.0168, 0.1055])
cls_count [ 22.  25.  72.  34.  42.  23.  42.  80.  23.  35.  42.  34.  23.  50.
  17.  38.  20.  22.  40.  69.  14.  48.  30.  42.  32.  58.  22.  36.
  18.  19.  39.  12.  53.  67.  43.  43.  18.  27.  17.  13.  27.  29.
  11.  14.  23.  17.  26.  42.  28.  32. 125.] 0.088 1778.0 0.26448 0.9296962879640045
Accuracy = 63.10% -> 63.27%

50
all_output1 tensor([0.0130, 0.0515, 0.0358, 0.0303, 0.0281, 0.0240, 0.0238, 0.0266, 0.0037,
        0.0426, 0.0161, 0.0444, 0.0157, 0.0269, 0.0289, 0.0142, 0.0365, 0.0132,
        0.0280, 0.0439, 0.0199, 0.0363, 0.0186, 0.0219, 0.0101, 0.0143, 0.0137,
        0.0202, 0.0224, 0.0055, 0.0079, 0.0228, 0.0061, 0.0092, 0.0090, 0.0279,
        0.0075, 0.0019, 0.0034, 0.0103, 0.0094, 0.0031, 0.0063, 0.0096, 0.0130,
        0.0081, 0.0052, 0.0129, 0.0290, 0.0189, 0.0486])
cls_count [23. 95. 65. 54. 50. 43. 41. 49.  6. 75. 29. 80. 26. 50. 54. 25. 65. 25.
 50. 80. 39. 66. 32. 41. 18. 25. 23. 36. 43. 11. 16. 40. 11. 16. 17. 49.
 13.  3.  6. 19. 17.  6. 11. 17. 23. 14.  9. 25. 54. 35. 37.] 0.08108108108108109 1757.0 0.9297297297297297 0.9789413773477519
Accuracy = 49.46% -> 49.57%

50
tensor([0.0086, 0.0185, 0.0132, 0.0128, 0.0084, 0.0133, 0.0152, 0.0064, 0.0123,
        0.0174, 0.0119, 0.0124, 0.0187, 0.0186, 0.0082, 0.0142, 0.0111, 0.0044,
        0.0143, 0.0223, 0.0028, 0.0135, 0.0110, 0.0093, 0.0142, 0.0119, 0.0130,
        0.0246, 0.0128, 0.0089, 0.0171, 0.0093, 0.0208, 0.0188, 0.0104, 0.0111,
        0.0069, 0.0108, 0.0084, 0.0093, 0.0084, 0.0095, 0.0130, 0.0132, 0.0170,
        0.0080, 0.0134, 0.0185, 0.0187, 0.0183, 0.3550])
cls_count [  32.   77.   53.   53.   34.   54.   57.   23.   51.   73.   49.   47.
   79.   79.   29.   57.   43.   14.   60.   95.    9.   59.   45.   38.
   58.   48.   53.  104.   52.   34.   73.   33.   90.   78.   42.   47.
   24.   40.   31.   37.   33.   37.   50.   52.   69.   30.   51.   81.
   78.   76. 1746.] 0.005154639175257732 4357.0 0.02990836197021764 0.5992655496901538
cls_count [ 32.  77.  53.  53.  34.  54.  57.  23.  51.  73.  49.  47.  79.  79.
  29.  57.  43.  14.  60.  95.   9.  59.  45.  38.  58.  48.  53. 104.
  52.  34.  73.  33.  90.  78.  42.  47.  24.  40.  31.  37.  33.  37.
  50.  52.  69.  30.  51.  81.  78.  76.] 0.0 9.0 104.0 0.08653846153846154
51
acc [62.74509804 85.18518519 55.12820513 86.66666667 32.8125     75.86206897
 50.         28.35820896 64.93506494 88.05970149 65.27777778 35.0877193
 89.33333333 87.05882353 30.50847458 61.44578313 73.07692308 12.94117647
 63.15789474 95.95959596 11.94029851 91.37931034 77.55102041 50.
 70.73170732 75.         81.66666667 87.69230769 46.47887324 69.56521739
 82.95454545 30.88235294 87.87878788 86.04651163 54.71698113 60.29411765
 32.8125     51.51515152 46.66666667 82.92682927 63.33333333 66.66666667
 50.61728395 90.38461538 70.37037037 51.1627907  52.5        68.75
 95.58823529 91.78082192 88.33162743] 51 H_score 74.53707537343446
Task: office-home, Iter:138/690; Accuracy = 64.94% / 64.47% / 88.33%
all_output1 tensor([0.0136, 0.0135, 0.0408, 0.0192, 0.0228, 0.0130, 0.0249, 0.0447, 0.0131,
        0.0202, 0.0234, 0.0188, 0.0124, 0.0286, 0.0107, 0.0239, 0.0135, 0.0152,
        0.0235, 0.0381, 0.0085, 0.0272, 0.0174, 0.0231, 0.0177, 0.0341, 0.0136,
        0.0189, 0.0120, 0.0132, 0.0238, 0.0078, 0.0312, 0.0373, 0.0228, 0.0238,
        0.0104, 0.0151, 0.0114, 0.0074, 0.0148, 0.0166, 0.0069, 0.0078, 0.0129,
        0.0116, 0.0147, 0.0252, 0.0158, 0.0176, 0.0453])
cls_count [26. 26. 75. 35. 43. 23. 45. 84. 23. 36. 43. 34. 22. 51. 21. 43. 25. 29.
 43. 69. 16. 50. 32. 42. 32. 60. 26. 35. 22. 24. 44. 13. 57. 67. 43. 43.
 19. 28. 21. 13. 27. 30. 12. 14. 23. 21. 28. 46. 30. 32. 32.] 0.375 1778.0 1.09125 0.9820022497187851
Accuracy = 63.39% -> 63.39%

50
all_output1 tensor([0.0129, 0.0542, 0.0374, 0.0310, 0.0272, 0.0242, 0.0227, 0.0274, 0.0050,
        0.0427, 0.0167, 0.0431, 0.0149, 0.0278, 0.0292, 0.0147, 0.0385, 0.0152,
        0.0282, 0.0449, 0.0223, 0.0374, 0.0184, 0.0240, 0.0102, 0.0150, 0.0150,
        0.0206, 0.0240, 0.0065, 0.0086, 0.0225, 0.0063, 0.0094, 0.0101, 0.0276,
        0.0080, 0.0018, 0.0035, 0.0134, 0.0092, 0.0032, 0.0062, 0.0094, 0.0133,
        0.0088, 0.0051, 0.0143, 0.0296, 0.0197, 0.0185])
cls_count [23. 99. 67. 55. 49. 43. 40. 50.  8. 75. 30. 77. 26. 50. 54. 26. 69. 28.
 50. 80. 40. 68. 33. 41. 18. 26. 28. 36. 44. 11. 15. 41. 11. 16. 19. 48.
 14.  3.  6. 23. 16.  6. 11. 17. 23. 15.  9. 25. 54. 36.  5.] 0.6 1757.0 7.008 0.9971542401821286
Accuracy = 49.57% -> 49.57%

50
tensor([0.0085, 0.0191, 0.0140, 0.0134, 0.0096, 0.0133, 0.0162, 0.0070, 0.0128,
        0.0178, 0.0130, 0.0128, 0.0188, 0.0207, 0.0078, 0.0166, 0.0126, 0.0057,
        0.0161, 0.0228, 0.0031, 0.0146, 0.0113, 0.0110, 0.0142, 0.0129, 0.0130,
        0.0255, 0.0132, 0.0101, 0.0187, 0.0109, 0.0222, 0.0186, 0.0112, 0.0117,
        0.0080, 0.0109, 0.0092, 0.0099, 0.0095, 0.0100, 0.0130, 0.0135, 0.0186,
        0.0095, 0.0136, 0.0204, 0.0187, 0.0190, 0.3153])
cls_count [  32.   80.   55.   55.   37.   55.   63.   27.   53.   73.   53.   49.
   79.   87.   29.   68.   49.   19.   71.   98.    9.   62.   48.   42.
   58.   53.   53.  105.   54.   38.   80.   43.   96.   78.   42.   47.
   29.   43.   34.   39.   36.   39.   51.   53.   78.   35.   55.   84.
   78.   81. 1582.] 0.005689001264222503 4357.0 0.03508217446270544 0.6369061280697728
cls_count [ 32.  80.  55.  55.  37.  55.  63.  27.  53.  73.  53.  49.  79.  87.
  29.  68.  49.  19.  71.  98.   9.  62.  48.  42.  58.  53.  53. 105.
  54.  38.  80.  43.  96.  78.  42.  47.  29.  43.  34.  39.  36.  39.
  51.  53.  78.  35.  55.  84.  78.  81.] 0.0 9.0 105.0 0.08571428571428572
51
acc [62.74509804 87.65432099 57.69230769 88.33333333 35.9375     75.86206897
 54.54545455 31.34328358 64.93506494 88.05970149 70.83333333 36.84210526
 89.33333333 92.94117647 30.50847458 65.06024096 76.92307692 18.82352941
 71.05263158 98.98989899 11.94029851 93.10344828 81.63265306 51.61290323
 70.73170732 81.66666667 83.33333333 87.69230769 47.88732394 73.91304348
 89.77272727 39.70588235 92.92929293 86.04651163 58.49056604 60.29411765
 40.625      56.06060606 53.33333333 85.36585366 70.         70.58823529
 53.08641975 92.30769231 76.54320988 55.81395349 56.25       70.83333333
 95.58823529 93.15068493 87.51279427] 51 H_score 76.26187225104232
Task: office-home, Iter:207/690; Accuracy = 67.97% / 67.57% / 87.51%
all_output1 tensor([0.0145, 0.0127, 0.0396, 0.0190, 0.0219, 0.0132, 0.0248, 0.0456, 0.0130,
        0.0204, 0.0234, 0.0172, 0.0123, 0.0281, 0.0089, 0.0232, 0.0128, 0.0154,
        0.0242, 0.0378, 0.0079, 0.0265, 0.0174, 0.0229, 0.0172, 0.0330, 0.0141,
        0.0194, 0.0123, 0.0117, 0.0232, 0.0070, 0.0295, 0.0363, 0.0225, 0.0236,
        0.0102, 0.0147, 0.0116, 0.0074, 0.0145, 0.0168, 0.0067, 0.0079, 0.0124,
        0.0109, 0.0142, 0.0240, 0.0158, 0.0165, 0.0636])
cls_count [27. 23. 74. 35. 42. 23. 45. 83. 23. 36. 43. 30. 22. 51. 18. 41. 24. 30.
 44. 69. 16. 50. 32. 42. 32. 60. 26. 36. 24. 22. 42. 12. 55. 67. 42. 43.
 19. 28. 21. 13. 27. 30. 12. 15. 23. 20. 29. 43. 29. 30. 55.] 0.21818181818181817 1778.0 0.6265454545454545 0.969066366704162
Accuracy = 63.44% -> 63.44%

50
all_output1 tensor([0.0132, 0.0525, 0.0371, 0.0310, 0.0269, 0.0243, 0.0226, 0.0278, 0.0050,
        0.0427, 0.0171, 0.0421, 0.0146, 0.0272, 0.0287, 0.0147, 0.0386, 0.0147,
        0.0284, 0.0440, 0.0211, 0.0364, 0.0185, 0.0238, 0.0100, 0.0148, 0.0160,
        0.0207, 0.0242, 0.0063, 0.0083, 0.0230, 0.0062, 0.0092, 0.0104, 0.0271,
        0.0080, 0.0017, 0.0034, 0.0131, 0.0088, 0.0033, 0.0065, 0.0094, 0.0133,
        0.0086, 0.0052, 0.0137, 0.0297, 0.0193, 0.0266])
cls_count [23. 99. 68. 56. 49. 43. 40. 50.  8. 75. 30. 76. 26. 50. 54. 26. 69. 28.
 50. 80. 40. 66. 33. 42. 18. 26. 28. 36. 44. 11. 15. 41. 11. 16. 19. 48.
 14.  3.  6. 24. 15.  6. 11. 17. 23. 15.  9. 25. 54. 35.  6.] 0.5 1757.0 5.836666666666667 0.9965850882185544
Accuracy = 49.52% -> 49.46%

50
tensor([0.0081, 0.0183, 0.0119, 0.0130, 0.0084, 0.0130, 0.0147, 0.0069, 0.0127,
        0.0177, 0.0128, 0.0113, 0.0184, 0.0196, 0.0064, 0.0153, 0.0110, 0.0047,
        0.0172, 0.0226, 0.0024, 0.0139, 0.0111, 0.0100, 0.0136, 0.0121, 0.0130,
        0.0246, 0.0128, 0.0089, 0.0183, 0.0103, 0.0215, 0.0179, 0.0102, 0.0113,
        0.0068, 0.0100, 0.0093, 0.0093, 0.0085, 0.0097, 0.0126, 0.0130, 0.0174,
        0.0083, 0.0126, 0.0192, 0.0185, 0.0183, 0.3507])
cls_count [  32.   78.   52.   55.   34.   54.   60.   29.   53.   74.   53.   49.
   79.   86.   27.   65.   48.   16.   74.   98.    9.   62.   47.   42.
   57.   51.   53.  105.   54.   36.   79.   42.   91.   77.   42.   47.
   28.   41.   38.   38.   36.   39.   51.   53.   73.   34.   53.   83.
   77.   79. 1624.] 0.005541871921182266 4357.0 0.03365763546798029 0.6272664677530411
cls_count [ 32.  78.  52.  55.  34.  54.  60.  29.  53.  74.  53.  49.  79.  86.
  27.  65.  48.  16.  74.  98.   9.  62.  47.  42.  57.  51.  53. 105.
  54.  36.  79.  42.  91.  77.  42.  47.  28.  41.  38.  38.  36.  39.
  51.  53.  73.  34.  53.  83.  77.  79.] 0.0 9.0 105.0 0.08571428571428572
51
acc [62.74509804 85.18518519 56.41025641 88.33333333 32.8125     75.86206897
 53.03030303 32.8358209  64.93506494 89.55223881 70.83333333 36.84210526
 89.33333333 91.76470588 30.50847458 63.85542169 78.84615385 15.29411765
 73.68421053 98.98989899 11.94029851 93.10344828 79.59183673 51.61290323
 69.51219512 78.33333333 83.33333333 89.23076923 47.88732394 73.91304348
 88.63636364 38.23529412 87.87878788 84.88372093 58.49056604 60.29411765
 39.0625     53.03030303 60.         85.36585366 70.         70.58823529
 53.08641975 92.30769231 75.30864198 55.81395349 55.         69.79166667
 94.11764706 93.15068493 87.92221085] 51 H_score 76.1146993868645
Task: office-home, Iter:276/690; Accuracy = 67.51% / 67.10% / 87.92%
all_output1 tensor([0.0140, 0.0134, 0.0397, 0.0190, 0.0222, 0.0131, 0.0249, 0.0464, 0.0127,
        0.0198, 0.0235, 0.0171, 0.0122, 0.0284, 0.0094, 0.0226, 0.0133, 0.0149,
        0.0236, 0.0375, 0.0083, 0.0266, 0.0172, 0.0223, 0.0176, 0.0318, 0.0132,
        0.0184, 0.0120, 0.0120, 0.0234, 0.0070, 0.0301, 0.0367, 0.0233, 0.0235,
        0.0104, 0.0147, 0.0112, 0.0073, 0.0145, 0.0164, 0.0063, 0.0079, 0.0124,
        0.0107, 0.0151, 0.0238, 0.0161, 0.0169, 0.0652])
cls_count [26. 24. 74. 34. 42. 23. 46. 85. 23. 36. 43. 30. 22. 51. 19. 43. 25. 30.
 43. 69. 16. 50. 31. 42. 32. 59. 25. 35. 23. 24. 43. 13. 57. 67. 44. 43.
 19. 27. 20. 13. 27. 30. 12. 15. 23. 20. 29. 43. 31. 31. 46.] 0.2608695652173913 1778.0 0.7530434782608696 0.9741282339707537
Accuracy = 63.44% -> 63.39%

50
all_output1 tensor([0.0130, 0.0545, 0.0375, 0.0308, 0.0266, 0.0241, 0.0225, 0.0284, 0.0050,
        0.0425, 0.0173, 0.0429, 0.0143, 0.0279, 0.0295, 0.0147, 0.0387, 0.0140,
        0.0281, 0.0444, 0.0223, 0.0370, 0.0185, 0.0236, 0.0102, 0.0144, 0.0157,
        0.0201, 0.0245, 0.0062, 0.0082, 0.0224, 0.0064, 0.0093, 0.0104, 0.0275,
        0.0080, 0.0018, 0.0034, 0.0132, 0.0089, 0.0032, 0.0063, 0.0091, 0.0130,
        0.0084, 0.0052, 0.0141, 0.0300, 0.0195, 0.0226])
cls_count [23. 99. 68. 55. 49. 43. 40. 50.  9. 75. 31. 77. 26. 50. 54. 26. 69. 27.
 50. 80. 40. 67. 33. 43. 18. 26. 29. 36. 44. 11. 15. 41. 11. 16. 19. 49.
 14.  3.  6. 23. 16.  6. 11. 16. 23. 15.  9. 25. 54. 35.  2.] 1.5 1757.0 17.55 0.9988616960728515
Accuracy = 49.46% -> 49.46%

50
tensor([0.0078, 0.0185, 0.0122, 0.0126, 0.0085, 0.0125, 0.0137, 0.0071, 0.0119,
        0.0171, 0.0129, 0.0116, 0.0185, 0.0202, 0.0065, 0.0150, 0.0115, 0.0038,
        0.0164, 0.0226, 0.0026, 0.0140, 0.0111, 0.0101, 0.0136, 0.0117, 0.0126,
        0.0232, 0.0128, 0.0088, 0.0184, 0.0095, 0.0214, 0.0180, 0.0098, 0.0110,
        0.0072, 0.0099, 0.0088, 0.0093, 0.0085, 0.0093, 0.0122, 0.0128, 0.0174,
        0.0081, 0.0128, 0.0196, 0.0179, 0.0186, 0.3579])
cls_count [  32.   79.   52.   55.   35.   54.   59.   29.   52.   74.   53.   49.
   79.   86.   27.   64.   48.   15.   71.   98.    9.   62.   47.   42.
   59.   49.   53.  100.   55.   36.   79.   42.   92.   77.   42.   47.
   28.   41.   36.   38.   36.   39.   51.   55.   74.   34.   54.   84.
   77.   79. 1629.] 0.0055248618784530384 4357.0 0.03349294045426642 0.6261188891439063
cls_count [ 32.  79.  52.  55.  35.  54.  59.  29.  52.  74.  53.  49.  79.  86.
  27.  64.  48.  15.  71.  98.   9.  62.  47.  42.  59.  49.  53. 100.
  55.  36.  79.  42.  92.  77.  42.  47.  28.  41.  36.  38.  36.  39.
  51.  55.  74.  34.  54.  84.  77.  79.] 0.0 9.0 100.0 0.09
51
acc [62.74509804 86.41975309 56.41025641 88.33333333 35.9375     75.86206897
 53.03030303 32.8358209  64.93506494 89.55223881 70.83333333 36.84210526
 89.33333333 91.76470588 30.50847458 63.85542169 78.84615385 14.11764706
 72.36842105 98.98989899 11.94029851 93.10344828 79.59183673 51.61290323
 71.95121951 76.66666667 83.33333333 89.23076923 47.88732394 73.91304348
 89.77272727 38.23529412 88.88888889 84.88372093 58.49056604 60.29411765
 39.0625     53.03030303 56.66666667 85.36585366 70.         70.58823529
 53.08641975 92.30769231 75.30864198 55.81395349 55.         69.79166667
 94.11764706 93.15068493 88.22927329] 51 H_score 76.24828014821347
Task: office-home, Iter:345/690; Accuracy = 67.55% / 67.13% / 88.23%
all_output1 tensor([0.0141, 0.0135, 0.0411, 0.0194, 0.0227, 0.0134, 0.0255, 0.0461, 0.0128,
        0.0199, 0.0236, 0.0188, 0.0118, 0.0279, 0.0097, 0.0236, 0.0135, 0.0153,
        0.0240, 0.0379, 0.0083, 0.0271, 0.0175, 0.0226, 0.0177, 0.0325, 0.0137,
        0.0183, 0.0126, 0.0117, 0.0235, 0.0073, 0.0304, 0.0367, 0.0242, 0.0236,
        0.0106, 0.0151, 0.0114, 0.0074, 0.0148, 0.0169, 0.0066, 0.0079, 0.0125,
        0.0108, 0.0157, 0.0242, 0.0168, 0.0165, 0.0505])
cls_count [28. 25. 75. 35. 43. 24. 47. 84. 23. 36. 43. 34. 22. 51. 20. 42. 25. 29.
 44. 69. 16. 50. 32. 42. 32. 60. 26. 36. 24. 24. 43. 13. 56. 67. 45. 43.
 19. 28. 21. 13. 27. 30. 12. 15. 23. 19. 29. 44. 31. 31. 28.] 0.42857142857142855 1778.0 1.25 0.984251968503937
Accuracy = 63.44% -> 63.39%

50
all_output1 tensor([0.0128, 0.0548, 0.0381, 0.0310, 0.0272, 0.0243, 0.0225, 0.0277, 0.0051,
        0.0425, 0.0174, 0.0426, 0.0139, 0.0273, 0.0296, 0.0148, 0.0387, 0.0147,
        0.0280, 0.0448, 0.0222, 0.0371, 0.0186, 0.0235, 0.0101, 0.0144, 0.0161,
        0.0202, 0.0249, 0.0062, 0.0084, 0.0232, 0.0064, 0.0091, 0.0104, 0.0276,
        0.0079, 0.0018, 0.0034, 0.0134, 0.0091, 0.0033, 0.0064, 0.0093, 0.0129,
        0.0085, 0.0051, 0.0141, 0.0308, 0.0194, 0.0187])
cls_count [23. 99. 68. 55. 49. 43. 40. 50.  9. 75. 31. 76. 25. 50. 54. 26. 69. 27.
 50. 80. 40. 67. 33. 43. 18. 26. 29. 36. 44. 11. 15. 41. 11. 16. 19. 49.
 14.  3.  6. 24. 16.  6. 11. 16. 23. 15.  9. 25. 55. 36.  1.] 3.0 1757.0 35.12 0.9994308480364257
Accuracy = 49.40% -> 49.46%

50
tensor([0.0077, 0.0187, 0.0129, 0.0128, 0.0083, 0.0128, 0.0138, 0.0069, 0.0122,
        0.0173, 0.0128, 0.0116, 0.0181, 0.0196, 0.0064, 0.0152, 0.0113, 0.0041,
        0.0168, 0.0227, 0.0025, 0.0143, 0.0111, 0.0099, 0.0136, 0.0119, 0.0126,
        0.0218, 0.0132, 0.0087, 0.0185, 0.0105, 0.0216, 0.0179, 0.0101, 0.0112,
        0.0073, 0.0102, 0.0088, 0.0092, 0.0086, 0.0095, 0.0124, 0.0126, 0.0175,
        0.0080, 0.0131, 0.0196, 0.0183, 0.0182, 0.3554])
cls_count [  32.   79.   53.   55.   35.   54.   59.   29.   52.   74.   53.   49.
   79.   86.   27.   65.   48.   15.   72.   98.   10.   62.   47.   42.
   58.   50.   53.   98.   56.   36.   79.   42.   93.   77.   42.   47.
   28.   41.   37.   38.   36.   39.   51.   54.   74.   34.   54.   84.
   78.   79. 1624.] 0.006157635467980296 4357.0 0.03365763546798029 0.6272664677530411
cls_count [32. 79. 53. 55. 35. 54. 59. 29. 52. 74. 53. 49. 79. 86. 27. 65. 48. 15.
 72. 98. 10. 62. 47. 42. 58. 50. 53. 98. 56. 36. 79. 42. 93. 77. 42. 47.
 28. 41. 37. 38. 36. 39. 51. 54. 74. 34. 54. 84. 78. 79.] 0.0 10.0 98.0 0.10204081632653061
51
acc [62.74509804 86.41975309 56.41025641 88.33333333 34.375      75.86206897
 53.03030303 32.8358209  64.93506494 89.55223881 70.83333333 36.84210526
 89.33333333 91.76470588 30.50847458 63.85542169 78.84615385 14.11764706
 73.68421053 98.98989899 13.43283582 93.10344828 79.59183673 51.61290323
 70.73170732 78.33333333 83.33333333 87.69230769 47.88732394 73.91304348
 89.77272727 38.23529412 89.8989899  84.88372093 58.49056604 60.29411765
 39.0625     53.03030303 58.33333333 85.36585366 70.         70.58823529
 53.08641975 90.38461538 75.30864198 55.81395349 55.         69.79166667
 94.11764706 93.15068493 88.12691914] 51 H_score 76.22173628459457
Task: office-home, Iter:414/690; Accuracy = 67.56% / 67.15% / 88.13%
all_output1 tensor([0.0146, 0.0134, 0.0410, 0.0195, 0.0232, 0.0135, 0.0255, 0.0469, 0.0128,
        0.0199, 0.0232, 0.0191, 0.0122, 0.0277, 0.0112, 0.0236, 0.0137, 0.0157,
        0.0244, 0.0374, 0.0084, 0.0277, 0.0175, 0.0228, 0.0176, 0.0337, 0.0138,
        0.0195, 0.0128, 0.0121, 0.0233, 0.0071, 0.0306, 0.0366, 0.0243, 0.0235,
        0.0105, 0.0148, 0.0115, 0.0075, 0.0149, 0.0169, 0.0067, 0.0083, 0.0124,
        0.0107, 0.0156, 0.0242, 0.0162, 0.0170, 0.0428])
cls_count [28. 25. 75. 35. 43. 24. 47. 85. 23. 36. 43. 36. 22. 51. 21. 43. 25. 29.
 45. 69. 16. 50. 32. 43. 32. 61. 26. 36. 24. 24. 43. 13. 57. 67. 46. 43.
 19. 28. 21. 13. 27. 31. 12. 15. 23. 21. 29. 44. 30. 31. 16.] 0.75 1778.0 2.2025 0.9910011248593926
Accuracy = 63.44% -> 63.39%

50
all_output1 tensor([0.0129, 0.0539, 0.0380, 0.0309, 0.0274, 0.0243, 0.0225, 0.0281, 0.0052,
        0.0424, 0.0174, 0.0425, 0.0144, 0.0277, 0.0305, 0.0148, 0.0390, 0.0139,
        0.0282, 0.0443, 0.0222, 0.0377, 0.0186, 0.0237, 0.0101, 0.0146, 0.0161,
        0.0203, 0.0248, 0.0062, 0.0082, 0.0229, 0.0063, 0.0092, 0.0104, 0.0274,
        0.0079, 0.0017, 0.0033, 0.0137, 0.0091, 0.0034, 0.0063, 0.0094, 0.0128,
        0.0084, 0.0052, 0.0140, 0.0301, 0.0198, 0.0176])
cls_count [23. 99. 68. 55. 49. 43. 40. 50.  9. 75. 31. 76. 26. 50. 54. 26. 69. 26.
 50. 80. 40. 67. 33. 43. 18. 26. 29. 36. 44. 11. 15. 41. 11. 16. 19. 49.
 14.  3.  6. 24. 16.  6. 11. 17. 23. 15.  9. 25. 54. 36.  1.] 3.0 1757.0 35.12 0.9994308480364257
Accuracy = 49.46% -> 49.46%

50
tensor([0.0078, 0.0184, 0.0124, 0.0127, 0.0084, 0.0129, 0.0139, 0.0071, 0.0122,
        0.0173, 0.0126, 0.0118, 0.0183, 0.0193, 0.0067, 0.0150, 0.0114, 0.0038,
        0.0170, 0.0227, 0.0026, 0.0145, 0.0109, 0.0098, 0.0136, 0.0122, 0.0126,
        0.0224, 0.0133, 0.0086, 0.0184, 0.0099, 0.0216, 0.0178, 0.0101, 0.0111,
        0.0069, 0.0099, 0.0091, 0.0093, 0.0088, 0.0092, 0.0120, 0.0130, 0.0175,
        0.0080, 0.0129, 0.0197, 0.0181, 0.0185, 0.3561])
cls_count [  32.   79.   52.   55.   36.   54.   59.   28.   52.   74.   53.   49.
   79.   85.   27.   65.   48.   15.   72.   98.   10.   62.   47.   41.
   58.   51.   53.   97.   56.   36.   78.   43.   94.   77.   42.   47.
   28.   41.   37.   38.   37.   39.   50.   56.   74.   34.   54.   84.
   78.   79. 1624.] 0.006157635467980296 4357.0 0.03365763546798029 0.6272664677530411
cls_count [32. 79. 52. 55. 36. 54. 59. 28. 52. 74. 53. 49. 79. 85. 27. 65. 48. 15.
 72. 98. 10. 62. 47. 41. 58. 51. 53. 97. 56. 36. 78. 43. 94. 77. 42. 47.
 28. 41. 37. 38. 37. 39. 50. 56. 74. 34. 54. 84. 78. 79.] 0.0 10.0 98.0 0.10204081632653061
51
acc [62.74509804 86.41975309 56.41025641 88.33333333 35.9375     75.86206897
 53.03030303 31.34328358 64.93506494 89.55223881 70.83333333 36.84210526
 89.33333333 91.76470588 30.50847458 63.85542169 78.84615385 14.11764706
 73.68421053 98.98989899 13.43283582 93.10344828 79.59183673 50.
 70.73170732 80.         83.33333333 87.69230769 47.88732394 73.91304348
 88.63636364 39.70588235 90.90909091 84.88372093 58.49056604 60.29411765
 39.0625     53.03030303 58.33333333 85.36585366 70.         70.58823529
 53.08641975 92.30769231 75.30864198 55.81395349 55.         69.79166667
 94.11764706 93.15068493 88.43398158] 51 H_score 76.38016606459799
Task: office-home, Iter:483/690; Accuracy = 67.63% / 67.22% / 88.43%
all_output1 tensor([0.0146, 0.0129, 0.0410, 0.0198, 0.0233, 0.0131, 0.0257, 0.0457, 0.0128,
        0.0198, 0.0234, 0.0191, 0.0120, 0.0280, 0.0111, 0.0232, 0.0142, 0.0162,
        0.0241, 0.0366, 0.0083, 0.0268, 0.0175, 0.0233, 0.0178, 0.0332, 0.0140,
        0.0196, 0.0127, 0.0124, 0.0229, 0.0074, 0.0302, 0.0362, 0.0247, 0.0235,
        0.0106, 0.0145, 0.0116, 0.0074, 0.0150, 0.0172, 0.0067, 0.0084, 0.0122,
        0.0115, 0.0156, 0.0239, 0.0158, 0.0170, 0.0454])
cls_count [28. 24. 75. 36. 43. 24. 47. 85. 23. 36. 43. 36. 22. 51. 21. 43. 26. 31.
 45. 69. 16. 50. 32. 43. 32. 61. 26. 36. 24. 24. 42. 13. 57. 67. 46. 43.
 19. 27. 21. 13. 27. 31. 12. 15. 22. 22. 29. 44. 30. 31. 15.] 0.8 1778.0 2.3506666666666667 0.9915635545556806
Accuracy = 63.39% -> 63.39%

50
all_output1 tensor([0.0130, 0.0531, 0.0380, 0.0312, 0.0275, 0.0238, 0.0224, 0.0277, 0.0053,
        0.0422, 0.0175, 0.0426, 0.0143, 0.0279, 0.0303, 0.0147, 0.0389, 0.0150,
        0.0281, 0.0438, 0.0222, 0.0366, 0.0186, 0.0241, 0.0101, 0.0144, 0.0164,
        0.0203, 0.0248, 0.0063, 0.0083, 0.0229, 0.0063, 0.0092, 0.0103, 0.0274,
        0.0078, 0.0017, 0.0032, 0.0132, 0.0092, 0.0034, 0.0064, 0.0096, 0.0129,
        0.0082, 0.0051, 0.0138, 0.0295, 0.0197, 0.0208])
cls_count [23. 99. 68. 55. 49. 43. 40. 50.  9. 75. 31. 76. 26. 50. 54. 26. 69. 27.
 50. 80. 40. 67. 33. 43. 18. 26. 29. 36. 44. 11. 15. 41. 11. 16. 19. 49.
 14.  3.  6. 24. 16.  6. 11. 17. 23. 15.  9. 25. 54. 36.  0.] inf 1757.0 inf 1.0
Accuracy = 49.46% -> 49.46%

50
image_pretrained-fc_copy2.py:618: RuntimeWarning: divide by zero encountered in double_scalars
  print("cls_count", cls_count, min(cls_count[:-1]) / (cls_count[-1]), np.sum(cls_count),
image_pretrained-fc_copy2.py:619: RuntimeWarning: divide by zero encountered in double_scalars
  np.mean(cls_count[:-1]) / cls_count[-1], np.sum(cls_count[:-1])/np.sum(cls_count))
tensor([0.0078, 0.0183, 0.0122, 0.0128, 0.0084, 0.0124, 0.0139, 0.0067, 0.0122,
        0.0171, 0.0126, 0.0115, 0.0181, 0.0195, 0.0066, 0.0151, 0.0114, 0.0038,
        0.0165, 0.0225, 0.0025, 0.0142, 0.0110, 0.0099, 0.0136, 0.0120, 0.0127,
        0.0227, 0.0133, 0.0086, 0.0182, 0.0101, 0.0217, 0.0179, 0.0100, 0.0111,
        0.0069, 0.0095, 0.0090, 0.0091, 0.0086, 0.0094, 0.0119, 0.0129, 0.0173,
        0.0079, 0.0127, 0.0195, 0.0181, 0.0184, 0.3599])
cls_count [  32.   79.   52.   55.   36.   54.   59.   28.   52.   74.   53.   49.
   79.   85.   27.   65.   48.   15.   72.   98.   10.   62.   46.   41.
   58.   51.   53.   97.   56.   36.   78.   43.   93.   77.   42.   47.
   28.   41.   37.   38.   37.   39.   50.   56.   74.   34.   54.   84.
   78.   79. 1626.] 0.006150061500615006 4357.0 0.033591635916359164 0.6268074363093872
cls_count [32. 79. 52. 55. 36. 54. 59. 28. 52. 74. 53. 49. 79. 85. 27. 65. 48. 15.
 72. 98. 10. 62. 46. 41. 58. 51. 53. 97. 56. 36. 78. 43. 93. 77. 42. 47.
 28. 41. 37. 38. 37. 39. 50. 56. 74. 34. 54. 84. 78. 79.] 0.0 10.0 98.0 0.10204081632653061
51
acc [62.74509804 86.41975309 56.41025641 88.33333333 35.9375     75.86206897
 53.03030303 31.34328358 64.93506494 89.55223881 70.83333333 36.84210526
 89.33333333 91.76470588 30.50847458 63.85542169 78.84615385 14.11764706
 73.68421053 98.98989899 13.43283582 93.10344828 79.59183673 50.
 70.73170732 80.         83.33333333 87.69230769 47.88732394 73.91304348
 88.63636364 39.70588235 89.8989899  84.88372093 58.49056604 60.29411765
 39.0625     53.03030303 58.33333333 85.36585366 70.         70.58823529
 53.08641975 92.30769231 75.30864198 55.81395349 55.         69.79166667
 94.11764706 93.15068493 88.43398158] 51 H_score 76.36712210425637
Task: office-home, Iter:552/690; Accuracy = 67.61% / 67.20% / 88.43%
all_output1 tensor([0.0140, 0.0132, 0.0407, 0.0198, 0.0234, 0.0129, 0.0254, 0.0447, 0.0129,
        0.0197, 0.0231, 0.0185, 0.0115, 0.0278, 0.0112, 0.0235, 0.0141, 0.0168,
        0.0243, 0.0369, 0.0083, 0.0269, 0.0175, 0.0225, 0.0172, 0.0326, 0.0136,
        0.0194, 0.0124, 0.0122, 0.0223, 0.0076, 0.0298, 0.0358, 0.0246, 0.0234,
        0.0107, 0.0144, 0.0113, 0.0074, 0.0149, 0.0170, 0.0065, 0.0082, 0.0125,
        0.0121, 0.0157, 0.0238, 0.0150, 0.0169, 0.0528])
cls_count [27. 25. 75. 36. 43. 24. 47. 85. 23. 36. 43. 36. 22. 51. 21. 42. 26. 32.
 44. 69. 16. 50. 32. 43. 32. 61. 26. 36. 24. 24. 41. 13. 57. 67. 46. 43.
 19. 27. 21. 13. 27. 31. 12. 15. 23. 22. 30. 44. 29. 31. 16.] 0.75 1778.0 2.2025 0.9910011248593926
Accuracy = 63.39% -> 63.39%

50
all_output1 tensor([0.0127, 0.0538, 0.0376, 0.0310, 0.0275, 0.0232, 0.0222, 0.0275, 0.0051,
        0.0418, 0.0173, 0.0416, 0.0136, 0.0279, 0.0299, 0.0146, 0.0384, 0.0150,
        0.0279, 0.0437, 0.0221, 0.0362, 0.0185, 0.0233, 0.0100, 0.0143, 0.0159,
        0.0200, 0.0246, 0.0062, 0.0081, 0.0229, 0.0063, 0.0091, 0.0100, 0.0273,
        0.0078, 0.0017, 0.0028, 0.0136, 0.0091, 0.0034, 0.0063, 0.0093, 0.0126,
        0.0082, 0.0050, 0.0137, 0.0292, 0.0194, 0.0306])
cls_count [23. 99. 68. 55. 49. 43. 40. 50.  9. 75. 31. 75. 26. 50. 54. 26. 69. 27.
 50. 80. 40. 67. 33. 43. 18. 26. 29. 36. 44. 11. 15. 41. 11. 16. 19. 49.
 14.  3.  6. 25. 16.  6. 11. 17. 23. 15.  9. 25. 54. 36.  0.] inf 1757.0 inf 1.0
Accuracy = 49.46% -> 49.46%

50
image_pretrained-fc_copy2.py:618: RuntimeWarning: divide by zero encountered in double_scalars
  print("cls_count", cls_count, min(cls_count[:-1]) / (cls_count[-1]), np.sum(cls_count),
image_pretrained-fc_copy2.py:619: RuntimeWarning: divide by zero encountered in double_scalars
  np.mean(cls_count[:-1]) / cls_count[-1], np.sum(cls_count[:-1])/np.sum(cls_count))
tensor([0.0076, 0.0183, 0.0124, 0.0127, 0.0085, 0.0120, 0.0137, 0.0066, 0.0121,
        0.0171, 0.0124, 0.0114, 0.0180, 0.0195, 0.0064, 0.0150, 0.0112, 0.0037,
        0.0166, 0.0226, 0.0023, 0.0141, 0.0108, 0.0094, 0.0136, 0.0118, 0.0123,
        0.0223, 0.0129, 0.0086, 0.0178, 0.0100, 0.0215, 0.0179, 0.0097, 0.0110,
        0.0068, 0.0096, 0.0087, 0.0089, 0.0086, 0.0093, 0.0118, 0.0128, 0.0172,
        0.0082, 0.0125, 0.0194, 0.0180, 0.0183, 0.3660])
cls_count [  32.   79.   52.   55.   36.   54.   59.   28.   52.   74.   53.   49.
   79.   85.   27.   65.   48.   15.   72.   98.   10.   62.   46.   41.
   58.   51.   53.   97.   56.   36.   78.   43.   93.   77.   42.   47.
   28.   41.   37.   38.   37.   39.   50.   55.   74.   34.   54.   84.
   78.   79. 1627.] 0.006146281499692686 4357.0 0.03355869698832207 0.6265779205875602
cls_count [32. 79. 52. 55. 36. 54. 59. 28. 52. 74. 53. 49. 79. 85. 27. 65. 48. 15.
 72. 98. 10. 62. 46. 41. 58. 51. 53. 97. 56. 36. 78. 43. 93. 77. 42. 47.
 28. 41. 37. 38. 37. 39. 50. 55. 74. 34. 54. 84. 78. 79.] 0.0 10.0 98.0 0.10204081632653061
51
acc [62.74509804 86.41975309 56.41025641 88.33333333 35.9375     75.86206897
 53.03030303 31.34328358 64.93506494 89.55223881 70.83333333 36.84210526
 89.33333333 91.76470588 30.50847458 63.85542169 78.84615385 14.11764706
 73.68421053 98.98989899 13.43283582 93.10344828 79.59183673 50.
 70.73170732 80.         83.33333333 87.69230769 47.88732394 73.91304348
 88.63636364 39.70588235 89.8989899  84.88372093 58.49056604 60.29411765
 39.0625     53.03030303 58.33333333 85.36585366 70.         70.58823529
 53.08641975 92.30769231 75.30864198 55.81395349 55.         69.79166667
 94.11764706 93.15068493 88.43398158] 51 H_score 76.36712210425637
Task: office-home, Iter:621/690; Accuracy = 67.61% / 67.20% / 88.43%
