nohup: 忽略输入
ckpt/source/pda/office-home/R
Namespace(batch_size=64, bottleneck=256, class_num=50, classifier='bn', cls_par=0.6, da='pda', distance='cosine', dset='office-home', ent=True, ent_par=1.0, epsilon=1e-05, extra_class=1, gent=True, gpu_id='1', interval=10, issave=False, layer='wn', lr=0.01, lr_decay1=0.1, lr_decay2=1.0, max_epoch=10, name='office-home', name1='RP', name2='RA', name3='RC', net='resnet50', out_file=<_io.TextIOWrapper name='ckpt/target/pda/office-home-addfc+gent/log_par_0.6_thr0.txt' mode='w' encoding='UTF-8'>, output='ckpt/target', output_dir='ckpt/target/pda/office-home-addfc+gent', output_dir_src='ckpt/source/pda/office-home/R', output_src='ckpt/source', s=0, s_dset_path='./data/office-home/Real_World.txt', savename='par_0.6_thr0', seed=2020, src_classes=[0, 1, 2, 3, 4, 5, 6, 7, 8, 9, 10, 11, 12, 13, 14, 15, 16, 17, 18, 19, 20, 21, 22, 23, 24, 25, 26, 27, 28, 29, 30, 31, 32, 33, 34, 35, 36, 37, 38, 39, 40, 41, 42, 43, 44, 45, 46, 47, 48, 49], t=1, t_dset_path='./data/office-home/Product.txt', t_dset_path1='./data/office-home/Art.txt', t_dset_path2='./data/office-home/Clipart.txt', tar_classes=[0, 1, 2, 3, 4, 5, 6, 7, 8, 9, 10, 11, 12, 13, 14, 15, 16, 17, 18, 19, 20, 21, 22, 23, 24, 25, 26, 27, 28, 29, 30, 31, 32, 33, 34, 35, 36, 37, 38, 39, 40, 41, 42, 43, 44, 45, 46, 47, 48, 49], tar_classes1=[0, 1, 2, 3, 4, 5, 6, 7, 8, 9, 10, 11, 12, 13, 14, 15, 16, 17, 18, 19, 20, 21, 22, 23, 24], tar_classes2=[0, 1, 2, 3, 4, 5, 6, 7, 8, 9, 10, 11, 12, 13, 14, 15, 16, 17, 18, 19, 20, 21, 22, 23, 24, 25, 26, 27, 28, 29, 30, 31, 32, 33, 34, 35, 36, 37, 38, 39, 40, 41, 42, 43, 44, 45, 46, 47, 48, 49, 50, 51, 52, 53, 54, 55, 56, 57, 58, 59, 60, 61, 62, 63, 64], test_dset_path='./data/office-home/Product.txt', test_dset_path1='./data/office-home/Art.txt', test_dset_path2='./data/office-home/Clipart.txt', threshold=0, worker=4)
/homes/jh015/.conda/envs/hj_trans/lib/python3.7/site-packages/torchvision/models/_utils.py:209: UserWarning: The parameter 'pretrained' is deprecated since 0.13 and will be removed in 0.15, please use 'weights' instead.
  f"The parameter '{pretrained_param}' is deprecated since 0.13 and will be removed in 0.15, "
/homes/jh015/.conda/envs/hj_trans/lib/python3.7/site-packages/torchvision/models/_utils.py:223: UserWarning: Arguments other than a weight enum or `None` for 'weights' are deprecated since 0.13 and will be removed in 0.15. The current behavior is equivalent to passing `weights=ResNet50_Weights.IMAGENET1K_V1`. You can also use `weights=ResNet50_Weights.DEFAULT` to get the most up-to-date weights.
  warnings.warn(msg)
ent tensor(0.2401) tensor(0.2501) tensor(14.2184, dtype=torch.float64) tensor(13.7298, dtype=torch.float64)
all_output1 tensor([0.0176, 0.0140, 0.0041, 0.0164, 0.0065, 0.0160, 0.0086, 0.0058, 0.0101,
        0.0139, 0.0200, 0.0108, 0.0247, 0.0147, 0.0074, 0.0095, 0.0126, 0.0096,
        0.0184, 0.0113, 0.0126, 0.0093, 0.0226, 0.0169, 0.0070, 0.0209, 0.0222,
        0.0069, 0.0254, 0.0129, 0.0195, 0.0137, 0.0243, 0.0172, 0.0042, 0.0121,
        0.0147, 0.0082, 0.0100, 0.0137, 0.0113, 0.0076, 0.0198, 0.0212, 0.0228,
        0.0050, 0.0101, 0.0227, 0.0182, 0.0208, 0.2942])
cls_count [  60.   53.    7.   58.   13.   55.   27.   17.   32.   47.   70.   23.
   94.   56.   17.   30.   45.   28.   66.   39.   39.   29.   81.   60.
   21.   71.   79.   21.   95.   41.   69.   35.   87.   61.    9.   38.
   45.   19.   31.   45.   38.   21.   66.   71.   65.   15.   31.   84.
   67.   83. 1154.] 0.006065857885615251 3508.0 0.04079722703639515 0.3289623717217788
Accuracy = 80.56% -> 82.50%

50
ent tensor(0.2822) tensor(0.3457) tensor(16.1968, dtype=torch.float64) tensor(12.6592, dtype=torch.float64)
all_output1 tensor([0.0081, 0.0160, 0.0365, 0.0286, 0.0171, 0.0155, 0.0246, 0.0319, 0.0171,
        0.0195, 0.0246, 0.0077, 0.0137, 0.0351, 0.0093, 0.0231, 0.0069, 0.0218,
        0.0190, 0.0500, 0.0164, 0.0374, 0.0123, 0.0145, 0.0256, 0.0036, 0.0020,
        0.0019, 0.0059, 0.0022, 0.0025, 0.0055, 0.0035, 0.0024, 0.0057, 0.0085,
        0.0026, 0.0057, 0.0033, 0.0013, 0.0023, 0.0035, 0.0026, 0.0019, 0.0020,
        0.0033, 0.0027, 0.0042, 0.0023, 0.0026, 0.3840])
cls_count [  5.  13.  34.  29.  14.  15.  22.  25.  13.  17.  21.   4.  14.  34.
   7.  22.   3.  17.  13.  55.  12.  37.  10.  10.  24.   0.   0.   0.
   4.   0.   0.   2.   0.   0.   0.   4.   0.   2.   0.   0.   0.   3.
   0.   0.   0.   0.   0.   0.   0.   0. 455.] 0.0 940.0 0.021318681318681316 0.48404255319148937
Accuracy = 70.43% -> 65.64%

16
ent tensor(0.3406) tensor(0.4774) tensor(15.8039, dtype=torch.float64) tensor(15.8039, dtype=torch.float64)
cls_count [  16.   44.   22.   41.   61.   30.   14.    9.    5.   10.   28.  124.
   42.   19.   31.    9.   38.   32.    6.   55.   25.   40.    8.   43.
   15.   25.   38.   35.   96.    3.   10.   23.    6.   41.   12.   48.
    9.    8.   39.   44.   18.   25.   15.   25.   32.    8.   25.   74.
   39.   30. 2870.] 0.0010452961672473868 4365.0 0.010418118466898954 0.6575028636884307
cls_count [ 16.  44.  22.  41.  61.  30.  14.   9.   5.  10.  28. 124.  42.  19.
  31.   9.  38.  32.   6.  55.  25.  40.   8.  43.  15.  25.  38.  35.
  96.   3.  10.  23.   6.  41.  12.  48.   9.   8.  39.  44.  18.  25.
  15.  25.  32.   8.  25.  74.  39.  30.] 0.0 3.0 124.0 0.024193548387096774
51
acc [29.16666667 80.48780488 16.16161616 71.15384615 17.17171717 52.5
 26.19047619  7.07070707 11.9047619  10.1010101  65.         41.41414141
 41.41414141 45.         21.21212121  9.18367347 35.35353535 38.46153846
  7.8125     55.55555556 26.82926829 40.4040404  15.         39.02439024
 13.13131313 36.23188406 42.10526316 30.3030303  49.49494949  7.5
 23.25581395 16.86746988 10.71428571 63.33333333 27.5        42.5
 10.9375     15.2173913  56.         64.17910448 35.29411765 30.66666667
  7.54716981 25.28735632 35.55555556  7.5        27.39726027 64.64646465
 47.43589744 52.17391304 83.84146341] 51 H_score 47.284119100976106
Task: office-home, Iter:0/690; Accuracy = 33.93% / 32.93% / 83.84%
ent tensor(0.0765) tensor(0.0672) tensor(2.6553, dtype=torch.float64) tensor(2.6817, dtype=torch.float64)
all_output1 tensor([0.0200, 0.0177, 0.0114, 0.0183, 0.0117, 0.0186, 0.0132, 0.0122, 0.0134,
        0.0276, 0.0246, 0.0237, 0.0286, 0.0228, 0.0130, 0.0112, 0.0150, 0.0145,
        0.0276, 0.0127, 0.0159, 0.0119, 0.0265, 0.0235, 0.0134, 0.0265, 0.0275,
        0.0101, 0.0288, 0.0165, 0.0240, 0.0184, 0.0331, 0.0235, 0.0056, 0.0132,
        0.0256, 0.0116, 0.0136, 0.0151, 0.0161, 0.0116, 0.0294, 0.0297, 0.0345,
        0.0090, 0.0145, 0.0265, 0.0232, 0.0264, 0.0371])
cls_count [ 72.  64.  41.  63.  38.  64.  47.  46.  46.  95.  88.  85. 100.  83.
  47.  39.  52.  50.  95.  44.  57.  41.  93.  83.  44.  94.  98.  37.
 104.  59.  83.  66. 117.  82.  17.  46.  91.  47.  48.  55.  57.  43.
 108. 103. 125.  31.  50.  93.  82.  94. 101.] 0.16831683168316833 3508.0 0.6746534653465347 0.028791334093500542
Accuracy = 83.47% -> 84.21%

50
ent tensor(0.0972) tensor(0.0780) tensor(3.3612, dtype=torch.float64) tensor(3.4489, dtype=torch.float64)
all_output1 tensor([0.0058, 0.0118, 0.0806, 0.0422, 0.0377, 0.0138, 0.0476, 0.0657, 0.0386,
        0.0462, 0.0405, 0.0042, 0.0108, 0.0564, 0.0086, 0.0354, 0.0035, 0.0537,
        0.0475, 0.0768, 0.0130, 0.0558, 0.0104, 0.0482, 0.0522, 0.0010, 0.0006,
        0.0008, 0.0037, 0.0007, 0.0008, 0.0024, 0.0024, 0.0004, 0.0007, 0.0021,
        0.0009, 0.0005, 0.0011, 0.0004, 0.0004, 0.0042, 0.0007, 0.0004, 0.0009,
        0.0022, 0.0005, 0.0014, 0.0013, 0.0009, 0.0614])
cls_count [ 5. 11. 78. 43. 37. 13. 47. 68. 37. 43. 38.  4. 11. 55.  8. 36.  2. 53.
 47. 76. 14. 53. 10. 48. 52.  0.  1.  1.  3.  0.  0.  1.  1.  0.  0.  2.
  0.  0.  0.  0.  0.  4.  0.  0.  0.  1.  0.  0.  1.  0. 36.] 0.0 940.0 0.5022222222222221 0.03829787234042559
Accuracy = 73.83% -> 67.77%

17
ent tensor(0.2346) tensor(0.4979) tensor(21.9746, dtype=torch.float64) tensor(21.9746, dtype=torch.float64)
cls_count [1.800e+01 3.900e+01 3.400e+01 4.500e+01 7.200e+01 3.900e+01 1.800e+01
 9.000e+00 7.000e+00 3.400e+01 3.300e+01 1.240e+02 4.900e+01 1.200e+01
 3.700e+01 8.000e+00 6.200e+01 3.300e+01 2.000e+01 6.200e+01 2.500e+01
 6.000e+01 8.000e+00 5.300e+01 3.000e+01 2.700e+01 4.900e+01 4.500e+01
 1.200e+02 2.000e+00 1.600e+01 2.900e+01 1.300e+01 4.500e+01 2.000e+01
 4.800e+01 1.600e+01 8.000e+00 4.800e+01 4.900e+01 2.400e+01 4.400e+01
 3.400e+01 3.300e+01 4.900e+01 1.100e+01 4.800e+01 7.900e+01 5.400e+01
 5.000e+01 2.473e+03] 0.0008087343307723412 4365.0 0.0153012535382127 0.5665521191294387
cls_count [ 18.  39.  34.  45.  72.  39.  18.   9.   7.  34.  33. 124.  49.  12.
  37.   8.  62.  33.  20.  62.  25.  60.   8.  53.  30.  27.  49.  45.
 120.   2.  16.  29.  13.  45.  20.  48.  16.   8.  48.  49.  24.  44.
  34.  33.  49.  11.  48.  79.  54.  50.] 0.0 2.0 124.0 0.016129032258064516
51
acc [33.33333333 78.04878049 25.25252525 73.07692308 17.17171717 57.5
 30.95238095  6.06060606 14.28571429 31.31313131 65.         45.45454545
 48.48484848 30.         27.27272727  8.16326531 51.51515152 43.58974359
 25.         62.62626263 39.02439024 54.54545455 15.         43.90243902
 23.23232323 37.68115942 52.63157895 36.36363636 59.5959596   5.
 37.20930233 18.07228916 21.42857143 66.66666667 42.5        60.
 12.5        15.2173913  66.         70.14925373 47.05882353 49.33333333
 24.52830189 32.18390805 51.11111111  7.5        36.98630137 67.67676768
 56.41025641 73.91304348 79.26829268] 51 H_score 53.12596640322129
Task: office-home, Iter:69/690; Accuracy = 40.72% / 39.95% / 79.27%
ent tensor(0.0720) tensor(0.0519) tensor(4.0650, dtype=torch.float64) tensor(4.1905, dtype=torch.float64)
all_output1 tensor([0.0197, 0.0184, 0.0115, 0.0180, 0.0141, 0.0183, 0.0138, 0.0117, 0.0128,
        0.0267, 0.0226, 0.0214, 0.0268, 0.0243, 0.0111, 0.0111, 0.0147, 0.0125,
        0.0272, 0.0128, 0.0151, 0.0116, 0.0248, 0.0230, 0.0154, 0.0250, 0.0269,
        0.0111, 0.0294, 0.0157, 0.0243, 0.0174, 0.0309, 0.0217, 0.0052, 0.0124,
        0.0272, 0.0125, 0.0129, 0.0150, 0.0154, 0.0115, 0.0271, 0.0290, 0.0288,
        0.0089, 0.0156, 0.0243, 0.0228, 0.0231, 0.0664])
cls_count [ 69.  65.  41.  64.  50.  63.  51.  44.  45.  93.  82.  81.  99.  88.
  41.  39.  51.  45.  98.  46.  55.  39.  92.  80.  52.  91.  96.  40.
 104.  57.  85.  63. 112.  81.  19.  45.  95.  45.  46.  52.  54.  41.
  99. 103. 108.  32.  56.  85.  81.  86. 159.] 0.11949685534591195 3508.0 0.42125786163522017 0.045324971493728605
Accuracy = 83.92% -> 83.98%

50
ent tensor(0.0993) tensor(0.0621) tensor(4.4243, dtype=torch.float64) tensor(4.7051, dtype=torch.float64)
all_output1 tensor([0.0030, 0.0162, 0.0781, 0.0435, 0.0388, 0.0121, 0.0488, 0.0632, 0.0391,
        0.0471, 0.0366, 0.0023, 0.0057, 0.0584, 0.0048, 0.0351, 0.0029, 0.0522,
        0.0485, 0.0759, 0.0086, 0.0556, 0.0075, 0.0477, 0.0539, 0.0005, 0.0005,
        0.0013, 0.0031, 0.0004, 0.0006, 0.0024, 0.0012, 0.0004, 0.0005, 0.0011,
        0.0006, 0.0007, 0.0006, 0.0003, 0.0003, 0.0038, 0.0004, 0.0003, 0.0009,
        0.0010, 0.0004, 0.0005, 0.0007, 0.0005, 0.0912])
cls_count [ 2. 16. 80. 44. 39. 10. 47. 65. 41. 46. 37.  1.  5. 57.  3. 35.  2. 54.
 50. 76.  9. 53.  8. 48. 54.  0.  0.  1.  2.  0.  0.  1.  1.  0.  0.  1.
  0.  0.  0.  0.  0.  3.  0.  0.  0.  0.  0.  0.  0.  0. 49.] 0.0 940.0 0.36367346938775513 0.05212765957446808
Accuracy = 72.34% -> 67.87%

17
ent tensor(0.1093) tensor(0.5000) tensor(37.9838, dtype=torch.float64) tensor(37.9838, dtype=torch.float64)
cls_count [1.500e+01 3.900e+01 3.000e+01 4.100e+01 6.800e+01 3.800e+01 1.700e+01
 8.000e+00 7.000e+00 3.600e+01 3.100e+01 9.200e+01 5.000e+01 1.000e+01
 3.600e+01 9.000e+00 5.700e+01 2.900e+01 2.100e+01 6.400e+01 2.100e+01
 5.700e+01 8.000e+00 4.600e+01 2.900e+01 2.400e+01 4.700e+01 4.700e+01
 1.150e+02 2.000e+00 1.800e+01 2.400e+01 9.000e+00 4.000e+01 1.800e+01
 4.200e+01 1.600e+01 8.000e+00 4.700e+01 4.700e+01 2.400e+01 4.300e+01
 3.300e+01 3.300e+01 5.000e+01 8.000e+00 5.300e+01 6.800e+01 4.900e+01
 5.000e+01 2.591e+03] 0.0007719027402547279 4365.0 0.013693554612118871 0.5935853379152348
cls_count [ 15.  39.  30.  41.  68.  38.  17.   8.   7.  36.  31.  92.  50.  10.
  36.   9.  57.  29.  21.  64.  21.  57.   8.  46.  29.  24.  47.  47.
 115.   2.  18.  24.   9.  40.  18.  42.  16.   8.  47.  47.  24.  43.
  33.  33.  50.   8.  53.  68.  49.  50.] 0.0 2.0 115.0 0.017391304347826087
51
acc [29.16666667 78.04878049 24.24242424 67.30769231 16.16161616 57.5
 33.33333333  5.05050505 14.28571429 33.33333333 60.         38.38383838
 49.49494949 25.         27.27272727  9.18367347 51.51515152 43.58974359
 26.5625     64.64646465 31.70731707 51.51515152 15.         36.58536585
 22.22222222 33.33333333 52.63157895 35.35353535 58.58585859  5.
 41.86046512 19.27710843 16.07142857 61.66666667 37.5        60.
 12.5        13.04347826 64.         68.65671642 47.05882353 45.33333333
 22.64150943 35.63218391 52.22222222  7.5        35.61643836 59.5959596
 53.84615385 76.08695652 81.60569106] 51 H_score 52.338304629522085
Task: office-home, Iter:138/690; Accuracy = 39.37% / 38.52% / 81.61%
ent tensor(0.0821) tensor(0.0534) tensor(3.4455, dtype=torch.float64) tensor(3.5811, dtype=torch.float64)
all_output1 tensor([0.0191, 0.0183, 0.0115, 0.0183, 0.0146, 0.0184, 0.0141, 0.0130, 0.0127,
        0.0276, 0.0231, 0.0225, 0.0249, 0.0243, 0.0116, 0.0113, 0.0147, 0.0126,
        0.0229, 0.0124, 0.0153, 0.0111, 0.0238, 0.0242, 0.0163, 0.0254, 0.0259,
        0.0108, 0.0296, 0.0162, 0.0231, 0.0196, 0.0303, 0.0222, 0.0056, 0.0120,
        0.0271, 0.0131, 0.0120, 0.0153, 0.0153, 0.0107, 0.0274, 0.0274, 0.0290,
        0.0086, 0.0159, 0.0247, 0.0228, 0.0215, 0.0701])
cls_count [ 69.  66.  41.  65.  52.  66.  50.  48.  45.  98.  84.  84.  97.  88.
  43.  40.  53.  46.  87.  46.  53.  39.  90.  85.  52.  93.  96.  40.
 107.  57.  85.  70. 112.  80.  19.  43. 102.  48.  41.  53.  57.  40.
 100. 102. 106.  30.  56.  87.  81.  81. 135.] 0.14074074074074075 3508.0 0.49970370370370365 0.038483466362599805
Accuracy = 83.92% -> 84.01%

50
ent tensor(0.1149) tensor(0.0678) tensor(3.4433, dtype=torch.float64) tensor(3.6773, dtype=torch.float64)
all_output1 tensor([0.0020, 0.0173, 0.0781, 0.0432, 0.0363, 0.0115, 0.0523, 0.0706, 0.0383,
        0.0482, 0.0387, 0.0027, 0.0044, 0.0578, 0.0052, 0.0353, 0.0017, 0.0529,
        0.0377, 0.0720, 0.0072, 0.0543, 0.0059, 0.0514, 0.0542, 0.0006, 0.0004,
        0.0009, 0.0041, 0.0007, 0.0006, 0.0020, 0.0012, 0.0005, 0.0005, 0.0007,
        0.0005, 0.0006, 0.0008, 0.0003, 0.0004, 0.0025, 0.0004, 0.0004, 0.0009,
        0.0006, 0.0005, 0.0007, 0.0007, 0.0006, 0.0988])
cls_count [ 1. 17. 80. 45. 39.  9. 55. 73. 39. 47. 38.  2.  3. 58.  4. 36.  1. 53.
 43. 76.  8. 54.  7. 51. 56.  0.  0.  0.  4.  0.  0.  1.  0.  0.  0.  0.
  0.  0.  0.  0.  0.  2.  0.  0.  0.  0.  0.  0.  0.  0. 38.] 0.0 940.0 0.4747368421052631 0.04042553191489362
Accuracy = 71.28% -> 67.77%

17
ent tensor(0.0919) tensor(0.5358) tensor(40.8479, dtype=torch.float64) tensor(40.8479, dtype=torch.float64)
cls_count [1.400e+01 3.800e+01 3.100e+01 3.800e+01 6.700e+01 3.800e+01 1.700e+01
 8.000e+00 6.000e+00 3.500e+01 3.100e+01 9.300e+01 4.900e+01 1.000e+01
 3.400e+01 9.000e+00 5.800e+01 3.000e+01 2.100e+01 6.400e+01 1.500e+01
 5.600e+01 8.000e+00 4.900e+01 3.300e+01 2.200e+01 4.500e+01 4.800e+01
 1.170e+02 2.000e+00 1.800e+01 2.700e+01 9.000e+00 4.100e+01 1.800e+01
 3.800e+01 1.500e+01 9.000e+00 5.100e+01 4.700e+01 2.400e+01 4.300e+01
 3.000e+01 3.100e+01 4.900e+01 8.000e+00 5.600e+01 7.000e+01 5.200e+01
 4.800e+01 2.595e+03] 0.0007707129094412332 4365.0 0.013641618497109827 0.5945017182130584
cls_count [ 14.  38.  31.  38.  67.  38.  17.   8.   6.  35.  31.  93.  49.  10.
  34.   9.  58.  30.  21.  64.  15.  56.   8.  49.  33.  22.  45.  48.
 117.   2.  18.  27.   9.  41.  18.  38.  15.   9.  51.  47.  24.  43.
  30.  31.  49.   8.  56.  70.  52.  48.] 0.0 2.0 117.0 0.017094017094017096
51
acc [29.16666667 75.6097561  25.25252525 67.30769231 15.15151515 57.5
 33.33333333  5.05050505 14.28571429 32.32323232 62.5        36.36363636
 49.49494949 25.         26.26262626  9.18367347 50.50505051 46.15384615
 26.5625     64.64646465 21.95121951 51.51515152 15.         39.02439024
 24.24242424 31.88405797 51.31578947 37.37373737 59.5959596   5.
 41.86046512 19.27710843 16.07142857 61.66666667 35.         60.
 12.5        15.2173913  66.         68.65671642 47.05882353 45.33333333
 16.98113208 33.33333333 52.22222222  7.5        35.61643836 60.60606061
 56.41025641 71.73913043 80.99593496] 51 H_score 51.94494404663536
Task: office-home, Iter:207/690; Accuracy = 39.07% / 38.23% / 81.00%
ent tensor(0.1011) tensor(0.0570) tensor(4.5658, dtype=torch.float64) tensor(4.9189, dtype=torch.float64)
all_output1 tensor([0.0188, 0.0185, 0.0112, 0.0182, 0.0141, 0.0173, 0.0140, 0.0135, 0.0123,
        0.0236, 0.0220, 0.0215, 0.0216, 0.0231, 0.0118, 0.0105, 0.0143, 0.0110,
        0.0243, 0.0102, 0.0158, 0.0100, 0.0217, 0.0230, 0.0149, 0.0243, 0.0262,
        0.0097, 0.0288, 0.0143, 0.0230, 0.0191, 0.0286, 0.0223, 0.0053, 0.0118,
        0.0271, 0.0147, 0.0115, 0.0147, 0.0144, 0.0098, 0.0248, 0.0277, 0.0240,
        0.0092, 0.0152, 0.0233, 0.0223, 0.0197, 0.1105])
cls_count [ 68.  66.  43.  64.  50.  63.  49.  52.  49.  91.  81.  80.  88.  85.
  44.  40.  51.  39.  93.  45.  57.  37.  88.  84.  52.  89.  98.  39.
 106.  55.  85.  70. 106.  81.  19.  43. 100.  52.  41.  53.  57.  39.
  95. 103.  94.  33.  56.  86.  81.  78. 190.] 0.1 3508.0 0.34926315789473683 0.054161915621436685
Accuracy = 83.84% -> 84.01%

50
ent tensor(0.1421) tensor(0.0761) tensor(4.4812, dtype=torch.float64) tensor(5.0292, dtype=torch.float64)
all_output1 tensor([0.0012, 0.0197, 0.0726, 0.0433, 0.0376, 0.0091, 0.0525, 0.0697, 0.0336,
        0.0413, 0.0363, 0.0027, 0.0042, 0.0576, 0.0049, 0.0312, 0.0016, 0.0490,
        0.0407, 0.0613, 0.0066, 0.0500, 0.0046, 0.0484, 0.0513, 0.0007, 0.0005,
        0.0009, 0.0035, 0.0008, 0.0006, 0.0019, 0.0012, 0.0005, 0.0006, 0.0007,
        0.0006, 0.0007, 0.0006, 0.0003, 0.0005, 0.0017, 0.0005, 0.0005, 0.0008,
        0.0007, 0.0006, 0.0006, 0.0006, 0.0005, 0.1477])
cls_count [ 0. 20. 79. 45. 39.  9. 54. 73. 39. 46. 38.  2.  2. 60.  4. 34.  1. 53.
 44. 72.  6. 53.  3. 49. 56.  0.  0.  0.  3.  0.  0.  1.  0.  0.  0.  0.
  0.  0.  0.  0.  0.  1.  0.  0.  0.  0.  0.  0.  0.  0. 54.] 0.0 940.0 0.32814814814814813 0.057446808510638325
Accuracy = 70.96% -> 67.77%

17
ent tensor(0.0925) tensor(0.5495) tensor(40.6575, dtype=torch.float64) tensor(40.6575, dtype=torch.float64)
cls_count [1.300e+01 3.900e+01 3.200e+01 4.000e+01 6.700e+01 3.800e+01 1.600e+01
 8.000e+00 7.000e+00 3.400e+01 3.000e+01 9.000e+01 4.900e+01 1.300e+01
 3.600e+01 9.000e+00 6.000e+01 3.100e+01 2.100e+01 6.700e+01 1.600e+01
 5.500e+01 6.000e+00 4.700e+01 3.300e+01 2.300e+01 4.500e+01 4.600e+01
 1.200e+02 2.000e+00 1.900e+01 2.700e+01 7.000e+00 4.100e+01 1.800e+01
 3.800e+01 1.500e+01 9.000e+00 4.800e+01 4.700e+01 2.500e+01 4.300e+01
 3.100e+01 3.000e+01 4.900e+01 8.000e+00 5.800e+01 6.900e+01 5.300e+01
 4.800e+01 2.589e+03] 0.000772499034376207 4365.0 0.013719582850521437 0.593127147766323
cls_count [ 13.  39.  32.  40.  67.  38.  16.   8.   7.  34.  30.  90.  49.  13.
  36.   9.  60.  31.  21.  67.  16.  55.   6.  47.  33.  23.  45.  46.
 120.   2.  19.  27.   7.  41.  18.  38.  15.   9.  48.  47.  25.  43.
  31.  30.  49.   8.  58.  69.  53.  48.] 0.0 2.0 120.0 0.016666666666666666
51
acc [27.08333333 75.6097561  25.25252525 69.23076923 15.15151515 57.5
 33.33333333  5.05050505 14.28571429 31.31313131 60.         37.37373737
 49.49494949 32.5        27.27272727  9.18367347 49.49494949 48.71794872
 26.5625     67.67676768 21.95121951 50.50505051 12.5        36.58536585
 24.24242424 31.88405797 51.31578947 36.36363636 59.5959596   5.
 44.18604651 20.48192771 12.5        61.66666667 35.         60.
 12.5        15.2173913  64.         68.65671642 49.01960784 45.33333333
 18.86792453 32.18390805 52.22222222  7.5        34.24657534 59.5959596
 57.69230769 71.73913043 80.99593496] 51 H_score 52.00092536249176
Task: office-home, Iter:276/690; Accuracy = 39.13% / 38.29% / 81.00%
ent tensor(0.1230) tensor(0.0649) tensor(7.2725, dtype=torch.float64) tensor(8.2939, dtype=torch.float64)
all_output1 tensor([0.0182, 0.0162, 0.0110, 0.0176, 0.0143, 0.0166, 0.0133, 0.0143, 0.0117,
        0.0231, 0.0190, 0.0215, 0.0219, 0.0202, 0.0110, 0.0102, 0.0129, 0.0114,
        0.0219, 0.0091, 0.0145, 0.0090, 0.0204, 0.0231, 0.0132, 0.0235, 0.0236,
        0.0105, 0.0263, 0.0134, 0.0231, 0.0183, 0.0261, 0.0213, 0.0053, 0.0112,
        0.0258, 0.0132, 0.0107, 0.0136, 0.0102, 0.0100, 0.0245, 0.0262, 0.0237,
        0.0090, 0.0127, 0.0218, 0.0209, 0.0211, 0.1581])
cls_count [ 68.  58.  40.  63.  52.  61.  48.  55.  45.  91.  70.  80.  86.  78.
  40.  39.  50.  42.  87.  35.  54.  34.  81.  85.  48.  84.  91.  39.
 105.  48.  87.  67. 101.  78.  18.  39.  97.  48.  38.  52.  40.  37.
  93. 101.  94.  34.  44.  84.  78.  84. 337.] 0.05341246290801187 3508.0 0.1881899109792285 0.09606613454960089
Accuracy = 83.95% -> 84.12%

50
ent tensor(0.1598) tensor(0.0844) tensor(6.9840, dtype=torch.float64) tensor(8.3144, dtype=torch.float64)
all_output1 tensor([0.0011, 0.0178, 0.0709, 0.0397, 0.0376, 0.0086, 0.0479, 0.0710, 0.0329,
        0.0396, 0.0302, 0.0032, 0.0036, 0.0518, 0.0037, 0.0303, 0.0016, 0.0471,
        0.0370, 0.0591, 0.0047, 0.0426, 0.0030, 0.0467, 0.0479, 0.0006, 0.0005,
        0.0011, 0.0017, 0.0009, 0.0006, 0.0016, 0.0012, 0.0007, 0.0006, 0.0006,
        0.0006, 0.0007, 0.0006, 0.0004, 0.0006, 0.0020, 0.0005, 0.0005, 0.0008,
        0.0006, 0.0006, 0.0007, 0.0007, 0.0006, 0.2005])
cls_count [ 0. 20. 79. 42. 43.  9. 51. 74. 36. 43. 32.  3.  2. 56.  3. 34.  1. 53.
 40. 68.  4. 47.  1. 48. 54.  0.  0.  0.  0.  0.  0.  1.  0.  0.  0.  0.
  0.  0.  0.  0.  0.  1.  0.  0.  0.  0.  0.  0.  0.  0. 95.] 0.0 940.0 0.17789473684210524 0.10106382978723405
Accuracy = 70.74% -> 67.77%

17
ent tensor(0.0686) tensor(0.5736) tensor(45.2104, dtype=torch.float64) tensor(45.2104, dtype=torch.float64)
cls_count [1.400e+01 3.800e+01 3.100e+01 3.800e+01 6.700e+01 3.800e+01 1.500e+01
 8.000e+00 6.000e+00 3.400e+01 2.900e+01 9.100e+01 4.900e+01 1.200e+01
 3.400e+01 9.000e+00 5.700e+01 3.100e+01 2.100e+01 6.500e+01 1.700e+01
 5.500e+01 6.000e+00 4.700e+01 3.300e+01 2.300e+01 4.500e+01 4.900e+01
 1.210e+02 2.000e+00 1.900e+01 2.500e+01 7.000e+00 4.100e+01 1.600e+01
 3.800e+01 1.500e+01 8.000e+00 4.700e+01 4.700e+01 2.400e+01 4.500e+01
 2.800e+01 2.900e+01 4.900e+01 8.000e+00 5.400e+01 6.900e+01 5.200e+01
 4.600e+01 2.613e+03] 0.0007654037504783774 4365.0 0.01340987370838117 0.5986254295532646
cls_count [ 14.  38.  31.  38.  67.  38.  15.   8.   6.  34.  29.  91.  49.  12.
  34.   9.  57.  31.  21.  65.  17.  55.   6.  47.  33.  23.  45.  49.
 121.   2.  19.  25.   7.  41.  16.  38.  15.   8.  47.  47.  24.  45.
  28.  29.  49.   8.  54.  69.  52.  46.] 0.0 2.0 121.0 0.01652892561983471
51
acc [29.16666667 73.17073171 25.25252525 65.38461538 15.15151515 57.5
 30.95238095  5.05050505 14.28571429 31.31313131 57.5        36.36363636
 49.49494949 30.         26.26262626  9.18367347 47.47474747 48.71794872
 26.5625     65.65656566 24.3902439  50.50505051 12.5        39.02439024
 24.24242424 31.88405797 51.31578947 38.38383838 58.58585859  5.
 44.18604651 19.27710843 12.5        61.66666667 32.5        60.
 12.5        13.04347826 64.         68.65671642 47.05882353 46.66666667
 16.98113208 32.18390805 52.22222222  7.5        32.87671233 59.5959596
 56.41025641 69.56521739 80.89430894] 51 H_score 51.517847903386986
Task: office-home, Iter:345/690; Accuracy = 38.64% / 37.79% / 80.89%
ent tensor(0.1433) tensor(0.0703) tensor(16.0694, dtype=torch.float64) tensor(20.3607, dtype=torch.float64)
all_output1 tensor([0.0159, 0.0150, 0.0083, 0.0143, 0.0122, 0.0150, 0.0128, 0.0131, 0.0106,
        0.0140, 0.0156, 0.0193, 0.0150, 0.0148, 0.0086, 0.0079, 0.0092, 0.0089,
        0.0197, 0.0043, 0.0130, 0.0071, 0.0179, 0.0209, 0.0131, 0.0198, 0.0202,
        0.0076, 0.0226, 0.0096, 0.0192, 0.0164, 0.0223, 0.0198, 0.0045, 0.0094,
        0.0238, 0.0123, 0.0068, 0.0098, 0.0075, 0.0076, 0.0236, 0.0232, 0.0204,
        0.0076, 0.0106, 0.0156, 0.0165, 0.0138, 0.3032])
cls_count [ 59.  54.  29.  61.  44.  57.  47.  51.  38.  51.  56.  72.  60.  55.
  33.  28.  35.  31.  79.   7.  49.  23.  69.  76.  47.  73.  77.  27.
  92.  31.  72.  63.  88.  78.  17.  34.  93.  45.  24.  40.  23.  25.
  92.  92.  76.  29.  37.  52.  67.  53. 897.] 0.007803790412486065 3508.0 0.05821627647714604 0.2557012542759407
Accuracy = 84.12% -> 84.06%

50
ent tensor(0.1748) tensor(0.0963) tensor(17.9009, dtype=torch.float64) tensor(23.5552, dtype=torch.float64)
all_output1 tensor([0.0010, 0.0170, 0.0550, 0.0307, 0.0311, 0.0061, 0.0457, 0.0658, 0.0267,
        0.0284, 0.0238, 0.0029, 0.0020, 0.0405, 0.0030, 0.0241, 0.0010, 0.0364,
        0.0339, 0.0407, 0.0033, 0.0342, 0.0019, 0.0369, 0.0389, 0.0006, 0.0006,
        0.0007, 0.0018, 0.0008, 0.0006, 0.0011, 0.0011, 0.0007, 0.0005, 0.0005,
        0.0005, 0.0007, 0.0006, 0.0004, 0.0005, 0.0015, 0.0004, 0.0005, 0.0007,
        0.0005, 0.0005, 0.0005, 0.0006, 0.0005, 0.3518])
cls_count [  0.  19.  61.  28.  33.   4.  48.  70.  23.  27.  21.   2.   1.  40.
   3.  25.   0.  37.  37.  35.   2.  36.   0.  36.  40.   0.   0.   0.
   1.   0.   0.   0.   0.   0.   0.   0.   0.   0.   0.   0.   0.   1.
   0.   0.   0.   0.   0.   0.   0.   0. 310.] 0.0 940.0 0.04064516129032258 0.32978723404255317
Accuracy = 69.89% -> 67.77%

17
ent tensor(0.0689) tensor(0.5836) tensor(45.1849, dtype=torch.float64) tensor(45.1849, dtype=torch.float64)
cls_count [1.400e+01 3.800e+01 3.200e+01 3.900e+01 6.700e+01 3.900e+01 1.600e+01
 5.000e+00 6.000e+00 3.400e+01 2.900e+01 9.100e+01 4.900e+01 1.100e+01
 3.300e+01 9.000e+00 5.800e+01 3.100e+01 2.100e+01 6.700e+01 1.600e+01
 5.200e+01 6.000e+00 4.600e+01 3.400e+01 2.300e+01 4.600e+01 4.900e+01
 1.210e+02 2.000e+00 1.900e+01 2.500e+01 7.000e+00 4.100e+01 1.700e+01
 3.800e+01 1.500e+01 9.000e+00 4.600e+01 4.700e+01 2.400e+01 4.200e+01
 2.800e+01 3.000e+01 4.900e+01 8.000e+00 5.300e+01 6.900e+01 5.200e+01
 4.700e+01 2.615e+03] 0.0007648183556405354 4365.0 0.01338432122370937 0.5990836197021764
cls_count [ 14.  38.  32.  39.  67.  39.  16.   5.   6.  34.  29.  91.  49.  11.
  33.   9.  58.  31.  21.  67.  16.  52.   6.  46.  34.  23.  46.  49.
 121.   2.  19.  25.   7.  41.  17.  38.  15.   9.  46.  47.  24.  42.
  28.  30.  49.   8.  53.  69.  52.  47.] 0.0 2.0 121.0 0.01652892561983471
51
acc [29.16666667 73.17073171 25.25252525 67.30769231 15.15151515 57.5
 33.33333333  2.02020202 14.28571429 31.31313131 57.5        35.35353535
 49.49494949 27.5        25.25252525  9.18367347 48.48484848 48.71794872
 26.5625     67.67676768 21.95121951 47.47474747 12.5        36.58536585
 25.25252525 31.88405797 52.63157895 38.38383838 58.58585859  5.
 44.18604651 19.27710843 12.5        61.66666667 35.         60.
 12.5        15.2173913  62.         68.65671642 47.05882353 46.66666667
 16.98113208 33.33333333 52.22222222  7.5        31.50684932 59.5959596
 56.41025641 71.73913043 80.79268293] 51 H_score 51.475470781820434
Task: office-home, Iter:414/690; Accuracy = 38.61% / 37.77% / 80.79%
ent tensor(0.1513) tensor(0.0794) tensor(24.3350, dtype=torch.float64) tensor(31.8935, dtype=torch.float64)
all_output1 tensor([0.0126, 0.0105, 0.0061, 0.0119, 0.0099, 0.0110, 0.0098, 0.0118, 0.0076,
        0.0097, 0.0138, 0.0132, 0.0122, 0.0148, 0.0068, 0.0060, 0.0061, 0.0078,
        0.0127, 0.0033, 0.0088, 0.0055, 0.0146, 0.0164, 0.0105, 0.0153, 0.0151,
        0.0065, 0.0157, 0.0066, 0.0171, 0.0136, 0.0188, 0.0135, 0.0032, 0.0082,
        0.0204, 0.0120, 0.0064, 0.0079, 0.0058, 0.0045, 0.0192, 0.0172, 0.0174,
        0.0064, 0.0095, 0.0125, 0.0146, 0.0135, 0.4457])
cls_count [  50.   41.   18.   48.   34.   40.   39.   44.   24.   22.   49.   47.
   42.   55.   26.   20.   19.   27.   40.    6.   33.   17.   53.   60.
   41.   56.   59.   22.   58.   18.   67.   55.   67.   50.   11.   29.
   79.   44.   22.   27.   14.   11.   74.   68.   67.   23.   34.   45.
   57.   48. 1508.] 0.003978779840848806 3508.0 0.026525198938992044 0.4298745724059293
Accuracy = 84.09% -> 84.06%

50
ent tensor(0.1676) tensor(0.1023) tensor(25.8643, dtype=torch.float64) tensor(33.3855, dtype=torch.float64)
all_output1 tensor([7.2029e-04, 1.3179e-02, 3.8764e-02, 2.5286e-02, 2.3954e-02, 4.4076e-03,
        3.6301e-02, 6.0095e-02, 1.9594e-02, 2.3225e-02, 1.9838e-02, 2.3872e-03,
        1.3400e-03, 3.5003e-02, 2.0053e-03, 1.9435e-02, 5.6942e-04, 3.2154e-02,
        2.2497e-02, 3.1244e-02, 1.4029e-03, 2.6694e-02, 1.4508e-03, 2.7377e-02,
        3.3478e-02, 4.9409e-04, 4.5412e-04, 5.5377e-04, 1.0155e-03, 6.7330e-04,
        4.6857e-04, 1.0735e-03, 9.8118e-04, 5.3478e-04, 3.9719e-04, 3.6307e-04,
        4.1631e-04, 5.7697e-04, 4.9290e-04, 3.1818e-04, 4.4362e-04, 6.7277e-04,
        3.5374e-04, 4.0449e-04, 5.9407e-04, 3.6981e-04, 4.4178e-04, 4.5673e-04,
        4.7004e-04, 4.2075e-04, 4.8416e-01])
cls_count [  0.  13.  36.  25.  22.   4.  40.  64.  15.  22.  16.   2.   0.  37.
   2.  19.   0.  32.  17.  24.   1.  20.   0.  29.  31.   0.   0.   0.
   0.   0.   0.   1.   0.   0.   0.   0.   0.   0.   0.   0.   0.   0.
   0.   0.   0.   0.   0.   0.   0.   0. 468.] 0.0 940.0 0.02017094017094017 0.49787234042553197
Accuracy = 70.00% -> 67.77%

17
ent tensor(0.0600) tensor(0.5972) tensor(47.1652, dtype=torch.float64) tensor(47.1652, dtype=torch.float64)
cls_count [1.400e+01 3.700e+01 3.100e+01 3.800e+01 6.700e+01 3.900e+01 1.500e+01
 5.000e+00 6.000e+00 3.400e+01 2.800e+01 8.900e+01 4.900e+01 1.100e+01
 3.300e+01 7.000e+00 5.800e+01 3.200e+01 2.100e+01 6.500e+01 1.600e+01
 5.200e+01 6.000e+00 4.400e+01 3.400e+01 2.100e+01 4.600e+01 4.900e+01
 1.200e+02 2.000e+00 1.900e+01 2.400e+01 7.000e+00 4.100e+01 1.600e+01
 3.800e+01 1.500e+01 9.000e+00 4.600e+01 4.700e+01 2.400e+01 4.200e+01
 2.700e+01 3.000e+01 4.900e+01 8.000e+00 5.500e+01 6.700e+01 5.200e+01
 4.700e+01 2.633e+03] 0.0007595898214963919 4365.0 0.013156095708317508 0.6032073310423827
cls_count [ 14.  37.  31.  38.  67.  39.  15.   5.   6.  34.  28.  89.  49.  11.
  33.   7.  58.  32.  21.  65.  16.  52.   6.  44.  34.  21.  46.  49.
 120.   2.  19.  24.   7.  41.  16.  38.  15.   9.  46.  47.  24.  42.
  27.  30.  49.   8.  55.  67.  52.  47.] 0.0 2.0 120.0 0.016666666666666666
51
acc [29.16666667 70.73170732 24.24242424 65.38461538 15.15151515 57.5
 30.95238095  2.02020202 14.28571429 31.31313131 57.5        35.35353535
 49.49494949 27.5        25.25252525  7.14285714 47.47474747 48.71794872
 26.5625     65.65656566 21.95121951 47.47474747 12.5        36.58536585
 25.25252525 30.43478261 52.63157895 38.38383838 58.58585859  5.
 44.18604651 19.27710843 12.5        61.66666667 35.         60.
 12.5        15.2173913  62.         68.65671642 47.05882353 46.66666667
 16.98113208 33.33333333 52.22222222  7.5        31.50684932 58.58585859
 56.41025641 71.73913043 80.99593496] 51 H_score 51.23158502220865
Task: office-home, Iter:483/690; Accuracy = 38.32% / 37.46% / 81.00%
ent tensor(0.1389) tensor(0.0833) tensor(33.0399, dtype=torch.float64) tensor(41.4259, dtype=torch.float64)
all_output1 tensor([0.0113, 0.0095, 0.0046, 0.0108, 0.0058, 0.0071, 0.0067, 0.0100, 0.0060,
        0.0072, 0.0112, 0.0122, 0.0093, 0.0111, 0.0037, 0.0044, 0.0039, 0.0058,
        0.0086, 0.0032, 0.0091, 0.0045, 0.0119, 0.0161, 0.0065, 0.0151, 0.0141,
        0.0046, 0.0123, 0.0035, 0.0132, 0.0123, 0.0151, 0.0114, 0.0024, 0.0059,
        0.0157, 0.0088, 0.0056, 0.0067, 0.0049, 0.0033, 0.0158, 0.0136, 0.0128,
        0.0059, 0.0084, 0.0109, 0.0116, 0.0093, 0.5562])
cls_count [  45.   36.   12.   37.   16.   18.   24.   36.   17.   11.   41.   40.
   20.   37.    8.   14.   10.   19.   22.    5.   32.   13.   41.   57.
   19.   52.   53.   15.   42.    9.   48.   43.   58.   39.    8.   19.
   57.   31.   19.   21.    9.    8.   60.   50.   45.   18.   28.   39.
   41.   28. 2038.] 0.0024533856722276743 3508.0 0.014425907752698723 0.5809578107183581
Accuracy = 84.15% -> 84.12%

50
ent tensor(0.1490) tensor(0.1059) tensor(36.0159, dtype=torch.float64) tensor(43.1878, dtype=torch.float64)
all_output1 tensor([4.8926e-04, 1.2684e-02, 2.6195e-02, 2.4168e-02, 1.4745e-02, 2.8475e-03,
        2.5251e-02, 4.6164e-02, 1.6713e-02, 1.9533e-02, 1.3727e-02, 2.6418e-03,
        1.0074e-03, 2.4487e-02, 1.4418e-03, 1.3391e-02, 3.9615e-04, 2.3851e-02,
        1.4814e-02, 2.3718e-02, 2.2056e-03, 2.0615e-02, 1.1404e-03, 2.4942e-02,
        2.0186e-02, 3.7460e-04, 3.9262e-04, 4.1934e-04, 5.0040e-04, 5.0079e-04,
        3.9875e-04, 9.6343e-04, 9.0302e-04, 4.7637e-04, 3.2611e-04, 2.9908e-04,
        3.0445e-04, 4.9015e-04, 3.9648e-04, 2.7845e-04, 3.4772e-04, 5.1017e-04,
        2.6748e-04, 3.3028e-04, 4.9239e-04, 3.0837e-04, 3.6075e-04, 4.0074e-04,
        3.4269e-04, 3.0883e-04, 6.1195e-01])
cls_count [  0.  13.  16.  23.   8.   1.  22.  46.  12.  17.  10.   3.   0.  19.
   0.  13.   0.  23.  10.  15.   2.  15.   0.  24.  13.   0.   0.   0.
   0.   0.   0.   1.   0.   0.   0.   0.   0.   0.   0.   0.   0.   0.
   0.   0.   0.   0.   0.   0.   0.   0. 634.] 0.0 940.0 0.009652996845425867 0.6744680851063829
Accuracy = 69.89% -> 67.77%

17
ent tensor(0.0601) tensor(0.6143) tensor(47.7535, dtype=torch.float64) tensor(47.7535, dtype=torch.float64)
cls_count [1.300e+01 3.600e+01 3.100e+01 3.800e+01 6.600e+01 3.800e+01 1.500e+01
 5.000e+00 6.000e+00 3.400e+01 2.800e+01 8.100e+01 4.900e+01 9.000e+00
 3.300e+01 7.000e+00 5.800e+01 3.200e+01 2.100e+01 6.300e+01 1.500e+01
 5.100e+01 6.000e+00 4.200e+01 3.300e+01 2.100e+01 4.500e+01 4.700e+01
 1.180e+02 2.000e+00 1.900e+01 2.400e+01 5.000e+00 4.100e+01 1.300e+01
 3.800e+01 1.500e+01 8.000e+00 4.500e+01 4.700e+01 2.400e+01 4.200e+01
 2.700e+01 2.800e+01 4.900e+01 8.000e+00 5.500e+01 6.600e+01 5.200e+01
 4.700e+01 2.669e+03] 0.0007493443237167478 4365.0 0.012708879730236045 0.611454753722795
cls_count [ 13.  36.  31.  38.  66.  38.  15.   5.   6.  34.  28.  81.  49.   9.
  33.   7.  58.  32.  21.  63.  15.  51.   6.  42.  33.  21.  45.  47.
 118.   2.  19.  24.   5.  41.  13.  38.  15.   8.  45.  47.  24.  42.
  27.  28.  49.   8.  55.  66.  52.  47.] 0.0 2.0 118.0 0.01694915254237288
51
acc [27.08333333 68.29268293 24.24242424 65.38461538 14.14141414 55.
 30.95238095  2.02020202 14.28571429 31.31313131 57.5        32.32323232
 49.49494949 22.5        25.25252525  7.14285714 47.47474747 48.71794872
 26.5625     63.63636364 19.51219512 46.46464646 12.5        34.14634146
 24.24242424 30.43478261 51.31578947 36.36363636 56.56565657  5.
 44.18604651 19.27710843  8.92857143 61.66666667 27.5        60.
 12.5        15.2173913  62.         68.65671642 47.05882353 46.66666667
 16.98113208 31.03448276 52.22222222  7.5        31.50684932 57.57575758
 56.41025641 71.73913043 81.40243902] 51 H_score 50.467394507761746
Task: office-home, Iter:552/690; Accuracy = 37.45% / 36.57% / 81.40%
ent tensor(0.1235) tensor(0.0824) tensor(40.8951, dtype=torch.float64) tensor(48.6693, dtype=torch.float64)
all_output1 tensor([0.0089, 0.0098, 0.0033, 0.0055, 0.0048, 0.0064, 0.0049, 0.0093, 0.0043,
        0.0057, 0.0096, 0.0049, 0.0082, 0.0124, 0.0029, 0.0039, 0.0047, 0.0048,
        0.0077, 0.0025, 0.0042, 0.0032, 0.0079, 0.0144, 0.0054, 0.0113, 0.0102,
        0.0030, 0.0086, 0.0045, 0.0116, 0.0071, 0.0120, 0.0106, 0.0029, 0.0059,
        0.0137, 0.0070, 0.0070, 0.0062, 0.0039, 0.0036, 0.0113, 0.0087, 0.0086,
        0.0039, 0.0064, 0.0084, 0.0087, 0.0090, 0.6464])
cls_count [  30.   32.    9.   13.   11.   16.   13.   34.   12.    5.   30.   14.
   16.   41.    6.   13.   13.   16.   22.    5.   14.    9.   24.   57.
   14.   33.   33.    6.   24.   14.   40.   22.   41.   36.   11.   18.
   48.   25.   24.   19.    8.    7.   38.   24.   24.   14.   21.   29.
   28.   32. 2420.] 0.002066115702479339 3508.0 0.008991735537190083 0.6898517673888256
Accuracy = 84.12% -> 84.15%

50
ent tensor(0.1317) tensor(0.1084) tensor(42.6222, dtype=torch.float64) tensor(47.1395, dtype=torch.float64)
all_output1 tensor([4.1448e-04, 1.1218e-02, 2.1535e-02, 1.5277e-02, 1.3754e-02, 2.3658e-03,
        2.1145e-02, 4.1425e-02, 1.2688e-02, 1.8411e-02, 1.0752e-02, 1.0463e-03,
        4.6666e-04, 2.1522e-02, 1.1690e-03, 1.2650e-02, 3.2746e-04, 1.6821e-02,
        1.2523e-02, 2.2085e-02, 3.9989e-04, 1.3857e-02, 5.0430e-04, 2.1650e-02,
        1.7525e-02, 3.0902e-04, 2.9829e-04, 3.3860e-04, 3.2535e-04, 4.5383e-04,
        2.8805e-04, 3.5583e-04, 7.2844e-04, 3.8582e-04, 2.6377e-04, 2.2031e-04,
        2.4081e-04, 3.7062e-04, 3.5854e-04, 1.8782e-04, 2.6975e-04, 3.9488e-04,
        2.2098e-04, 2.6791e-04, 2.9248e-04, 2.1874e-04, 2.7842e-04, 2.5758e-04,
        2.8904e-04, 2.5831e-04, 6.8060e-01])
cls_count [  0.  11.  13.  11.   8.   1.  18.  37.  11.  17.   8.   1.   0.  15.
   0.  11.   0.  10.   9.  12.   0.   7.   0.  17.  15.   0.   0.   0.
   0.   0.   0.   0.   0.   0.   0.   0.   0.   0.   0.   0.   0.   0.
   0.   0.   0.   0.   0.   0.   0.   0. 708.] 0.0 940.0 0.00655367231638418 0.7531914893617021
Accuracy = 70.00% -> 67.87%

17
ent tensor(0.0613) tensor(0.6242) tensor(47.7208, dtype=torch.float64) tensor(47.7208, dtype=torch.float64)
cls_count [1.300e+01 3.600e+01 2.900e+01 3.800e+01 6.700e+01 3.800e+01 1.500e+01
 5.000e+00 6.000e+00 3.400e+01 2.800e+01 7.700e+01 5.000e+01 1.000e+01
 3.300e+01 8.000e+00 5.800e+01 3.100e+01 2.100e+01 6.300e+01 1.600e+01
 5.100e+01 6.000e+00 4.200e+01 3.400e+01 2.000e+01 4.200e+01 4.800e+01
 1.190e+02 2.000e+00 1.900e+01 2.300e+01 5.000e+00 4.100e+01 1.300e+01
 3.800e+01 1.500e+01 7.000e+00 4.400e+01 4.700e+01 2.300e+01 4.200e+01
 2.700e+01 2.600e+01 4.800e+01 8.000e+00 5.500e+01 6.600e+01 5.000e+01
 4.700e+01 2.681e+03] 0.0007459903021260724 4365.0 0.012562476687803059 0.6142038946162658
cls_count [ 13.  36.  29.  38.  67.  38.  15.   5.   6.  34.  28.  77.  50.  10.
  33.   8.  58.  31.  21.  63.  16.  51.   6.  42.  34.  20.  42.  48.
 119.   2.  19.  23.   5.  41.  13.  38.  15.   7.  44.  47.  23.  42.
  27.  26.  48.   8.  55.  66.  50.  47.] 0.0 2.0 119.0 0.01680672268907563
51
acc [27.08333333 68.29268293 23.23232323 65.38461538 15.15151515 55.
 30.95238095  2.02020202 14.28571429 31.31313131 57.5        31.31313131
 49.49494949 25.         25.25252525  8.16326531 47.47474747 48.71794872
 26.5625     63.63636364 21.95121951 46.46464646 12.5        34.14634146
 25.25252525 28.98550725 48.68421053 37.37373737 57.57575758  5.
 44.18604651 19.27710843  8.92857143 61.66666667 27.5        60.
 12.5        13.04347826 60.         68.65671642 45.09803922 46.66666667
 16.98113208 28.73563218 51.11111111  7.5        31.50684932 57.57575758
 53.84615385 71.73913043 81.60569106] 51 H_score 50.349572700947945
Task: office-home, Iter:621/690; Accuracy = 37.29% / 36.41% / 81.61%
