nohup: 忽略输入
ckpt/source/oda/office-home/A
Namespace(batch_size=64, bottleneck=256, class_num=25, classifier='bn', cls_par=0.6, da='oda', distance='cosine', dset='office-home', ent=True, ent_par=1.0, epsilon=1e-05, extra_class=1, gent=True, gpu_id='0', interval=20, issave=False, layer='wn', lr=0.01, lr_decay1=0.1, lr_decay2=1.0, max_epoch=20, name='office-home', name1='AC', net='resnet50', out_file=<_io.TextIOWrapper name='ckpt/target/oda/office-home-addfc+gent/log_par_0.6.txt' mode='w' encoding='UTF-8'>, output='ckpt/target', output_dir='ckpt/target/oda/office-home-addfc+gent', output_dir_src='ckpt/source/oda/office-home/A', output_src='ckpt/source', s=0, s_dset_path='./data/office-home/Art.txt', savename='par_0.6', seed=2020, src_classes=[0, 1, 2, 3, 4, 5, 6, 7, 8, 9, 10, 11, 12, 13, 14, 15, 16, 17, 18, 19, 20, 21, 22, 23, 24], t=1, t_dset_path='./data/office-home/Clipart.txt', tar_classes=[0, 1, 2, 3, 4, 5, 6, 7, 8, 9, 10, 11, 12, 13, 14, 15, 16, 17, 18, 19, 20, 21, 22, 23, 24, 25, 26, 27, 28, 29, 30, 31, 32, 33, 34, 35, 36, 37, 38, 39, 40, 41, 42, 43, 44, 45, 46, 47, 48, 49, 50, 51, 52, 53, 54, 55, 56, 57, 58, 59, 60, 61, 62, 63, 64], test_dset_path='./data/office-home/Clipart.txt', threshold=0, worker=4)
/homes/jh015/.conda/envs/hj_trans/lib/python3.7/site-packages/torchvision/models/_utils.py:209: UserWarning: The parameter 'pretrained' is deprecated since 0.13 and will be removed in 0.15, please use 'weights' instead.
  f"The parameter '{pretrained_param}' is deprecated since 0.13 and will be removed in 0.15, "
/homes/jh015/.conda/envs/hj_trans/lib/python3.7/site-packages/torchvision/models/_utils.py:223: UserWarning: Arguments other than a weight enum or `None` for 'weights' are deprecated since 0.13 and will be removed in 0.15. The current behavior is equivalent to passing `weights=ResNet50_Weights.IMAGENET1K_V1`. You can also use `weights=ResNet50_Weights.DEFAULT` to get the most up-to-date weights.
  warnings.warn(msg)
ent tensor(0.5024) tensor(0.5879) tensor(1.9453) tensor(0.3627) tensor(8.7462)
cls_count [1.500e+01 1.150e+02 3.400e+01 4.400e+01 1.010e+02 8.300e+01 1.800e+01
 2.000e+00 6.000e+00 1.660e+02 6.000e+01 1.690e+02 7.500e+01 1.500e+01
 9.000e+01 5.000e+00 2.070e+02 1.810e+02 4.300e+01 8.400e+01 2.900e+01
 8.200e+01 8.800e+01 7.900e+01 2.000e+01 2.554e+03] 0.0007830853563038371 4365.0 0.02836335160532498 0.5851088201603665
cls_count [ 15. 115.  34.  44. 101.  83.  18.   2.   6. 166.  60. 169.  75.  15.
  90.   5. 207. 181.  43.  84.  29.  82.  88.  79.  20.] 0.0 2.0 207.0 0.00966183574879227
[0, 1, 2, 3, 4, 5, 6, 7, 8, 9, 10, 11, 12, 13, 14, 15, 16, 17, 18, 19, 20, 21, 22, 23, 24]
26
acc [20.83333333 80.48780488 24.24242424 69.23076923 32.32323232 80.
 16.66666667  0.          4.76190476 89.8989899  77.5        14.14141414
 59.5959596  30.         40.4040404   5.10204082 55.55555556 56.41025641
 32.8125     73.73737374 34.14634146 57.57575758 60.         29.26829268
 15.15151515 66.94785276] 26 H_score 51.91389981379774
Task: office-home, Iter:0/1380; Accuracy = 43.34% / 42.39% / 66.95%
ent tensor(0.1898) tensor(0.3014) tensor(2.1668) tensor(0.3719) tensor(10.7845)
cls_count [  16.  184.   77.   72.  147.  119.   70.    4.   15.  165.  112.  174.
  120.   56.  116.   15.  197.  238.  106.  107.   67.  129.   92.  112.
   43. 1812.] 0.002207505518763797 4365.0 0.05635761589403974 0.4151202749140893
cls_count [ 16. 184.  77.  72. 147. 119.  70.   4.  15. 165. 112. 174. 120.  56.
 116.  15. 197. 238. 106. 107.  67. 129.  92. 112.  43.] 0.0 4.0 238.0 0.01680672268907563
[0, 1, 2, 3, 4, 5, 6, 7, 8, 9, 10, 11, 12, 13, 14, 15, 16, 17, 18, 19, 20, 21, 22, 23, 24]
26
acc [27.08333333 97.56097561 49.49494949 78.84615385 47.47474747 87.5
 57.14285714  3.03030303  9.52380952 93.93939394 85.         19.19191919
 67.67676768 82.5        43.43434343 13.26530612 54.54545455 64.1025641
 71.875      86.86868687 43.90243902 64.64646465 65.         56.09756098
 23.23232323 50.11503067] 26 H_score 52.76793753305032
Task: office-home, Iter:69/1380; Accuracy = 55.50% / 55.72% / 50.12%
ent tensor(0.1425) tensor(0.2311) tensor(2.2661) tensor(0.2747) tensor(6.4902)
cls_count [  22.  204.   98.  115.  156.  139.   84.   11.   23.  171.  120.  183.
  147.   75.  148.   15.  225.  248.  125.  127.  102.  152.  124.  133.
   77. 1341.] 0.00820283370618941 4365.0 0.09020134228187919 0.30721649484536084
cls_count [ 22. 204.  98. 115. 156. 139.  84.  11.  23. 171. 120. 183. 147.  75.
 148.  15. 225. 248. 125. 127. 102. 152. 124. 133.  77.] 0.0 11.0 248.0 0.04435483870967742
[0, 1, 2, 3, 4, 5, 6, 7, 8, 9, 10, 11, 12, 13, 14, 15, 16, 17, 18, 19, 20, 21, 22, 23, 24]
26
acc [ 41.66666667 100.          60.60606061  82.69230769  51.51515152
  87.5         61.9047619    9.09090909  14.28571429  94.94949495
  85.          21.21212121  70.70707071  92.5         51.51515152
  13.26530612  63.63636364  61.53846154  75.          87.87878788
  53.65853659  69.6969697   72.5         56.09756098  36.36363636
  38.8803681 ] 26 H_score 47.3664753147408
Task: office-home, Iter:138/1380; Accuracy = 59.76% / 60.59% / 38.88%
ent tensor(0.1069) tensor(0.1902) tensor(2.2521) tensor(0.2453) tensor(5.3157)
cls_count [  27.  206.  116.  115.  171.  142.  101.   14.   22.  174.  124.  181.
  147.   75.  155.   19.  227.  249.  136.  130.  134.  166.  129.  155.
   82. 1168.] 0.011986301369863013 4365.0 0.10948630136986301 0.2675830469644903
cls_count [ 27. 206. 116. 115. 171. 142. 101.  14.  22. 174. 124. 181. 147.  75.
 155.  19. 227. 249. 136. 130. 134. 166. 129. 155.  82.] 0.0 14.0 249.0 0.05622489959839357
[0, 1, 2, 3, 4, 5, 6, 7, 8, 9, 10, 11, 12, 13, 14, 15, 16, 17, 18, 19, 20, 21, 22, 23, 24]
26
acc [ 52.08333333 100.          67.67676768  84.61538462  55.55555556
  87.5         64.28571429  12.12121212  14.28571429  95.95959596
  85.          23.23232323  70.70707071  90.          52.52525253
  16.32653061  62.62626263  58.97435897  76.5625      87.87878788
  60.97560976  71.71717172  72.5         56.09756098  40.4040404
  34.24079755] 26 H_score 44.213973732642884
Task: office-home, Iter:207/1380; Accuracy = 61.30% / 62.38% / 34.24%
ent tensor(0.0920) tensor(0.1717) tensor(2.2748) tensor(0.2243) tensor(4.4821)
cls_count [  27.  207.  123.  133.  176.  142.  107.   19.   26.  184.  126.  185.
  146.   84.  155.   23.  232.  257.  135.  133.  149.  169.  129.  159.
   86. 1053.] 0.018043684710351376 4365.0 0.1258119658119658 0.2412371134020619
cls_count [ 27. 207. 123. 133. 176. 142. 107.  19.  26. 184. 126. 185. 146.  84.
 155.  23. 232. 257. 135. 133. 149. 169. 129. 159.  86.] 0.0 19.0 257.0 0.07392996108949416
[0, 1, 2, 3, 4, 5, 6, 7, 8, 9, 10, 11, 12, 13, 14, 15, 16, 17, 18, 19, 20, 21, 22, 23, 24]
26
acc [ 52.08333333 100.          70.70707071  84.61538462  54.54545455
  87.5         64.28571429  15.15151515  19.04761905  95.95959596
  82.5         23.23232323  70.70707071  92.5         52.52525253
  21.42857143  65.65656566  58.97435897  76.5625      87.87878788
  60.97560976  71.71717172  72.5         56.09756098  40.4040404
  30.86656442] 26 H_score 41.45522900914532
Task: office-home, Iter:276/1380; Accuracy = 61.86% / 63.10% / 30.87%
ent tensor(0.0831) tensor(0.1572) tensor(2.2434) tensor(0.1917) tensor(3.3868)
cls_count [ 27. 209. 126. 143. 176. 145. 107.  24.  28. 188. 140. 190. 151.  85.
 157.  31. 238. 262. 144. 146. 157. 175. 135. 171.  95. 915.] 0.02622950819672131 4365.0 0.15081967213114755 0.2096219931271478
cls_count [ 27. 209. 126. 143. 176. 145. 107.  24.  28. 188. 140. 190. 151.  85.
 157.  31. 238. 262. 144. 146. 157. 175. 135. 171.  95.] 0.0 24.0 262.0 0.0916030534351145
[0, 1, 2, 3, 4, 5, 6, 7, 8, 9, 10, 11, 12, 13, 14, 15, 16, 17, 18, 19, 20, 21, 22, 23, 24]
26
acc [ 52.08333333 100.          72.72727273  84.61538462  55.55555556
  87.5         64.28571429  16.16161616  19.04761905  95.95959596
  85.          28.28282828  70.70707071  90.          53.53535354
  28.57142857  66.66666667  64.1025641   76.5625      87.87878788
  60.97560976  71.71717172  72.5         56.09756098  44.44444444
  27.3006135 ] 26 H_score 38.30995611679973
Task: office-home, Iter:345/1380; Accuracy = 62.78% / 64.20% / 27.30%
ent tensor(0.0681) tensor(0.1442) tensor(2.2050) tensor(0.1893) tensor(3.2148)
cls_count [ 28. 209. 126. 140. 175. 142. 110.  28.  27. 188. 152. 186. 150.  93.
 160.  32. 239. 259. 146. 146. 168. 177. 137. 182.  99. 866.] 0.03117782909930716 4365.0 0.16161662817551964 0.19839633447880867
cls_count [ 28. 209. 126. 140. 175. 142. 110.  28.  27. 188. 152. 186. 150.  93.
 160.  32. 239. 259. 146. 146. 168. 177. 137. 182.  99.] 0.0 27.0 259.0 0.10424710424710425
[0, 1, 2, 3, 4, 5, 6, 7, 8, 9, 10, 11, 12, 13, 14, 15, 16, 17, 18, 19, 20, 21, 22, 23, 24]
26
acc [ 54.16666667 100.          72.72727273  84.61538462  54.54545455
  87.5         64.28571429  17.17171717  19.04761905  95.95959596
  85.          28.28282828  70.70707071  90.          54.54545455
  30.6122449   67.67676768  58.97435897  78.125       87.87878788
  60.97560976  71.71717172  72.5         58.53658537  45.45454545
  25.69018405] 26 H_score 36.735244494377554
Task: office-home, Iter:414/1380; Accuracy = 62.95% / 64.44% / 25.69%
ent tensor(0.0607) tensor(0.1328) tensor(2.1462) tensor(0.1716) tensor(2.7505)
cls_count [ 28. 207. 128. 149. 176. 143. 114.  37.  31. 189. 160. 186. 151. 102.
 159.  35. 237. 257. 154. 145. 164. 179. 137. 189. 101. 807.] 0.03469640644361834 4365.0 0.17635687732342006 0.18487972508591066
cls_count [ 28. 207. 128. 149. 176. 143. 114.  37.  31. 189. 160. 186. 151. 102.
 159.  35. 237. 257. 154. 145. 164. 179. 137. 189. 101.] 0.0 28.0 257.0 0.10894941634241245
[0, 1, 2, 3, 4, 5, 6, 7, 8, 9, 10, 11, 12, 13, 14, 15, 16, 17, 18, 19, 20, 21, 22, 23, 24]
26
acc [ 54.16666667 100.          72.72727273  84.61538462  53.53535354
  87.5         66.66666667  22.22222222  19.04761905  95.95959596
  85.          29.29292929  70.70707071  92.5         54.54545455
  31.63265306  66.66666667  61.53846154  81.25        87.87878788
  60.97560976  72.72727273  72.5         58.53658537  45.45454545
  24.27147239] 26 H_score 35.36053550136985
Task: office-home, Iter:483/1380; Accuracy = 63.54% / 65.11% / 24.27%
ent tensor(0.0473) tensor(0.1294) tensor(2.2748) tensor(0.1838) tensor(2.9807)
cls_count [ 28. 207. 127. 150. 176. 142. 116.  41.  31. 188. 156. 186. 151. 100.
 159.  33. 237. 258. 155. 143. 163. 180. 137. 186. 102. 813.] 0.03444034440344403 4365.0 0.17476014760147604 0.18625429553264605
cls_count [ 28. 207. 127. 150. 176. 142. 116.  41.  31. 188. 156. 186. 151. 100.
 159.  33. 237. 258. 155. 143. 163. 180. 137. 186. 102.] 0.0 28.0 258.0 0.10852713178294573
[0, 1, 2, 3, 4, 5, 6, 7, 8, 9, 10, 11, 12, 13, 14, 15, 16, 17, 18, 19, 20, 21, 22, 23, 24]
26
acc [ 54.16666667 100.          72.72727273  84.61538462  53.53535354
  87.5         66.66666667  24.24242424  19.04761905  95.95959596
  85.          29.29292929  70.70707071  92.5         54.54545455
  30.6122449   67.67676768  61.53846154  81.25        87.87878788
  60.97560976  72.72727273  72.5         58.53658537  45.45454545
  24.50153374] 26 H_score 35.616070802777614
Task: office-home, Iter:552/1380; Accuracy = 63.62% / 65.19% / 24.50%
ent tensor(0.0473) tensor(0.1244) tensor(2.2398) tensor(0.1684) tensor(2.6623)
cls_count [ 28. 207. 127. 156. 178. 143. 114.  45.  34. 188. 158. 185. 152. 102.
 160.  33. 240. 258. 155. 143. 164. 180. 136. 188. 103. 788.] 0.03553299492385787 4365.0 0.18157360406091372 0.1805269186712486
cls_count [ 28. 207. 127. 156. 178. 143. 114.  45.  34. 188. 158. 185. 152. 102.
 160.  33. 240. 258. 155. 143. 164. 180. 136. 188. 103.] 0.0 28.0 258.0 0.10852713178294573
[0, 1, 2, 3, 4, 5, 6, 7, 8, 9, 10, 11, 12, 13, 14, 15, 16, 17, 18, 19, 20, 21, 22, 23, 24]
26
acc [ 54.16666667 100.          72.72727273  84.61538462  53.53535354
  87.5         64.28571429  25.25252525  19.04761905  95.95959596
  85.          30.3030303   70.70707071  92.5         54.54545455
  30.6122449   67.67676768  61.53846154  81.25        87.87878788
  60.97560976  72.72727273  72.5         58.53658537  46.46464646
  23.81134969] 26 H_score 34.88494392469855
Task: office-home, Iter:621/1380; Accuracy = 63.62% / 65.21% / 23.81%
ent tensor(0.0443) tensor(0.1227) tensor(2.2283) tensor(0.1640) tensor(2.5313)
cls_count [ 28. 206. 128. 158. 179. 144. 116.  43.  34. 188. 162. 184. 155. 102.
 161.  36. 241. 257. 157. 143. 167. 179. 137. 189. 103. 768.] 0.036458333333333336 4365.0 0.18734375 0.17594501718213063
cls_count [ 28. 206. 128. 158. 179. 144. 116.  43.  34. 188. 162. 184. 155. 102.
 161.  36. 241. 257. 157. 143. 167. 179. 137. 189. 103.] 0.0 28.0 257.0 0.10894941634241245
[0, 1, 2, 3, 4, 5, 6, 7, 8, 9, 10, 11, 12, 13, 14, 15, 16, 17, 18, 19, 20, 21, 22, 23, 24]
26
acc [ 54.16666667 100.          72.72727273  84.61538462  53.53535354
  87.5         64.28571429  24.24242424  19.04761905  95.95959596
  85.          29.29292929  71.71717172  92.5         54.54545455
  32.65306122  67.67676768  58.97435897  82.8125      87.87878788
  60.97560976  72.72727273  72.5         58.53658537  46.46464646
  23.1595092 ] 26 H_score 34.18039292702641
Task: office-home, Iter:690/1380; Accuracy = 63.60% / 65.21% / 23.16%
ent tensor(0.0373) tensor(0.1188) tensor(2.2467) tensor(0.1670) tensor(2.5833)
cls_count [ 28. 206. 129. 157. 178. 143. 116.  45.  35. 188. 161. 183. 154. 104.
 161.  35. 241. 257. 158. 143. 165. 180. 139. 190. 103. 766.] 0.03655352480417755 4365.0 0.1879373368146214 0.17548682703321883
cls_count [ 28. 206. 129. 157. 178. 143. 116.  45.  35. 188. 161. 183. 154. 104.
 161.  35. 241. 257. 158. 143. 165. 180. 139. 190. 103.] 0.0 28.0 257.0 0.10894941634241245
[0, 1, 2, 3, 4, 5, 6, 7, 8, 9, 10, 11, 12, 13, 14, 15, 16, 17, 18, 19, 20, 21, 22, 23, 24]
26
acc [ 54.16666667 100.          72.72727273  84.61538462  53.53535354
  87.5         64.28571429  26.26262626  19.04761905  95.95959596
  85.          29.29292929  71.71717172  92.5         54.54545455
  32.65306122  67.67676768  58.97435897  82.8125      87.87878788
  60.97560976  72.72727273  77.5         58.53658537  46.46464646
  23.23619632] 26 H_score 34.30247681225933
Task: office-home, Iter:759/1380; Accuracy = 63.87% / 65.49% / 23.24%
ent tensor(0.0326) tensor(0.1176) tensor(2.2634) tensor(0.1697) tensor(2.6176)
cls_count [ 28. 205. 128. 158. 178. 143. 115.  47.  34. 188. 163. 185. 155. 104.
 162.  35. 241. 256. 158. 143. 165. 179. 139. 190. 103. 763.] 0.03669724770642202 4365.0 0.18883355176933161 0.17479954180985113
cls_count [ 28. 205. 128. 158. 178. 143. 115.  47.  34. 188. 163. 185. 155. 104.
 162.  35. 241. 256. 158. 143. 165. 179. 139. 190. 103.] 0.0 28.0 256.0 0.109375
[0, 1, 2, 3, 4, 5, 6, 7, 8, 9, 10, 11, 12, 13, 14, 15, 16, 17, 18, 19, 20, 21, 22, 23, 24]
26
acc [ 54.16666667 100.          72.72727273  84.61538462  53.53535354
  87.5         64.28571429  28.28282828  19.04761905  95.95959596
  85.          30.3030303   71.71717172  92.5         54.54545455
  32.65306122  67.67676768  58.97435897  82.8125      87.87878788
  60.97560976  72.72727273  77.5         58.53658537  46.46464646
  23.19785276] 26 H_score 34.27723917226201
Task: office-home, Iter:828/1380; Accuracy = 63.98% / 65.62% / 23.20%
ent tensor(0.0306) tensor(0.1177) tensor(2.2904) tensor(0.1705) tensor(2.6083)
cls_count [ 29. 205. 130. 158. 176. 143. 115.  47.  36. 188. 167. 185. 155. 104.
 162.  35. 239. 256. 158. 143. 165. 179. 140. 189. 104. 757.] 0.03830911492734478 4365.0 0.19064729194187582 0.17342497136311574
cls_count [ 29. 205. 130. 158. 176. 143. 115.  47.  36. 188. 167. 185. 155. 104.
 162.  35. 239. 256. 158. 143. 165. 179. 140. 189. 104.] 0.0 29.0 256.0 0.11328125
[0, 1, 2, 3, 4, 5, 6, 7, 8, 9, 10, 11, 12, 13, 14, 15, 16, 17, 18, 19, 20, 21, 22, 23, 24]
26
acc [ 56.25       100.          72.72727273  84.61538462  53.53535354
  87.5         64.28571429  28.28282828  19.04761905  95.95959596
  85.          30.3030303   71.71717172  92.5         54.54545455
  32.65306122  66.66666667  58.97435897  82.8125      87.87878788
  60.97560976  72.72727273  80.          58.53658537  47.47474747
  22.96779141] 26 H_score 34.05003741496666
Task: office-home, Iter:897/1380; Accuracy = 64.15% / 65.80% / 22.97%
ent tensor(0.0283) tensor(0.1172) tensor(2.2425) tensor(0.1665) tensor(2.5223)
cls_count [ 28. 205. 130. 160. 177. 142. 115.  47.  40. 189. 169. 185. 155. 104.
 162.  35. 239. 256. 158. 143. 165. 179. 140. 189. 104. 749.] 0.037383177570093455 4365.0 0.19311081441922562 0.17159221076746844
cls_count [ 28. 205. 130. 160. 177. 142. 115.  47.  40. 189. 169. 185. 155. 104.
 162.  35. 239. 256. 158. 143. 165. 179. 140. 189. 104.] 0.0 28.0 256.0 0.109375
[0, 1, 2, 3, 4, 5, 6, 7, 8, 9, 10, 11, 12, 13, 14, 15, 16, 17, 18, 19, 20, 21, 22, 23, 24]
26
acc [ 54.16666667 100.          72.72727273  84.61538462  53.53535354
  87.5         64.28571429  28.28282828  19.04761905  95.95959596
  85.          30.3030303   71.71717172  92.5         54.54545455
  32.65306122  66.66666667  58.97435897  82.8125      87.87878788
  60.97560976  72.72727273  80.          58.53658537  47.47474747
  22.6993865 ] 26 H_score 33.74321155379425
Task: office-home, Iter:966/1380; Accuracy = 64.06% / 65.72% / 22.70%
ent tensor(0.0256) tensor(0.1170) tensor(2.2511) tensor(0.1678) tensor(2.5420)
cls_count [ 29. 205. 130. 159. 177. 142. 115.  48.  39. 189. 169. 185. 155. 104.
 162.  35. 239. 256. 158. 143. 165. 179. 140. 189. 104. 749.] 0.03871829105473965 4365.0 0.19311081441922562 0.17159221076746844
cls_count [ 29. 205. 130. 159. 177. 142. 115.  48.  39. 189. 169. 185. 155. 104.
 162.  35. 239. 256. 158. 143. 165. 179. 140. 189. 104.] 0.0 29.0 256.0 0.11328125
[0, 1, 2, 3, 4, 5, 6, 7, 8, 9, 10, 11, 12, 13, 14, 15, 16, 17, 18, 19, 20, 21, 22, 23, 24]
26
acc [ 56.25       100.          72.72727273  84.61538462  53.53535354
  87.5         64.28571429  28.28282828  19.04761905  95.95959596
  85.          30.3030303   71.71717172  92.5         54.54545455
  32.65306122  66.66666667  58.97435897  82.8125      87.87878788
  60.97560976  72.72727273  80.          58.53658537  47.47474747
  22.6993865 ] 26 H_score 33.75418688852668
Task: office-home, Iter:1035/1380; Accuracy = 64.14% / 65.80% / 22.70%
ent tensor(0.0247) tensor(0.1176) tensor(2.2354) tensor(0.1648) tensor(2.4845)
cls_count [ 29. 205. 130. 160. 177. 142. 115.  48.  40. 189. 170. 185. 155. 104.
 162.  35. 239. 256. 158. 143. 165. 179. 140. 189. 104. 746.] 0.0388739946380697 4365.0 0.19404825737265413 0.17090492554410075
cls_count [ 29. 205. 130. 160. 177. 142. 115.  48.  40. 189. 170. 185. 155. 104.
 162.  35. 239. 256. 158. 143. 165. 179. 140. 189. 104.] 0.0 29.0 256.0 0.11328125
[0, 1, 2, 3, 4, 5, 6, 7, 8, 9, 10, 11, 12, 13, 14, 15, 16, 17, 18, 19, 20, 21, 22, 23, 24]
26
acc [ 56.25       100.          72.72727273  84.61538462  53.53535354
  87.5         64.28571429  28.28282828  19.04761905  95.95959596
  85.          30.3030303   71.71717172  92.5         54.54545455
  32.65306122  66.66666667  58.97435897  82.8125      87.87878788
  60.97560976  72.72727273  80.          58.53658537  47.47474747
  22.66104294] 26 H_score 33.71177596919971
Task: office-home, Iter:1104/1380; Accuracy = 64.14% / 65.80% / 22.66%
ent tensor(0.0230) tensor(0.1156) tensor(2.2128) tensor(0.1633) tensor(2.4417)
cls_count [ 29. 205. 130. 159. 177. 143. 116.  49.  40. 189. 172. 185. 155. 104.
 162.  35. 239. 256. 158. 143. 167. 179. 140. 191. 104. 738.] 0.03929539295392954 4365.0 0.19658536585365854 0.16907216494845356
cls_count [ 29. 205. 130. 159. 177. 143. 116.  49.  40. 189. 172. 185. 155. 104.
 162.  35. 239. 256. 158. 143. 167. 179. 140. 191. 104.] 0.0 29.0 256.0 0.11328125
[0, 1, 2, 3, 4, 5, 6, 7, 8, 9, 10, 11, 12, 13, 14, 15, 16, 17, 18, 19, 20, 21, 22, 23, 24]
26
acc [ 56.25       100.          72.72727273  84.61538462  53.53535354
  87.5         64.28571429  28.28282828  19.04761905  95.95959596
  85.          30.3030303   71.71717172  92.5         54.54545455
  32.65306122  66.66666667  58.97435897  82.8125      87.87878788
  60.97560976  72.72727273  80.          58.53658537  47.47474747
  22.50766871] 26 H_score 33.54176398675942
Task: office-home, Iter:1173/1380; Accuracy = 64.13% / 65.80% / 22.51%
ent tensor(0.0223) tensor(0.1143) tensor(2.2456) tensor(0.1637) tensor(2.4475)
cls_count [ 30. 205. 130. 159. 177. 142. 115.  50.  41. 189. 170. 185. 155. 104.
 162.  35. 239. 256. 159. 143. 167. 179. 140. 192. 104. 737.] 0.0407055630936228 4365.0 0.19690637720488469 0.16884306987399766
cls_count [ 30. 205. 130. 159. 177. 142. 115.  50.  41. 189. 170. 185. 155. 104.
 162.  35. 239. 256. 159. 143. 167. 179. 140. 192. 104.] 0.0 30.0 256.0 0.1171875
[0, 1, 2, 3, 4, 5, 6, 7, 8, 9, 10, 11, 12, 13, 14, 15, 16, 17, 18, 19, 20, 21, 22, 23, 24]
26
acc [ 58.33333333 100.          72.72727273  84.61538462  53.53535354
  87.5         64.28571429  28.28282828  19.04761905  95.95959596
  85.          30.3030303   71.71717172  92.5         54.54545455
  32.65306122  66.66666667  58.97435897  82.8125      87.87878788
  60.97560976  72.72727273  80.          58.53658537  47.47474747
  22.46932515] 26 H_score 33.509958429540866
Task: office-home, Iter:1242/1380; Accuracy = 64.21% / 65.88% / 22.47%
ent tensor(0.0206) tensor(0.1165) tensor(2.2300) tensor(0.1651) tensor(2.4593)
cls_count [ 30. 205. 130. 159. 177. 142. 116.  50.  41. 189. 170. 185. 155. 104.
 162.  35. 239. 256. 159. 143. 167. 179. 140. 192. 104. 736.] 0.04076086956521739 4365.0 0.19722826086956521 0.16861397479954177
cls_count [ 30. 205. 130. 159. 177. 142. 116.  50.  41. 189. 170. 185. 155. 104.
 162.  35. 239. 256. 159. 143. 167. 179. 140. 192. 104.] 0.0 30.0 256.0 0.1171875
[0, 1, 2, 3, 4, 5, 6, 7, 8, 9, 10, 11, 12, 13, 14, 15, 16, 17, 18, 19, 20, 21, 22, 23, 24]
26
acc [ 58.33333333 100.          72.72727273  84.61538462  53.53535354
  87.5         64.28571429  28.28282828  19.04761905  95.95959596
  85.          30.3030303   71.71717172  92.5         54.54545455
  32.65306122  66.66666667  58.97435897  82.8125      87.87878788
  60.97560976  72.72727273  80.          58.53658537  47.47474747
  22.4309816 ] 26 H_score 33.46729864501322
Task: office-home, Iter:1311/1380; Accuracy = 64.21% / 65.88% / 22.43%
acc [ 58.33333333 100.          72.72727273  84.61538462  53.53535354
  87.5         64.28571429  28.28282828  19.04761905  95.95959596
  85.          30.3030303   71.71717172  92.5         54.54545455
  32.65306122  66.66666667  58.97435897  82.8125      87.87878788
  60.97560976  72.72727273  80.          58.53658537  47.47474747
  22.4309816 ] 26 H_score 33.46729864501322
