nohup: 忽略输入
ckpt/source/oda/office-home/A
Namespace(batch_size=64, bottleneck=256, class_num=25, classifier='bn', cls_par=0.6, da='oda', distance='cosine', dset='office-home', ent=True, ent_par=1.0, epsilon=1e-05, extra_class=1, gent=True, gpu_id='1', interval=20, issave=False, layer='wn', lr=0.01, lr_decay1=0.1, lr_decay2=1.0, max_epoch=20, name='office-home', name1='AR', net='resnet50', out_file=<_io.TextIOWrapper name='ckpt/target/oda/office-home-addfc+gent/log_par_0.6.txt' mode='w' encoding='UTF-8'>, output='ckpt/target', output_dir='ckpt/target/oda/office-home-addfc+gent', output_dir_src='ckpt/source/oda/office-home/A', output_src='ckpt/source', s=0, s_dset_path='./data/office-home/Art.txt', savename='par_0.6', seed=2020, src_classes=[0, 1, 2, 3, 4, 5, 6, 7, 8, 9, 10, 11, 12, 13, 14, 15, 16, 17, 18, 19, 20, 21, 22, 23, 24], t=1, t_dset_path='./data/office-home/Real_World.txt', tar_classes=[0, 1, 2, 3, 4, 5, 6, 7, 8, 9, 10, 11, 12, 13, 14, 15, 16, 17, 18, 19, 20, 21, 22, 23, 24, 25, 26, 27, 28, 29, 30, 31, 32, 33, 34, 35, 36, 37, 38, 39, 40, 41, 42, 43, 44, 45, 46, 47, 48, 49, 50, 51, 52, 53, 54, 55, 56, 57, 58, 59, 60, 61, 62, 63, 64], test_dset_path='./data/office-home/Real_World.txt', threshold=0, worker=4)
/homes/jh015/.conda/envs/hj_trans/lib/python3.7/site-packages/torchvision/models/_utils.py:209: UserWarning: The parameter 'pretrained' is deprecated since 0.13 and will be removed in 0.15, please use 'weights' instead.
  f"The parameter '{pretrained_param}' is deprecated since 0.13 and will be removed in 0.15, "
/homes/jh015/.conda/envs/hj_trans/lib/python3.7/site-packages/torchvision/models/_utils.py:223: UserWarning: Arguments other than a weight enum or `None` for 'weights' are deprecated since 0.13 and will be removed in 0.15. The current behavior is equivalent to passing `weights=ResNet50_Weights.IMAGENET1K_V1`. You can also use `weights=ResNet50_Weights.DEFAULT` to get the most up-to-date weights.
  warnings.warn(msg)
ent tensor(0.4626) tensor(0.5135) tensor(2.4154) tensor(0.3115) tensor(7.3287)
cls_count [  48.   86.  131.   60.  150.  103.   59.   18.   74.  131.   58.   43.
   78.  145.  122.   76.  100.  140.   93.  106.   51.  125.   70.  119.
   64. 2107.] 0.00854295206454675 4357.0 0.04271476032273375 0.4835896258893734
cls_count [ 48.  86. 131.  60. 150. 103.  59.  18.  74. 131.  58.  43.  78. 145.
 122.  76. 100. 140.  93. 106.  51. 125.  70. 119.  64.] 0.0 18.0 150.0 0.12
[0, 1, 2, 3, 4, 5, 6, 7, 8, 9, 10, 11, 12, 13, 14, 15, 16, 17, 18, 19, 20, 21, 22, 23, 24]
26
acc [64.70588235 88.88888889 89.74358974 81.66666667 62.5        82.75862069
 31.81818182 22.3880597  67.53246753 94.02985075 75.         31.57894737
 77.33333333 77.64705882 67.79661017 67.46987952 69.23076923 63.52941176
 61.84210526 98.98989899 44.7761194  93.10344828 46.93877551 53.22580645
 67.07317073 63.98934145] 26 H_score 65.58520360320246
Task: office-home, Iter:0/1380; Accuracy = 67.14% / 67.26% / 63.99%
ent tensor(0.1710) tensor(0.2566) tensor(2.2814) tensor(0.2794) tensor(6.4980)
cls_count [  54.  113.  142.  103.  186.  154.  112.   41.   90.  116.   68.   60.
   95.  190.  145.  120.  176.  174.  124.  106.   91.  189.  102.  150.
   93. 1363.] 0.03008070432868672 4357.0 0.08786500366837859 0.3128299288501263
cls_count [ 54. 113. 142. 103. 186. 154. 112.  41.  90. 116.  68.  60.  95. 190.
 145. 120. 176. 174. 124. 106.  91. 189. 102. 150.  93.] 0.0 41.0 190.0 0.21578947368421053
[0, 1, 2, 3, 4, 5, 6, 7, 8, 9, 10, 11, 12, 13, 14, 15, 16, 17, 18, 19, 20, 21, 22, 23, 24]
26
acc [ 68.62745098  98.7654321   94.87179487  98.33333333  65.625
  93.10344828  62.12121212  43.28358209  85.71428571  92.53731343
  80.55555556  38.59649123  86.66666667  90.58823529  76.27118644
  83.13253012  84.61538462  68.23529412  75.         100.
  64.17910448  96.55172414  65.30612245  64.51612903  84.14634146
  46.13627712] 26 H_score 58.10358894733088
Task: office-home, Iter:69/1380; Accuracy = 77.21% / 78.45% / 46.14%
ent tensor(0.1072) tensor(0.1986) tensor(2.0648) tensor(0.2424) tensor(4.9569)
cls_count [  58.  117.  146.  117.  193.  164.  125.   58.   91.  108.   72.   70.
   99.  194.  181.  135.  190.  188.  145.  103.  100.  193.  126.  160.
  112. 1112.] 0.052158273381294966 4357.0 0.11672661870503598 0.25522148267156297
cls_count [ 58. 117. 146. 117. 193. 164. 125.  58.  91. 108.  72.  70.  99. 194.
 181. 135. 190. 188. 145. 103. 100. 193. 126. 160. 112.] 0.0 58.0 194.0 0.29896907216494845
[0, 1, 2, 3, 4, 5, 6, 7, 8, 9, 10, 11, 12, 13, 14, 15, 16, 17, 18, 19, 20, 21, 22, 23, 24]
26
acc [ 66.66666667  98.7654321   96.15384615  98.33333333  67.1875
  91.37931034  68.18181818  56.71641791  87.01298701  91.04477612
  84.72222222  47.36842105  89.33333333  92.94117647  86.44067797
  84.3373494   86.53846154  67.05882353  76.31578947 100.
  65.67164179  94.82758621  79.59183673  69.35483871  87.80487805
  38.67529501] 26 H_score 52.42619586908526
Task: office-home, Iter:138/1380; Accuracy = 79.71% / 81.35% / 38.68%
ent tensor(0.0850) tensor(0.1830) tensor(2.2103) tensor(0.2417) tensor(4.8632)
cls_count [  58.  119.  146.  118.  193.  159.  127.   58.   96.  115.   73.   73.
  100.  195.  182.  133.  182.  192.  147.  103.  109.  201.  127.  158.
  120. 1073.] 0.05405405405405406 4357.0 0.12242311276794036 0.24627036952031212
cls_count [ 58. 119. 146. 118. 193. 159. 127.  58.  96. 115.  73.  73. 100. 195.
 182. 133. 182. 192. 147. 103. 109. 201. 127. 158. 120.] 0.0 58.0 201.0 0.2885572139303483
[0, 1, 2, 3, 4, 5, 6, 7, 8, 9, 10, 11, 12, 13, 14, 15, 16, 17, 18, 19, 20, 21, 22, 23, 24]
26
acc [ 66.66666667  98.7654321   96.15384615  98.33333333  65.625
  91.37931034  69.6969697   58.20895522  89.61038961  91.04477612
  84.72222222  49.12280702  89.33333333  94.11764706  88.13559322
  83.13253012  84.61538462  67.05882353  75.         100.
  65.67164179  94.82758621  77.55102041  67.74193548  87.80487805
  37.00038066] 26 H_score 50.87004669114588
Task: office-home, Iter:207/1380; Accuracy = 79.67% / 81.37% / 37.00%
ent tensor(0.0788) tensor(0.1714) tensor(2.1846) tensor(0.1953) tensor(3.3643)
cls_count [ 62. 122. 150. 122. 193. 165. 134.  66.  96. 121.  79.  75. 102. 193.
 193. 142. 194. 207. 161. 103. 125. 220. 140. 164. 122. 906.] 0.0684326710816777 4357.0 0.15236203090507724 0.2079412439752123
cls_count [ 62. 122. 150. 122. 193. 165. 134.  66.  96. 121.  79.  75. 102. 193.
 193. 142. 194. 207. 161. 103. 125. 220. 140. 164. 122.] 0.0 62.0 220.0 0.2818181818181818
[0, 1, 2, 3, 4, 5, 6, 7, 8, 9, 10, 11, 12, 13, 14, 15, 16, 17, 18, 19, 20, 21, 22, 23, 24]
26
acc [ 68.62745098  98.7654321   96.15384615  98.33333333  64.0625
  91.37931034  72.72727273  65.67164179  89.61038961  91.04477612
  87.5         54.38596491  90.66666667  92.94117647  88.13559322
  84.3373494   90.38461538  67.05882353  76.31578947 100.
  67.1641791   96.55172414  85.71428571  69.35483871  87.80487805
  32.12790255] 26 H_score 46.322486994834286
Task: office-home, Iter:276/1380; Accuracy = 81.03% / 82.99% / 32.13%
ent tensor(0.0640) tensor(0.1602) tensor(2.2463) tensor(0.1942) tensor(3.2600)
cls_count [ 65. 123. 150. 124. 188. 172. 135.  69.  99. 123.  79.  80. 105. 193.
 190. 143. 196. 206. 163. 103. 129. 224. 143. 163. 121. 871.] 0.07462686567164178 4357.0 0.1600918484500574 0.19990819371126922
cls_count [ 65. 123. 150. 124. 188. 172. 135.  69.  99. 123.  79.  80. 105. 193.
 190. 143. 196. 206. 163. 103. 129. 224. 143. 163. 121.] 0.0 65.0 224.0 0.29017857142857145
[0, 1, 2, 3, 4, 5, 6, 7, 8, 9, 10, 11, 12, 13, 14, 15, 16, 17, 18, 19, 20, 21, 22, 23, 24]
26
acc [ 68.62745098  98.7654321   96.15384615  98.33333333  62.5
  91.37931034  74.24242424  65.67164179  89.61038961  94.02985075
  87.5         54.38596491  92.          92.94117647  88.13559322
  84.3373494   90.38461538  67.05882353  75.         100.
  67.1641791   96.55172414  85.71428571  69.35483871  87.80487805
  30.94784926] 26 H_score 45.10064334875066
Task: office-home, Iter:345/1380; Accuracy = 81.10% / 83.11% / 30.95%
ent tensor(0.0608) tensor(0.1534) tensor(2.1960) tensor(0.1737) tensor(2.7441)
cls_count [ 67. 124. 152. 124. 193. 175. 139.  71. 101. 129.  87.  83. 105. 193.
 191. 145. 197. 208. 168. 103. 131. 222. 147. 165. 124. 813.] 0.08241082410824108 4357.0 0.17436654366543664 0.1865962818453064
cls_count [ 67. 124. 152. 124. 193. 175. 139.  71. 101. 129.  87.  83. 105. 193.
 191. 145. 197. 208. 168. 103. 131. 222. 147. 165. 124.] 0.0 67.0 222.0 0.30180180180180183
[0, 1, 2, 3, 4, 5, 6, 7, 8, 9, 10, 11, 12, 13, 14, 15, 16, 17, 18, 19, 20, 21, 22, 23, 24]
26
acc [ 68.62745098  98.7654321   96.15384615  98.33333333  62.5
  91.37931034  75.75757576  65.67164179  89.61038961  94.02985075
  90.27777778  56.14035088  93.33333333  92.94117647  88.13559322
  84.3373494   90.38461538  67.05882353  75.         100.
  67.1641791   94.82758621  85.71428571  69.35483871  89.02439024
  29.0445375 ] 26 H_score 43.082062560155485
Task: office-home, Iter:414/1380; Accuracy = 81.29% / 83.38% / 29.04%
ent tensor(0.0506) tensor(0.1441) tensor(2.1983) tensor(0.1709) tensor(2.6614)
cls_count [ 66. 125. 150. 125. 193. 176. 135.  70. 105. 133.  85.  84. 105. 193.
 193. 146. 203. 210. 170. 103. 132. 223. 148. 167. 124. 793.] 0.0832282471626734 4357.0 0.17977301387137454 0.1820059674087675
cls_count [ 66. 125. 150. 125. 193. 176. 135.  70. 105. 133.  85.  84. 105. 193.
 193. 146. 203. 210. 170. 103. 132. 223. 148. 167. 124.] 0.0 66.0 223.0 0.29596412556053814
[0, 1, 2, 3, 4, 5, 6, 7, 8, 9, 10, 11, 12, 13, 14, 15, 16, 17, 18, 19, 20, 21, 22, 23, 24]
26
acc [ 68.62745098  98.7654321   96.15384615 100.          62.5
  91.37931034  74.24242424  65.67164179  89.61038961  94.02985075
  90.27777778  56.14035088  93.33333333  92.94117647  88.13559322
  84.3373494   90.38461538  67.05882353  75.         100.
  67.1641791   96.55172414  85.71428571  69.35483871  89.02439024
  28.32127903] 26 H_score 42.29089013238639
Task: office-home, Iter:483/1380; Accuracy = 81.34% / 83.46% / 28.32%
ent tensor(0.0463) tensor(0.1407) tensor(2.2480) tensor(0.1687) tensor(2.5977)
cls_count [ 67. 125. 150. 125. 193. 175. 139.  70. 103. 134.  86.  85. 106. 193.
 194. 146. 205. 210. 169. 103. 131. 228. 149. 167. 123. 781.] 0.08578745198463508 4357.0 0.18314980793854033 0.17925177874684417
cls_count [ 67. 125. 150. 125. 193. 175. 139.  70. 103. 134.  86.  85. 106. 193.
 194. 146. 205. 210. 169. 103. 131. 228. 149. 167. 123.] 0.0 67.0 228.0 0.29385964912280704
[0, 1, 2, 3, 4, 5, 6, 7, 8, 9, 10, 11, 12, 13, 14, 15, 16, 17, 18, 19, 20, 21, 22, 23, 24]
26
acc [ 68.62745098  98.7654321   96.15384615 100.          62.5
  91.37931034  75.75757576  65.67164179  89.61038961  94.02985075
  90.27777778  56.14035088  93.33333333  92.94117647  88.13559322
  84.3373494   90.38461538  67.05882353  75.         100.
  67.1641791   96.55172414  85.71428571  69.35483871  89.02439024
  27.94061667] 26 H_score 41.87265890559887
Task: office-home, Iter:552/1380; Accuracy = 81.38% / 83.52% / 27.94%
ent tensor(0.0392) tensor(0.1396) tensor(2.2366) tensor(0.1752) tensor(2.7119)
cls_count [ 67. 125. 150. 125. 193. 176. 139.  71. 103. 133.  86.  83. 105. 193.
 193. 146. 205. 210. 169. 103. 131. 227. 149. 167. 124. 784.] 0.08545918367346939 4357.0 0.18229591836734693 0.179940325912325
cls_count [ 67. 125. 150. 125. 193. 176. 139.  71. 103. 133.  86.  83. 105. 193.
 193. 146. 205. 210. 169. 103. 131. 227. 149. 167. 124.] 0.0 67.0 227.0 0.29515418502202645
[0, 1, 2, 3, 4, 5, 6, 7, 8, 9, 10, 11, 12, 13, 14, 15, 16, 17, 18, 19, 20, 21, 22, 23, 24]
26
acc [ 68.62745098  98.7654321   96.15384615 100.          62.5
  91.37931034  75.75757576  65.67164179  89.61038961  94.02985075
  90.27777778  56.14035088  93.33333333  92.94117647  88.13559322
  84.3373494   90.38461538  67.05882353  75.         100.
  67.1641791   96.55172414  85.71428571  69.35483871  89.02439024
  28.09288161] 26 H_score 42.04341103554753
Task: office-home, Iter:621/1380; Accuracy = 81.38% / 83.52% / 28.09%
ent tensor(0.0362) tensor(0.1370) tensor(2.1875) tensor(0.1713) tensor(2.6186)
cls_count [ 67. 126. 150. 125. 194. 176. 137.  73. 103. 134.  86.  85. 105. 193.
 194. 146. 205. 210. 170. 103. 132. 227. 151. 168. 125. 772.] 0.08678756476683938 4357.0 0.18575129533678758 0.17718613725040167
cls_count [ 67. 126. 150. 125. 194. 176. 137.  73. 103. 134.  86.  85. 105. 193.
 194. 146. 205. 210. 170. 103. 132. 227. 151. 168. 125.] 0.0 67.0 227.0 0.29515418502202645
[0, 1, 2, 3, 4, 5, 6, 7, 8, 9, 10, 11, 12, 13, 14, 15, 16, 17, 18, 19, 20, 21, 22, 23, 24]
26
acc [ 68.62745098  98.7654321   96.15384615 100.          62.5
  91.37931034  75.75757576  65.67164179  89.61038961  94.02985075
  90.27777778  56.14035088  93.33333333  92.94117647  88.13559322
  84.3373494   90.38461538  67.05882353  75.         100.
  67.1641791   96.55172414  85.71428571  69.35483871  89.02439024
  27.59802056] 26 H_score 41.486755570362504
Task: office-home, Iter:690/1380; Accuracy = 81.37% / 83.52% / 27.60%
ent tensor(0.0335) tensor(0.1366) tensor(2.1616) tensor(0.1708) tensor(2.6065)
cls_count [ 67. 126. 150. 125. 194. 176. 138.  72. 104. 134.  86.  85. 106. 193.
 193. 146. 207. 210. 170. 103. 132. 227. 151. 168. 124. 770.] 0.08701298701298701 4357.0 0.18633766233766233 0.17672710580674778
cls_count [ 67. 126. 150. 125. 194. 176. 138.  72. 104. 134.  86.  85. 106. 193.
 193. 146. 207. 210. 170. 103. 132. 227. 151. 168. 124.] 0.0 67.0 227.0 0.29515418502202645
[0, 1, 2, 3, 4, 5, 6, 7, 8, 9, 10, 11, 12, 13, 14, 15, 16, 17, 18, 19, 20, 21, 22, 23, 24]
26
acc [ 68.62745098  98.7654321   96.15384615 100.          62.5
  91.37931034  75.75757576  65.67164179  89.61038961  94.02985075
  90.27777778  56.14035088  93.33333333  92.94117647  88.13559322
  84.3373494   90.38461538  67.05882353  75.         100.
  67.1641791   96.55172414  85.71428571  69.35483871  89.02439024
  27.52188809] 26 H_score 41.40067588463285
Task: office-home, Iter:759/1380; Accuracy = 81.36% / 83.52% / 27.52%
ent tensor(0.0307) tensor(0.1371) tensor(2.2460) tensor(0.1759) tensor(2.6792)
cls_count [ 67. 126. 150. 125. 194. 176. 137.  72. 104. 133.  86.  85. 108. 193.
 193. 146. 207. 211. 170. 103. 132. 227. 151. 168. 124. 769.] 0.08712613784135241 4357.0 0.18663198959687907 0.17649759008492083
cls_count [ 67. 126. 150. 125. 194. 176. 137.  72. 104. 133.  86.  85. 108. 193.
 193. 146. 207. 211. 170. 103. 132. 227. 151. 168. 124.] 0.0 67.0 227.0 0.29515418502202645
[0, 1, 2, 3, 4, 5, 6, 7, 8, 9, 10, 11, 12, 13, 14, 15, 16, 17, 18, 19, 20, 21, 22, 23, 24]
26
acc [ 68.62745098  98.7654321   96.15384615 100.          62.5
  91.37931034  75.75757576  65.67164179  89.61038961  94.02985075
  90.27777778  56.14035088  93.33333333  92.94117647  88.13559322
  84.3373494   90.38461538  67.05882353  75.         100.
  67.1641791   96.55172414  85.71428571  69.35483871  89.02439024
  27.48382185] 26 H_score 41.357591761790026
Task: office-home, Iter:828/1380; Accuracy = 81.36% / 83.52% / 27.48%
ent tensor(0.0284) tensor(0.1344) tensor(2.2263) tensor(0.1725) tensor(2.6356)
cls_count [ 67. 126. 150. 125. 194. 176. 138.  72. 104. 134.  86.  85. 106. 193.
 193. 146. 207. 211. 170. 103. 132. 227. 151. 168. 124. 769.] 0.08712613784135241 4357.0 0.18663198959687907 0.17649759008492083
cls_count [ 67. 126. 150. 125. 194. 176. 138.  72. 104. 134.  86.  85. 106. 193.
 193. 146. 207. 211. 170. 103. 132. 227. 151. 168. 124.] 0.0 67.0 227.0 0.29515418502202645
[0, 1, 2, 3, 4, 5, 6, 7, 8, 9, 10, 11, 12, 13, 14, 15, 16, 17, 18, 19, 20, 21, 22, 23, 24]
26
acc [ 68.62745098  98.7654321   96.15384615 100.          62.5
  91.37931034  75.75757576  65.67164179  89.61038961  94.02985075
  90.27777778  56.14035088  93.33333333  92.94117647  88.13559322
  84.3373494   90.38461538  67.05882353  75.         100.
  67.1641791   96.55172414  85.71428571  69.35483871  89.02439024
  27.48382185] 26 H_score 41.357591761790026
Task: office-home, Iter:897/1380; Accuracy = 81.36% / 83.52% / 27.48%
ent tensor(0.0254) tensor(0.1328) tensor(2.2322) tensor(0.1714) tensor(2.6159)
cls_count [ 67. 126. 150. 125. 194. 176. 138.  72. 104. 134.  86.  85. 106. 193.
 194. 146. 208. 211. 170. 103. 132. 227. 151. 168. 124. 767.] 0.08735332464146023 4357.0 0.18722294654498042 0.17603855864126694
cls_count [ 67. 126. 150. 125. 194. 176. 138.  72. 104. 134.  86.  85. 106. 193.
 194. 146. 208. 211. 170. 103. 132. 227. 151. 168. 124.] 0.0 67.0 227.0 0.29515418502202645
[0, 1, 2, 3, 4, 5, 6, 7, 8, 9, 10, 11, 12, 13, 14, 15, 16, 17, 18, 19, 20, 21, 22, 23, 24]
26
acc [ 68.62745098  98.7654321   96.15384615 100.          62.5
  91.37931034  75.75757576  65.67164179  89.61038961  94.02985075
  90.27777778  56.14035088  93.33333333  92.94117647  88.13559322
  84.3373494   90.38461538  67.05882353  75.         100.
  67.1641791   96.55172414  85.71428571  69.35483871  89.02439024
  27.40768938] 26 H_score 41.271334804191355
Task: office-home, Iter:966/1380; Accuracy = 81.36% / 83.52% / 27.41%
ent tensor(0.0246) tensor(0.1329) tensor(2.2236) tensor(0.1702) tensor(2.5952)
cls_count [ 67. 126. 150. 125. 194. 176. 138.  72. 104. 134.  86.  85. 106. 193.
 194. 146. 208. 211. 170. 103. 132. 227. 151. 168. 125. 766.] 0.08746736292428199 4357.0 0.1875195822454308 0.17580904291944
cls_count [ 67. 126. 150. 125. 194. 176. 138.  72. 104. 134.  86.  85. 106. 193.
 194. 146. 208. 211. 170. 103. 132. 227. 151. 168. 125.] 0.0 67.0 227.0 0.29515418502202645
[0, 1, 2, 3, 4, 5, 6, 7, 8, 9, 10, 11, 12, 13, 14, 15, 16, 17, 18, 19, 20, 21, 22, 23, 24]
26
acc [ 68.62745098  98.7654321   96.15384615 100.          62.5
  91.37931034  75.75757576  65.67164179  89.61038961  94.02985075
  90.27777778  56.14035088  93.33333333  92.94117647  88.13559322
  84.3373494   90.38461538  67.05882353  75.         100.
  67.1641791   96.55172414  85.71428571  69.35483871  89.02439024
  27.36962314] 26 H_score 41.22816190852749
Task: office-home, Iter:1035/1380; Accuracy = 81.36% / 83.52% / 27.37%
ent tensor(0.0240) tensor(0.1327) tensor(2.2633) tensor(0.1690) tensor(2.5563)
cls_count [ 68. 126. 150. 125. 194. 176. 138.  74. 105. 134.  86.  85. 108. 193.
 194. 146. 208. 211. 170. 103. 132. 227. 151. 168. 125. 760.] 0.08947368421052632 4357.0 0.18931578947368422 0.17443194858847832
cls_count [ 68. 126. 150. 125. 194. 176. 138.  74. 105. 134.  86.  85. 108. 193.
 194. 146. 208. 211. 170. 103. 132. 227. 151. 168. 125.] 0.0 68.0 227.0 0.29955947136563876
[0, 1, 2, 3, 4, 5, 6, 7, 8, 9, 10, 11, 12, 13, 14, 15, 16, 17, 18, 19, 20, 21, 22, 23, 24]
26
acc [ 68.62745098  98.7654321   96.15384615 100.          62.5
  91.37931034  75.75757576  65.67164179  89.61038961  94.02985075
  90.27777778  56.14035088  93.33333333  92.94117647  88.13559322
  84.3373494   90.38461538  67.05882353  75.         100.
  67.1641791   96.55172414  85.71428571  69.35483871  89.02439024
  27.14122573] 26 H_score 40.968500773238496
Task: office-home, Iter:1104/1380; Accuracy = 81.35% / 83.52% / 27.14%
ent tensor(0.0221) tensor(0.1328) tensor(2.2543) tensor(0.1708) tensor(2.5976)
cls_count [ 68. 126. 150. 125. 194. 176. 138.  74. 104. 134.  86.  85. 106. 193.
 194. 146. 208. 211. 170. 103. 132. 227. 151. 168. 124. 764.] 0.08900523560209424 4357.0 0.1881151832460733 0.1753500114757861
cls_count [ 68. 126. 150. 125. 194. 176. 138.  74. 104. 134.  86.  85. 106. 193.
 194. 146. 208. 211. 170. 103. 132. 227. 151. 168. 124.] 0.0 68.0 227.0 0.29955947136563876
[0, 1, 2, 3, 4, 5, 6, 7, 8, 9, 10, 11, 12, 13, 14, 15, 16, 17, 18, 19, 20, 21, 22, 23, 24]
26
acc [ 68.62745098  98.7654321   96.15384615 100.          62.5
  91.37931034  75.75757576  65.67164179  89.61038961  94.02985075
  90.27777778  56.14035088  93.33333333  92.94117647  88.13559322
  84.3373494   90.38461538  67.05882353  75.         100.
  67.1641791   96.55172414  85.71428571  69.35483871  89.02439024
  27.29349067] 26 H_score 41.14172713088682
Task: office-home, Iter:1173/1380; Accuracy = 81.35% / 83.52% / 27.29%
ent tensor(0.0220) tensor(0.1342) tensor(2.1980) tensor(0.1684) tensor(2.5362)
cls_count [ 68. 127. 150. 125. 194. 176. 138.  75. 104. 134.  86.  85. 108. 193.
 194. 146. 208. 211. 170. 103. 132. 227. 152. 168. 125. 758.] 0.08970976253298153 4357.0 0.1899208443271768 0.17397291714482443
cls_count [ 68. 127. 150. 125. 194. 176. 138.  75. 104. 134.  86.  85. 108. 193.
 194. 146. 208. 211. 170. 103. 132. 227. 152. 168. 125.] 0.0 68.0 227.0 0.29955947136563876
[0, 1, 2, 3, 4, 5, 6, 7, 8, 9, 10, 11, 12, 13, 14, 15, 16, 17, 18, 19, 20, 21, 22, 23, 24]
26
acc [ 68.62745098  98.7654321   96.15384615 100.          62.5
  91.37931034  75.75757576  65.67164179  89.61038961  94.02985075
  90.27777778  56.14035088  93.33333333  92.94117647  88.13559322
  84.3373494   90.38461538  67.05882353  75.         100.
  67.1641791   96.55172414  85.71428571  69.35483871  89.02439024
  27.1031595 ] 26 H_score 40.92511967094272
Task: office-home, Iter:1242/1380; Accuracy = 81.35% / 83.52% / 27.10%
ent tensor(0.0196) tensor(0.1318) tensor(2.2483) tensor(0.1694) tensor(2.5513)
cls_count [ 68. 127. 150. 125. 194. 176. 139.  74. 104. 134.  86.  85. 110. 193.
 194. 146. 208. 211. 170. 103. 132. 227. 152. 168. 125. 756.] 0.08994708994708994 4357.0 0.19052910052910052 0.17351388570117054
cls_count [ 68. 127. 150. 125. 194. 176. 139.  74. 104. 134.  86.  85. 110. 193.
 194. 146. 208. 211. 170. 103. 132. 227. 152. 168. 125.] 0.0 68.0 227.0 0.29955947136563876
[0, 1, 2, 3, 4, 5, 6, 7, 8, 9, 10, 11, 12, 13, 14, 15, 16, 17, 18, 19, 20, 21, 22, 23, 24]
26
acc [ 68.62745098  98.7654321   96.15384615 100.          62.5
  91.37931034  75.75757576  65.67164179  89.61038961  94.02985075
  90.27777778  56.14035088  93.33333333  92.94117647  88.13559322
  84.3373494   90.38461538  67.05882353  75.         100.
  67.1641791   96.55172414  85.71428571  69.35483871  89.02439024
  26.98896079] 26 H_score 40.79479704031419
Task: office-home, Iter:1311/1380; Accuracy = 81.34% / 83.52% / 26.99%
acc [ 68.62745098  98.7654321   96.15384615 100.          62.5
  91.37931034  75.75757576  65.67164179  89.61038961  94.02985075
  90.27777778  56.14035088  93.33333333  92.94117647  88.13559322
  84.3373494   90.38461538  67.05882353  75.         100.
  67.1641791   96.55172414  85.71428571  69.35483871  89.02439024
  27.14122573] 26 H_score 40.968500773238496
