nohup: 忽略输入
ckpt/source/pda/office-home/R
Namespace(batch_size=64, bottleneck=256, class_num=50, classifier='bn', cls_par=0.6, da='pda', distance='cosine', dset='office-home', ent=True, ent_par=1.0, epsilon=1e-05, extra_class=1, gent=True, gpu_id='1', interval=10, issave=False, layer='wn', lr=0.01, lr_decay1=0.1, lr_decay2=1.0, max_epoch=10, name='office-home', name1='RP', name2='RA', name3='RC', net='resnet50', out_file=<_io.TextIOWrapper name='ckpt/target/pda/office-home-addfc+gent/log_par_0.6_thr0.txt' mode='w' encoding='UTF-8'>, output='ckpt/target', output_dir='ckpt/target/pda/office-home-addfc+gent', output_dir_src='ckpt/source/pda/office-home/R', output_src='ckpt/source', s=0, s_dset_path='./data/office-home/Real_World.txt', savename='par_0.6_thr0', seed=2020, src_classes=[0, 1, 2, 3, 4, 5, 6, 7, 8, 9, 10, 11, 12, 13, 14, 15, 16, 17, 18, 19, 20, 21, 22, 23, 24, 25, 26, 27, 28, 29, 30, 31, 32, 33, 34, 35, 36, 37, 38, 39, 40, 41, 42, 43, 44, 45, 46, 47, 48, 49], t=1, t_dset_path='./data/office-home/Product.txt', t_dset_path1='./data/office-home/Art.txt', t_dset_path2='./data/office-home/Clipart.txt', tar_classes=[0, 1, 2, 3, 4, 5, 6, 7, 8, 9, 10, 11, 12, 13, 14, 15, 16, 17, 18, 19, 20, 21, 22, 23, 24, 25, 26, 27, 28, 29, 30, 31, 32, 33, 34, 35, 36, 37, 38, 39, 40, 41, 42, 43, 44, 45, 46, 47, 48, 49], tar_classes1=[0, 1, 2, 3, 4, 5, 6, 7, 8, 9, 10, 11, 12, 13, 14, 15, 16, 17, 18, 19, 20, 21, 22, 23, 24], tar_classes2=[0, 1, 2, 3, 4, 5, 6, 7, 8, 9, 10, 11, 12, 13, 14, 15, 16, 17, 18, 19, 20, 21, 22, 23, 24, 25, 26, 27, 28, 29, 30, 31, 32, 33, 34, 35, 36, 37, 38, 39, 40, 41, 42, 43, 44, 45, 46, 47, 48, 49, 50, 51, 52, 53, 54, 55, 56, 57, 58, 59, 60, 61, 62, 63, 64], test_dset_path='./data/office-home/Product.txt', test_dset_path1='./data/office-home/Art.txt', test_dset_path2='./data/office-home/Clipart.txt', threshold=0, worker=4)
/homes/jh015/.conda/envs/hj_trans/lib/python3.7/site-packages/torchvision/models/_utils.py:209: UserWarning: The parameter 'pretrained' is deprecated since 0.13 and will be removed in 0.15, please use 'weights' instead.
  f"The parameter '{pretrained_param}' is deprecated since 0.13 and will be removed in 0.15, "
/homes/jh015/.conda/envs/hj_trans/lib/python3.7/site-packages/torchvision/models/_utils.py:223: UserWarning: Arguments other than a weight enum or `None` for 'weights' are deprecated since 0.13 and will be removed in 0.15. The current behavior is equivalent to passing `weights=ResNet50_Weights.IMAGENET1K_V1`. You can also use `weights=ResNet50_Weights.DEFAULT` to get the most up-to-date weights.
  warnings.warn(msg)
all_output1 tensor([0.0176, 0.0140, 0.0041, 0.0164, 0.0065, 0.0160, 0.0086, 0.0058, 0.0101,
        0.0139, 0.0200, 0.0108, 0.0247, 0.0147, 0.0074, 0.0095, 0.0126, 0.0096,
        0.0184, 0.0113, 0.0126, 0.0093, 0.0226, 0.0169, 0.0070, 0.0209, 0.0222,
        0.0069, 0.0254, 0.0129, 0.0195, 0.0137, 0.0243, 0.0172, 0.0042, 0.0121,
        0.0147, 0.0082, 0.0100, 0.0137, 0.0113, 0.0076, 0.0198, 0.0212, 0.0228,
        0.0050, 0.0101, 0.0227, 0.0182, 0.0208, 0.2942])
cls_count [  60.   53.    7.   58.   13.   55.   27.   17.   32.   47.   70.   23.
   94.   56.   17.   30.   45.   28.   66.   39.   39.   29.   81.   60.
   21.   71.   79.   21.   95.   41.   69.   35.   87.   61.    9.   38.
   45.   19.   31.   45.   38.   21.   66.   71.   65.   15.   31.   84.
   67.   83. 1154.] 0.006065857885615251 3508.0 0.04079722703639515 0.6710376282782212
Accuracy = 80.56% -> 82.50%

50
all_output1 tensor([0.0081, 0.0160, 0.0365, 0.0286, 0.0171, 0.0155, 0.0246, 0.0319, 0.0171,
        0.0195, 0.0246, 0.0077, 0.0137, 0.0351, 0.0093, 0.0231, 0.0069, 0.0218,
        0.0190, 0.0500, 0.0164, 0.0374, 0.0123, 0.0145, 0.0256, 0.0036, 0.0020,
        0.0019, 0.0059, 0.0022, 0.0025, 0.0055, 0.0035, 0.0024, 0.0057, 0.0085,
        0.0026, 0.0057, 0.0033, 0.0013, 0.0023, 0.0035, 0.0026, 0.0019, 0.0020,
        0.0033, 0.0027, 0.0042, 0.0023, 0.0026, 0.3840])
cls_count [  5.  13.  34.  29.  14.  15.  22.  25.  13.  17.  21.   4.  14.  34.
   7.  22.   3.  17.  13.  55.  12.  37.  10.  10.  24.   0.   0.   0.
   4.   0.   0.   2.   0.   0.   0.   4.   0.   2.   0.   0.   0.   3.
   0.   0.   0.   0.   0.   0.   0.   0. 455.] 0.0 940.0 0.021318681318681316 0.5159574468085106
Accuracy = 70.43% -> 65.64%

16
tensor([0.0064, 0.0143, 0.0075, 0.0167, 0.0176, 0.0099, 0.0063, 0.0062, 0.0053,
        0.0050, 0.0091, 0.0443, 0.0114, 0.0074, 0.0100, 0.0046, 0.0136, 0.0119,
        0.0053, 0.0124, 0.0113, 0.0115, 0.0060, 0.0168, 0.0049, 0.0097, 0.0132,
        0.0097, 0.0233, 0.0041, 0.0045, 0.0106, 0.0035, 0.0108, 0.0081, 0.0210,
        0.0057, 0.0046, 0.0119, 0.0110, 0.0064, 0.0079, 0.0070, 0.0097, 0.0111,
        0.0055, 0.0088, 0.0226, 0.0113, 0.0089, 0.4733])
cls_count [  16.   44.   22.   41.   61.   30.   14.    9.    5.   10.   28.  124.
   42.   19.   31.    9.   38.   32.    6.   55.   25.   40.    8.   43.
   15.   25.   38.   35.   96.    3.   10.   23.    6.   41.   12.   48.
    9.    8.   39.   44.   18.   25.   15.   25.   32.    8.   25.   74.
   39.   30. 2870.] 0.0010452961672473868 4365.0 0.010418118466898954 0.3424971363115693
cls_count [ 16.  44.  22.  41.  61.  30.  14.   9.   5.  10.  28. 124.  42.  19.
  31.   9.  38.  32.   6.  55.  25.  40.   8.  43.  15.  25.  38.  35.
  96.   3.  10.  23.   6.  41.  12.  48.   9.   8.  39.  44.  18.  25.
  15.  25.  32.   8.  25.  74.  39.  30.] 0.0 3.0 124.0 0.024193548387096774
51
acc [29.16666667 80.48780488 16.16161616 71.15384615 17.17171717 52.5
 26.19047619  7.07070707 11.9047619  10.1010101  65.         41.41414141
 41.41414141 45.         21.21212121  9.18367347 35.35353535 38.46153846
  7.8125     55.55555556 26.82926829 40.4040404  15.         39.02439024
 13.13131313 36.23188406 42.10526316 30.3030303  49.49494949  7.5
 23.25581395 16.86746988 10.71428571 63.33333333 27.5        42.5
 10.9375     15.2173913  56.         64.17910448 35.29411765 30.66666667
  7.54716981 25.28735632 35.55555556  7.5        27.39726027 64.64646465
 47.43589744 52.17391304 83.84146341] 51 H_score 47.284119100976106
Task: office-home, Iter:0/690; Accuracy = 33.93% / 32.93% / 83.84%
all_output1 tensor([0.0201, 0.0177, 0.0115, 0.0183, 0.0115, 0.0186, 0.0132, 0.0124, 0.0132,
        0.0277, 0.0244, 0.0234, 0.0286, 0.0230, 0.0129, 0.0111, 0.0150, 0.0144,
        0.0272, 0.0127, 0.0160, 0.0120, 0.0266, 0.0235, 0.0136, 0.0264, 0.0274,
        0.0102, 0.0287, 0.0164, 0.0241, 0.0183, 0.0330, 0.0234, 0.0055, 0.0131,
        0.0258, 0.0119, 0.0137, 0.0151, 0.0162, 0.0116, 0.0293, 0.0296, 0.0345,
        0.0090, 0.0144, 0.0265, 0.0231, 0.0263, 0.0381])
cls_count [ 71.  64.  42.  63.  38.  64.  49.  46.  46.  96.  88.  81. 101.  83.
  46.  39.  52.  49.  95.  45.  60.  41.  93.  84.  45.  94.  97.  37.
 103.  60.  84.  66. 116.  82.  17.  46.  91.  47.  48.  55.  57.  43.
 108. 103. 126.  31.  50.  93.  82.  92.  99.] 0.1717171717171717 3508.0 0.6886868686868688 0.9717787913340935
Accuracy = 83.38% -> 83.98%

50
all_output1 tensor([0.0057, 0.0120, 0.0805, 0.0424, 0.0375, 0.0138, 0.0476, 0.0663, 0.0385,
        0.0464, 0.0404, 0.0038, 0.0107, 0.0566, 0.0086, 0.0351, 0.0034, 0.0538,
        0.0469, 0.0769, 0.0129, 0.0558, 0.0105, 0.0476, 0.0523, 0.0010, 0.0006,
        0.0009, 0.0036, 0.0007, 0.0008, 0.0024, 0.0023, 0.0004, 0.0007, 0.0021,
        0.0010, 0.0005, 0.0011, 0.0004, 0.0004, 0.0040, 0.0007, 0.0004, 0.0008,
        0.0022, 0.0005, 0.0015, 0.0013, 0.0009, 0.0631])
cls_count [ 5. 13. 78. 43. 37. 13. 47. 69. 37. 43. 38.  4. 11. 56.  7. 36.  2. 53.
 46. 76. 14. 53. 10. 48. 52.  0.  0.  1.  3.  0.  0.  1.  1.  0.  0.  2.
  0.  0.  0.  0.  0.  4.  0.  0.  0.  1.  0.  0.  1.  0. 35.] 0.0 940.0 0.5171428571428572 0.9627659574468085
Accuracy = 73.83% -> 67.77%

17
tensor([0.0065, 0.0116, 0.0091, 0.0135, 0.0179, 0.0108, 0.0068, 0.0064, 0.0036,
        0.0085, 0.0095, 0.0280, 0.0127, 0.0052, 0.0103, 0.0038, 0.0150, 0.0104,
        0.0057, 0.0158, 0.0083, 0.0155, 0.0047, 0.0149, 0.0081, 0.0080, 0.0143,
        0.0112, 0.0287, 0.0022, 0.0055, 0.0085, 0.0049, 0.0125, 0.0067, 0.0145,
        0.0055, 0.0036, 0.0141, 0.0135, 0.0074, 0.0109, 0.0095, 0.0095, 0.0127,
        0.0057, 0.0115, 0.0203, 0.0130, 0.0124, 0.4710])
cls_count [1.80e+01 3.90e+01 3.30e+01 4.80e+01 7.30e+01 4.00e+01 1.70e+01 9.00e+00
 7.00e+00 3.40e+01 3.20e+01 1.12e+02 4.80e+01 1.30e+01 3.60e+01 8.00e+00
 5.80e+01 3.20e+01 1.70e+01 6.20e+01 2.50e+01 6.00e+01 7.00e+00 5.20e+01
 3.10e+01 2.80e+01 4.90e+01 4.50e+01 1.18e+02 2.00e+00 1.60e+01 2.80e+01
 1.30e+01 4.50e+01 2.00e+01 4.50e+01 1.70e+01 9.00e+00 4.70e+01 5.00e+01
 2.40e+01 4.40e+01 3.50e+01 2.80e+01 5.00e+01 1.10e+01 4.70e+01 7.90e+01
 5.50e+01 4.90e+01 2.50e+03] 0.0008 4365.0 0.01492 0.427262313860252
cls_count [ 18.  39.  33.  48.  73.  40.  17.   9.   7.  34.  32. 112.  48.  13.
  36.   8.  58.  32.  17.  62.  25.  60.   7.  52.  31.  28.  49.  45.
 118.   2.  16.  28.  13.  45.  20.  45.  17.   9.  47.  50.  24.  44.
  35.  28.  50.  11.  47.  79.  55.  49.] 0.0 2.0 118.0 0.01694915254237288
51
acc [33.33333333 78.04878049 24.24242424 78.84615385 18.18181818 57.5
 30.95238095  6.06060606 14.28571429 31.31313131 65.         41.41414141
 47.47474747 32.5        26.26262626  8.16326531 48.48484848 43.58974359
 21.875      62.62626263 39.02439024 54.54545455 15.         43.90243902
 23.23232323 39.13043478 52.63157895 36.36363636 59.5959596   5.
 37.20930233 18.07228916 21.42857143 66.66666667 42.5        57.5
 12.5        17.39130435 66.         71.64179104 47.05882353 49.33333333
 24.52830189 29.88505747 51.11111111  7.5        35.61643836 67.67676768
 57.69230769 73.91304348 79.9796748 ] 51 H_score 53.21861057725652
Task: office-home, Iter:69/690; Accuracy = 40.66% / 39.88% / 79.98%
all_output1 tensor([0.0198, 0.0184, 0.0110, 0.0180, 0.0142, 0.0184, 0.0135, 0.0114, 0.0121,
        0.0269, 0.0231, 0.0210, 0.0269, 0.0243, 0.0108, 0.0111, 0.0145, 0.0126,
        0.0272, 0.0128, 0.0153, 0.0114, 0.0244, 0.0232, 0.0152, 0.0249, 0.0261,
        0.0110, 0.0292, 0.0160, 0.0247, 0.0177, 0.0312, 0.0215, 0.0050, 0.0121,
        0.0274, 0.0126, 0.0127, 0.0151, 0.0153, 0.0115, 0.0274, 0.0286, 0.0290,
        0.0084, 0.0151, 0.0246, 0.0226, 0.0226, 0.0704])
cls_count [ 70.  64.  41.  63.  50.  63.  50.  42.  43.  95.  84.  81.  99.  88.
  40.  39.  51.  47.  97.  46.  54.  39.  90.  81.  51.  91.  95.  39.
 104.  57.  88.  62. 112.  80.  17.  43.  96.  44.  45.  52.  56.  41.
 100. 103. 109.  29.  52.  86.  81.  83. 175.] 0.09714285714285714 3508.0 0.3809142857142857 0.9501140250855188
Accuracy = 83.95% -> 84.15%

50
all_output1 tensor([0.0032, 0.0169, 0.0771, 0.0440, 0.0385, 0.0123, 0.0489, 0.0620, 0.0376,
        0.0469, 0.0375, 0.0018, 0.0062, 0.0589, 0.0039, 0.0356, 0.0021, 0.0510,
        0.0473, 0.0760, 0.0087, 0.0554, 0.0075, 0.0474, 0.0530, 0.0005, 0.0005,
        0.0015, 0.0030, 0.0005, 0.0007, 0.0026, 0.0013, 0.0004, 0.0005, 0.0012,
        0.0006, 0.0007, 0.0006, 0.0003, 0.0003, 0.0038, 0.0003, 0.0003, 0.0010,
        0.0010, 0.0004, 0.0006, 0.0008, 0.0006, 0.0967])
cls_count [ 2. 17. 79. 45. 39. 11. 48. 64. 37. 46. 37.  1.  5. 58.  2. 35.  1. 55.
 48. 76. 11. 53.  8. 47. 54.  0.  0.  1.  3.  0.  0.  1.  1.  0.  0.  1.
  0.  0.  0.  0.  0.  3.  0.  0.  0.  0.  0.  0.  0.  0. 51.] 0.0 940.0 0.34862745098039216 0.9457446808510638
Accuracy = 72.13% -> 67.77%

17
tensor([0.0043, 0.0098, 0.0069, 0.0110, 0.0162, 0.0091, 0.0043, 0.0023, 0.0024,
        0.0086, 0.0071, 0.0201, 0.0120, 0.0039, 0.0080, 0.0028, 0.0116, 0.0075,
        0.0046, 0.0152, 0.0059, 0.0135, 0.0023, 0.0109, 0.0074, 0.0061, 0.0104,
        0.0113, 0.0267, 0.0009, 0.0047, 0.0063, 0.0028, 0.0097, 0.0048, 0.0097,
        0.0048, 0.0026, 0.0111, 0.0118, 0.0057, 0.0104, 0.0086, 0.0081, 0.0122,
        0.0031, 0.0119, 0.0157, 0.0116, 0.0117, 0.5696])
cls_count [1.500e+01 3.900e+01 2.800e+01 4.400e+01 6.700e+01 3.800e+01 1.500e+01
 8.000e+00 7.000e+00 3.600e+01 3.000e+01 8.900e+01 4.900e+01 1.200e+01
 3.500e+01 9.000e+00 4.800e+01 3.000e+01 1.600e+01 6.500e+01 2.200e+01
 5.500e+01 7.000e+00 4.200e+01 3.000e+01 2.500e+01 4.300e+01 4.300e+01
 1.140e+02 2.000e+00 1.700e+01 2.500e+01 1.100e+01 4.000e+01 2.000e+01
 3.800e+01 1.600e+01 8.000e+00 4.400e+01 4.800e+01 2.400e+01 4.300e+01
 3.500e+01 3.100e+01 5.000e+01 8.000e+00 4.900e+01 6.700e+01 5.000e+01
 4.900e+01 2.629e+03] 0.0007607455306200076 4365.0 0.013206542411563332 0.397709049255441
cls_count [ 15.  39.  28.  44.  67.  38.  15.   8.   7.  36.  30.  89.  49.  12.
  35.   9.  48.  30.  16.  65.  22.  55.   7.  42.  30.  25.  43.  43.
 114.   2.  17.  25.  11.  40.  20.  38.  16.   8.  44.  48.  24.  43.
  35.  31.  50.   8.  49.  67.  50.  49.] 0.0 2.0 114.0 0.017543859649122806
51
acc [29.16666667 78.04878049 23.23232323 75.         16.16161616 57.5
 30.95238095  5.05050505 14.28571429 33.33333333 60.         35.35353535
 48.48484848 30.         26.26262626  9.18367347 45.45454545 43.58974359
 21.875      65.65656566 34.14634146 50.50505051 15.         31.70731707
 22.22222222 34.7826087  48.68421053 32.32323232 57.57575758  5.
 39.53488372 20.48192771 19.64285714 61.66666667 40.         55.
 12.5        13.04347826 64.         70.14925373 47.05882353 45.33333333
 22.64150943 33.33333333 52.22222222  7.5        35.61643836 58.58585859
 56.41025641 76.08695652 82.41869919] 51 H_score 52.22922290086259
Task: office-home, Iter:138/690; Accuracy = 39.09% / 38.23% / 82.42%
all_output1 tensor([0.0194, 0.0183, 0.0110, 0.0182, 0.0149, 0.0185, 0.0142, 0.0132, 0.0121,
        0.0279, 0.0231, 0.0234, 0.0252, 0.0243, 0.0117, 0.0116, 0.0147, 0.0129,
        0.0241, 0.0123, 0.0155, 0.0111, 0.0231, 0.0247, 0.0164, 0.0254, 0.0259,
        0.0107, 0.0295, 0.0164, 0.0241, 0.0194, 0.0311, 0.0221, 0.0061, 0.0119,
        0.0278, 0.0129, 0.0123, 0.0153, 0.0155, 0.0109, 0.0276, 0.0278, 0.0293,
        0.0084, 0.0151, 0.0243, 0.0229, 0.0216, 0.0639])
cls_count [ 70.  66.  41.  64.  51.  65.  52.  49.  44. 100.  84.  87.  95.  88.
  40.  41.  53.  46.  91.  46.  55.  40.  90.  88.  56.  91.  96.  39.
 107.  57.  89.  72. 113.  79.  21.  42. 101.  46.  43.  55.  57.  40.
 100. 102. 107.  29.  52.  87.  81.  81. 119.] 0.17647058823529413 3508.0 0.5695798319327732 0.9660775370581528
Accuracy = 84.12% -> 84.06%

50
all_output1 tensor([0.0023, 0.0188, 0.0777, 0.0431, 0.0379, 0.0114, 0.0517, 0.0705, 0.0390,
        0.0476, 0.0386, 0.0027, 0.0049, 0.0584, 0.0050, 0.0361, 0.0016, 0.0539,
        0.0403, 0.0718, 0.0070, 0.0542, 0.0054, 0.0518, 0.0539, 0.0007, 0.0004,
        0.0009, 0.0038, 0.0007, 0.0006, 0.0022, 0.0016, 0.0005, 0.0006, 0.0007,
        0.0006, 0.0006, 0.0007, 0.0004, 0.0004, 0.0025, 0.0004, 0.0004, 0.0010,
        0.0006, 0.0005, 0.0008, 0.0009, 0.0005, 0.0916])
cls_count [ 2. 19. 80. 45. 40. 10. 54. 74. 40. 46. 38.  2.  4. 58.  4. 36.  1. 55.
 45. 77.  6. 54.  4. 52. 55.  0.  0.  0.  3.  0.  0.  1.  1.  0.  0.  0.
  0.  0.  0.  0.  0.  2.  0.  0.  0.  0.  0.  0.  0.  0. 32.] 0.0 940.0 0.5675 0.9659574468085106
Accuracy = 71.38% -> 67.66%

17
tensor([0.0042, 0.0095, 0.0073, 0.0101, 0.0159, 0.0094, 0.0043, 0.0030, 0.0023,
        0.0087, 0.0073, 0.0219, 0.0115, 0.0041, 0.0083, 0.0027, 0.0122, 0.0080,
        0.0041, 0.0156, 0.0041, 0.0130, 0.0022, 0.0114, 0.0088, 0.0061, 0.0101,
        0.0100, 0.0271, 0.0011, 0.0048, 0.0066, 0.0030, 0.0103, 0.0053, 0.0086,
        0.0042, 0.0027, 0.0121, 0.0119, 0.0063, 0.0106, 0.0095, 0.0076, 0.0125,
        0.0025, 0.0127, 0.0160, 0.0123, 0.0114, 0.5650])
cls_count [1.400e+01 3.900e+01 3.000e+01 4.100e+01 6.900e+01 3.800e+01 1.500e+01
 9.000e+00 6.000e+00 3.500e+01 3.100e+01 9.200e+01 4.900e+01 1.300e+01
 3.500e+01 9.000e+00 4.900e+01 3.100e+01 1.500e+01 6.800e+01 1.300e+01
 5.500e+01 7.000e+00 4.700e+01 3.400e+01 2.400e+01 4.300e+01 4.200e+01
 1.160e+02 2.000e+00 1.800e+01 2.500e+01 1.000e+01 4.200e+01 2.000e+01
 3.600e+01 1.500e+01 1.000e+01 4.900e+01 4.900e+01 2.400e+01 4.400e+01
 3.800e+01 3.100e+01 4.900e+01 7.000e+00 5.400e+01 6.600e+01 5.200e+01
 4.900e+01 2.606e+03] 0.0007674597083653108 4365.0 0.013499616270145818 0.4029782359679267
cls_count [ 14.  39.  30.  41.  69.  38.  15.   9.   6.  35.  31.  92.  49.  13.
  35.   9.  49.  31.  15.  68.  13.  55.   7.  47.  34.  24.  43.  42.
 116.   2.  18.  25.  10.  42.  20.  36.  15.  10.  49.  49.  24.  44.
  38.  31.  49.   7.  54.  66.  52.  49.] 0.0 2.0 116.0 0.017241379310344827
51
acc [29.16666667 75.6097561  24.24242424 71.15384615 16.16161616 57.5
 30.95238095  5.05050505 14.28571429 32.32323232 62.5        34.34343434
 48.48484848 32.5        26.26262626  9.18367347 42.42424242 46.15384615
 20.3125     68.68686869 21.95121951 50.50505051 15.         41.46341463
 24.24242424 34.7826087  50.         32.32323232 58.58585859  5.
 41.86046512 19.27710843 17.85714286 63.33333333 40.         57.5
 12.5        17.39130435 64.         71.64179104 47.05882353 46.66666667
 22.64150943 33.33333333 52.22222222  7.5        38.35616438 57.57575758
 56.41025641 71.73913043 81.40243902] 51 H_score 52.183786722418326
Task: office-home, Iter:207/690; Accuracy = 39.24% / 38.40% / 81.40%
all_output1 tensor([0.0190, 0.0183, 0.0103, 0.0182, 0.0137, 0.0169, 0.0137, 0.0134, 0.0115,
        0.0232, 0.0220, 0.0217, 0.0205, 0.0229, 0.0117, 0.0100, 0.0139, 0.0116,
        0.0243, 0.0097, 0.0158, 0.0101, 0.0210, 0.0236, 0.0141, 0.0236, 0.0260,
        0.0102, 0.0289, 0.0134, 0.0235, 0.0189, 0.0296, 0.0220, 0.0053, 0.0117,
        0.0280, 0.0145, 0.0115, 0.0148, 0.0141, 0.0098, 0.0237, 0.0272, 0.0255,
        0.0087, 0.0136, 0.0236, 0.0222, 0.0190, 0.1196])
cls_count [ 70.  66.  40.  65.  48.  59.  49.  50.  42.  88.  81.  83.  86.  85.
  42.  39.  50.  40.  93.  44.  58.  35.  86.  85.  49.  85.  95.  37.
 107.  54.  87.  68. 110.  81.  19.  43. 100.  52.  42.  54.  54.  37.
  92. 103.  98.  32.  50.  84.  80.  77. 234.] 0.0811965811965812 3508.0 0.27982905982905987 0.9332953249714937
Accuracy = 84.06% -> 84.18%

50
all_output1 tensor([0.0015, 0.0219, 0.0703, 0.0431, 0.0364, 0.0092, 0.0506, 0.0678, 0.0340,
        0.0383, 0.0345, 0.0024, 0.0042, 0.0563, 0.0040, 0.0300, 0.0014, 0.0489,
        0.0397, 0.0602, 0.0059, 0.0489, 0.0048, 0.0462, 0.0492, 0.0006, 0.0005,
        0.0009, 0.0034, 0.0008, 0.0006, 0.0021, 0.0015, 0.0005, 0.0006, 0.0006,
        0.0006, 0.0006, 0.0006, 0.0004, 0.0005, 0.0015, 0.0004, 0.0005, 0.0011,
        0.0007, 0.0006, 0.0007, 0.0006, 0.0006, 0.1689])
cls_count [ 0. 23. 75. 45. 39.  9. 54. 74. 36. 42. 37.  2.  3. 59.  3. 33.  1. 54.
 45. 71.  5. 53.  4. 49. 52.  0.  0.  0.  3.  0.  0.  1.  1.  0.  0.  0.
  0.  0.  0.  0.  0.  1.  0.  0.  1.  0.  0.  0.  0.  0. 65.] 0.0 940.0 0.2692307692307692 0.9308510638297872
Accuracy = 70.85% -> 67.66%

17
tensor([0.0040, 0.0103, 0.0076, 0.0111, 0.0161, 0.0095, 0.0042, 0.0027, 0.0023,
        0.0084, 0.0073, 0.0205, 0.0116, 0.0042, 0.0094, 0.0028, 0.0123, 0.0086,
        0.0040, 0.0163, 0.0045, 0.0136, 0.0022, 0.0111, 0.0083, 0.0060, 0.0112,
        0.0099, 0.0273, 0.0011, 0.0049, 0.0062, 0.0030, 0.0103, 0.0054, 0.0089,
        0.0043, 0.0030, 0.0110, 0.0116, 0.0063, 0.0105, 0.0090, 0.0077, 0.0125,
        0.0027, 0.0124, 0.0164, 0.0125, 0.0115, 0.5614])
cls_count [1.400e+01 4.200e+01 3.000e+01 4.400e+01 6.900e+01 3.800e+01 1.400e+01
 9.000e+00 6.000e+00 3.400e+01 3.100e+01 8.700e+01 4.900e+01 1.400e+01
 3.700e+01 9.000e+00 5.100e+01 3.300e+01 1.400e+01 7.200e+01 1.700e+01
 5.500e+01 5.000e+00 4.500e+01 3.300e+01 2.400e+01 4.700e+01 4.000e+01
 1.170e+02 2.000e+00 1.800e+01 2.500e+01 1.100e+01 4.200e+01 2.000e+01
 3.700e+01 1.500e+01 1.200e+01 4.500e+01 4.800e+01 2.400e+01 4.500e+01
 3.700e+01 2.900e+01 4.900e+01 7.000e+00 5.200e+01 6.800e+01 5.200e+01
 4.800e+01 2.599e+03] 0.0007695267410542517 4365.0 0.013589842247018084 0.404581901489118
cls_count [ 14.  42.  30.  44.  69.  38.  14.   9.   6.  34.  31.  87.  49.  14.
  37.   9.  51.  33.  14.  72.  17.  55.   5.  45.  33.  24.  47.  40.
 117.   2.  18.  25.  11.  42.  20.  37.  15.  12.  45.  48.  24.  45.
  37.  29.  49.   7.  52.  68.  52.  48.] 0.0 2.0 117.0 0.017094017094017096
51
acc [29.16666667 78.04878049 24.24242424 75.         16.16161616 57.5
 30.95238095  5.05050505 14.28571429 31.31313131 60.         35.35353535
 48.48484848 35.         27.27272727  9.18367347 43.43434343 48.71794872
 18.75       71.71717172 26.82926829 50.50505051 12.5        36.58536585
 23.23232323 33.33333333 52.63157895 31.31313131 58.58585859  5.
 41.86046512 19.27710843 19.64285714 63.33333333 40.         57.5
 12.5        17.39130435 64.         70.14925373 47.05882353 46.66666667
 22.64150943 31.03448276 52.22222222  7.5        35.61643836 59.5959596
 56.41025641 71.73913043 81.91056911] 51 H_score 52.40396321548544
Task: office-home, Iter:276/690; Accuracy = 39.38% / 38.53% / 81.91%
all_output1 tensor([0.0186, 0.0157, 0.0097, 0.0178, 0.0141, 0.0162, 0.0134, 0.0140, 0.0112,
        0.0224, 0.0188, 0.0219, 0.0222, 0.0199, 0.0108, 0.0106, 0.0135, 0.0110,
        0.0233, 0.0092, 0.0148, 0.0087, 0.0201, 0.0240, 0.0130, 0.0226, 0.0227,
        0.0103, 0.0259, 0.0134, 0.0236, 0.0178, 0.0270, 0.0200, 0.0053, 0.0111,
        0.0258, 0.0125, 0.0106, 0.0140, 0.0109, 0.0099, 0.0239, 0.0257, 0.0245,
        0.0084, 0.0118, 0.0217, 0.0211, 0.0207, 0.1640])
cls_count [ 70.  56.  37.  64.  51.  59.  48.  54.  41.  89.  67.  83.  87.  77.
  40.  40.  50.  40.  91.  36.  55.  31.  83.  88.  47.  83.  85.  39.
 102.  49.  87.  64. 102.  78.  17.  39.  97.  47.  40.  53.  42.  38.
  90.  98.  92.  31.  41.  83.  78.  81. 368.] 0.04619565217391304 3508.0 0.17065217391304346 0.895096921322691
Accuracy = 84.15% -> 84.24%

50
all_output1 tensor([0.0014, 0.0201, 0.0657, 0.0399, 0.0373, 0.0084, 0.0464, 0.0685, 0.0342,
        0.0382, 0.0285, 0.0025, 0.0035, 0.0520, 0.0035, 0.0314, 0.0017, 0.0443,
        0.0381, 0.0586, 0.0052, 0.0414, 0.0033, 0.0458, 0.0468, 0.0006, 0.0005,
        0.0009, 0.0015, 0.0009, 0.0006, 0.0018, 0.0014, 0.0007, 0.0006, 0.0006,
        0.0006, 0.0008, 0.0007, 0.0004, 0.0006, 0.0019, 0.0005, 0.0006, 0.0008,
        0.0006, 0.0006, 0.0007, 0.0007, 0.0008, 0.2130])
cls_count [  0.  21.  74.  42.  42.   9.  50.  73.  39.  41.  31.   2.   3.  56.
   2.  34.   1.  48.  40.  68.   5.  46.   1.  49.  52.   0.   0.   0.
   1.   0.   0.   1.   0.   0.   0.   0.   0.   0.   0.   0.   0.   1.
   0.   0.   0.   0.   0.   0.   0.   0. 108.] 0.0 940.0 0.15407407407407409 0.8851063829787233
Accuracy = 70.53% -> 67.66%

17
tensor([0.0037, 0.0092, 0.0070, 0.0096, 0.0161, 0.0092, 0.0037, 0.0026, 0.0020,
        0.0082, 0.0067, 0.0197, 0.0116, 0.0043, 0.0086, 0.0026, 0.0116, 0.0080,
        0.0039, 0.0162, 0.0044, 0.0126, 0.0018, 0.0107, 0.0082, 0.0057, 0.0108,
        0.0097, 0.0268, 0.0011, 0.0047, 0.0059, 0.0025, 0.0097, 0.0046, 0.0088,
        0.0037, 0.0026, 0.0105, 0.0112, 0.0059, 0.0107, 0.0084, 0.0068, 0.0115,
        0.0025, 0.0116, 0.0158, 0.0122, 0.0114, 0.5830])
cls_count [1.400e+01 3.700e+01 3.000e+01 4.200e+01 6.900e+01 3.800e+01 1.400e+01
 9.000e+00 6.000e+00 3.400e+01 2.900e+01 8.600e+01 4.900e+01 1.700e+01
 3.700e+01 9.000e+00 5.100e+01 3.100e+01 1.400e+01 7.100e+01 1.700e+01
 5.400e+01 5.000e+00 4.400e+01 3.300e+01 2.300e+01 4.500e+01 4.000e+01
 1.160e+02 2.000e+00 1.800e+01 2.300e+01 1.000e+01 4.100e+01 1.800e+01
 3.600e+01 1.500e+01 1.100e+01 4.400e+01 4.800e+01 2.400e+01 4.500e+01
 3.500e+01 2.800e+01 4.900e+01 8.000e+00 5.100e+01 6.700e+01 5.300e+01
 4.700e+01 2.628e+03] 0.00076103500761035 4365.0 0.013219178082191781 0.3979381443298969
cls_count [ 14.  37.  30.  42.  69.  38.  14.   9.   6.  34.  29.  86.  49.  17.
  37.   9.  51.  31.  14.  71.  17.  54.   5.  44.  33.  23.  45.  40.
 116.   2.  18.  23.  10.  41.  18.  36.  15.  11.  44.  48.  24.  45.
  35.  28.  49.   8.  51.  67.  53.  47.] 0.0 2.0 116.0 0.017241379310344827
51
acc [29.16666667 73.17073171 24.24242424 73.07692308 16.16161616 57.5
 30.95238095  5.05050505 14.28571429 31.31313131 57.5        34.34343434
 48.48484848 42.5        27.27272727  9.18367347 42.42424242 48.71794872
 18.75       70.70707071 29.26829268 49.49494949 12.5        36.58536585
 23.23232323 33.33333333 51.31578947 31.31313131 57.57575758  5.
 41.86046512 18.07228916 17.85714286 61.66666667 35.         57.5
 12.5        15.2173913  64.         70.14925373 47.05882353 48.
 20.75471698 31.03448276 52.22222222  7.5        34.24657534 58.58585859
 56.41025641 69.56521739 82.01219512] 51 H_score 52.00343908320104
Task: office-home, Iter:345/690; Accuracy = 38.93% / 38.07% / 82.01%
all_output1 tensor([0.0163, 0.0155, 0.0074, 0.0145, 0.0127, 0.0148, 0.0125, 0.0123, 0.0105,
        0.0140, 0.0159, 0.0191, 0.0155, 0.0151, 0.0084, 0.0084, 0.0091, 0.0086,
        0.0190, 0.0049, 0.0132, 0.0069, 0.0173, 0.0215, 0.0129, 0.0182, 0.0197,
        0.0080, 0.0238, 0.0095, 0.0205, 0.0158, 0.0236, 0.0198, 0.0044, 0.0096,
        0.0239, 0.0118, 0.0072, 0.0099, 0.0078, 0.0077, 0.0229, 0.0241, 0.0217,
        0.0073, 0.0097, 0.0163, 0.0168, 0.0134, 0.3004])
cls_count [ 62.  56.  26.  61.  47.  56.  44.  48.  39.  51.  59.  72.  64.  55.
  32.  32.  34.  30.  76.   9.  47.  24.  67.  78.  47.  64.  74.  30.
  95.  33.  77.  59.  93.  77.  17.  35.  92.  44.  24.  38.  24.  29.
  86.  93.  78.  29.  34.  56.  66.  52. 893.] 0.010078387458006719 3508.0 0.05856662933930571 0.7454389965792474
Accuracy = 84.18% -> 84.21%

50
all_output1 tensor([0.0011, 0.0222, 0.0536, 0.0315, 0.0321, 0.0064, 0.0440, 0.0640, 0.0285,
        0.0278, 0.0243, 0.0024, 0.0016, 0.0399, 0.0033, 0.0258, 0.0009, 0.0350,
        0.0325, 0.0416, 0.0036, 0.0339, 0.0021, 0.0356, 0.0388, 0.0006, 0.0006,
        0.0007, 0.0016, 0.0008, 0.0006, 0.0014, 0.0013, 0.0007, 0.0005, 0.0006,
        0.0005, 0.0007, 0.0006, 0.0004, 0.0005, 0.0016, 0.0004, 0.0005, 0.0007,
        0.0005, 0.0005, 0.0005, 0.0006, 0.0006, 0.3495])
cls_count [  0.  24.  58.  32.  34.   6.  46.  70.  27.  28.  24.   1.   0.  42.
   3.  29.   0.  40.  37.  40.   3.  38.   0.  34.  40.   0.   0.   0.
   1.   0.   0.   1.   0.   0.   0.   0.   0.   0.   0.   0.   0.   1.
   0.   0.   0.   0.   0.   0.   0.   0. 281.] 0.0 940.0 0.04690391459074733 0.701063829787234
Accuracy = 69.79% -> 67.66%

17
tensor([0.0036, 0.0091, 0.0073, 0.0097, 0.0160, 0.0093, 0.0040, 0.0020, 0.0020,
        0.0079, 0.0069, 0.0197, 0.0113, 0.0042, 0.0085, 0.0024, 0.0119, 0.0077,
        0.0037, 0.0162, 0.0040, 0.0124, 0.0017, 0.0104, 0.0082, 0.0057, 0.0117,
        0.0095, 0.0271, 0.0010, 0.0046, 0.0057, 0.0028, 0.0101, 0.0048, 0.0086,
        0.0038, 0.0030, 0.0104, 0.0111, 0.0059, 0.0108, 0.0086, 0.0072, 0.0118,
        0.0023, 0.0112, 0.0157, 0.0118, 0.0111, 0.5836])
cls_count [1.300e+01 3.800e+01 3.000e+01 4.100e+01 6.900e+01 3.800e+01 1.400e+01
 6.000e+00 6.000e+00 3.400e+01 2.900e+01 8.600e+01 5.000e+01 1.700e+01
 3.600e+01 9.000e+00 4.900e+01 3.100e+01 1.400e+01 7.300e+01 1.600e+01
 5.200e+01 5.000e+00 4.300e+01 3.300e+01 2.300e+01 4.900e+01 4.000e+01
 1.170e+02 2.000e+00 1.900e+01 2.400e+01 1.100e+01 4.200e+01 1.900e+01
 3.600e+01 1.500e+01 1.200e+01 4.300e+01 4.800e+01 2.400e+01 4.500e+01
 3.500e+01 2.900e+01 4.900e+01 8.000e+00 4.900e+01 6.800e+01 5.200e+01
 4.800e+01 2.626e+03] 0.0007616146230007616 4365.0 0.013244478293983244 0.3983963344788087
cls_count [ 13.  38.  30.  41.  69.  38.  14.   6.   6.  34.  29.  86.  50.  17.
  36.   9.  49.  31.  14.  73.  16.  52.   5.  43.  33.  23.  49.  40.
 117.   2.  19.  24.  11.  42.  19.  36.  15.  12.  43.  48.  24.  45.
  35.  29.  49.   8.  49.  68.  52.  48.] 0.0 2.0 117.0 0.017094017094017096
51
acc [27.08333333 73.17073171 24.24242424 71.15384615 16.16161616 57.5
 30.95238095  3.03030303 14.28571429 31.31313131 57.5        34.34343434
 49.49494949 42.5        26.26262626  9.18367347 40.4040404  48.71794872
 18.75       72.72727273 26.82926829 47.47474747 12.5        34.14634146
 23.23232323 33.33333333 53.94736842 31.31313131 57.57575758  5.
 44.18604651 18.07228916 19.64285714 63.33333333 37.5        57.5
 12.5        17.39130435 62.         70.14925373 47.05882353 46.66666667
 20.75471698 32.18390805 52.22222222  7.5        32.87671233 59.5959596
 55.12820513 71.73913043 82.11382114] 51 H_score 51.99596471230527
Task: office-home, Iter:414/690; Accuracy = 38.91% / 38.04% / 82.11%
all_output1 tensor([0.0136, 0.0098, 0.0061, 0.0127, 0.0106, 0.0111, 0.0110, 0.0119, 0.0085,
        0.0110, 0.0149, 0.0141, 0.0130, 0.0141, 0.0069, 0.0075, 0.0077, 0.0087,
        0.0144, 0.0038, 0.0096, 0.0061, 0.0157, 0.0183, 0.0117, 0.0150, 0.0166,
        0.0078, 0.0176, 0.0070, 0.0184, 0.0133, 0.0195, 0.0134, 0.0034, 0.0087,
        0.0214, 0.0119, 0.0071, 0.0088, 0.0070, 0.0051, 0.0216, 0.0174, 0.0194,
        0.0067, 0.0090, 0.0136, 0.0149, 0.0149, 0.4079])
cls_count [  51.   34.   17.   54.   38.   42.   42.   44.   30.   33.   56.   52.
   46.   49.   27.   28.   26.   29.   51.    6.   36.   20.   59.   66.
   45.   58.   64.   27.   64.   20.   70.   51.   70.   51.   11.   30.
   84.   43.   22.   31.   22.   15.   85.   70.   77.   26.   32.   49.
   59.   55. 1341.] 0.0044742729306487695 3508.0 0.03231916480238628 0.6177309007981756
Accuracy = 84.06% -> 84.18%

50
all_output1 tensor([9.1121e-04, 1.8319e-02, 4.0907e-02, 2.7450e-02, 2.5262e-02, 4.6322e-03,
        3.8048e-02, 5.9188e-02, 2.1696e-02, 2.3759e-02, 2.1544e-02, 1.8589e-03,
        1.3769e-03, 3.2492e-02, 1.9775e-03, 2.2801e-02, 7.7439e-04, 3.4943e-02,
        2.5143e-02, 3.2478e-02, 1.9952e-03, 2.9492e-02, 1.7420e-03, 2.8207e-02,
        3.5425e-02, 5.6357e-04, 5.3544e-04, 6.4623e-04, 1.1253e-03, 7.3420e-04,
        5.5801e-04, 1.3462e-03, 1.3023e-03, 6.1903e-04, 4.8898e-04, 5.7414e-04,
        4.9840e-04, 7.5712e-04, 5.4820e-04, 4.0162e-04, 4.9686e-04, 8.2619e-04,
        4.1803e-04, 4.7896e-04, 6.3427e-04, 4.7619e-04, 4.8428e-04, 4.8463e-04,
        5.3049e-04, 5.4429e-04, 4.5150e-01])
cls_count [  0.  18.  38.  27.  24.   4.  41.  65.  16.  24.  18.   1.   0.  31.
   2.  23.   0.  33.  19.  27.   1.  26.   0.  27.  33.   0.   0.   0.
   0.   0.   0.   1.   0.   0.   0.   0.   0.   0.   0.   0.   0.   0.
   0.   0.   0.   0.   0.   0.   0.   0. 441.] 0.0 940.0 0.022630385487528347 0.5308510638297872
Accuracy = 69.57% -> 68.94%

18
tensor([0.0034, 0.0082, 0.0065, 0.0090, 0.0156, 0.0085, 0.0034, 0.0018, 0.0018,
        0.0076, 0.0067, 0.0192, 0.0107, 0.0041, 0.0079, 0.0020, 0.0108, 0.0075,
        0.0035, 0.0157, 0.0038, 0.0118, 0.0015, 0.0092, 0.0078, 0.0053, 0.0105,
        0.0092, 0.0262, 0.0008, 0.0046, 0.0054, 0.0028, 0.0094, 0.0044, 0.0084,
        0.0036, 0.0028, 0.0096, 0.0110, 0.0057, 0.0099, 0.0083, 0.0063, 0.0115,
        0.0021, 0.0110, 0.0146, 0.0115, 0.0109, 0.6063])
cls_count [1.400e+01 3.600e+01 2.900e+01 4.200e+01 6.900e+01 3.800e+01 1.400e+01
 6.000e+00 6.000e+00 3.400e+01 2.800e+01 8.600e+01 4.900e+01 1.700e+01
 3.500e+01 7.000e+00 4.700e+01 3.100e+01 1.400e+01 7.100e+01 1.700e+01
 5.200e+01 5.000e+00 4.000e+01 3.300e+01 2.300e+01 4.500e+01 3.900e+01
 1.160e+02 2.000e+00 1.900e+01 2.300e+01 1.200e+01 4.100e+01 1.900e+01
 3.600e+01 1.500e+01 1.100e+01 4.200e+01 4.800e+01 2.400e+01 4.200e+01
 3.500e+01 2.800e+01 4.900e+01 8.000e+00 5.000e+01 6.600e+01 5.200e+01
 4.800e+01 2.652e+03] 0.0007541478129713424 4365.0 0.012918552036199094 0.3924398625429553
cls_count [ 14.  36.  29.  42.  69.  38.  14.   6.   6.  34.  28.  86.  49.  17.
  35.   7.  47.  31.  14.  71.  17.  52.   5.  40.  33.  23.  45.  39.
 116.   2.  19.  23.  12.  41.  19.  36.  15.  11.  42.  48.  24.  42.
  35.  28.  49.   8.  50.  66.  52.  48.] 0.0 2.0 116.0 0.017241379310344827
51
acc [29.16666667 70.73170732 23.23232323 73.07692308 16.16161616 57.5
 30.95238095  3.03030303 14.28571429 31.31313131 57.5        34.34343434
 48.48484848 42.5        25.25252525  7.14285714 38.38383838 48.71794872
 18.75       71.71717172 29.26829268 47.47474747 12.5        34.14634146
 23.23232323 33.33333333 51.31578947 30.3030303  57.57575758  5.
 44.18604651 18.07228916 21.42857143 61.66666667 37.5        57.5
 12.5        15.2173913  62.         70.14925373 47.05882353 46.66666667
 20.75471698 31.03448276 52.22222222  7.5        32.87671233 57.57575758
 55.12820513 71.73913043 82.41869919] 51 H_score 51.81371430979699
Task: office-home, Iter:483/690; Accuracy = 38.66% / 37.78% / 82.42%
all_output1 tensor([0.0124, 0.0104, 0.0048, 0.0107, 0.0064, 0.0090, 0.0060, 0.0106, 0.0053,
        0.0077, 0.0119, 0.0107, 0.0103, 0.0119, 0.0041, 0.0048, 0.0050, 0.0068,
        0.0083, 0.0037, 0.0090, 0.0047, 0.0131, 0.0173, 0.0074, 0.0157, 0.0162,
        0.0065, 0.0126, 0.0041, 0.0151, 0.0116, 0.0140, 0.0120, 0.0028, 0.0063,
        0.0172, 0.0087, 0.0065, 0.0070, 0.0054, 0.0034, 0.0158, 0.0151, 0.0136,
        0.0058, 0.0089, 0.0122, 0.0108, 0.0102, 0.5301])
cls_count [  48.   37.   13.   41.   17.   27.   19.   37.   15.   10.   44.   32.
   28.   40.   12.   15.   14.   24.   19.    8.   32.   16.   48.   63.
   26.   58.   65.   23.   40.   11.   60.   41.   47.   41.   10.   20.
   62.   31.   21.   24.   10.    7.   60.   57.   46.   20.   31.   46.
   37.   28. 1927.] 0.0036325895173845357 3508.0 0.016408925791385573 0.4506841505131129
Accuracy = 84.26% -> 84.35%

50
all_output1 tensor([5.4788e-04, 2.0296e-02, 2.7745e-02, 2.5624e-02, 1.3254e-02, 5.2738e-03,
        2.3217e-02, 4.8976e-02, 1.7082e-02, 2.0497e-02, 1.4233e-02, 1.7793e-03,
        5.9972e-04, 2.5248e-02, 1.5778e-03, 1.4450e-02, 4.2490e-04, 2.7168e-02,
        1.5613e-02, 2.4233e-02, 1.2619e-03, 2.1590e-02, 1.2641e-03, 2.4404e-02,
        2.3407e-02, 3.5893e-04, 3.4081e-04, 4.0206e-04, 5.0798e-04, 4.8542e-04,
        3.7068e-04, 1.1070e-03, 7.9460e-04, 4.3367e-04, 2.9864e-04, 4.5213e-04,
        3.0651e-04, 5.7228e-04, 3.6875e-04, 2.5958e-04, 3.1746e-04, 5.6294e-04,
        2.4529e-04, 3.2497e-04, 4.0432e-04, 2.8229e-04, 3.2523e-04, 3.4656e-04,
        3.1833e-04, 3.3854e-04, 5.8971e-01])
cls_count [  0.  21.  18.  26.   7.   4.  22.  48.  13.  21.  11.   1.   0.  23.
   1.  13.   0.  25.  12.  17.   0.  17.   0.  22.  20.   0.   0.   0.
   0.   0.   0.   1.   0.   0.   0.   0.   0.   0.   0.   0.   0.   0.
   0.   0.   0.   0.   0.   0.   0.   0. 597.] 0.0 940.0 0.011490787269681743 0.3648936170212766
Accuracy = 69.79% -> 69.04%

18
tensor([0.0031, 0.0081, 0.0065, 0.0094, 0.0152, 0.0085, 0.0032, 0.0016, 0.0016,
        0.0077, 0.0060, 0.0177, 0.0107, 0.0038, 0.0081, 0.0018, 0.0108, 0.0072,
        0.0034, 0.0155, 0.0038, 0.0114, 0.0014, 0.0091, 0.0070, 0.0052, 0.0091,
        0.0081, 0.0254, 0.0007, 0.0044, 0.0049, 0.0025, 0.0094, 0.0037, 0.0078,
        0.0036, 0.0026, 0.0098, 0.0104, 0.0054, 0.0093, 0.0080, 0.0063, 0.0109,
        0.0021, 0.0106, 0.0145, 0.0112, 0.0106, 0.6208])
cls_count [1.300e+01 3.500e+01 2.800e+01 4.200e+01 6.900e+01 3.700e+01 1.400e+01
 6.000e+00 6.000e+00 3.400e+01 2.800e+01 7.900e+01 4.900e+01 1.700e+01
 3.500e+01 7.000e+00 4.700e+01 3.100e+01 1.400e+01 7.200e+01 1.700e+01
 5.100e+01 5.000e+00 3.900e+01 3.200e+01 2.300e+01 4.200e+01 3.600e+01
 1.150e+02 2.000e+00 1.900e+01 2.300e+01 1.200e+01 4.100e+01 1.600e+01
 3.600e+01 1.500e+01 1.100e+01 4.200e+01 4.800e+01 2.400e+01 4.100e+01
 3.500e+01 2.600e+01 4.800e+01 8.000e+00 5.000e+01 6.600e+01 5.200e+01
 4.800e+01 2.679e+03] 0.0007465472191116088 4365.0 0.012586786114221725 0.38625429553264606
cls_count [ 13.  35.  28.  42.  69.  37.  14.   6.   6.  34.  28.  79.  49.  17.
  35.   7.  47.  31.  14.  72.  17.  51.   5.  39.  32.  23.  42.  36.
 115.   2.  19.  23.  12.  41.  16.  36.  15.  11.  42.  48.  24.  41.
  35.  26.  48.   8.  50.  66.  52.  48.] 0.0 2.0 115.0 0.017391304347826087
51
acc [27.08333333 68.29268293 22.22222222 73.07692308 16.16161616 55.
 30.95238095  3.03030303 14.28571429 31.31313131 57.5        33.33333333
 48.48484848 42.5        25.25252525  7.14285714 38.38383838 48.71794872
 18.75       71.71717172 29.26829268 46.46464646 12.5        34.14634146
 22.22222222 33.33333333 47.36842105 29.29292929 56.56565657  5.
 44.18604651 18.07228916 21.42857143 61.66666667 32.5        57.5
 12.5        15.2173913  62.         70.14925373 47.05882353 45.33333333
 20.75471698 28.73563218 51.11111111  7.5        32.87671233 57.57575758
 55.12820513 71.73913043 82.92682927] 51 H_score 51.40601135510201
Task: office-home, Iter:552/690; Accuracy = 38.14% / 37.25% / 82.93%
all_output1 tensor([0.0086, 0.0090, 0.0033, 0.0065, 0.0042, 0.0072, 0.0051, 0.0082, 0.0035,
        0.0051, 0.0109, 0.0046, 0.0088, 0.0105, 0.0025, 0.0037, 0.0054, 0.0044,
        0.0065, 0.0032, 0.0041, 0.0033, 0.0080, 0.0146, 0.0048, 0.0127, 0.0110,
        0.0036, 0.0081, 0.0042, 0.0118, 0.0075, 0.0108, 0.0094, 0.0027, 0.0058,
        0.0123, 0.0067, 0.0069, 0.0065, 0.0044, 0.0039, 0.0096, 0.0097, 0.0077,
        0.0043, 0.0064, 0.0079, 0.0096, 0.0089, 0.6519])
cls_count [  27.   31.   10.   19.    9.   18.   14.   29.    7.    5.   39.   12.
   22.   33.    6.   10.   15.   12.   15.    6.   11.    9.   20.   53.
    8.   45.   34.    9.   21.   13.   42.   24.   35.   32.    9.   17.
   39.   21.   23.   23.    9.   10.   30.   26.   21.   18.   22.   24.
   35.   27. 2459.] 0.0020333468889792597 3508.0 0.008531923546156974 0.2990307867730901
Accuracy = 84.18% -> 84.26%

50
all_output1 tensor([5.0578e-04, 1.5089e-02, 2.0048e-02, 1.6241e-02, 1.0661e-02, 4.5879e-03,
        1.9073e-02, 3.7195e-02, 1.4473e-02, 1.6327e-02, 1.2144e-02, 1.5845e-03,
        4.3512e-04, 2.0854e-02, 9.7399e-04, 1.3437e-02, 3.8799e-04, 1.6981e-02,
        1.2067e-02, 2.1125e-02, 9.3428e-04, 1.4611e-02, 5.5131e-04, 1.9773e-02,
        1.7244e-02, 3.0249e-04, 2.9829e-04, 3.3565e-04, 3.3814e-04, 4.3381e-04,
        3.1408e-04, 7.1413e-04, 7.0976e-04, 3.6308e-04, 2.6308e-04, 6.1150e-04,
        2.5087e-04, 4.2817e-04, 3.4850e-04, 2.0911e-04, 2.6044e-04, 3.3328e-04,
        2.1666e-04, 2.6820e-04, 2.9451e-04, 2.3277e-04, 2.7469e-04, 3.0584e-04,
        2.7364e-04, 2.5251e-04, 6.8406e-01])
cls_count [  0.  15.  10.  15.   6.   3.  15.  33.  12.  13.   8.   2.   0.  14.
   0.  14.   0.  11.   7.  12.   0.  11.   0.  20.  10.   0.   0.   0.
   0.   0.   0.   0.   0.   0.   0.   1.   0.   0.   0.   0.   0.   0.
   0.   0.   0.   0.   0.   0.   0.   0. 708.] 0.0 940.0 0.00655367231638418 0.24680851063829787
Accuracy = 70.00% -> 67.66%

17
tensor([0.0029, 0.0077, 0.0060, 0.0093, 0.0154, 0.0084, 0.0033, 0.0016, 0.0016,
        0.0076, 0.0065, 0.0167, 0.0107, 0.0040, 0.0082, 0.0020, 0.0104, 0.0072,
        0.0034, 0.0155, 0.0041, 0.0112, 0.0013, 0.0089, 0.0076, 0.0049, 0.0095,
        0.0087, 0.0260, 0.0008, 0.0043, 0.0053, 0.0026, 0.0092, 0.0037, 0.0082,
        0.0036, 0.0027, 0.0092, 0.0107, 0.0054, 0.0092, 0.0083, 0.0056, 0.0106,
        0.0022, 0.0106, 0.0147, 0.0110, 0.0107, 0.6208])
cls_count [1.200e+01 3.500e+01 2.800e+01 4.200e+01 6.900e+01 3.700e+01 1.400e+01
 6.000e+00 6.000e+00 3.400e+01 2.800e+01 7.500e+01 4.900e+01 1.700e+01
 3.500e+01 7.000e+00 4.700e+01 3.100e+01 1.400e+01 7.100e+01 1.700e+01
 5.100e+01 5.000e+00 3.900e+01 3.300e+01 2.200e+01 4.300e+01 3.800e+01
 1.160e+02 2.000e+00 1.900e+01 2.300e+01 1.100e+01 4.100e+01 1.500e+01
 3.600e+01 1.500e+01 1.100e+01 4.200e+01 4.800e+01 2.400e+01 4.200e+01
 3.500e+01 2.500e+01 4.800e+01 8.000e+00 4.900e+01 6.600e+01 5.200e+01
 4.800e+01 2.684e+03] 0.0007451564828614009 4365.0 0.012526080476900148 0.38510882016036657
cls_count [ 12.  35.  28.  42.  69.  37.  14.   6.   6.  34.  28.  75.  49.  17.
  35.   7.  47.  31.  14.  71.  17.  51.   5.  39.  33.  22.  43.  38.
 116.   2.  19.  23.  11.  41.  15.  36.  15.  11.  42.  48.  24.  42.
  35.  25.  48.   8.  49.  66.  52.  48.] 0.0 2.0 116.0 0.017241379310344827
51
acc [25.         68.29268293 22.22222222 73.07692308 16.16161616 55.
 30.95238095  3.03030303 14.28571429 31.31313131 57.5        33.33333333
 48.48484848 42.5        25.25252525  7.14285714 38.38383838 48.71794872
 18.75       70.70707071 29.26829268 46.46464646 12.5        34.14634146
 23.23232323 31.88405797 48.68421053 30.3030303  57.57575758  5.
 44.18604651 18.07228916 19.64285714 61.66666667 32.5        57.5
 12.5        15.2173913  62.         70.14925373 47.05882353 46.66666667
 20.75471698 27.5862069  51.11111111  7.5        32.87671233 57.57575758
 55.12820513 71.73913043 82.92682927] 51 H_score 51.371746762210485
Task: office-home, Iter:621/690; Accuracy = 38.11% / 37.21% / 82.93%
