nohup: 忽略输入
ckpt/source/pda/office-home/R
Namespace(batch_size=64, bottleneck=256, class_num=50, classifier='bn', cls_par=0.3, da='pda', distance='cosine', dset='office-home', ent=True, ent_par=1.0, epsilon=1e-05, extra_class=1, gent=True, gpu_id='1', interval=10, issave=False, layer='wn', lr=0.01, lr_decay1=0.1, lr_decay2=1.0, max_epoch=10, name='office-home', name1='RP', name2='RA', name3='RC', net='resnet50', out_file=<_io.TextIOWrapper name='ckpt/target/pda/office-home-addfc+gent/log_par_0.3_thr0.txt' mode='w' encoding='UTF-8'>, output='ckpt/target', output_dir='ckpt/target/pda/office-home-addfc+gent', output_dir_src='ckpt/source/pda/office-home/R', output_src='ckpt/source', s=0, s_dset_path='./data/office-home/Real_World.txt', savename='par_0.3_thr0', seed=2020, src_classes=[0, 1, 2, 3, 4, 5, 6, 7, 8, 9, 10, 11, 12, 13, 14, 15, 16, 17, 18, 19, 20, 21, 22, 23, 24, 25, 26, 27, 28, 29, 30, 31, 32, 33, 34, 35, 36, 37, 38, 39, 40, 41, 42, 43, 44, 45, 46, 47, 48, 49], t=1, t_dset_path='./data/office-home/Product.txt', t_dset_path1='./data/office-home/Art.txt', t_dset_path2='./data/office-home/Clipart.txt', tar_classes=[0, 1, 2, 3, 4, 5, 6, 7, 8, 9, 10, 11, 12, 13, 14, 15, 16, 17, 18, 19, 20, 21, 22, 23, 24, 25, 26, 27, 28, 29, 30, 31, 32, 33, 34, 35, 36, 37, 38, 39, 40, 41, 42, 43, 44, 45, 46, 47, 48, 49], tar_classes1=[0, 1, 2, 3, 4, 5, 6, 7, 8, 9, 10, 11, 12, 13, 14, 15, 16, 17, 18, 19, 20, 21, 22, 23, 24], tar_classes2=[0, 1, 2, 3, 4, 5, 6, 7, 8, 9, 10, 11, 12, 13, 14, 15, 16, 17, 18, 19, 20, 21, 22, 23, 24, 25, 26, 27, 28, 29, 30, 31, 32, 33, 34, 35, 36, 37, 38, 39, 40, 41, 42, 43, 44, 45, 46, 47, 48, 49, 50, 51, 52, 53, 54, 55, 56, 57, 58, 59, 60, 61, 62, 63, 64], test_dset_path='./data/office-home/Product.txt', test_dset_path1='./data/office-home/Art.txt', test_dset_path2='./data/office-home/Clipart.txt', threshold=0, worker=4)
/homes/jh015/.conda/envs/hj_trans/lib/python3.7/site-packages/torchvision/models/_utils.py:209: UserWarning: The parameter 'pretrained' is deprecated since 0.13 and will be removed in 0.15, please use 'weights' instead.
  f"The parameter '{pretrained_param}' is deprecated since 0.13 and will be removed in 0.15, "
/homes/jh015/.conda/envs/hj_trans/lib/python3.7/site-packages/torchvision/models/_utils.py:223: UserWarning: Arguments other than a weight enum or `None` for 'weights' are deprecated since 0.13 and will be removed in 0.15. The current behavior is equivalent to passing `weights=ResNet50_Weights.IMAGENET1K_V1`. You can also use `weights=ResNet50_Weights.DEFAULT` to get the most up-to-date weights.
  warnings.warn(msg)
all_output1 tensor([0.0176, 0.0140, 0.0041, 0.0164, 0.0065, 0.0160, 0.0086, 0.0058, 0.0101,
        0.0139, 0.0200, 0.0108, 0.0247, 0.0147, 0.0074, 0.0095, 0.0126, 0.0096,
        0.0184, 0.0113, 0.0126, 0.0093, 0.0226, 0.0169, 0.0070, 0.0209, 0.0222,
        0.0069, 0.0254, 0.0129, 0.0195, 0.0137, 0.0243, 0.0172, 0.0042, 0.0121,
        0.0147, 0.0082, 0.0100, 0.0137, 0.0113, 0.0076, 0.0198, 0.0212, 0.0228,
        0.0050, 0.0101, 0.0227, 0.0182, 0.0208, 0.2942])
cls_count [  60.   53.    7.   58.   13.   55.   27.   17.   32.   47.   70.   23.
   94.   56.   17.   30.   45.   28.   66.   39.   39.   29.   81.   60.
   21.   71.   79.   21.   95.   41.   69.   35.   87.   61.    9.   38.
   45.   19.   31.   45.   38.   21.   66.   71.   65.   15.   31.   84.
   67.   83. 1154.] 0.006065857885615251 3508.0 0.04079722703639515 0.6710376282782212
Accuracy = 80.56% -> 82.92%

50
all_output1 tensor([0.0081, 0.0160, 0.0365, 0.0286, 0.0171, 0.0155, 0.0246, 0.0319, 0.0171,
        0.0195, 0.0246, 0.0077, 0.0137, 0.0351, 0.0093, 0.0231, 0.0069, 0.0218,
        0.0190, 0.0500, 0.0164, 0.0374, 0.0123, 0.0145, 0.0256, 0.0036, 0.0020,
        0.0019, 0.0059, 0.0022, 0.0025, 0.0055, 0.0035, 0.0024, 0.0057, 0.0085,
        0.0026, 0.0057, 0.0033, 0.0013, 0.0023, 0.0035, 0.0026, 0.0019, 0.0020,
        0.0033, 0.0027, 0.0042, 0.0023, 0.0026, 0.3840])
cls_count [  5.  13.  34.  29.  14.  15.  22.  25.  13.  17.  21.   4.  14.  34.
   7.  22.   3.  17.  13.  55.  12.  37.  10.  10.  24.   0.   0.   0.
   4.   0.   0.   2.   0.   0.   0.   4.   0.   2.   0.   0.   0.   3.
   0.   0.   0.   0.   0.   0.   0.   0. 455.] 0.0 940.0 0.021318681318681316 0.5159574468085106
Accuracy = 70.43% -> 65.96%

16
tensor([0.0064, 0.0143, 0.0075, 0.0167, 0.0176, 0.0099, 0.0063, 0.0062, 0.0053,
        0.0050, 0.0091, 0.0443, 0.0114, 0.0074, 0.0100, 0.0046, 0.0136, 0.0119,
        0.0053, 0.0124, 0.0113, 0.0115, 0.0060, 0.0168, 0.0049, 0.0097, 0.0132,
        0.0097, 0.0233, 0.0041, 0.0045, 0.0106, 0.0035, 0.0108, 0.0081, 0.0210,
        0.0057, 0.0046, 0.0119, 0.0110, 0.0064, 0.0079, 0.0070, 0.0097, 0.0111,
        0.0055, 0.0088, 0.0226, 0.0113, 0.0089, 0.4733])
cls_count [  16.   44.   22.   41.   61.   30.   14.    9.    5.   10.   28.  124.
   42.   19.   31.    9.   38.   32.    6.   55.   25.   40.    8.   43.
   15.   25.   38.   35.   96.    3.   10.   23.    6.   41.   12.   48.
    9.    8.   39.   44.   18.   25.   15.   25.   32.    8.   25.   74.
   39.   30. 2870.] 0.0010452961672473868 4365.0 0.010418118466898954 0.3424971363115693
51
acc [29.16666667 80.48780488 16.16161616 71.15384615 17.17171717 52.5
 26.19047619  7.07070707 11.9047619  10.1010101  65.         41.41414141
 41.41414141 45.         21.21212121  9.18367347 35.35353535 38.46153846
  7.8125     55.55555556 26.82926829 40.4040404  15.         39.02439024
 13.13131313 36.23188406 42.10526316 30.3030303  49.49494949  7.5
 23.25581395 16.86746988 10.71428571 63.33333333 27.5        42.5
 10.9375     15.2173913  56.         64.17910448 35.29411765 30.66666667
  7.54716981 25.28735632 35.55555556  7.5        27.39726027 64.64646465
 47.43589744 52.17391304 83.84146341] 51 H_score 47.284119100976106
Task: office-home, Iter:0/690; Accuracy = 33.93% / 32.93% / 83.84%
all_output1 tensor([0.0194, 0.0177, 0.0118, 0.0186, 0.0158, 0.0182, 0.0127, 0.0132, 0.0129,
        0.0270, 0.0238, 0.0246, 0.0278, 0.0222, 0.0122, 0.0121, 0.0148, 0.0154,
        0.0262, 0.0128, 0.0177, 0.0122, 0.0257, 0.0226, 0.0149, 0.0267, 0.0270,
        0.0112, 0.0294, 0.0156, 0.0220, 0.0169, 0.0306, 0.0233, 0.0054, 0.0131,
        0.0242, 0.0150, 0.0131, 0.0141, 0.0162, 0.0101, 0.0295, 0.0281, 0.0334,
        0.0091, 0.0144, 0.0257, 0.0225, 0.0256, 0.0457])
cls_count [ 69.  65.  43.  66.  57.  63.  45.  48.  45.  96.  84.  89.  97.  81.
  45.  41.  51.  53.  92.  46.  64.  41.  91.  81.  50.  95.  98.  39.
 104.  54.  77.  59. 105.  83.  20.  46.  90.  57.  46.  50.  59.  36.
 109.  98. 119.  30.  51.  90.  81.  91. 118.] 0.1694915254237288 3508.0 0.5745762711864406 0.9663625997719498
Accuracy = 83.84% -> 84.49%

50
all_output1 tensor([0.0051, 0.0128, 0.0883, 0.0402, 0.0336, 0.0137, 0.0494, 0.0639, 0.0368,
        0.0486, 0.0405, 0.0035, 0.0107, 0.0492, 0.0075, 0.0370, 0.0031, 0.0513,
        0.0399, 0.0775, 0.0141, 0.0544, 0.0103, 0.0423, 0.0525, 0.0012, 0.0006,
        0.0012, 0.0055, 0.0006, 0.0007, 0.0017, 0.0018, 0.0005, 0.0007, 0.0018,
        0.0007, 0.0006, 0.0010, 0.0004, 0.0004, 0.0037, 0.0007, 0.0004, 0.0013,
        0.0018, 0.0005, 0.0019, 0.0008, 0.0011, 0.0822])
cls_count [ 6. 13. 88. 39. 31. 13. 50. 64. 39. 46. 38.  3. 12. 49.  6. 36.  1. 51.
 40. 77. 12. 52. 11. 44. 53.  0.  0.  1.  6.  0.  0.  1.  1.  0.  0.  2.
  0.  0.  0.  0.  0.  4.  0.  0.  0.  1.  0.  1.  0.  0. 49.] 0.0 940.0 0.36367346938775513 0.9478723404255319
Accuracy = 74.57% -> 68.62%

17
tensor([0.0072, 0.0147, 0.0108, 0.0167, 0.0155, 0.0128, 0.0078, 0.0117, 0.0048,
        0.0128, 0.0108, 0.0269, 0.0131, 0.0065, 0.0118, 0.0080, 0.0148, 0.0118,
        0.0069, 0.0173, 0.0161, 0.0175, 0.0053, 0.0158, 0.0074, 0.0106, 0.0165,
        0.0153, 0.0316, 0.0027, 0.0071, 0.0107, 0.0080, 0.0136, 0.0078, 0.0162,
        0.0082, 0.0056, 0.0144, 0.0139, 0.0084, 0.0104, 0.0136, 0.0120, 0.0151,
        0.0073, 0.0138, 0.0234, 0.0137, 0.0137, 0.3817])
cls_count [1.600e+01 4.400e+01 4.200e+01 5.500e+01 5.300e+01 4.800e+01 2.100e+01
 3.900e+01 8.000e+00 5.100e+01 3.900e+01 1.060e+02 4.900e+01 1.500e+01
 4.700e+01 2.900e+01 5.900e+01 3.700e+01 2.900e+01 7.100e+01 6.000e+01
 7.100e+01 1.400e+01 5.500e+01 2.500e+01 3.700e+01 6.100e+01 6.200e+01
 1.300e+02 2.000e+00 2.000e+01 3.400e+01 3.100e+01 4.400e+01 2.400e+01
 5.700e+01 2.800e+01 1.400e+01 4.800e+01 4.900e+01 2.400e+01 3.900e+01
 6.100e+01 4.200e+01 5.800e+01 1.600e+01 6.000e+01 8.900e+01 5.600e+01
 5.200e+01 2.144e+03] 0.0009328358208955224 4365.0 0.020718283582089554 0.5088201603665521
51
acc [33.33333333 78.04878049 31.31313131 78.84615385 18.18181818 77.5
 42.85714286 14.14141414 14.28571429 45.45454545 70.         33.33333333
 48.48484848 37.5        34.34343434 26.53061224 56.56565657 46.15384615
 39.0625     70.70707071 39.02439024 61.61616162 30.         46.34146341
 20.2020202  49.27536232 56.57894737 41.41414141 64.64646465  5.
 46.51162791 22.89156627 50.         65.         47.5        62.5
 23.4375     26.08695652 66.         71.64179104 47.05882353 45.33333333
 30.18867925 39.08045977 60.         12.5        45.20547945 72.72727273
 58.97435897 78.26086957 75.30487805] 51 H_score 56.82883014196211
Task: office-home, Iter:69/690; Accuracy = 46.21% / 45.63% / 75.30%
all_output1 tensor([0.0185, 0.0188, 0.0123, 0.0179, 0.0179, 0.0186, 0.0142, 0.0135, 0.0141,
        0.0259, 0.0230, 0.0248, 0.0271, 0.0253, 0.0103, 0.0120, 0.0142, 0.0134,
        0.0270, 0.0129, 0.0170, 0.0113, 0.0250, 0.0230, 0.0157, 0.0252, 0.0262,
        0.0108, 0.0300, 0.0152, 0.0225, 0.0154, 0.0299, 0.0224, 0.0062, 0.0121,
        0.0227, 0.0167, 0.0126, 0.0143, 0.0154, 0.0110, 0.0287, 0.0279, 0.0282,
        0.0088, 0.0145, 0.0244, 0.0230, 0.0242, 0.0583])
cls_count [ 65.  65.  45.  63.  65.  64.  52.  49.  50.  93.  84.  90.  99.  91.
  37.  41.  51.  50.  98.  46.  59.  41.  90.  83.  55.  93.  97.  37.
 105.  53.  80.  57. 108.  80.  22.  42.  82.  61.  45.  49.  57.  37.
 104.  99. 101.  29.  49.  89.  81.  87. 138.] 0.15942028985507245 3508.0 0.4884057971014493 0.9606613454960091
Accuracy = 83.95% -> 84.32%

50
all_output1 tensor([0.0024, 0.0232, 0.0886, 0.0411, 0.0388, 0.0138, 0.0567, 0.0680, 0.0395,
        0.0467, 0.0395, 0.0017, 0.0069, 0.0524, 0.0038, 0.0384, 0.0018, 0.0547,
        0.0477, 0.0786, 0.0108, 0.0538, 0.0093, 0.0428, 0.0538, 0.0008, 0.0004,
        0.0009, 0.0043, 0.0004, 0.0006, 0.0016, 0.0012, 0.0004, 0.0007, 0.0014,
        0.0005, 0.0009, 0.0006, 0.0003, 0.0003, 0.0047, 0.0005, 0.0003, 0.0007,
        0.0012, 0.0004, 0.0010, 0.0007, 0.0010, 0.0595])
cls_count [ 2. 23. 89. 39. 38. 13. 54. 71. 38. 45. 38.  2.  7. 52.  3. 38.  1. 56.
 49. 79. 11. 51.  9. 43. 55.  0.  0.  0.  4.  0.  0.  1.  1.  0.  0.  1.
  0.  1.  0.  0.  0.  4.  0.  0.  0.  1.  0.  0.  0.  1. 20.] 0.0 940.0 0.9199999999999999 0.9787234042553191
Accuracy = 73.40% -> 68.72%

17
tensor([0.0053, 0.0121, 0.0095, 0.0119, 0.0109, 0.0118, 0.0065, 0.0108, 0.0033,
        0.0135, 0.0079, 0.0212, 0.0132, 0.0048, 0.0100, 0.0087, 0.0128, 0.0088,
        0.0087, 0.0169, 0.0144, 0.0164, 0.0046, 0.0136, 0.0061, 0.0099, 0.0135,
        0.0151, 0.0327, 0.0012, 0.0059, 0.0087, 0.0076, 0.0103, 0.0074, 0.0117,
        0.0072, 0.0046, 0.0113, 0.0123, 0.0063, 0.0110, 0.0165, 0.0130, 0.0140,
        0.0051, 0.0154, 0.0195, 0.0127, 0.0144, 0.4490])
cls_count [1.700e+01 4.500e+01 3.400e+01 4.700e+01 4.400e+01 4.500e+01 2.400e+01
 4.100e+01 7.000e+00 5.800e+01 2.800e+01 8.300e+01 5.500e+01 1.600e+01
 4.300e+01 2.800e+01 5.300e+01 3.400e+01 3.400e+01 7.100e+01 5.800e+01
 6.700e+01 1.600e+01 5.600e+01 2.500e+01 3.800e+01 5.200e+01 6.300e+01
 1.420e+02 1.000e+00 2.000e+01 3.400e+01 2.900e+01 3.900e+01 2.400e+01
 4.200e+01 2.300e+01 1.600e+01 4.300e+01 4.700e+01 2.300e+01 4.300e+01
 6.800e+01 4.700e+01 5.700e+01 1.400e+01 6.200e+01 8.200e+01 5.500e+01
 5.800e+01 2.214e+03] 0.00045167118337850043 4365.0 0.01943089430894309 0.4927835051546392
51
acc [35.41666667 75.6097561  26.26262626 75.         14.14141414 75.
 47.61904762 16.16161616 14.28571429 51.51515152 55.         25.25252525
 55.55555556 40.         33.33333333 27.55102041 49.49494949 51.28205128
 45.3125     70.70707071 41.46341463 55.55555556 35.         46.34146341
 19.19191919 52.17391304 56.57894737 42.42424242 69.6969697   2.5
 46.51162791 25.30120482 46.42857143 60.         50.         52.5
 23.4375     26.08695652 62.         68.65671642 45.09803922 46.66666667
 43.39622642 40.22988506 60.         12.5        46.57534247 70.70707071
 60.25641026 78.26086957 78.04878049] 51 H_score 57.407689261048375
Task: office-home, Iter:138/690; Accuracy = 46.04% / 45.40% / 78.05%
all_output1 tensor([0.0185, 0.0186, 0.0119, 0.0180, 0.0178, 0.0181, 0.0141, 0.0145, 0.0135,
        0.0259, 0.0213, 0.0234, 0.0252, 0.0244, 0.0118, 0.0117, 0.0145, 0.0151,
        0.0245, 0.0121, 0.0156, 0.0113, 0.0229, 0.0229, 0.0168, 0.0259, 0.0257,
        0.0103, 0.0291, 0.0146, 0.0224, 0.0173, 0.0280, 0.0224, 0.0064, 0.0123,
        0.0243, 0.0152, 0.0124, 0.0142, 0.0157, 0.0105, 0.0278, 0.0265, 0.0287,
        0.0084, 0.0150, 0.0236, 0.0223, 0.0219, 0.0748])
cls_count [ 66.  65.  44.  64.  62.  64.  52.  52.  47.  94.  78.  83.  96.  89.
  41.  41.  51.  53.  89.  45.  59.  41.  87.  81.  59.  92.  97.  37.
 104.  53.  81.  62. 104.  81.  23.  44.  91.  58.  45.  50.  58.  37.
 102.  99. 105.  29.  50.  86.  81.  82. 154.] 0.14935064935064934 3508.0 0.4355844155844156 0.9561003420752565
Accuracy = 84.09% -> 84.01%

50
all_output1 tensor([0.0013, 0.0244, 0.0882, 0.0398, 0.0392, 0.0119, 0.0571, 0.0707, 0.0369,
        0.0467, 0.0387, 0.0015, 0.0055, 0.0519, 0.0040, 0.0371, 0.0013, 0.0579,
        0.0398, 0.0714, 0.0085, 0.0532, 0.0075, 0.0448, 0.0591, 0.0005, 0.0003,
        0.0004, 0.0036, 0.0005, 0.0005, 0.0017, 0.0011, 0.0004, 0.0004, 0.0009,
        0.0004, 0.0007, 0.0005, 0.0003, 0.0003, 0.0035, 0.0005, 0.0003, 0.0009,
        0.0006, 0.0005, 0.0009, 0.0004, 0.0004, 0.0808])
cls_count [ 0. 24. 89. 40. 39. 11. 57. 72. 37. 46. 38.  1.  6. 52.  3. 37.  1. 59.
 43. 78. 10. 53.  7. 45. 58.  0.  0.  0.  4.  0.  0.  1.  0.  0.  0.  1.
  0.  0.  0.  0.  0.  3.  0.  0.  0.  0.  0.  0.  0.  0. 25.] 0.0 940.0 0.732 0.973404255319149
Accuracy = 72.45% -> 68.72%

17
tensor([0.0050, 0.0110, 0.0085, 0.0104, 0.0099, 0.0102, 0.0069, 0.0106, 0.0024,
        0.0132, 0.0068, 0.0165, 0.0130, 0.0044, 0.0111, 0.0074, 0.0135, 0.0090,
        0.0085, 0.0165, 0.0103, 0.0153, 0.0044, 0.0136, 0.0071, 0.0094, 0.0119,
        0.0132, 0.0306, 0.0009, 0.0056, 0.0090, 0.0065, 0.0104, 0.0072, 0.0103,
        0.0067, 0.0035, 0.0107, 0.0119, 0.0062, 0.0116, 0.0161, 0.0119, 0.0140,
        0.0039, 0.0167, 0.0184, 0.0127, 0.0121, 0.4832])
cls_count [1.700e+01 4.400e+01 3.400e+01 4.100e+01 4.000e+01 4.100e+01 2.800e+01
 4.100e+01 6.000e+00 5.800e+01 3.000e+01 6.800e+01 5.300e+01 1.500e+01
 4.600e+01 2.800e+01 5.700e+01 3.400e+01 3.500e+01 7.100e+01 4.200e+01
 6.400e+01 1.500e+01 5.500e+01 2.700e+01 3.800e+01 4.900e+01 5.800e+01
 1.350e+02 1.000e+00 2.000e+01 3.500e+01 2.700e+01 4.200e+01 2.700e+01
 4.000e+01 2.600e+01 1.200e+01 4.200e+01 4.800e+01 2.300e+01 4.700e+01
 6.400e+01 4.800e+01 5.700e+01 1.200e+01 7.000e+01 7.600e+01 5.300e+01
 5.100e+01 2.274e+03] 0.00043975373790677223 4365.0 0.018390501319261215 0.47903780068728524
51
acc [35.41666667 75.6097561  26.26262626 69.23076923 12.12121212 70.
 54.76190476 16.16161616 14.28571429 50.50505051 62.5        22.22222222
 53.53535354 37.5        33.33333333 27.55102041 53.53535354 53.84615385
 46.875      70.70707071 31.70731707 55.55555556 32.5        46.34146341
 19.19191919 50.72463768 56.57894737 41.41414141 67.67676768  2.5
 46.51162791 24.09638554 46.42857143 63.33333333 52.5        52.5
 25.         21.73913043 60.         70.14925373 45.09803922 49.33333333
 37.73584906 39.08045977 61.11111111 10.         49.31506849 67.67676768
 58.97435897 73.91304348 78.65853659] 51 H_score 57.16182386416574
Task: office-home, Iter:207/690; Accuracy = 45.56% / 44.89% / 78.66%
all_output1 tensor([0.0179, 0.0186, 0.0117, 0.0181, 0.0172, 0.0180, 0.0142, 0.0148, 0.0138,
        0.0251, 0.0221, 0.0224, 0.0232, 0.0236, 0.0121, 0.0115, 0.0139, 0.0141,
        0.0272, 0.0115, 0.0175, 0.0102, 0.0225, 0.0222, 0.0152, 0.0250, 0.0263,
        0.0115, 0.0294, 0.0137, 0.0229, 0.0170, 0.0270, 0.0222, 0.0055, 0.0116,
        0.0243, 0.0163, 0.0125, 0.0141, 0.0150, 0.0095, 0.0244, 0.0261, 0.0271,
        0.0082, 0.0158, 0.0232, 0.0227, 0.0202, 0.0900])
cls_count [ 66.  65.  44.  64.  64.  65.  51.  53.  50.  92.  78.  79.  96.  88.
  44.  42.  50.  51.  96.  46.  64.  38.  85.  80.  54.  92.  96.  40.
 105.  53.  85.  60. 103.  79.  20.  41.  90.  59.  45.  50.  56.  34.
  91.  98. 101.  29.  56.  86.  82.  80. 172.] 0.11627906976744186 3508.0 0.38790697674418606 0.95096921322691
Accuracy = 83.92% -> 84.18%

50
all_output1 tensor([0.0009, 0.0254, 0.0827, 0.0398, 0.0388, 0.0107, 0.0590, 0.0714, 0.0366,
        0.0451, 0.0407, 0.0016, 0.0048, 0.0494, 0.0045, 0.0376, 0.0010, 0.0572,
        0.0468, 0.0693, 0.0079, 0.0500, 0.0068, 0.0447, 0.0551, 0.0006, 0.0004,
        0.0007, 0.0036, 0.0007, 0.0005, 0.0017, 0.0013, 0.0005, 0.0005, 0.0009,
        0.0005, 0.0008, 0.0006, 0.0003, 0.0005, 0.0025, 0.0005, 0.0004, 0.0007,
        0.0006, 0.0006, 0.0008, 0.0005, 0.0005, 0.0909])
cls_count [ 0. 26. 88. 41. 39. 11. 59. 72. 37. 47. 40.  1.  4. 51.  4. 38.  0. 58.
 49. 78.  8. 53.  5. 45. 59.  0.  0.  0.  4.  0.  0.  1.  0.  0.  0.  0.
  0.  0.  0.  0.  0.  2.  0.  0.  0.  0.  0.  0.  0.  0. 20.] 0.0 940.0 0.9199999999999999 0.9787234042553191
Accuracy = 72.02% -> 68.62%

17
tensor([0.0045, 0.0108, 0.0083, 0.0103, 0.0096, 0.0103, 0.0075, 0.0095, 0.0022,
        0.0138, 0.0070, 0.0159, 0.0124, 0.0040, 0.0113, 0.0076, 0.0131, 0.0089,
        0.0097, 0.0169, 0.0111, 0.0142, 0.0039, 0.0132, 0.0067, 0.0080, 0.0120,
        0.0142, 0.0309, 0.0009, 0.0053, 0.0089, 0.0069, 0.0100, 0.0061, 0.0100,
        0.0067, 0.0036, 0.0097, 0.0116, 0.0062, 0.0114, 0.0143, 0.0118, 0.0137,
        0.0034, 0.0178, 0.0179, 0.0130, 0.0120, 0.4905])
cls_count [1.700e+01 4.300e+01 3.500e+01 4.100e+01 4.000e+01 4.100e+01 3.100e+01
 3.700e+01 6.000e+00 5.900e+01 2.900e+01 6.600e+01 5.200e+01 1.400e+01
 4.800e+01 2.800e+01 5.600e+01 3.400e+01 4.000e+01 7.300e+01 4.600e+01
 6.200e+01 1.500e+01 5.400e+01 2.600e+01 3.500e+01 4.900e+01 5.900e+01
 1.330e+02 1.000e+00 2.000e+01 3.500e+01 2.900e+01 4.000e+01 2.400e+01
 3.900e+01 2.700e+01 1.400e+01 4.000e+01 4.800e+01 2.400e+01 4.700e+01
 6.000e+01 5.100e+01 5.700e+01 1.100e+01 7.500e+01 7.500e+01 5.400e+01
 5.100e+01 2.274e+03] 0.00043975373790677223 4365.0 0.018390501319261215 0.47903780068728524
51
acc [35.41666667 75.6097561  27.27272727 69.23076923 12.12121212 70.
 54.76190476 14.14141414 14.28571429 50.50505051 60.         22.22222222
 52.52525253 35.         35.35353535 27.55102041 52.52525253 53.84615385
 51.5625     71.71717172 39.02439024 53.53535354 32.5        43.90243902
 18.18181818 46.37681159 55.26315789 42.42424242 65.65656566  2.5
 46.51162791 24.09638554 48.21428571 60.         50.         52.5
 26.5625     21.73913043 60.         70.14925373 47.05882353 49.33333333
 37.73584906 37.93103448 61.11111111 10.         53.42465753 66.66666667
 58.97435897 73.91304348 79.3699187 ] 51 H_score 57.287966942110984
Task: office-home, Iter:276/690; Accuracy = 45.50% / 44.82% / 79.37%
all_output1 tensor([0.0171, 0.0168, 0.0113, 0.0176, 0.0175, 0.0173, 0.0136, 0.0148, 0.0133,
        0.0249, 0.0193, 0.0212, 0.0233, 0.0221, 0.0118, 0.0112, 0.0128, 0.0131,
        0.0235, 0.0094, 0.0156, 0.0091, 0.0213, 0.0215, 0.0148, 0.0242, 0.0241,
        0.0103, 0.0282, 0.0116, 0.0222, 0.0167, 0.0255, 0.0217, 0.0052, 0.0109,
        0.0220, 0.0155, 0.0114, 0.0132, 0.0124, 0.0085, 0.0244, 0.0242, 0.0237,
        0.0081, 0.0137, 0.0221, 0.0214, 0.0204, 0.1442])
cls_count [ 63.  64.  46.  64.  64.  61.  50.  56.  50.  92.  74.  80.  95.  86.
  45.  42.  48.  47.  91.  41.  57.  34.  82.  80.  55.  86.  93.  38.
 105.  42.  81.  58.  97.  79.  20.  39.  89.  56.  40.  51.  47.  33.
  91.  95.  95.  31.  51.  83.  80.  81. 280.] 0.07142857142857142 3508.0 0.23057142857142857 0.9201824401368301
Accuracy = 84.12% -> 84.29%

50
all_output1 tensor([0.0009, 0.0232, 0.0794, 0.0367, 0.0391, 0.0103, 0.0554, 0.0683, 0.0324,
        0.0454, 0.0340, 0.0015, 0.0040, 0.0448, 0.0038, 0.0345, 0.0009, 0.0512,
        0.0359, 0.0600, 0.0063, 0.0452, 0.0062, 0.0413, 0.0513, 0.0006, 0.0005,
        0.0007, 0.0021, 0.0008, 0.0005, 0.0016, 0.0012, 0.0006, 0.0005, 0.0009,
        0.0006, 0.0007, 0.0005, 0.0004, 0.0005, 0.0022, 0.0006, 0.0005, 0.0007,
        0.0006, 0.0007, 0.0008, 0.0006, 0.0008, 0.1676])
cls_count [ 0. 23. 87. 39. 41. 11. 58. 71. 35. 48. 38.  1.  3. 48.  2. 37.  0. 57.
 39. 72.  6. 50.  5. 44. 57.  0.  0.  0.  2.  0.  0.  1.  0.  0.  0.  1.
  0.  0.  0.  0.  0.  1.  0.  0.  0.  0.  0.  0.  0.  0. 63.] 0.0 940.0 0.2784126984126984 0.9329787234042554
Accuracy = 71.60% -> 68.62%

17
tensor([0.0045, 0.0095, 0.0085, 0.0092, 0.0096, 0.0102, 0.0073, 0.0095, 0.0021,
        0.0140, 0.0070, 0.0160, 0.0128, 0.0041, 0.0120, 0.0071, 0.0133, 0.0086,
        0.0093, 0.0164, 0.0109, 0.0138, 0.0040, 0.0129, 0.0070, 0.0081, 0.0121,
        0.0137, 0.0293, 0.0009, 0.0051, 0.0091, 0.0067, 0.0097, 0.0058, 0.0094,
        0.0064, 0.0034, 0.0087, 0.0113, 0.0060, 0.0110, 0.0151, 0.0117, 0.0132,
        0.0040, 0.0178, 0.0177, 0.0128, 0.0126, 0.4992])
cls_count [1.700e+01 4.100e+01 3.500e+01 4.000e+01 3.900e+01 4.100e+01 3.000e+01
 3.800e+01 6.000e+00 5.900e+01 2.900e+01 6.800e+01 5.400e+01 1.500e+01
 5.100e+01 2.800e+01 5.500e+01 3.400e+01 3.900e+01 7.200e+01 4.600e+01
 5.700e+01 1.500e+01 5.400e+01 2.600e+01 3.500e+01 4.900e+01 5.700e+01
 1.290e+02 1.000e+00 1.900e+01 3.400e+01 2.600e+01 4.000e+01 2.300e+01
 4.000e+01 2.600e+01 1.200e+01 3.700e+01 4.800e+01 2.400e+01 4.600e+01
 6.500e+01 5.000e+01 5.700e+01 1.400e+01 7.600e+01 7.500e+01 5.300e+01
 5.400e+01 2.286e+03] 0.0004374453193350831 4365.0 0.018188976377952755 0.4762886597938144
51
acc [35.41666667 73.17073171 27.27272727 69.23076923 11.11111111 70.
 54.76190476 14.14141414 14.28571429 50.50505051 60.         22.22222222
 53.53535354 37.5        38.38383838 27.55102041 51.51515152 53.84615385
 50.         71.71717172 39.02439024 49.49494949 32.5        43.90243902
 18.18181818 46.37681159 55.26315789 43.43434343 62.62626263  2.5
 44.18604651 24.09638554 42.85714286 60.         47.5        52.5
 26.5625     19.56521739 56.         70.14925373 47.05882353 49.33333333
 39.62264151 37.93103448 61.11111111 10.         54.79452055 66.66666667
 58.97435897 73.91304348 78.96341463] 51 H_score 56.87736417684847
Task: office-home, Iter:345/690; Accuracy = 45.12% / 44.45% / 78.96%
all_output1 tensor([0.0155, 0.0169, 0.0103, 0.0166, 0.0166, 0.0157, 0.0131, 0.0148, 0.0127,
        0.0192, 0.0181, 0.0205, 0.0191, 0.0174, 0.0102, 0.0100, 0.0107, 0.0114,
        0.0230, 0.0061, 0.0138, 0.0083, 0.0203, 0.0210, 0.0143, 0.0219, 0.0222,
        0.0089, 0.0273, 0.0091, 0.0199, 0.0156, 0.0224, 0.0211, 0.0048, 0.0105,
        0.0201, 0.0154, 0.0097, 0.0105, 0.0108, 0.0083, 0.0246, 0.0221, 0.0228,
        0.0072, 0.0115, 0.0175, 0.0183, 0.0172, 0.2247])
cls_count [ 60.  62.  39.  63.  60.  59.  49.  56.  48.  81.  66.  76.  78.  65.
  37.  39.  41.  43.  92.  17.  52.  29.  79.  78.  54.  82.  83.  37.
 106.  33.  75.  60.  88.  77.  19.  38.  78.  56.  34.  42.  39.  31.
  90.  91.  85.  29.  42.  66.  71.  72. 561.] 0.030303030303030304 3508.0 0.10506238859180035 0.8400798175598632
Accuracy = 84.06% -> 84.24%

50
all_output1 tensor([0.0008, 0.0254, 0.0700, 0.0337, 0.0380, 0.0078, 0.0522, 0.0652, 0.0290,
        0.0358, 0.0321, 0.0017, 0.0032, 0.0358, 0.0037, 0.0318, 0.0008, 0.0452,
        0.0364, 0.0490, 0.0051, 0.0402, 0.0053, 0.0382, 0.0492, 0.0007, 0.0005,
        0.0008, 0.0024, 0.0008, 0.0005, 0.0014, 0.0011, 0.0006, 0.0005, 0.0008,
        0.0005, 0.0007, 0.0006, 0.0004, 0.0006, 0.0020, 0.0005, 0.0005, 0.0006,
        0.0005, 0.0007, 0.0006, 0.0006, 0.0006, 0.2449])
cls_count [  0.  26.  78.  33.  41.   7.  57.  68.  31.  38.  36.   1.   1.  38.
   3.  32.   0.  49.  38.  55.   5.  43.   5.  41.  54.   0.   0.   0.
   2.   0.   0.   1.   0.   0.   0.   0.   0.   0.   0.   0.   0.   1.
   0.   0.   0.   0.   0.   0.   0.   0. 156.] 0.0 940.0 0.10051282051282051 0.8340425531914893
Accuracy = 71.28% -> 70.21%

18
tensor([0.0045, 0.0105, 0.0086, 0.0097, 0.0094, 0.0096, 0.0071, 0.0096, 0.0021,
        0.0135, 0.0071, 0.0168, 0.0126, 0.0042, 0.0115, 0.0067, 0.0129, 0.0085,
        0.0097, 0.0167, 0.0098, 0.0134, 0.0042, 0.0129, 0.0070, 0.0084, 0.0125,
        0.0133, 0.0302, 0.0008, 0.0050, 0.0086, 0.0065, 0.0100, 0.0058, 0.0096,
        0.0067, 0.0033, 0.0089, 0.0114, 0.0060, 0.0109, 0.0149, 0.0113, 0.0136,
        0.0041, 0.0175, 0.0176, 0.0121, 0.0120, 0.5004])
cls_count [1.700e+01 4.400e+01 3.500e+01 4.100e+01 3.900e+01 4.100e+01 3.000e+01
 3.900e+01 6.000e+00 5.800e+01 2.900e+01 7.000e+01 5.400e+01 1.500e+01
 4.900e+01 2.700e+01 5.500e+01 3.500e+01 4.200e+01 7.300e+01 4.100e+01
 5.800e+01 1.500e+01 5.400e+01 2.700e+01 3.600e+01 5.000e+01 5.700e+01
 1.290e+02 1.000e+00 1.900e+01 3.300e+01 2.700e+01 4.000e+01 2.200e+01
 4.000e+01 2.600e+01 1.300e+01 3.700e+01 4.800e+01 2.400e+01 4.500e+01
 6.500e+01 4.900e+01 5.800e+01 1.500e+01 7.600e+01 7.600e+01 5.300e+01
 5.300e+01 2.279e+03] 0.00043878894251864854 4365.0 0.018306274681878017 0.47789232531500575
51
acc [35.41666667 75.6097561  27.27272727 69.23076923 11.11111111 70.
 54.76190476 15.15151515 14.28571429 50.50505051 60.         22.22222222
 53.53535354 37.5        36.36363636 26.53061224 50.50505051 53.84615385
 54.6875     72.72727273 36.58536585 50.50505051 32.5        43.90243902
 19.19191919 47.82608696 55.26315789 43.43434343 62.62626263  2.5
 44.18604651 22.89156627 42.85714286 60.         45.         52.5
 26.5625     21.73913043 56.         70.14925373 47.05882353 48.
 37.73584906 37.93103448 61.11111111 10.         54.79452055 67.67676768
 58.97435897 73.91304348 78.86178862] 51 H_score 56.88999399140825
Task: office-home, Iter:414/690; Accuracy = 45.17% / 44.49% / 78.86%
all_output1 tensor([0.0145, 0.0134, 0.0078, 0.0141, 0.0145, 0.0151, 0.0119, 0.0138, 0.0108,
        0.0152, 0.0153, 0.0185, 0.0158, 0.0190, 0.0075, 0.0084, 0.0076, 0.0113,
        0.0171, 0.0053, 0.0119, 0.0070, 0.0168, 0.0193, 0.0126, 0.0182, 0.0172,
        0.0083, 0.0220, 0.0083, 0.0192, 0.0131, 0.0191, 0.0164, 0.0042, 0.0097,
        0.0189, 0.0136, 0.0089, 0.0096, 0.0075, 0.0059, 0.0205, 0.0178, 0.0206,
        0.0075, 0.0088, 0.0155, 0.0170, 0.0144, 0.3333])
cls_count [ 53.  50.  26.  58.  55.  54.  44.  55.  43.  62.  55.  70.  65.  71.
  27.  31.  27.  42.  68.  13.  42.  24.  64.  72.  48.  68.  65.  28.
  92.  29.  74.  46.  72.  69.  16.  35.  73.  51.  32.  36.  22.  19.
  73.  75.  79.  30.  31.  58.  69.  56. 991.] 0.013118062563067608 3508.0 0.05079717457114027 0.7175028506271379
Accuracy = 84.15% -> 84.26%

50
all_output1 tensor([0.0007, 0.0226, 0.0576, 0.0294, 0.0310, 0.0104, 0.0474, 0.0631, 0.0244,
        0.0321, 0.0265, 0.0018, 0.0025, 0.0350, 0.0023, 0.0281, 0.0007, 0.0443,
        0.0279, 0.0424, 0.0041, 0.0346, 0.0042, 0.0324, 0.0418, 0.0006, 0.0005,
        0.0007, 0.0012, 0.0007, 0.0005, 0.0013, 0.0009, 0.0006, 0.0005, 0.0005,
        0.0005, 0.0006, 0.0005, 0.0004, 0.0005, 0.0012, 0.0005, 0.0004, 0.0006,
        0.0005, 0.0006, 0.0005, 0.0005, 0.0005, 0.3373])
cls_count [  0.  22.  58.  30.  30.  12.  51.  66.  22.  34.  30.   2.   2.  33.
   2.  32.   0.  47.  23.  39.   5.  35.   4.  31.  46.   0.   0.   0.
   0.   0.   0.   1.   0.   0.   0.   0.   0.   0.   0.   0.   0.   0.
   0.   0.   0.   0.   0.   0.   0.   0. 283.] 0.0 940.0 0.04643109540636042 0.698936170212766
Accuracy = 72.23% -> 70.32%

18
tensor([0.0043, 0.0091, 0.0077, 0.0089, 0.0092, 0.0094, 0.0065, 0.0086, 0.0018,
        0.0131, 0.0068, 0.0171, 0.0121, 0.0039, 0.0103, 0.0059, 0.0126, 0.0081,
        0.0093, 0.0162, 0.0090, 0.0127, 0.0035, 0.0121, 0.0064, 0.0076, 0.0113,
        0.0130, 0.0279, 0.0007, 0.0045, 0.0078, 0.0059, 0.0093, 0.0047, 0.0088,
        0.0061, 0.0028, 0.0087, 0.0112, 0.0055, 0.0103, 0.0140, 0.0108, 0.0132,
        0.0036, 0.0178, 0.0168, 0.0119, 0.0118, 0.5291])
cls_count [1.900e+01 3.900e+01 3.400e+01 3.900e+01 3.800e+01 4.100e+01 2.800e+01
 4.000e+01 6.000e+00 5.800e+01 2.900e+01 7.400e+01 5.400e+01 1.500e+01
 4.400e+01 2.600e+01 5.400e+01 3.400e+01 4.100e+01 7.300e+01 3.800e+01
 5.500e+01 1.400e+01 5.400e+01 2.700e+01 3.400e+01 5.000e+01 5.700e+01
 1.270e+02 1.000e+00 1.900e+01 3.300e+01 2.600e+01 4.000e+01 1.900e+01
 3.900e+01 2.500e+01 9.000e+00 3.600e+01 4.800e+01 2.300e+01 4.400e+01
 6.100e+01 4.900e+01 5.700e+01 1.500e+01 7.800e+01 7.400e+01 5.300e+01
 5.300e+01 2.321e+03] 0.00043084877208099956 4365.0 0.017613097802671264 0.46827033218785796
51
acc [39.58333333 73.17073171 27.27272727 67.30769231 10.1010101  70.
 52.38095238 15.15151515 14.28571429 50.50505051 60.         22.22222222
 53.53535354 37.5        31.31313131 25.51020408 50.50505051 53.84615385
 53.125      72.72727273 34.14634146 49.49494949 32.5        43.90243902
 19.19191919 44.92753623 55.26315789 43.43434343 62.62626263  2.5
 44.18604651 22.89156627 41.07142857 60.         37.5        52.5
 26.5625     15.2173913  54.         70.14925373 45.09803922 48.
 37.73584906 37.93103448 61.11111111 10.         56.16438356 66.66666667
 58.97435897 73.91304348 79.16666667] 51 H_score 56.35929610333316
Task: office-home, Iter:483/690; Accuracy = 44.45% / 43.75% / 79.17%
all_output1 tensor([0.0116, 0.0128, 0.0061, 0.0120, 0.0112, 0.0120, 0.0091, 0.0131, 0.0082,
        0.0109, 0.0118, 0.0132, 0.0139, 0.0142, 0.0057, 0.0063, 0.0045, 0.0096,
        0.0144, 0.0046, 0.0104, 0.0050, 0.0146, 0.0171, 0.0105, 0.0160, 0.0144,
        0.0074, 0.0181, 0.0056, 0.0161, 0.0113, 0.0153, 0.0138, 0.0037, 0.0080,
        0.0167, 0.0107, 0.0077, 0.0083, 0.0057, 0.0043, 0.0160, 0.0159, 0.0176,
        0.0073, 0.0071, 0.0113, 0.0140, 0.0139, 0.4509])
cls_count [  44.   49.   16.   50.   39.   42.   33.   48.   27.   32.   42.   45.
   50.   53.   20.   20.   10.   38.   55.   11.   38.   15.   50.   65.
   40.   63.   55.   23.   76.   15.   62.   40.   55.   53.   13.   31.
   61.   36.   28.   26.   12.   14.   61.   62.   67.   26.   25.   39.
   57.   54. 1522.] 0.006570302233902759 3508.0 0.02609724047306176 0.5661345496009123
Accuracy = 84.38% -> 84.38%

50
all_output1 tensor([4.9444e-04, 1.9671e-02, 4.5342e-02, 2.5803e-02, 2.3056e-02, 8.2853e-03,
        3.6602e-02, 5.4514e-02, 1.9435e-02, 2.8036e-02, 1.7889e-02, 1.3201e-03,
        1.4551e-03, 2.4751e-02, 1.9098e-03, 2.0974e-02, 4.7256e-04, 3.6101e-02,
        2.0772e-02, 3.1586e-02, 2.3060e-03, 2.3499e-02, 2.5927e-03, 2.6985e-02,
        3.3888e-02, 4.4611e-04, 3.9079e-04, 5.8113e-04, 9.8120e-04, 5.9101e-04,
        3.8560e-04, 1.1498e-03, 7.0967e-04, 4.7322e-04, 3.7215e-04, 2.9452e-04,
        3.5042e-04, 4.7608e-04, 4.2360e-04, 2.4950e-04, 4.1766e-04, 5.7115e-04,
        3.3787e-04, 3.7400e-04, 4.1770e-04, 3.4979e-04, 4.3776e-04, 3.7528e-04,
        4.0223e-04, 4.3892e-04, 4.8026e-01])
cls_count [  0.  20.  44.  25.  23.   8.  37.  58.  14.  28.  13.   1.   1.  21.
   2.  19.   0.  31.  14.  24.   2.  17.   2.  27.  29.   0.   0.   0.
   0.   0.   0.   1.   0.   0.   0.   0.   0.   0.   0.   0.   0.   0.
   0.   0.   0.   0.   0.   0.   0.   0. 479.] 0.0 940.0 0.019248434237995826 0.49042553191489363
Accuracy = 71.81% -> 70.64%

18
tensor([0.0044, 0.0089, 0.0079, 0.0095, 0.0089, 0.0094, 0.0063, 0.0087, 0.0017,
        0.0131, 0.0066, 0.0152, 0.0118, 0.0038, 0.0099, 0.0056, 0.0128, 0.0081,
        0.0090, 0.0160, 0.0086, 0.0120, 0.0033, 0.0123, 0.0059, 0.0079, 0.0114,
        0.0133, 0.0280, 0.0006, 0.0046, 0.0075, 0.0057, 0.0095, 0.0046, 0.0081,
        0.0060, 0.0025, 0.0088, 0.0108, 0.0053, 0.0101, 0.0139, 0.0109, 0.0128,
        0.0035, 0.0178, 0.0160, 0.0115, 0.0110, 0.5382])
cls_count [1.900e+01 3.800e+01 3.400e+01 4.100e+01 3.700e+01 4.100e+01 2.800e+01
 3.800e+01 6.000e+00 5.800e+01 2.900e+01 6.900e+01 5.400e+01 1.500e+01
 4.300e+01 2.300e+01 5.400e+01 3.400e+01 3.900e+01 7.200e+01 3.600e+01
 5.500e+01 1.400e+01 5.200e+01 2.400e+01 3.300e+01 5.000e+01 5.700e+01
 1.280e+02 1.000e+00 1.900e+01 3.200e+01 2.500e+01 4.000e+01 1.900e+01
 3.700e+01 2.500e+01 9.000e+00 3.600e+01 4.800e+01 2.200e+01 4.300e+01
 6.100e+01 4.900e+01 5.700e+01 1.400e+01 7.800e+01 7.100e+01 5.300e+01
 5.100e+01 2.354e+03] 0.0004248088360237893 4365.0 0.017085811384876803 0.46071019473081326
51
acc [39.58333333 70.73170732 27.27272727 69.23076923  9.09090909 70.
 52.38095238 14.14141414 14.28571429 50.50505051 60.         22.22222222
 53.53535354 37.5        30.3030303  23.46938776 50.50505051 53.84615385
 50.         72.72727273 31.70731707 49.49494949 32.5        43.90243902
 17.17171717 44.92753623 55.26315789 43.43434343 62.62626263  2.5
 44.18604651 22.89156627 39.28571429 60.         37.5        50.
 26.5625     15.2173913  54.         70.14925373 43.1372549  46.66666667
 37.73584906 37.93103448 61.11111111 10.         56.16438356 63.63636364
 58.97435897 69.56521739 79.9796748 ] 51 H_score 56.091704155739116
Task: office-home, Iter:552/690; Accuracy = 43.91% / 43.19% / 79.98%
all_output1 tensor([0.0090, 0.0087, 0.0062, 0.0102, 0.0082, 0.0088, 0.0082, 0.0106, 0.0065,
        0.0070, 0.0121, 0.0093, 0.0122, 0.0125, 0.0047, 0.0042, 0.0052, 0.0068,
        0.0113, 0.0043, 0.0078, 0.0045, 0.0121, 0.0164, 0.0084, 0.0131, 0.0096,
        0.0055, 0.0122, 0.0051, 0.0113, 0.0098, 0.0136, 0.0095, 0.0037, 0.0075,
        0.0133, 0.0089, 0.0075, 0.0075, 0.0055, 0.0040, 0.0131, 0.0098, 0.0125,
        0.0054, 0.0066, 0.0090, 0.0110, 0.0116, 0.5581])
cls_count [  33.   28.   17.   36.   24.   32.   28.   40.   20.   11.   41.   29.
   41.   43.   14.   12.   16.   21.   32.    9.   26.   14.   42.   63.
   29.   44.   31.   17.   36.   12.   37.   32.   53.   30.   11.   29.
   42.   32.   25.   25.   14.   13.   46.   27.   40.   19.   25.   33.
   41.   43. 2050.] 0.004390243902439025 3508.0 0.01422439024390244 0.41562143671607754
Accuracy = 84.29% -> 84.38%

50
all_output1 tensor([4.4017e-04, 1.3507e-02, 4.1856e-02, 2.0209e-02, 1.9346e-02, 6.2183e-03,
        3.1314e-02, 4.4052e-02, 1.6503e-02, 2.2898e-02, 1.7282e-02, 1.5345e-03,
        1.0273e-03, 1.8532e-02, 1.5604e-03, 1.7904e-02, 3.7781e-04, 2.8575e-02,
        1.6464e-02, 2.7721e-02, 1.8093e-03, 2.0116e-02, 1.8621e-03, 2.3940e-02,
        2.7768e-02, 3.7656e-04, 3.5304e-04, 4.6105e-04, 4.8237e-04, 5.2110e-04,
        3.1082e-04, 6.4961e-04, 6.0853e-04, 4.1481e-04, 3.4526e-04, 2.6023e-04,
        3.0142e-04, 3.9737e-04, 3.8530e-04, 2.1457e-04, 3.4406e-04, 5.5615e-04,
        3.2027e-04, 3.0374e-04, 3.2331e-04, 2.7674e-04, 3.9338e-04, 3.0132e-04,
        3.5096e-04, 3.1673e-04, 5.6761e-01])
cls_count [  0.  13.  37.  21.  19.   5.  29.  44.  12.  20.  11.   1.   0.  14.
   1.  17.   0.  25.  11.  18.   1.  14.   1.  24.  24.   0.   0.   0.
   0.   0.   0.   0.   0.   0.   0.   0.   0.   0.   0.   0.   0.   0.
   0.   0.   0.   0.   0.   0.   0.   0. 578.] 0.0 940.0 0.012525951557093426 0.3851063829787234
Accuracy = 72.02% -> 70.64%

18
tensor([0.0043, 0.0088, 0.0076, 0.0086, 0.0089, 0.0094, 0.0063, 0.0084, 0.0017,
        0.0131, 0.0066, 0.0147, 0.0120, 0.0035, 0.0098, 0.0054, 0.0122, 0.0076,
        0.0089, 0.0152, 0.0080, 0.0116, 0.0032, 0.0119, 0.0059, 0.0073, 0.0109,
        0.0130, 0.0289, 0.0006, 0.0045, 0.0076, 0.0057, 0.0093, 0.0045, 0.0084,
        0.0059, 0.0024, 0.0082, 0.0109, 0.0049, 0.0097, 0.0135, 0.0107, 0.0127,
        0.0034, 0.0176, 0.0155, 0.0116, 0.0116, 0.5469])
cls_count [1.900e+01 3.900e+01 3.400e+01 3.800e+01 3.700e+01 4.100e+01 2.700e+01
 3.700e+01 6.000e+00 5.800e+01 2.900e+01 6.700e+01 5.400e+01 1.400e+01
 4.200e+01 2.300e+01 5.400e+01 3.200e+01 4.000e+01 7.000e+01 3.400e+01
 5.200e+01 1.400e+01 5.200e+01 2.500e+01 3.200e+01 4.900e+01 5.700e+01
 1.280e+02 1.000e+00 1.900e+01 3.100e+01 2.500e+01 4.000e+01 1.900e+01
 3.600e+01 2.500e+01 9.000e+00 3.600e+01 4.700e+01 2.200e+01 4.200e+01
 5.900e+01 4.900e+01 5.700e+01 1.300e+01 7.800e+01 7.100e+01 5.300e+01
 5.000e+01 2.379e+03] 0.0004203446826397646 4365.0 0.01669609079445145 0.4549828178694158
51
acc [39.58333333 70.73170732 27.27272727 65.38461538  9.09090909 70.
 52.38095238 14.14141414 14.28571429 50.50505051 60.         22.22222222
 53.53535354 35.         29.29292929 23.46938776 50.50505051 51.28205128
 51.5625     70.70707071 31.70731707 47.47474747 32.5        43.90243902
 18.18181818 44.92753623 55.26315789 43.43434343 62.62626263  2.5
 44.18604651 21.68674699 39.28571429 60.         37.5        50.
 26.5625     15.2173913  54.         68.65671642 43.1372549  45.33333333
 37.73584906 37.93103448 61.11111111 10.         56.16438356 63.63636364
 58.97435897 69.56521739 80.38617886] 51 H_score 55.92972058749694
Task: office-home, Iter:621/690; Accuracy = 43.62% / 42.88% / 80.39%
