nohup: 忽略输入
ckpt/source/pda/office-home/A
Namespace(batch_size=64, bottleneck=256, class_num=50, classifier='bn', cls_par=0.3, da='pda', distance='cosine', dset='office-home', ent=True, ent_par=1.0, epsilon=1e-05, gent=True, gpu_id='1', interval=15, issave=False, layer='wn', lr=0.01, lr_decay1=0.1, lr_decay2=1.0, max_epoch=15, name='office-home', name1='AC', name2='AR', name3='AP', net='resnet50', out_file=<_io.TextIOWrapper name='ckpt/target/pda/office-home-addfc+gent/log_par_0.3_thr10.txt' mode='w' encoding='UTF-8'>, output='ckpt/target', output_dir='ckpt/target/pda/office-home-addfc+gent', output_dir_src='ckpt/source/pda/office-home/A', output_src='ckpt/source', s=0, s_dset_path='./data/office-home/Art.txt', savename='par_0.3_thr10', seed=2020, src_classes=[0, 1, 2, 3, 4, 5, 6, 7, 8, 9, 10, 11, 12, 13, 14, 15, 16, 17, 18, 19, 20, 21, 22, 23, 24, 25, 26, 27, 28, 29, 30, 31, 32, 33, 34, 35, 36, 37, 38, 39, 40, 41, 42, 43, 44, 45, 46, 47, 48, 49], t=1, t_dset_path='./data/office-home/Clipart.txt', t_dset_path1='./data/office-home/Real_World.txt', t_dset_path2='./data/office-home/Product.txt', tar_classes=[0, 1, 2, 3, 4, 5, 6, 7, 8, 9, 10, 11, 12, 13, 14, 15, 16, 17, 18, 19, 20, 21, 22, 23, 24, 25, 26, 27, 28, 29, 30, 31, 32, 33, 34, 35, 36, 37, 38, 39, 40, 41, 42, 43, 44, 45, 46, 47, 48, 49], tar_classes1=[0, 1, 2, 3, 4, 5, 6, 7, 8, 9, 10, 11, 12, 13, 14, 15, 16, 17, 18, 19, 20, 21, 22, 23, 24], tar_classes2=[0, 1, 2, 3, 4, 5, 6, 7, 8, 9, 10, 11, 12, 13, 14, 15, 16, 17, 18, 19, 20, 21, 22, 23, 24, 25, 26, 27, 28, 29, 30, 31, 32, 33, 34, 35, 36, 37, 38, 39, 40, 41, 42, 43, 44, 45, 46, 47, 48, 49, 50, 51, 52, 53, 54, 55, 56, 57, 58, 59, 60, 61, 62, 63, 64], test_dset_path='./data/office-home/Clipart.txt', test_dset_path1='./data/office-home/Real_World.txt', test_dset_path2='./data/office-home/Product.txt', threshold=10, worker=4)
/homes/jh015/.conda/envs/hj_trans/lib/python3.7/site-packages/torchvision/models/_utils.py:209: UserWarning: The parameter 'pretrained' is deprecated since 0.13 and will be removed in 0.15, please use 'weights' instead.
  f"The parameter '{pretrained_param}' is deprecated since 0.13 and will be removed in 0.15, "
/homes/jh015/.conda/envs/hj_trans/lib/python3.7/site-packages/torchvision/models/_utils.py:223: UserWarning: Arguments other than a weight enum or `None` for 'weights' are deprecated since 0.13 and will be removed in 0.15. The current behavior is equivalent to passing `weights=ResNet50_Weights.IMAGENET1K_V1`. You can also use `weights=ResNet50_Weights.DEFAULT` to get the most up-to-date weights.
  warnings.warn(msg)
cls_count [ 28. 224.  46.  91.  89.  63.  23.  15.  15. 164.  47. 190.  52.  35.
  49.  27. 123. 155.  74.  88.  28.  79.  20. 103.  24.  31.  85.  52.
  66.  41.  35.  76.  15.  55.  33.  67.  43.  43.  47.  45. 107.  60.
 126.  75.  93.  47.  30.  71.  82. 104.] 0.0 15.0 224.0 0.06696428571428571
Accuracy = 49.07% -> 49.07%

50
cls_count [ 38.  83.  80.  61.  45.  59.  62.  19.  63. 100.  51.  42.  63.  69.
  57.  84.  65.  80.  67. 100.  43.  65.  29.  56.  51.   3.   3.  11.
  13.   2.   7.  14.  11.   1.   3.   0.  11.   8.   8.   3.   4.   9.
  14.   7.   9.   7.   5.  10.   4.  31.] 31 0.0 100.0 0.0
Accuracy = 74.91% -> 74.91%

24
cls_count [ 79.  78.  88.  90.  46. 139.  82.  15.  53. 170.  60. 136.  77.  78.
  68.  56. 119. 216. 110.  50.  23.  62.  79.  78.  11.  90. 117.  72.
 119.  66.  96. 145. 119.  67.  21.  54. 201. 131.  68.  55.  87.  45.
 172. 108.  40.  19.  69. 114. 121. 180.] 0.0 11.0 216.0 0.05092592592592592
Accuracy = 54.90% -> 54.90%

50
cls_count [ 30. 179.  74.  85.  88.  67.  31.  31.  22. 143.  45. 150.  54.  49.
  76.  52. 104. 120.  75.  90.  29.  76.  20.  82.  29.  59.  85.  51.
  74.  27.  40.  97.  38.  61.  36.  54.  43.  63.  39.  50. 105.  55.
 105.  74.  84.  10.  45.  96.  91.  98.] 0.0 10.0 179.0 0.055865921787709494
Accuracy = 57.56% -> 57.56%

50
cls_count [ 39.  86.  92.  62.  47.  61.  82.  12.  69.  84.  57.  42.  75.  82.
  66.  92.  69.  77.  69. 101.  50.  70.  36.  58.  53.   3.   0.   5.
   6.   0.   3.  15.   3.   1.   1.   0.   3.   2.   2.   0.   5.   1.
   2.   2.   2.   2.   4.   5.   1.  31.] 36 0.0 101.0 0.0
Accuracy = 80.29% -> 80.29%

24
cls_count [ 75.  72. 134. 120.  27. 152. 101.  18.  50. 128.  71. 130. 100.  98.
  76.  76.  97. 168. 109.  46.  40.  69.  80.  96.  11.  99. 100.  73.
 153.  68.  88. 145. 121.  74.  19.  47. 171. 139.  79.  55.  84.  39.
 145. 110.  26.  11.  67. 111. 128. 143.] 0.0 11.0 171.0 0.06432748538011696
Accuracy = 58.86% -> 58.86%

50
cls_count [ 31. 160.  84.  82.  94.  66.  42.  33.  25. 132.  47. 131.  59.  49.
  90.  55. 105. 112.  72.  89.  30.  75.  28.  73.  36.  59.  84.  46.
  68.  27.  40. 112.  43.  63.  42.  57.  45.  71.  39.  52.  90.  54.
 104.  76.  76.  10.  43. 101.  88.  91.] 0.0 10.0 160.0 0.0625
Accuracy = 59.12% -> 59.12%

50
cls_count [ 39.  86.  95.  64.  48.  61.  84.  10.  70.  82.  60.  39.  81.  84.
  73.  96.  71.  75.  67. 101.  56.  71.  40.  57.  61.   0.   0.   0.
   5.   0.   1.  11.   0.   1.   1.   0.   2.   1.   1.   0.   2.   2.
   1.   2.   1.   1.   3.   4.   1.  19.] 19 0.0 101.0 0.0
Accuracy = 81.45% -> 81.45%

25
cls_count [ 75.  72. 133. 129.  29. 150. 104.  19.  53. 121.  75. 120. 110. 105.
  83.  86.  97. 164. 108.  48.  45.  68.  87.  99.  10.  98.  99.  73.
 153.  69.  83. 134. 121.  72.  21.  44. 168. 138.  82.  57.  76.  41.
 138. 113.  24.   9.  69. 113. 124. 130.] 0.0 9.0 168.0 0.05357142857142857
Accuracy = 59.09% -> 59.09%

50
cls_count [ 32. 156.  86.  79.  90.  67.  44.  33.  28. 129.  47. 126.  58.  51.
  93.  55. 103.  96.  68.  91.  43.  73.  33.  67.  37.  63.  82.  47.
  70.  31.  43. 115.  45.  64.  50.  58.  44.  70.  39.  56.  86.  54.
 101.  75.  71.  10.  46.  99.  89.  88.] 0.0 10.0 156.0 0.0641025641025641
Accuracy = 59.78% -> 59.78%

50
cls_count [ 38.  86.  97.  64.  49.  62.  85.   8.  70.  81.  60.  38.  82.  85.
  72.  98.  74.  72.  68. 101.  62.  71.  43.  56.  56.   0.   0.   2.
   4.   1.   0.   6.   0.   1.   2.   0.   1.   0.   1.   0.   2.   1.
   0.   1.   0.   0.   3.   2.   1.  24.] 24 0.0 101.0 0.0
Accuracy = 81.79% -> 81.79%

25
cls_count [ 76.  73. 127. 131.  26. 155. 108.  18.  54. 119.  73. 107. 113. 106.
  86.  90.  95. 149. 104.  50.  66.  70.  88.  96.  11. 102.  98.  74.
 158.  69.  83. 125. 118.  73.  24.  47. 166. 135.  90.  57.  79.  39.
 134. 114.  23.   9.  73. 112. 121. 125.] 0.0 9.0 166.0 0.05421686746987952
Accuracy = 59.25% -> 59.25%

50
cls_count [ 33. 154.  87.  78.  91.  66.  45.  35.  27. 128.  47. 122.  57.  51.
  91.  55. 102. 101.  69.  91.  42.  75.  37.  66.  37.  61.  83.  47.
  71.  34.  43. 115.  46.  61.  50.  58.  44.  71.  40.  56.  84.  55.
 102.  74.  67.  11.  44.  98.  89.  90.] 0.0 11.0 154.0 0.07142857142857142
Accuracy = 60.13% -> 60.13%

50
cls_count [ 39.  86.  96.  64.  50.  62.  85.   9.  70.  81.  60.  38.  81.  85.
  71.  98.  72.  75.  68. 101.  63.  71.  43.  58.  55.   0.   0.   3.
   3.   1.   0.   5.   0.   1.   1.   0.   0.   0.   1.   0.   2.   1.
   0.   1.   0.   0.   2.   1.   1.  26.] 26 0.0 101.0 0.0
Accuracy = 82.02% -> 82.02%

25
cls_count [ 77.  74. 127. 128.  26. 155. 104.  19.  53. 121.  74. 113. 113. 106.
  88.  90.  87. 154. 106.  50.  67.  69.  88. 100.  12.  98.  99.  73.
 156.  73.  84. 123. 117.  73.  23.  47. 157. 140.  91.  57.  76.  42.
 133. 112.  23.  12.  72. 113. 119. 125.] 0.0 12.0 157.0 0.07643312101910828
Accuracy = 59.34% -> 59.34%

50
cls_count [ 33. 153.  88.  78.  97.  66.  47.  34.  28. 128.  46. 119.  58.  51.
  93.  55. 102.  96.  72.  91.  40.  75.  40.  67.  36.  61.  83.  48.
  65.  34.  42. 113.  46.  61.  51.  60.  42.  69.  41.  56.  85.  56.
 101.  74.  64.  12.  48.  97.  90.  89.] 0.0 12.0 153.0 0.0784313725490196
Accuracy = 59.92% -> 59.92%

50
cls_count [ 39.  86.  96.  64.  51.  62.  85.   9.  70.  82.  60.  38.  81.  85.
  70.  98.  71.  76.  68. 101.  63.  71.  43.  57.  55.   0.   0.   3.
   2.   2.   0.   5.   0.   1.   1.   0.   0.   0.   1.   0.   2.   1.
   0.   0.   0.   0.   2.   2.   1.  26.] 26 0.0 101.0 0.0
Accuracy = 81.97% -> 81.97%

25
cls_count [ 77.  72. 126. 131.  31. 153. 103.  19.  54. 119.  75. 112. 113. 103.
  90.  91.  91. 143. 105.  50.  63.  70.  91. 104.  11.  98. 100.  77.
 150.  74.  85. 127. 116.  73.  25.  50. 155. 136.  91.  57.  79.  41.
 128. 114.  22.  12.  74. 112. 119. 127.] 0.0 11.0 155.0 0.07096774193548387
Accuracy = 59.41% -> 59.41%

50
cls_count [ 34. 153.  87.  76.  97.  65.  48.  35.  29. 128.  47. 121.  58.  52.
  92.  55. 101.  96.  67.  91.  41.  75.  42.  65.  35.  63.  83.  48.
  65.  34.  43. 114.  46.  62.  51.  61.  43.  69.  41.  56.  83.  56.
 100.  74.  64.  12.  48.  98.  88.  89.] 0.0 12.0 153.0 0.0784313725490196
Accuracy = 59.98% -> 59.98%

50
cls_count [ 39.  86.  97.  64.  51.  62.  85.   7.  70.  82.  60.  38.  81.  83.
  73.  98.  71.  75.  69. 101.  63.  71.  43.  59.  54.   0.   0.   2.
   2.   1.   2.   5.   0.   1.   1.   0.   0.   0.   0.   0.   2.   1.
   0.   0.   0.   0.   2.   2.   1.  26.] 26 0.0 101.0 0.0
Accuracy = 81.85% -> 81.85%

25
cls_count [ 77.  73. 126. 130.  32. 152. 108.  19.  54. 119.  77. 111. 113. 104.
  88.  90.  88. 146. 104.  50.  65.  72.  92.  99.  11.  99. 101.  74.
 149.  74.  86. 129. 115.  73.  26.  48. 156. 136.  90.  57.  78.  46.
 125. 114.  21.  12.  74. 111. 118. 127.] 0.0 11.0 156.0 0.07051282051282051
Accuracy = 59.47% -> 59.47%

50
cls_count [ 35. 150.  88.  76.  96.  65.  49.  36.  31. 128.  46. 115.  58.  52.
  92.  55. 101.  95.  68.  91.  45.  75.  42.  66.  35.  63.  83.  48.
  66.  35.  42. 112.  46.  62.  52.  62.  43.  69.  41.  56.  81.  56.
  99.  74.  64.  15.  49.  97.  87.  89.] 0.0 15.0 150.0 0.1
Accuracy = 60.19% -> 60.19%

50
cls_count [ 39.  86.  97.  64.  51.  62.  85.   7.  70.  82.  60.  40.  81.  83.
  72.  98.  72.  74.  69. 101.  65.  71.  43.  58.  52.   0.   0.   3.
   2.   2.   2.   2.   0.   0.   1.   0.   0.   0.   0.   0.   2.   0.
   0.   0.   0.   0.   3.   2.   1.  28.] 28 0.0 101.0 0.0
Accuracy = 81.79% -> 81.79%

25
cls_count [ 77.  73. 124. 130.  32. 152. 110.  19.  54. 119.  76. 109. 113. 104.
  92.  92.  91. 140. 104.  50.  65.  72.  91.  97.  11.  99. 100.  75.
 149.  73.  86. 126. 115.  73.  27.  49. 154. 137.  90.  57.  77.  46.
 127. 114.  22.  14.  76. 111. 118. 127.] 0.0 11.0 154.0 0.07142857142857142
Accuracy = 59.47% -> 59.47%

50
cls_count [ 35. 149.  88.  76.  98.  66.  47.  36.  33. 128.  46. 114.  59.  52.
  92.  55. 101.  95.  67.  91.  45.  75.  42.  65.  36.  63.  83.  48.
  65.  35.  42. 107.  46.  62.  52.  62.  43.  71.  41.  57.  80.  56.
  98.  74.  64.  17.  49.  98.  89.  88.] 0.0 17.0 149.0 0.11409395973154363
Accuracy = 60.16% -> 60.16%

50
cls_count [ 39.  86.  97.  64.  51.  62.  86.   6.  70.  82.  60.  38.  81.  84.
  72.  98.  72.  76.  69. 101.  65.  71.  43.  59.  52.   0.   0.   2.
   2.   2.   1.   3.   0.   1.   1.   0.   0.   0.   0.   0.   2.   0.
   0.   0.   0.   0.   1.   2.   1.  28.] 28 0.0 101.0 0.0
Accuracy = 81.79% -> 81.79%

25
cls_count [ 77.  73. 126. 130.  32. 152. 111.  19.  54. 119.  77. 109. 113. 104.
  89.  92.  88. 143. 104.  50.  66.  71.  90.  98.  11.  99. 101.  75.
 147.  75.  86. 126. 115.  74.  26.  48. 154. 137.  91.  57.  77.  45.
 127. 113.  22.  13.  75. 111. 120. 127.] 0.0 11.0 154.0 0.07142857142857142
Accuracy = 59.56% -> 59.56%

50
cls_count [ 35. 149.  88.  77.  96.  67.  47.  36.  34. 128.  46. 111.  58.  51.
  92.  55. 100.  96.  67.  91.  47.  75.  42.  65.  36.  64.  83.  48.
  66.  35.  42. 107.  46.  62.  52.  62.  44.  70.  40.  57.  80.  56.
  97.  74.  64.  19.  49.  97.  89.  89.] 0.0 19.0 149.0 0.12751677852348994
Accuracy = 60.13% -> 60.13%

50
cls_count [ 39.  86.  97.  64.  51.  62.  86.   6.  70.  82.  60.  38.  81.  85.
  74.  98.  72.  76.  69. 101.  66.  71.  43.  59.  52.   0.   0.   1.
   2.   1.   0.   2.   0.   1.   1.   0.   0.   0.   0.   0.   2.   0.
   0.   0.   0.   0.   1.   2.   1.  28.] 28 0.0 101.0 0.0
Accuracy = 82.02% -> 82.02%

25
cls_count [ 77.  74. 124. 129.  32. 152. 110.  19.  54. 119.  77. 110. 113. 104.
  92.  91.  89. 142. 104.  50.  66.  72.  90.  97.  13.  99. 100.  76.
 148.  75.  86. 126. 115.  74.  27.  49. 151. 137.  91.  57.  76.  45.
 128. 113.  22.  14.  73. 111. 119. 127.] 0.0 13.0 152.0 0.08552631578947369
Accuracy = 59.56% -> 59.56%

50
cls_count [ 35. 149.  88.  77.  95.  67.  47.  36.  34. 128.  46. 108.  58.  51.
  92.  55. 101.  96.  68.  91.  50.  75.  42.  65.  36.  64.  84.  48.
  67.  35.  42. 104.  46.  62.  52.  62.  45.  70.  40.  57.  80.  56.
  96.  74.  64.  19.  49.  97.  89.  89.] 0.0 19.0 149.0 0.12751677852348994
Accuracy = 60.31% -> 60.31%

50
cls_count [ 39.  86.  98.  64.  51.  62.  86.   4.  70.  82.  60.  38.  81.  85.
  74.  98.  72.  76.  69. 101.  65.  71.  43.  59.  52.   0.   0.   1.
   2.   1.   1.   3.   0.   1.   1.   0.   0.   0.   0.   0.   2.   0.
   0.   0.   0.   0.   1.   2.   1.  28.] 28 0.0 101.0 0.0
Accuracy = 81.79% -> 81.79%

25
cls_count [ 77.  73. 124. 129.  32. 152. 111.  19.  54. 120.  77. 110. 113. 104.
  91.  90.  87. 141. 104.  50.  66.  72.  90.  98.  12.  99. 100.  76.
 147.  76.  86. 127. 115.  74.  27.  49. 153. 137.  91.  57.  76.  45.
 128. 113.  22.  14.  73. 111. 119. 128.] 0.0 12.0 153.0 0.0784313725490196
Accuracy = 59.59% -> 59.59%

50
cls_count [ 35. 149.  88.  77.  95.  67.  47.  36.  34. 128.  46. 109.  58.  51.
  92.  55.  99.  95.  68.  91.  51.  75.  42.  65.  36.  64.  84.  48.
  67.  35.  42. 103.  46.  62.  52.  63.  45.  70.  40.  57.  80.  56.
  96.  74.  64.  19.  49.  98.  89.  89.] 0.0 19.0 149.0 0.12751677852348994
Accuracy = 60.31% -> 60.31%

50
cls_count [ 39.  86.  97.  64.  51.  62.  86.   6.  70.  82.  60.  39.  81.  85.
  74.  98.  72.  76.  69. 101.  65.  71.  43.  59.  52.   0.   0.   1.
   2.   1.   0.   2.   0.   1.   1.   0.   0.   0.   0.   0.   2.   0.
   0.   0.   0.   0.   1.   2.   1.  28.] 28 0.0 101.0 0.0
Accuracy = 82.02% -> 82.02%

25
cls_count [ 77.  73. 123. 129.  32. 152. 111.  21.  54. 119.  77. 111. 113. 104.
  91.  91.  87. 142. 104.  50.  66.  71.  90.  98.  12.  97. 100.  76.
 147.  75.  86. 126. 115.  74.  28.  49. 153. 137.  91.  57.  76.  45.
 128. 112.  22.  14.  75. 111. 119. 128.] 0.0 12.0 153.0 0.0784313725490196
Accuracy = 59.54% -> 59.54%

50
cls_count [ 35. 148.  88.  77.  96.  67.  47.  36.  34. 128.  46. 109.  58.  51.
  92.  56. 101.  94.  68.  91.  52.  75.  41.  65.  37.  64.  84.  48.
  67.  35.  42. 101.  46.  62.  52.  63.  45.  70.  40.  57.  80.  56.
  96.  74.  64.  19.  49.  97.  89.  89.] 0.0 19.0 148.0 0.12837837837837837
Accuracy = 60.34% -> 60.34%

50
cls_count [ 39.  86.  97.  64.  51.  62.  85.   6.  70.  82.  61.  39.  81.  86.
  74.  98.  72.  76.  69. 101.  65.  71.  43.  60.  52.   0.   0.   1.
   2.   0.   0.   2.   0.   1.   1.   0.   0.   0.   0.   0.   2.   0.
   0.   0.   0.   0.   0.   2.   1.  28.] 28 0.0 101.0 0.0
Accuracy = 82.08% -> 82.08%

25
cls_count [ 77.  73. 123. 129.  34. 152. 111.  21.  54. 119.  78. 110. 113. 104.
  91.  91.  87. 140. 104.  50.  66.  71.  90.  99.  13.  97. 100.  77.
 145.  74.  86. 126. 115.  74.  28.  49. 153. 137.  91.  57.  76.  46.
 127. 112.  22.  14.  75. 111. 120. 127.] 0.0 13.0 153.0 0.08496732026143791
Accuracy = 59.59% -> 59.59%

50
cls_count [ 35. 148.  88.  77.  96.  66.  49.  36.  34. 128.  46. 109.  58.  51.
  92.  56. 100.  95.  68.  91.  52.  75.  41.  66.  37.  63.  84.  48.
  67.  35.  42. 101.  46.  62.  52.  64.  45.  69.  40.  57.  80.  56.
  96.  74.  64.  19.  49.  97.  88.  89.] 0.0 19.0 148.0 0.12837837837837837
Accuracy = 60.31% -> 60.31%

50
cls_count [ 39.  86.  97.  64.  51.  62.  86.   5.  71.  82.  61.  39.  81.  85.
  74.  98.  72.  76.  69. 101.  65.  71.  43.  59.  52.   0.   0.   1.
   2.   1.   1.   2.   0.   1.   1.   0.   0.   0.   0.   0.   1.   0.
   0.   0.   0.   0.   0.   2.   1.  28.] 28 0.0 101.0 0.0
Accuracy = 81.97% -> 81.97%

25
cls_count [ 77.  74. 121. 128.  33. 152. 111.  21.  54. 119.  77. 109. 113. 104.
  91.  91.  88. 142. 104.  50.  67.  71.  90.  98.  12.  97. 100.  75.
 146.  75.  86. 126. 115.  74.  30.  50. 152. 137.  91.  57.  76.  45.
 128. 112.  22.  14.  75. 111. 120. 128.] 0.0 12.0 152.0 0.07894736842105263
Accuracy = 59.56% -> 59.56%

50
cls_count [ 35. 149.  88.  77.  96.  66.  49.  36.  34. 128.  46. 109.  58.  51.
  92.  55. 100.  95.  68.  91.  52.  75.  41.  65.  37.  64.  84.  48.
  67.  35.  42. 101.  46.  62.  52.  64.  45.  69.  40.  57.  80.  56.
  96.  74.  64.  19.  49.  97.  88.  89.] 0.0 19.0 149.0 0.12751677852348994
Accuracy = 60.31% -> 60.31%

50
cls_count [ 39.  86.  98.  64.  51.  62.  86.   3.  71.  82.  61.  37.  81.  86.
  74.  98.  71.  76.  69. 101.  65.  72.  43.  59.  52.   0.   0.   2.
   2.   1.   0.   4.   0.   1.   1.   0.   0.   0.   0.   0.   1.   0.
   0.   0.   0.   0.   0.   2.   1.  28.] 28 0.0 101.0 0.0
Accuracy = 81.73% -> 81.73%

25
cls_count [ 77.  74. 121. 128.  34. 152. 111.  21.  54. 119.  77. 109. 113. 104.
  91.  91.  87. 142. 104.  50.  67.  71.  90.  98.  12.  97. 100.  76.
 145.  75.  86. 126. 115.  74.  31.  50. 152. 137.  90.  57.  76.  45.
 128. 112.  22.  14.  75. 111. 120. 128.] 0.0 12.0 152.0 0.07894736842105263
Accuracy = 59.54% -> 59.54%

50
