nohup: 忽略输入
ckpt/source/pda/office-home/C
Namespace(batch_size=64, bottleneck=256, class_num=50, classifier='bn', cls_par=0.3, da='pda', distance='cosine', dset='office-home', ent=True, ent_par=1.0, epsilon=1e-05, extra_class=1, gent=True, gpu_id='1', interval=15, issave=False, layer='wn', lr=0.01, lr_decay1=0.1, lr_decay2=1.0, max_epoch=15, name='office-home', name1='CR', name2='CP', name3='CA', net='resnet50', out_file=<_io.TextIOWrapper name='ckpt/target/pda/office-home-addfc+gent/log_par_0.3_thr0.txt' mode='w' encoding='UTF-8'>, output='ckpt/target', output_dir='ckpt/target/pda/office-home-addfc+gent', output_dir_src='ckpt/source/pda/office-home/C', output_src='ckpt/source', s=0, s_dset_path='./data/office-home/Clipart.txt', savename='par_0.3_thr0', seed=2020, src_classes=[0, 1, 2, 3, 4, 5, 6, 7, 8, 9, 10, 11, 12, 13, 14, 15, 16, 17, 18, 19, 20, 21, 22, 23, 24, 25, 26, 27, 28, 29, 30, 31, 32, 33, 34, 35, 36, 37, 38, 39, 40, 41, 42, 43, 44, 45, 46, 47, 48, 49], t=1, t_dset_path='./data/office-home/Real_World.txt', t_dset_path1='./data/office-home/Product.txt', t_dset_path2='./data/office-home/Art.txt', tar_classes=[0, 1, 2, 3, 4, 5, 6, 7, 8, 9, 10, 11, 12, 13, 14, 15, 16, 17, 18, 19, 20, 21, 22, 23, 24, 25, 26, 27, 28, 29, 30, 31, 32, 33, 34, 35, 36, 37, 38, 39, 40, 41, 42, 43, 44, 45, 46, 47, 48, 49], tar_classes1=[0, 1, 2, 3, 4, 5, 6, 7, 8, 9, 10, 11, 12, 13, 14, 15, 16, 17, 18, 19, 20, 21, 22, 23, 24], tar_classes2=[0, 1, 2, 3, 4, 5, 6, 7, 8, 9, 10, 11, 12, 13, 14, 15, 16, 17, 18, 19, 20, 21, 22, 23, 24, 25, 26, 27, 28, 29, 30, 31, 32, 33, 34, 35, 36, 37, 38, 39, 40, 41, 42, 43, 44, 45, 46, 47, 48, 49, 50, 51, 52, 53, 54, 55, 56, 57, 58, 59, 60, 61, 62, 63, 64], test_dset_path='./data/office-home/Real_World.txt', test_dset_path1='./data/office-home/Product.txt', test_dset_path2='./data/office-home/Art.txt', threshold=0, worker=4)
/homes/jh015/.conda/envs/hj_trans/lib/python3.7/site-packages/torchvision/models/_utils.py:209: UserWarning: The parameter 'pretrained' is deprecated since 0.13 and will be removed in 0.15, please use 'weights' instead.
  f"The parameter '{pretrained_param}' is deprecated since 0.13 and will be removed in 0.15, "
/homes/jh015/.conda/envs/hj_trans/lib/python3.7/site-packages/torchvision/models/_utils.py:223: UserWarning: Arguments other than a weight enum or `None` for 'weights' are deprecated since 0.13 and will be removed in 0.15. The current behavior is equivalent to passing `weights=ResNet50_Weights.IMAGENET1K_V1`. You can also use `weights=ResNet50_Weights.DEFAULT` to get the most up-to-date weights.
  warnings.warn(msg)
all_output1 tensor([0.0106, 0.0104, 0.0174, 0.0125, 0.0163, 0.0091, 0.0151, 0.0067, 0.0072,
        0.0168, 0.0089, 0.0110, 0.0224, 0.0063, 0.0139, 0.0103, 0.0098, 0.0043,
        0.0076, 0.0291, 0.0064, 0.0125, 0.0053, 0.0040, 0.0194, 0.0160, 0.0121,
        0.0177, 0.0133, 0.0054, 0.0213, 0.0086, 0.0134, 0.0156, 0.0040, 0.0062,
        0.0073, 0.0143, 0.0120, 0.0105, 0.0072, 0.0131, 0.0078, 0.0100, 0.0097,
        0.0022, 0.0103, 0.0179, 0.0226, 0.0115, 0.4167])
cls_count [  29.   32.   55.   42.   44.   21.   41.   13.   13.   55.   30.   22.
   70.   14.   36.   18.   28.    7.   17.   99.   14.   35.   14.    5.
   64.   49.   31.   52.   36.   10.   69.   18.   46.   53.    6.   15.
   14.   43.   35.   32.   16.   32.   15.   29.   18.    2.   22.   62.
   69.   40. 1748.] 0.0011441647597254005
cls_count [ 54.  63.  92.  53. 117.  62.  89.  55.  53.  78.  49.  77. 109.  47.
 104.  96.  54.  25.  50. 122.  35.  68.  28.  28.  88.  98.  65. 126.
  65.  39. 104.  57.  81.  80.  26.  30.  57.  88.  54.  51.  38.  75.
  50.  57.  71.  13.  81. 114. 110.  54.] 0.0 13.0 126.0 0.10317460317460317
Accuracy = 62.72% -> 68.08%

50
all_output1 tensor([0.0381, 0.0152, 0.0160, 0.0310, 0.0259, 0.0247, 0.0124, 0.0060, 0.0067,
        0.0337, 0.0150, 0.0116, 0.0470, 0.0031, 0.0128, 0.0132, 0.0183, 0.0030,
        0.0244, 0.0256, 0.0105, 0.0179, 0.0190, 0.0061, 0.0224, 0.0052, 0.0060,
        0.0047, 0.0088, 0.0034, 0.0037, 0.0076, 0.0028, 0.0019, 0.0017, 0.0016,
        0.0045, 0.0061, 0.0029, 0.0022, 0.0026, 0.0031, 0.0037, 0.0034, 0.0055,
        0.0012, 0.0022, 0.0049, 0.0114, 0.0038, 0.4357])
cls_count [ 61.  20.  21.  53.  37.  39.  18.   3.   4.  55.  21.  13.  91.   2.
  17.  12.  27.   1.  40.  42.  14.  29.  27.   5.  37.   5.   0.   2.
   5.   0.   3.   4.   0.   0.   0.   0.   1.   7.   0.   0.   1.   1.
   0.   0.   1.   0.   0.   2.  13.   2. 925.] 0.0
cls_count [ 86.  38.  57.  60.  87.  65.  35.  26.  32.  76.  52.  36. 109.   8.
  46.  58.  49.   6.  82.  50.  38.  46.  67.  30.  66.  21.  35.  17.
  27.  15.  15.  32.  11.   2.   3.   1.  15.  18.  12.   4.   6.   9.
  17.   9.  17.   0.   3.  19.  36.  12.] 38 0.0 109.0 0.0
Accuracy = 60.39% -> 62.07%

18
tensor([0.0052, 0.0035, 0.0190, 0.0085, 0.0168, 0.0057, 0.0183, 0.0159, 0.0156,
        0.0118, 0.0073, 0.0034, 0.0078, 0.0081, 0.0113, 0.0173, 0.0043, 0.0072,
        0.0080, 0.0225, 0.0067, 0.0109, 0.0035, 0.0173, 0.0074, 0.0123, 0.0054,
        0.0130, 0.0078, 0.0071, 0.0140, 0.0057, 0.0045, 0.0189, 0.0060, 0.0028,
        0.0072, 0.0119, 0.0113, 0.0063, 0.0066, 0.0115, 0.0069, 0.0033, 0.0112,
        0.0017, 0.0076, 0.0096, 0.0119, 0.0068, 0.5252])
cls_count [5.000e+00 4.000e+00 4.400e+01 1.700e+01 3.000e+01 8.000e+00 3.100e+01
 2.300e+01 2.500e+01 2.300e+01 1.400e+01 3.000e+00 1.100e+01 1.200e+01
 1.300e+01 1.700e+01 4.000e+00 1.000e+01 5.000e+00 4.900e+01 9.000e+00
 2.000e+01 7.000e+00 3.100e+01 1.300e+01 1.600e+01 5.000e+00 2.300e+01
 1.300e+01 7.000e+00 1.900e+01 4.000e+00 7.000e+00 4.600e+01 3.000e+00
 1.000e+00 1.000e+01 1.900e+01 1.800e+01 1.100e+01 8.000e+00 1.900e+01
 3.000e+00 5.000e+00 1.500e+01 2.000e+00 7.000e+00 1.200e+01 1.800e+01
 1.100e+01 1.697e+03] 0.0005892751915144372
cls_count [ 5.  4. 44. 17. 30.  8. 31. 23. 25. 23. 14.  3. 11. 12. 13. 17.  4. 10.
  5. 49.  9. 20.  7. 31. 13. 16.  5. 23. 13.  7. 19.  4.  7. 46.  3.  1.
 10. 19. 18. 11.  8. 19.  3.  5. 15.  2.  7. 12. 18. 11.] 0.0 1.0 49.0 0.02040816326530612
51
acc [13.33333333 19.04761905 37.37373737 37.5        18.18181818 36.36363636
 42.85714286 30.         26.82926829 39.21568627 30.43478261  5.
 44.44444444 21.73913043 19.23076923 17.5         7.5         6.97674419
 10.         60.         15.78947368 36.73469388 37.5        30.43478261
 22.72727273 17.72151899 22.22222222 25.         11.9047619   6.25
 23.91304348 14.28571429 12.19512195 60.81081081 12.5         5.26315789
 14.81481481 31.91489362 28.88888889 60.         21.05263158 40.
  4.76190476 27.77777778 55.         11.11111111 15.         14.49275362
 65.         30.3030303  82.89676425] 51 H_score 39.559033810342434
Task: office-home, Iter:0/795; Accuracy = 27.09% / 25.98% / 82.90%
all_output1 tensor([0.0131, 0.0222, 0.0250, 0.0163, 0.0209, 0.0167, 0.0128, 0.0150, 0.0196,
        0.0246, 0.0175, 0.0134, 0.0243, 0.0179, 0.0258, 0.0260, 0.0168, 0.0083,
        0.0175, 0.0329, 0.0136, 0.0183, 0.0096, 0.0098, 0.0225, 0.0236, 0.0157,
        0.0271, 0.0152, 0.0095, 0.0249, 0.0129, 0.0237, 0.0204, 0.0072, 0.0102,
        0.0139, 0.0195, 0.0127, 0.0129, 0.0102, 0.0174, 0.0154, 0.0197, 0.0155,
        0.0115, 0.0206, 0.0252, 0.0244, 0.0203, 0.1101])
cls_count [ 43.  75.  85.  54.  73.  56.  44.  52.  68.  84.  59.  42.  85.  62.
  89.  90.  55.  23.  62. 112.  42.  61.  31.  32.  77.  80.  52. 100.
  48.  31.  85.  47.  79.  70.  20.  32.  50.  69.  42.  43.  32.  59.
  54.  63.  50.  35.  73.  85.  79.  66. 380.] 0.05263157894736842
cls_count [ 50.  82.  92.  57.  88.  67.  50.  69.  75.  88.  63.  52.  89.  81.
  94. 112.  60.  26.  75. 118.  49.  63.  36.  41.  86.  91.  58. 110.
  55.  35.  94.  56.  85.  76.  30.  36.  58.  76.  47.  49.  35.  61.
  60.  70.  66.  39.  84.  90.  85.  71.] 0.0 26.0 118.0 0.22033898305084745
Accuracy = 70.89% -> 72.60%

50
all_output1 tensor([0.0444, 0.0372, 0.0393, 0.0409, 0.0526, 0.0395, 0.0099, 0.0081, 0.0112,
        0.0478, 0.0537, 0.0069, 0.0594, 0.0066, 0.0442, 0.0516, 0.0319, 0.0029,
        0.0507, 0.0287, 0.0466, 0.0264, 0.0426, 0.0150, 0.0360, 0.0069, 0.0024,
        0.0023, 0.0064, 0.0046, 0.0035, 0.0055, 0.0047, 0.0010, 0.0017, 0.0012,
        0.0029, 0.0035, 0.0011, 0.0006, 0.0018, 0.0030, 0.0017, 0.0042, 0.0033,
        0.0027, 0.0019, 0.0031, 0.0022, 0.0042, 0.0894])
cls_count [ 76.  63.  72.  70.  94.  66.  19.  14.  17.  84.  93.   8. 101.  11.
  80.  93.  54.   4.  86.  49.  85.  43.  78.  26.  63.  11.   2.   2.
  11.   5.   4.   4.   6.   1.   1.   1.   4.   4.   0.   0.   1.   4.
   1.   4.   3.   3.   2.   2.   2.   6. 128.] 0.0
cls_count [ 79.  66.  75.  74. 102.  69.  19.  19.  23.  87. 101.  12. 102.  15.
  89. 100.  56.   6.  91.  50.  90.  47.  78.  28.  66.  12.   4.   2.
  15.   6.   6.   5.   6.   1.   2.   1.   4.   6.   1.   1.   3.   6.
   2.   8.   4.   5.   2.   5.   3.   7.] 28 1.0 102.0 0.00980392156862745
Accuracy = 66.95% -> 65.68%

19
tensor([0.0085, 0.0071, 0.0271, 0.0163, 0.0215, 0.0106, 0.0179, 0.0225, 0.0178,
        0.0184, 0.0121, 0.0092, 0.0100, 0.0167, 0.0156, 0.0231, 0.0108, 0.0132,
        0.0117, 0.0298, 0.0120, 0.0188, 0.0057, 0.0224, 0.0150, 0.0179, 0.0076,
        0.0171, 0.0136, 0.0095, 0.0151, 0.0079, 0.0099, 0.0277, 0.0108, 0.0065,
        0.0106, 0.0135, 0.0118, 0.0080, 0.0109, 0.0148, 0.0069, 0.0098, 0.0132,
        0.0062, 0.0096, 0.0131, 0.0123, 0.0102, 0.3118])
cls_count [  10.    9.   63.   36.   43.   21.   33.   33.   37.   40.   27.   12.
   17.   30.   29.   39.   19.   28.   19.   68.   22.   39.   11.   44.
   26.   32.   11.   39.   23.   14.   26.   11.   21.   61.   14.   10.
   21.   26.   20.   14.   19.   31.    9.   15.   23.    8.   18.   19.
   21.   19. 1147.] 0.006974716652136007
cls_count [10.  9. 63. 36. 43. 21. 33. 33. 37. 40. 27. 12. 17. 30. 29. 39. 19. 28.
 19. 68. 22. 39. 11. 44. 26. 32. 11. 39. 23. 14. 26. 11. 21. 61. 14. 10.
 21. 26. 20. 14. 19. 31.  9. 15. 23.  8. 18. 19. 21. 19.] 0.0 8.0 68.0 0.11764705882352941
51
acc [26.66666667 38.0952381  49.49494949 72.5        20.45454545 68.18181818
 42.85714286 40.         34.14634146 56.8627451  50.         20.
 61.11111111 47.82608696 34.61538462 35.         22.5        27.90697674
 32.5        78.66666667 47.36842105 67.34693878 50.         39.13043478
 36.36363636 32.91139241 50.         30.         16.66666667 15.625
 39.13043478 19.04761905 31.70731707 81.08108108 25.         42.10526316
 44.44444444 40.42553191 42.22222222 66.66666667 42.10526316 60.
 28.57142857 55.55555556 65.         16.66666667 32.5        23.1884058
 75.         45.45454545 65.94761171] 51 H_score 51.62489495529619
Task: office-home, Iter:53/795; Accuracy = 42.87% / 42.41% / 65.95%
all_output1 tensor([0.0125, 0.0243, 0.0245, 0.0172, 0.0225, 0.0176, 0.0120, 0.0166, 0.0238,
        0.0264, 0.0164, 0.0141, 0.0239, 0.0198, 0.0212, 0.0263, 0.0195, 0.0088,
        0.0205, 0.0312, 0.0133, 0.0181, 0.0113, 0.0122, 0.0225, 0.0229, 0.0166,
        0.0298, 0.0144, 0.0096, 0.0248, 0.0155, 0.0236, 0.0209, 0.0065, 0.0126,
        0.0165, 0.0203, 0.0128, 0.0130, 0.0094, 0.0166, 0.0164, 0.0180, 0.0173,
        0.0130, 0.0237, 0.0244, 0.0235, 0.0219, 0.0793])
cls_count [ 40.  84.  85.  57.  77.  60.  41.  56.  77.  90.  55.  44.  80.  68.
  71.  92.  66.  28.  71. 105.  44.  62.  41.  38.  77.  79.  57. 105.
  48.  35.  83.  54.  81.  72.  21.  40.  58.  74.  42.  44.  30.  55.
  57.  63.  57.  45.  84.  86.  80.  77. 244.] 0.0860655737704918
cls_count [ 47.  89.  86.  60.  81.  68.  46.  70.  87.  92.  60.  55.  82.  84.
  77. 102.  69.  30.  81. 111.  49.  63.  42.  44.  80.  85.  61. 110.
  52.  39.  90.  61.  85.  72.  29.  45.  60.  77.  46.  47.  34.  56.
  64.  65.  61.  48.  89.  90.  81.  78.] 0.0 29.0 111.0 0.26126126126126126
Accuracy = 72.72% -> 73.58%

50
all_output1 tensor([0.0424, 0.0390, 0.0370, 0.0401, 0.0570, 0.0414, 0.0070, 0.0084, 0.0135,
        0.0516, 0.0551, 0.0058, 0.0603, 0.0054, 0.0485, 0.0554, 0.0353, 0.0024,
        0.0550, 0.0289, 0.0440, 0.0302, 0.0471, 0.0297, 0.0366, 0.0052, 0.0016,
        0.0016, 0.0056, 0.0026, 0.0026, 0.0047, 0.0035, 0.0007, 0.0010, 0.0014,
        0.0035, 0.0023, 0.0007, 0.0006, 0.0013, 0.0021, 0.0020, 0.0023, 0.0027,
        0.0028, 0.0017, 0.0017, 0.0017, 0.0057, 0.0615])
cls_count [ 74.  67.  70.  69. 100.  71.  13.  14.  20.  91.  99.   6. 102.   9.
  88.  93.  61.   2.  93.  48.  81.  51.  83.  50.  62.   7.   1.   1.
   9.   3.   4.   3.   5.   1.   0.   1.   3.   2.   0.   0.   1.   3.
   2.   2.   2.   4.   2.   2.   2.  11.  73.] 0.0
cls_count [ 75.  69.  70.  69. 106.  72.  13.  16.  22.  91. 104.   8. 104.  13.
  95.  99.  62.   3.  93.  51.  83.  55.  83.  53.  63.   7.   3.   1.
  10.   3.   6.   6.   5.   1.   0.   2.   5.   4.   0.   1.   1.   3.
   3.   3.   2.   5.   2.   2.   2.  12.] 22 0.0 106.0 0.0
Accuracy = 67.79% -> 68.15%

20
tensor([0.0072, 0.0084, 0.0264, 0.0168, 0.0228, 0.0118, 0.0157, 0.0177, 0.0217,
        0.0201, 0.0119, 0.0098, 0.0098, 0.0151, 0.0124, 0.0221, 0.0137, 0.0153,
        0.0144, 0.0286, 0.0115, 0.0179, 0.0066, 0.0203, 0.0126, 0.0156, 0.0072,
        0.0193, 0.0125, 0.0082, 0.0129, 0.0077, 0.0097, 0.0278, 0.0074, 0.0085,
        0.0105, 0.0137, 0.0105, 0.0079, 0.0100, 0.0143, 0.0064, 0.0076, 0.0124,
        0.0060, 0.0102, 0.0107, 0.0104, 0.0107, 0.3311])
cls_count [  13.   15.   63.   39.   46.   26.   34.   35.   46.   45.   25.   14.
   19.   32.   24.   44.   30.   33.   27.   65.   21.   38.   14.   43.
   24.   31.   13.   44.   24.   16.   23.   15.   18.   64.   13.   18.
   22.   29.   20.   15.   20.   31.   11.   16.   23.    8.   21.   19.
   20.   24. 1054.] 0.007590132827324478
cls_count [13. 15. 63. 39. 46. 26. 34. 35. 46. 45. 25. 14. 19. 32. 24. 44. 30. 33.
 27. 65. 21. 38. 14. 43. 24. 31. 13. 44. 24. 16. 23. 15. 18. 64. 13. 18.
 22. 29. 20. 15. 20. 31. 11. 16. 23.  8. 21. 19. 20. 24.] 0.0 8.0 65.0 0.12307692307692308
51
acc [26.66666667 52.38095238 50.50505051 77.5        25.         68.18181818
 47.61904762 50.         46.34146341 66.66666667 45.65217391 20.
 66.66666667 50.         34.61538462 40.         30.         30.23255814
 50.         78.66666667 42.10526316 67.34693878 56.25       39.13043478
 40.90909091 32.91139241 50.         45.         16.66666667 15.625
 43.47826087 28.57142857 31.70731707 85.13513514 25.         63.15789474
 48.14814815 40.42553191 44.44444444 66.66666667 47.36842105 56.66666667
 23.80952381 50.         65.         16.66666667 37.5        24.63768116
 75.         60.60606061 64.09861325] 51 H_score 53.51601039494752
Task: office-home, Iter:106/795; Accuracy = 46.29% / 45.93% / 64.10%
all_output1 tensor([0.0119, 0.0249, 0.0250, 0.0180, 0.0215, 0.0179, 0.0144, 0.0159, 0.0238,
        0.0285, 0.0166, 0.0139, 0.0235, 0.0213, 0.0213, 0.0268, 0.0203, 0.0092,
        0.0196, 0.0313, 0.0122, 0.0190, 0.0123, 0.0128, 0.0214, 0.0217, 0.0167,
        0.0301, 0.0142, 0.0106, 0.0245, 0.0167, 0.0249, 0.0209, 0.0060, 0.0127,
        0.0169, 0.0198, 0.0128, 0.0131, 0.0093, 0.0158, 0.0147, 0.0168, 0.0155,
        0.0115, 0.0265, 0.0249, 0.0231, 0.0226, 0.0745])
cls_count [ 41.  86.  85.  61.  74.  63.  50.  58.  82.  96.  57.  49.  80.  73.
  75.  92.  69.  33.  66. 106.  42.  63.  42.  42.  75.  72.  57. 104.
  49.  38.  83.  56.  84.  72.  20.  43.  60.  74.  42.  43.  31.  53.
  53.  56.  54.  37.  90.  86.  79.  78. 206.] 0.0970873786407767
cls_count [ 45.  89.  85.  62.  76.  69.  54.  70.  86.  97.  60.  56.  81.  84.
  81.  99.  74.  34.  73. 110.  45.  65.  44.  49.  79.  84.  63. 106.
  50.  41.  90.  59.  88.  72.  25.  48.  65.  77.  46.  46.  34.  54.
  57.  60.  59.  41. 100.  89.  81.  78.] 0.0 25.0 110.0 0.22727272727272727
Accuracy = 73.76% -> 74.11%

50
all_output1 tensor([0.0429, 0.0408, 0.0395, 0.0418, 0.0582, 0.0411, 0.0082, 0.0068, 0.0247,
        0.0542, 0.0553, 0.0040, 0.0609, 0.0056, 0.0543, 0.0470, 0.0359, 0.0020,
        0.0545, 0.0292, 0.0399, 0.0339, 0.0491, 0.0343, 0.0344, 0.0032, 0.0011,
        0.0015, 0.0048, 0.0031, 0.0020, 0.0047, 0.0043, 0.0006, 0.0008, 0.0008,
        0.0027, 0.0013, 0.0004, 0.0005, 0.0011, 0.0018, 0.0011, 0.0015, 0.0013,
        0.0016, 0.0018, 0.0011, 0.0014, 0.0064, 0.0506])
cls_count [ 74.  71.  71.  70. 101.  71.  13.  10.  42.  93.  98.   4. 102.   9.
  97.  78.  64.   2.  93.  49.  75.  58.  84.  59.  61.   3.   1.   1.
   8.   4.   2.   3.   6.   1.   1.   1.   4.   1.   0.   0.   2.   2.
   1.   2.   1.   2.   2.   1.   2.  11.  50.] 0.0
cls_count [ 76.  72.  71.  71. 102.  71.  13.  11.  47.  94. 105.   5. 104.  10.
 101.  82.  64.   2.  93.  51.  76.  61.  84.  61.  62.   3.   2.   2.
   8.   4.   4.   6.   6.   1.   1.   1.   4.   1.   0.   1.   2.   2.
   1.   2.   1.   2.   2.   2.   2.  12.] 13 0.0 105.0 0.0
Accuracy = 68.69% -> 69.72%

21
tensor([0.0062, 0.0086, 0.0264, 0.0180, 0.0212, 0.0114, 0.0161, 0.0160, 0.0178,
        0.0216, 0.0126, 0.0085, 0.0096, 0.0150, 0.0116, 0.0247, 0.0142, 0.0155,
        0.0133, 0.0288, 0.0093, 0.0183, 0.0065, 0.0197, 0.0118, 0.0133, 0.0064,
        0.0199, 0.0119, 0.0086, 0.0113, 0.0086, 0.0098, 0.0270, 0.0065, 0.0084,
        0.0093, 0.0125, 0.0102, 0.0077, 0.0096, 0.0135, 0.0057, 0.0069, 0.0107,
        0.0044, 0.0107, 0.0102, 0.0098, 0.0108, 0.3532])
cls_count [  13.   19.   62.   43.   47.   25.   34.   34.   41.   49.   27.   14.
   22.   32.   24.   50.   31.   33.   28.   67.   20.   40.   14.   44.
   24.   30.   13.   46.   24.   17.   24.   18.   18.   63.   12.   18.
   21.   29.   21.   17.   20.   31.   10.   14.   23.    8.   21.   19.
   20.   26. 1027.] 0.007789678675754625
cls_count [13. 19. 62. 43. 47. 25. 34. 34. 41. 49. 27. 14. 22. 32. 24. 50. 31. 33.
 28. 67. 20. 40. 14. 44. 24. 30. 13. 46. 24. 17. 24. 18. 18. 63. 12. 18.
 21. 29. 21. 17. 20. 31. 10. 14. 23.  8. 21. 19. 20. 26.] 0.0 8.0 67.0 0.11940298507462686
51
acc [26.66666667 61.9047619  50.50505051 85.         25.         63.63636364
 47.61904762 50.         39.02439024 70.58823529 47.82608696 20.
 72.22222222 50.         34.61538462 52.5        32.5        30.23255814
 52.5        78.66666667 36.84210526 67.34693878 56.25       39.13043478
 40.90909091 31.64556962 50.         45.         16.66666667 15.625
 43.47826087 28.57142857 31.70731707 85.13513514 25.         63.15789474
 48.14814815 40.42553191 46.66666667 66.66666667 47.36842105 56.66666667
 23.80952381 50.         65.         16.66666667 37.5        24.63768116
 75.         63.63636364 63.32819723] 51 H_score 53.686862238555676
Task: office-home, Iter:159/795; Accuracy = 46.92% / 46.59% / 63.33%
all_output1 tensor([0.0119, 0.0253, 0.0245, 0.0178, 0.0220, 0.0193, 0.0145, 0.0176, 0.0256,
        0.0262, 0.0164, 0.0137, 0.0236, 0.0216, 0.0202, 0.0264, 0.0197, 0.0097,
        0.0194, 0.0319, 0.0125, 0.0184, 0.0130, 0.0137, 0.0211, 0.0229, 0.0172,
        0.0304, 0.0147, 0.0102, 0.0245, 0.0163, 0.0243, 0.0206, 0.0066, 0.0133,
        0.0172, 0.0220, 0.0127, 0.0133, 0.0100, 0.0150, 0.0165, 0.0173, 0.0157,
        0.0118, 0.0253, 0.0253, 0.0233, 0.0229, 0.0648])
cls_count [ 42.  86.  85.  60.  76.  67.  52.  61.  86.  91.  58.  49.  82.  75.
  69.  91.  69.  34.  66. 111.  44.  62.  45.  46.  73.  79.  58. 106.
  49.  36.  83.  57.  84.  72.  21.  43.  59.  79.  42.  43.  34.  52.
  57.  60.  53.  42.  87.  87.  80.  79. 158.] 0.13291139240506328
cls_count [ 45.  87.  85.  61.  79.  71.  54.  74.  90.  91.  59.  54.  83.  85.
  72.  97.  73.  37.  72. 112.  45.  63.  46.  52.  77.  84.  61. 108.
  50.  41.  89.  62.  87.  72.  26.  49.  62.  80.  46.  45.  37.  53.
  61.  60.  58.  43.  92.  90.  81.  79.] 0.0 26.0 112.0 0.23214285714285715
Accuracy = 73.82% -> 74.02%

50
all_output1 tensor([0.0427, 0.0419, 0.0387, 0.0417, 0.0587, 0.0408, 0.0127, 0.0074, 0.0295,
        0.0523, 0.0561, 0.0035, 0.0608, 0.0056, 0.0541, 0.0409, 0.0356, 0.0019,
        0.0552, 0.0296, 0.0419, 0.0351, 0.0507, 0.0349, 0.0337, 0.0037, 0.0012,
        0.0015, 0.0054, 0.0027, 0.0019, 0.0044, 0.0031, 0.0005, 0.0008, 0.0007,
        0.0026, 0.0013, 0.0003, 0.0008, 0.0012, 0.0014, 0.0015, 0.0016, 0.0012,
        0.0016, 0.0016, 0.0011, 0.0014, 0.0069, 0.0439])
cls_count [ 73.  71.  69.  71. 101.  68.  22.  11.  51.  92. 101.   3. 103.   9.
  97.  67.  63.   2.  94.  50.  74.  60.  85.  60.  59.   4.   1.   1.
   6.   4.   2.   6.   4.   1.   1.   0.   4.   1.   0.   1.   2.   2.
   1.   2.   1.   3.   2.   2.   2.  12.  40.] 0.0
cls_count [ 74.  73.  70.  71. 102.  68.  22.  12.  54.  93. 103.   4. 104.  11.
  99.  70.  64.   2.  94.  51.  75.  63.  85.  61.  60.   4.   2.   2.
   8.   4.   3.   9.   4.   1.   1.   1.   4.   1.   0.   1.   2.   2.
   2.   2.   1.   3.   2.   2.   2.  13.] 22 0.0 104.0 0.0
Accuracy = 69.48% -> 70.08%

21
tensor([0.0063, 0.0092, 0.0258, 0.0183, 0.0212, 0.0118, 0.0157, 0.0150, 0.0194,
        0.0200, 0.0120, 0.0078, 0.0099, 0.0141, 0.0108, 0.0252, 0.0133, 0.0149,
        0.0125, 0.0289, 0.0094, 0.0176, 0.0067, 0.0195, 0.0113, 0.0140, 0.0064,
        0.0198, 0.0122, 0.0078, 0.0106, 0.0079, 0.0083, 0.0269, 0.0063, 0.0088,
        0.0093, 0.0132, 0.0097, 0.0084, 0.0099, 0.0129, 0.0057, 0.0072, 0.0106,
        0.0041, 0.0100, 0.0104, 0.0097, 0.0111, 0.3620])
cls_count [  14.   19.   62.   43.   48.   26.   34.   33.   41.   48.   27.   14.
   22.   32.   24.   51.   31.   33.   29.   67.   20.   40.   14.   44.
   24.   30.   13.   46.   26.   17.   23.   16.   17.   63.   12.   18.
   20.   29.   21.   18.   20.   30.   11.   16.   23.    8.   21.   19.
   20.   25. 1025.] 0.007804878048780488
cls_count [14. 19. 62. 43. 48. 26. 34. 33. 41. 48. 27. 14. 22. 32. 24. 51. 31. 33.
 29. 67. 20. 40. 14. 44. 24. 30. 13. 46. 26. 17. 23. 16. 17. 63. 12. 18.
 20. 29. 21. 18. 20. 30. 11. 16. 23.  8. 21. 19. 20. 25.] 0.0 8.0 67.0 0.11940298507462686
51
acc [33.33333333 61.9047619  50.50505051 85.         25.         63.63636364
 47.61904762 50.         39.02439024 70.58823529 47.82608696 20.
 72.22222222 50.         34.61538462 52.5        32.5        30.23255814
 52.5        78.66666667 42.10526316 67.34693878 56.25       43.47826087
 40.90909091 31.64556962 50.         45.         16.66666667 15.625
 43.47826087 28.57142857 31.70731707 85.13513514 25.         63.15789474
 48.14814815 40.42553191 46.66666667 66.66666667 47.36842105 56.66666667
 23.80952381 50.         65.         16.66666667 37.5        24.63768116
 75.         63.63636364 63.32819723] 51 H_score 53.90233692357241
Task: office-home, Iter:212/795; Accuracy = 47.24% / 46.92% / 63.33%
all_output1 tensor([0.0122, 0.0251, 0.0248, 0.0176, 0.0208, 0.0201, 0.0146, 0.0179, 0.0243,
        0.0274, 0.0170, 0.0148, 0.0233, 0.0231, 0.0204, 0.0263, 0.0205, 0.0096,
        0.0203, 0.0322, 0.0123, 0.0185, 0.0133, 0.0141, 0.0211, 0.0231, 0.0175,
        0.0296, 0.0149, 0.0114, 0.0245, 0.0166, 0.0241, 0.0207, 0.0059, 0.0136,
        0.0172, 0.0219, 0.0130, 0.0133, 0.0102, 0.0163, 0.0170, 0.0180, 0.0160,
        0.0130, 0.0257, 0.0257, 0.0233, 0.0229, 0.0528])
cls_count [ 41.  85.  85.  60.  70.  69.  51.  65.  84.  94.  60.  51.  80.  81.
  70.  91.  69.  35.  70. 109.  42.  62.  45.  50.  72.  81.  60. 104.
  51.  38.  85.  58.  84.  72.  21.  47.  61.  79.  45.  45.  36.  54.
  59.  61.  52.  45.  89.  88.  79.  79. 116.] 0.1810344827586207
cls_count [ 45.  88.  85.  61.  70.  72.  52.  75.  87.  96.  60.  54.  81.  88.
  72.  96.  72.  37.  75. 111.  43.  63.  46.  52.  76.  84.  63. 106.
  52.  41.  88.  61.  87.  72.  24.  50.  64.  81.  46.  45.  38.  55.
  62.  62.  56.  46.  92.  89.  80.  79.] 0.0 24.0 111.0 0.21621621621621623
Accuracy = 73.76% -> 73.88%

50
all_output1 tensor([0.0434, 0.0422, 0.0404, 0.0421, 0.0588, 0.0413, 0.0156, 0.0074, 0.0293,
        0.0539, 0.0584, 0.0038, 0.0608, 0.0056, 0.0546, 0.0401, 0.0365, 0.0016,
        0.0558, 0.0299, 0.0408, 0.0360, 0.0507, 0.0364, 0.0352, 0.0032, 0.0012,
        0.0012, 0.0052, 0.0034, 0.0018, 0.0038, 0.0025, 0.0005, 0.0007, 0.0008,
        0.0023, 0.0012, 0.0002, 0.0006, 0.0009, 0.0016, 0.0013, 0.0015, 0.0010,
        0.0018, 0.0016, 0.0012, 0.0012, 0.0059, 0.0329])
cls_count [ 74.  72.  71.  71. 101.  69.  27.  12.  49.  95. 104.   3. 104.  10.
  95.  66.  63.   2.  94.  50.  72.  61.  85.  62.  63.   3.   1.   1.
   6.   4.   3.   4.   4.   1.   0.   2.   4.   2.   0.   1.   2.   2.
   1.   2.   1.   3.   2.   2.   2.   9.  24.] 0.0
cls_count [ 74.  73.  72.  71. 103.  69.  27.  13.  51.  95. 104.   4. 104.  10.
  97.  69.  63.   2.  94.  51.  73.  63.  85.  63.  64.   3.   1.   2.
   8.   4.   4.   5.   4.   1.   0.   2.   4.   2.   0.   1.   2.   2.
   1.   2.   1.   3.   2.   2.   2.   9.] 27 0.0 104.0 0.0
Accuracy = 69.90% -> 70.14%

21
tensor([0.0069, 0.0091, 0.0262, 0.0181, 0.0210, 0.0122, 0.0151, 0.0150, 0.0183,
        0.0207, 0.0121, 0.0078, 0.0099, 0.0148, 0.0110, 0.0247, 0.0145, 0.0149,
        0.0133, 0.0288, 0.0090, 0.0176, 0.0068, 0.0197, 0.0111, 0.0138, 0.0065,
        0.0202, 0.0129, 0.0088, 0.0106, 0.0078, 0.0078, 0.0270, 0.0056, 0.0086,
        0.0094, 0.0130, 0.0098, 0.0081, 0.0094, 0.0132, 0.0059, 0.0077, 0.0106,
        0.0045, 0.0099, 0.0105, 0.0095, 0.0111, 0.3590])
cls_count [  15.   20.   63.   42.   47.   26.   34.   33.   41.   48.   27.   13.
   22.   33.   24.   51.   31.   33.   30.   68.   20.   40.   14.   44.
   24.   30.   13.   46.   29.   18.   23.   16.   17.   64.   12.   18.
   20.   29.   21.   18.   20.   30.   12.   16.   23.    8.   21.   19.
   20.   26. 1015.] 0.007881773399014778
cls_count [15. 20. 63. 42. 47. 26. 34. 33. 41. 48. 27. 13. 22. 33. 24. 51. 31. 33.
 30. 68. 20. 40. 14. 44. 24. 30. 13. 46. 29. 18. 23. 16. 17. 64. 12. 18.
 20. 29. 21. 18. 20. 30. 12. 16. 23.  8. 21. 19. 20. 26.] 0.0 8.0 68.0 0.11764705882352941
51
acc [33.33333333 61.9047619  51.51515152 85.         25.         63.63636364
 47.61904762 50.         39.02439024 70.58823529 47.82608696 15.
 72.22222222 50.         34.61538462 52.5        32.5        30.23255814
 52.5        80.         36.84210526 67.34693878 56.25       43.47826087
 40.90909091 31.64556962 50.         45.         16.66666667 15.625
 43.47826087 28.57142857 31.70731707 85.13513514 25.         63.15789474
 48.14814815 40.42553191 46.66666667 66.66666667 47.36842105 56.66666667
 23.80952381 50.         65.         16.66666667 37.5        24.63768116
 75.         66.66666667 62.5577812 ] 51 H_score 53.55738273414284
Task: office-home, Iter:265/795; Accuracy = 47.13% / 46.82% / 62.56%
all_output1 tensor([0.0119, 0.0252, 0.0248, 0.0177, 0.0209, 0.0196, 0.0154, 0.0185, 0.0243,
        0.0269, 0.0170, 0.0141, 0.0226, 0.0225, 0.0211, 0.0256, 0.0203, 0.0102,
        0.0205, 0.0312, 0.0126, 0.0192, 0.0134, 0.0134, 0.0213, 0.0226, 0.0180,
        0.0284, 0.0150, 0.0118, 0.0241, 0.0164, 0.0246, 0.0208, 0.0061, 0.0131,
        0.0172, 0.0214, 0.0125, 0.0133, 0.0106, 0.0154, 0.0173, 0.0177, 0.0157,
        0.0117, 0.0243, 0.0256, 0.0229, 0.0234, 0.0599])
cls_count [ 42.  86.  85.  61.  74.  68.  54.  65.  82.  94.  61.  49.  76.  78.
  69.  90.  68.  37.  70. 107.  43.  63.  47.  46.  72.  79.  61. 103.
  50.  40.  83.  58.  84.  72.  21.  45.  59.  74.  43.  46.  35.  51.
  60.  61.  52.  44.  84.  88.  79.  80. 141.] 0.14893617021276595
cls_count [ 45.  89.  85.  62.  74.  71.  55.  77.  87.  94.  61.  53.  78.  86.
  71.  97.  72.  38.  74. 111.  44.  63.  48.  51.  76.  85.  63. 105.
  51.  43.  88.  60.  86.  72.  24.  49.  65.  79.  46.  46.  40.  54.
  64.  61.  55.  45.  88.  89.  80.  80.] 0.0 24.0 111.0 0.21621621621621623
Accuracy = 73.82% -> 73.99%

50
all_output1 tensor([0.0428, 0.0420, 0.0415, 0.0421, 0.0586, 0.0411, 0.0168, 0.0078, 0.0310,
        0.0536, 0.0581, 0.0027, 0.0601, 0.0050, 0.0561, 0.0395, 0.0364, 0.0018,
        0.0559, 0.0297, 0.0414, 0.0378, 0.0507, 0.0354, 0.0356, 0.0030, 0.0012,
        0.0009, 0.0051, 0.0033, 0.0016, 0.0035, 0.0027, 0.0004, 0.0006, 0.0007,
        0.0018, 0.0009, 0.0002, 0.0005, 0.0011, 0.0011, 0.0008, 0.0013, 0.0009,
        0.0012, 0.0012, 0.0010, 0.0010, 0.0062, 0.0346])
cls_count [ 73.  72.  73.  71. 101.  69.  28.  12.  52.  94. 103.   3. 103.   9.
  96.  67.  63.   2.  94.  51.  74.  61.  86.  61.  63.   3.   1.   0.
   7.   4.   2.   4.   4.   1.   0.   1.   3.   1.   0.   0.   2.   2.
   1.   2.   1.   1.   2.   1.   1.  10.  26.] 0.0
cls_count [ 73.  73.  73.  71. 103.  69.  28.  13.  55.  95. 103.   3. 104.  11.
  98.  70.  64.   2.  94.  52.  75.  63.  86.  63.  64.   3.   1.   0.
   8.   4.   3.   4.   4.   1.   0.   1.   3.   1.   0.   0.   2.   2.
   1.   2.   1.   1.   2.   1.   1.  10.] 28 0.0 104.0 0.0
Accuracy = 70.20% -> 70.08%

21
tensor([0.0067, 0.0090, 0.0264, 0.0178, 0.0201, 0.0116, 0.0154, 0.0148, 0.0178,
        0.0201, 0.0120, 0.0069, 0.0094, 0.0144, 0.0106, 0.0236, 0.0136, 0.0147,
        0.0130, 0.0279, 0.0090, 0.0176, 0.0065, 0.0186, 0.0109, 0.0132, 0.0066,
        0.0195, 0.0129, 0.0083, 0.0099, 0.0076, 0.0077, 0.0267, 0.0055, 0.0080,
        0.0089, 0.0129, 0.0093, 0.0079, 0.0095, 0.0125, 0.0058, 0.0076, 0.0104,
        0.0040, 0.0094, 0.0097, 0.0090, 0.0112, 0.3776])
cls_count [  15.   20.   63.   42.   47.   26.   35.   33.   41.   48.   27.   13.
   22.   33.   24.   51.   31.   34.   30.   68.   20.   40.   14.   44.
   24.   30.   14.   46.   29.   18.   23.   16.   17.   64.   12.   18.
   20.   29.   21.   18.   20.   30.   12.   17.   23.    8.   21.   19.
   20.   26. 1011.] 0.00791295746785361
cls_count [15. 20. 63. 42. 47. 26. 35. 33. 41. 48. 27. 13. 22. 33. 24. 51. 31. 34.
 30. 68. 20. 40. 14. 44. 24. 30. 14. 46. 29. 18. 23. 16. 17. 64. 12. 18.
 20. 29. 21. 18. 20. 30. 12. 17. 23.  8. 21. 19. 20. 26.] 0.0 8.0 68.0 0.11764705882352941
51
acc [33.33333333 61.9047619  51.51515152 85.         25.         63.63636364
 47.61904762 50.         39.02439024 70.58823529 47.82608696 20.
 72.22222222 50.         34.61538462 52.5        32.5        30.23255814
 52.5        80.         36.84210526 67.34693878 56.25       43.47826087
 40.90909091 31.64556962 55.55555556 45.         16.66666667 15.625
 43.47826087 28.57142857 31.70731707 85.13513514 25.         63.15789474
 48.14814815 40.42553191 46.66666667 66.66666667 47.36842105 56.66666667
 23.80952381 50.         65.         16.66666667 37.5        24.63768116
 75.         66.66666667 62.403698  ] 51 H_score 53.638391622608246
Task: office-home, Iter:318/795; Accuracy = 47.33% / 47.03% / 62.40%
all_output1 tensor([0.0120, 0.0253, 0.0246, 0.0179, 0.0203, 0.0199, 0.0160, 0.0182, 0.0239,
        0.0268, 0.0169, 0.0146, 0.0233, 0.0224, 0.0194, 0.0257, 0.0207, 0.0103,
        0.0202, 0.0311, 0.0130, 0.0189, 0.0144, 0.0144, 0.0215, 0.0222, 0.0177,
        0.0282, 0.0156, 0.0112, 0.0244, 0.0163, 0.0249, 0.0210, 0.0056, 0.0128,
        0.0175, 0.0220, 0.0128, 0.0131, 0.0104, 0.0164, 0.0176, 0.0180, 0.0161,
        0.0124, 0.0246, 0.0254, 0.0231, 0.0227, 0.0561])
cls_count [ 42.  86.  83.  61.  70.  69.  55.  64.  80.  93.  59.  50.  79.  81.
  68.  90.  72.  37.  70. 105.  42.  63.  48.  51.  76.  79.  60. 101.
  54.  39.  83.  59.  86.  72.  19.  46.  61.  77.  43.  46.  37.  54.
  62.  61.  55.  45.  85.  88.  80.  79. 115.] 0.16521739130434782
cls_count [ 44.  89.  83.  62.  70.  72.  56.  76.  85.  93.  59.  54.  80.  89.
  70.  97.  73.  38.  74. 110.  43.  63.  49.  53.  78.  83.  64. 103.
  54.  42.  89.  60.  87.  72.  22.  49.  64.  80.  46.  46.  38.  55.
  65.  61.  58.  45.  88.  89.  81.  79.] 0.0 22.0 110.0 0.2
Accuracy = 74.02% -> 73.85%

50
all_output1 tensor([0.0431, 0.0422, 0.0401, 0.0421, 0.0588, 0.0417, 0.0180, 0.0078, 0.0317,
        0.0536, 0.0579, 0.0031, 0.0611, 0.0047, 0.0542, 0.0389, 0.0370, 0.0017,
        0.0555, 0.0297, 0.0420, 0.0380, 0.0515, 0.0363, 0.0375, 0.0030, 0.0011,
        0.0010, 0.0056, 0.0026, 0.0016, 0.0028, 0.0026, 0.0005, 0.0006, 0.0005,
        0.0021, 0.0009, 0.0002, 0.0004, 0.0009, 0.0013, 0.0011, 0.0015, 0.0010,
        0.0012, 0.0012, 0.0008, 0.0010, 0.0045, 0.0318])
cls_count [ 73.  72.  71.  71. 103.  70.  29.  12.  53.  95. 101.   3. 104.   8.
  96.  68.  64.   2.  94.  51.  74.  63.  86.  62.  66.   4.   1.   0.
   7.   4.   2.   3.   4.   1.   0.   1.   3.   1.   0.   0.   2.   2.
   0.   2.   1.   2.   2.   1.   1.   6.  20.] 0.0
cls_count [ 73.  72.  72.  71. 103.  70.  29.  13.  56.  95. 101.   3. 104.  10.
  99.  70.  64.   2.  94.  52.  75.  65.  86.  63.  68.   4.   1.   0.
   7.   4.   3.   3.   4.   1.   0.   1.   3.   1.   0.   0.   2.   2.
   0.   2.   1.   2.   2.   1.   1.   6.] 29 0.0 104.0 0.0
Accuracy = 70.38% -> 70.32%

21
tensor([0.0070, 0.0088, 0.0262, 0.0177, 0.0201, 0.0116, 0.0152, 0.0143, 0.0176,
        0.0202, 0.0118, 0.0070, 0.0096, 0.0140, 0.0101, 0.0232, 0.0135, 0.0144,
        0.0127, 0.0278, 0.0091, 0.0171, 0.0066, 0.0189, 0.0105, 0.0129, 0.0063,
        0.0191, 0.0136, 0.0078, 0.0099, 0.0074, 0.0077, 0.0268, 0.0055, 0.0077,
        0.0089, 0.0129, 0.0093, 0.0076, 0.0088, 0.0128, 0.0058, 0.0078, 0.0103,
        0.0038, 0.0093, 0.0092, 0.0089, 0.0111, 0.3837])
cls_count [  15.   20.   63.   42.   47.   26.   35.   33.   41.   48.   27.   14.
   22.   33.   23.   51.   31.   34.   30.   68.   21.   40.   14.   44.
   24.   30.   14.   46.   33.   18.   23.   16.   17.   64.   12.   18.
   20.   29.   21.   17.   20.   30.   12.   17.   23.    8.   21.   19.
   20.   26. 1007.] 0.007944389275074478
cls_count [15. 20. 63. 42. 47. 26. 35. 33. 41. 48. 27. 14. 22. 33. 23. 51. 31. 34.
 30. 68. 21. 40. 14. 44. 24. 30. 14. 46. 33. 18. 23. 16. 17. 64. 12. 18.
 20. 29. 21. 17. 20. 30. 12. 17. 23.  8. 21. 19. 20. 26.] 0.0 8.0 68.0 0.11764705882352941
51
acc [33.33333333 61.9047619  51.51515152 85.         25.         63.63636364
 47.61904762 50.         39.02439024 70.58823529 47.82608696 20.
 72.22222222 50.         34.61538462 52.5        32.5        30.23255814
 52.5        80.         42.10526316 67.34693878 56.25       43.47826087
 40.90909091 31.64556962 55.55555556 45.         19.04761905 15.625
 43.47826087 28.57142857 31.70731707 85.13513514 25.         63.15789474
 48.14814815 40.42553191 46.66666667 66.66666667 47.36842105 56.66666667
 23.80952381 50.         65.         16.66666667 37.5        24.63768116
 75.         66.66666667 62.09553159] 51 H_score 53.623094466490016
Task: office-home, Iter:371/795; Accuracy = 47.48% / 47.19% / 62.10%
all_output1 tensor([0.0120, 0.0252, 0.0246, 0.0175, 0.0205, 0.0196, 0.0161, 0.0187, 0.0239,
        0.0272, 0.0169, 0.0142, 0.0229, 0.0223, 0.0184, 0.0264, 0.0213, 0.0111,
        0.0201, 0.0314, 0.0128, 0.0184, 0.0144, 0.0142, 0.0216, 0.0226, 0.0176,
        0.0283, 0.0158, 0.0113, 0.0245, 0.0167, 0.0245, 0.0213, 0.0056, 0.0133,
        0.0174, 0.0216, 0.0123, 0.0132, 0.0102, 0.0160, 0.0178, 0.0173, 0.0156,
        0.0127, 0.0245, 0.0253, 0.0228, 0.0232, 0.0568])
cls_count [ 42.  86.  83.  61.  72.  69.  56.  66.  81.  93.  59.  51.  79.  82.
  64.  92.  75.  38.  70. 107.  42.  62.  49.  51.  75.  80.  59. 100.
  54.  39.  83.  59.  85.  73.  19.  47.  61.  78.  42.  46.  35.  54.
  60.  60.  54.  46.  85.  89.  79.  79. 109.] 0.1743119266055046
cls_count [ 44.  89.  83.  61.  72.  71.  56.  78.  84.  93.  59.  54.  80.  89.
  67.  97.  76.  39.  74. 110.  43.  62.  51.  52.  78.  84.  61. 103.
  54.  42.  88.  61.  87.  73.  23.  49.  64.  80.  45.  46.  39.  55.
  63.  60.  57.  46.  89.  89.  80.  80.] 0.0 23.0 110.0 0.20909090909090908
Accuracy = 73.76% -> 73.55%

50
all_output1 tensor([0.0428, 0.0420, 0.0403, 0.0414, 0.0588, 0.0414, 0.0196, 0.0076, 0.0322,
        0.0541, 0.0583, 0.0028, 0.0608, 0.0044, 0.0540, 0.0380, 0.0375, 0.0022,
        0.0554, 0.0302, 0.0419, 0.0378, 0.0511, 0.0365, 0.0374, 0.0031, 0.0009,
        0.0011, 0.0055, 0.0026, 0.0017, 0.0031, 0.0023, 0.0005, 0.0005, 0.0006,
        0.0017, 0.0006, 0.0002, 0.0004, 0.0007, 0.0010, 0.0009, 0.0011, 0.0010,
        0.0014, 0.0013, 0.0007, 0.0008, 0.0049, 0.0330])
cls_count [ 73.  72.  72.  71. 103.  70.  33.  12.  53.  95. 101.   3. 104.   8.
  96.  65.  65.   3.  94.  51.  73.  66.  86.  63.  65.   4.   1.   1.
   7.   4.   2.   3.   4.   1.   0.   0.   2.   0.   0.   0.   1.   1.
   0.   1.   1.   2.   2.   1.   1.   8.  17.] 0.0
cls_count [ 73.  72.  73.  71. 104.  70.  33.  13.  56.  96. 101.   3. 104.  10.
  98.  66.  65.   3.  94.  52.  74.  67.  86.  63.  66.   4.   1.   1.
   7.   4.   3.   3.   4.   1.   0.   0.   2.   0.   0.   0.   1.   1.
   0.   1.   1.   2.   2.   1.   1.   8.] 33 0.0 104.0 0.0
Accuracy = 70.56% -> 70.26%

21
tensor([0.0068, 0.0087, 0.0260, 0.0175, 0.0203, 0.0112, 0.0152, 0.0139, 0.0172,
        0.0202, 0.0114, 0.0065, 0.0095, 0.0139, 0.0099, 0.0234, 0.0137, 0.0146,
        0.0124, 0.0280, 0.0090, 0.0167, 0.0064, 0.0186, 0.0104, 0.0128, 0.0063,
        0.0192, 0.0141, 0.0077, 0.0099, 0.0073, 0.0074, 0.0268, 0.0054, 0.0078,
        0.0089, 0.0127, 0.0089, 0.0075, 0.0086, 0.0126, 0.0056, 0.0073, 0.0100,
        0.0038, 0.0092, 0.0089, 0.0087, 0.0111, 0.3903])
cls_count [  15.   20.   63.   42.   47.   26.   35.   33.   41.   48.   27.   14.
   22.   33.   23.   52.   31.   34.   30.   68.   21.   40.   14.   44.
   24.   30.   14.   46.   33.   18.   23.   16.   17.   64.   12.   18.
   20.   29.   21.   17.   20.   30.   12.   16.   23.    8.   21.   19.
   20.   26. 1007.] 0.007944389275074478
cls_count [15. 20. 63. 42. 47. 26. 35. 33. 41. 48. 27. 14. 22. 33. 23. 52. 31. 34.
 30. 68. 21. 40. 14. 44. 24. 30. 14. 46. 33. 18. 23. 16. 17. 64. 12. 18.
 20. 29. 21. 17. 20. 30. 12. 16. 23.  8. 21. 19. 20. 26.] 0.0 8.0 68.0 0.11764705882352941
51
acc [33.33333333 61.9047619  51.51515152 85.         25.         63.63636364
 47.61904762 50.         39.02439024 70.58823529 47.82608696 20.
 72.22222222 50.         34.61538462 52.5        32.5        30.23255814
 52.5        80.         42.10526316 67.34693878 56.25       43.47826087
 40.90909091 31.64556962 55.55555556 45.         19.04761905 15.625
 43.47826087 28.57142857 31.70731707 85.13513514 25.         63.15789474
 48.14814815 40.42553191 46.66666667 66.66666667 47.36842105 56.66666667
 23.80952381 50.         65.         16.66666667 37.5        24.63768116
 75.         66.66666667 62.24961479] 51 H_score 53.68046599751273
Task: office-home, Iter:424/795; Accuracy = 47.48% / 47.19% / 62.25%
all_output1 tensor([0.0119, 0.0246, 0.0247, 0.0177, 0.0203, 0.0201, 0.0159, 0.0179, 0.0243,
        0.0271, 0.0170, 0.0141, 0.0228, 0.0227, 0.0183, 0.0258, 0.0208, 0.0112,
        0.0208, 0.0312, 0.0124, 0.0188, 0.0143, 0.0144, 0.0220, 0.0234, 0.0175,
        0.0287, 0.0158, 0.0119, 0.0244, 0.0166, 0.0248, 0.0210, 0.0053, 0.0136,
        0.0171, 0.0213, 0.0129, 0.0132, 0.0107, 0.0160, 0.0187, 0.0173, 0.0160,
        0.0126, 0.0244, 0.0254, 0.0229, 0.0222, 0.0554])
cls_count [ 42.  84.  83.  61.  70.  71.  54.  61.  82.  94.  58.  51.  78.  80.
  64.  91.  74.  40.  70. 107.  42.  62.  50.  50.  77.  82.  60. 103.
  54.  40.  82.  59.  86.  72.  18.  46.  59.  79.  43.  46.  37.  54.
  65.  60.  54.  45.  86.  89.  79.  79. 107.] 0.16822429906542055
cls_count [ 44.  87.  83.  61.  70.  74.  55.  77.  85.  94.  58.  54.  79.  88.
  68.  97.  75.  41.  74. 110.  43.  62.  50.  51.  78.  85.  62. 103.
  54.  42.  87.  60.  87.  72.  23.  49.  63.  80.  46.  46.  38.  55.
  67.  60.  59.  47.  89.  89.  80.  79.] 0.0 23.0 110.0 0.20909090909090908
Accuracy = 73.93% -> 73.61%

50
all_output1 tensor([0.0424, 0.0415, 0.0406, 0.0419, 0.0584, 0.0416, 0.0203, 0.0066, 0.0322,
        0.0541, 0.0593, 0.0029, 0.0607, 0.0042, 0.0546, 0.0369, 0.0369, 0.0021,
        0.0558, 0.0299, 0.0415, 0.0388, 0.0509, 0.0369, 0.0393, 0.0032, 0.0008,
        0.0012, 0.0055, 0.0029, 0.0015, 0.0030, 0.0023, 0.0004, 0.0004, 0.0006,
        0.0016, 0.0005, 0.0002, 0.0004, 0.0007, 0.0010, 0.0010, 0.0011, 0.0010,
        0.0013, 0.0010, 0.0006, 0.0009, 0.0028, 0.0340])
cls_count [ 73.  71.  72.  71. 100.  70.  35.  10.  54.  95. 103.   3. 104.   8.
  97.  64.  65.   3.  94.  51.  74.  66.  86.  63.  72.   3.   0.   1.
   7.   4.   2.   3.   4.   1.   0.   1.   2.   0.   0.   0.   1.   1.
   0.   1.   1.   1.   2.   1.   1.   2.  18.] 0.0
cls_count [ 73.  72.  73.  71. 104.  70.  35.  11.  56.  96. 103.   3. 104.  10.
  98.  65.  65.   3.  94.  52.  75.  67.  86.  63.  72.   3.   0.   1.
   7.   4.   3.   3.   4.   1.   0.   1.   2.   0.   0.   0.   1.   1.
   0.   1.   1.   1.   2.   1.   1.   2.] 35 0.0 104.0 0.0
Accuracy = 70.80% -> 70.20%

21
tensor([0.0067, 0.0084, 0.0262, 0.0175, 0.0201, 0.0113, 0.0149, 0.0135, 0.0175,
        0.0202, 0.0118, 0.0063, 0.0095, 0.0139, 0.0098, 0.0228, 0.0134, 0.0144,
        0.0127, 0.0278, 0.0088, 0.0171, 0.0062, 0.0187, 0.0103, 0.0129, 0.0063,
        0.0193, 0.0142, 0.0080, 0.0098, 0.0073, 0.0075, 0.0266, 0.0053, 0.0078,
        0.0087, 0.0126, 0.0090, 0.0073, 0.0088, 0.0126, 0.0057, 0.0072, 0.0102,
        0.0036, 0.0092, 0.0089, 0.0087, 0.0108, 0.3918])
cls_count [  15.   20.   63.   42.   47.   26.   35.   33.   41.   48.   27.   13.
   22.   33.   23.   52.   31.   34.   30.   67.   21.   40.   14.   44.
   24.   30.   14.   46.   33.   18.   23.   17.   17.   64.   12.   18.
   20.   29.   21.   17.   20.   30.   12.   16.   23.    8.   21.   19.
   20.   26. 1008.] 0.007936507936507936
cls_count [15. 20. 63. 42. 47. 26. 35. 33. 41. 48. 27. 13. 22. 33. 23. 52. 31. 34.
 30. 67. 21. 40. 14. 44. 24. 30. 14. 46. 33. 18. 23. 17. 17. 64. 12. 18.
 20. 29. 21. 17. 20. 30. 12. 16. 23.  8. 21. 19. 20. 26.] 0.0 8.0 67.0 0.11940298507462686
51
acc [33.33333333 61.9047619  51.51515152 85.         25.         63.63636364
 47.61904762 50.         39.02439024 70.58823529 47.82608696 20.
 72.22222222 50.         34.61538462 52.5        32.5        30.23255814
 52.5        78.66666667 42.10526316 67.34693878 56.25       43.47826087
 40.90909091 31.64556962 55.55555556 45.         19.04761905 15.625
 43.47826087 28.57142857 31.70731707 85.13513514 25.         63.15789474
 48.14814815 40.42553191 46.66666667 66.66666667 47.36842105 56.66666667
 23.80952381 50.         65.         16.66666667 37.5        24.63768116
 75.         66.66666667 62.24961479] 51 H_score 53.663204919289385
Task: office-home, Iter:477/795; Accuracy = 47.45% / 47.16% / 62.25%
all_output1 tensor([0.0119, 0.0248, 0.0246, 0.0181, 0.0203, 0.0197, 0.0158, 0.0195, 0.0239,
        0.0266, 0.0171, 0.0140, 0.0227, 0.0237, 0.0191, 0.0254, 0.0212, 0.0113,
        0.0208, 0.0314, 0.0120, 0.0184, 0.0143, 0.0143, 0.0214, 0.0233, 0.0176,
        0.0286, 0.0152, 0.0119, 0.0242, 0.0173, 0.0250, 0.0212, 0.0054, 0.0134,
        0.0173, 0.0223, 0.0128, 0.0132, 0.0103, 0.0161, 0.0181, 0.0175, 0.0163,
        0.0127, 0.0247, 0.0252, 0.0231, 0.0231, 0.0518])
cls_count [ 42.  84.  83.  61.  70.  68.  54.  69.  82.  93.  60.  51.  79.  85.
  65.  90.  74.  40.  70. 107.  42.  62.  49.  51.  74.  83.  60. 103.
  54.  39.  83.  61.  86.  73.  18.  46.  61.  79.  43.  46.  35.  54.
  61.  61.  54.  45.  86.  89.  79.  79.  97.] 0.18556701030927836
cls_count [ 43.  87.  83.  62.  70.  73.  55.  78.  85.  93.  61.  54.  80.  88.
  68.  96.  74.  41.  73. 110.  43.  62.  50.  52.  77.  85.  62. 103.
  54.  42.  87.  61.  87.  73.  23.  49.  64.  80.  46.  46.  38.  55.
  64.  62.  58.  46.  88.  89.  80.  80.] 0.0 23.0 110.0 0.20909090909090908
Accuracy = 73.96% -> 73.49%

50
all_output1 tensor([0.0425, 0.0421, 0.0406, 0.0425, 0.0583, 0.0412, 0.0207, 0.0070, 0.0324,
        0.0539, 0.0603, 0.0029, 0.0602, 0.0044, 0.0557, 0.0369, 0.0375, 0.0018,
        0.0556, 0.0303, 0.0396, 0.0386, 0.0507, 0.0370, 0.0368, 0.0025, 0.0008,
        0.0011, 0.0047, 0.0032, 0.0011, 0.0034, 0.0022, 0.0005, 0.0004, 0.0005,
        0.0018, 0.0008, 0.0002, 0.0004, 0.0005, 0.0010, 0.0008, 0.0011, 0.0010,
        0.0014, 0.0012, 0.0007, 0.0008, 0.0046, 0.0337])
cls_count [ 73.  72.  72.  72. 101.  70.  35.  10.  54.  96. 104.   3. 104.   9.
 100.  63.  65.   2.  94.  51.  73.  67.  86.  64.  67.   3.   0.   1.
   7.   4.   2.   3.   4.   1.   0.   0.   2.   1.   0.   0.   0.   1.
   0.   1.   1.   2.   2.   1.   1.   7.  10.] 0.0
cls_count [ 73.  72.  73.  72. 102.  71.  35.  11.  56.  96. 104.   3. 104.   9.
 100.  64.  65.   2.  94.  52.  74.  67.  86.  64.  67.   3.   0.   1.
   7.   4.   3.   3.   4.   1.   0.   0.   2.   1.   0.   0.   0.   1.
   0.   1.   1.   2.   2.   1.   1.   7.] 35 0.0 104.0 0.0
Accuracy = 70.38% -> 70.32%

21
tensor([0.0066, 0.0086, 0.0260, 0.0177, 0.0198, 0.0111, 0.0148, 0.0141, 0.0173,
        0.0199, 0.0118, 0.0062, 0.0094, 0.0140, 0.0099, 0.0222, 0.0134, 0.0144,
        0.0125, 0.0279, 0.0086, 0.0168, 0.0062, 0.0183, 0.0101, 0.0129, 0.0063,
        0.0194, 0.0135, 0.0078, 0.0096, 0.0074, 0.0075, 0.0266, 0.0053, 0.0075,
        0.0088, 0.0127, 0.0090, 0.0073, 0.0085, 0.0125, 0.0055, 0.0072, 0.0101,
        0.0036, 0.0092, 0.0086, 0.0087, 0.0110, 0.3963])
cls_count [  15.   20.   63.   42.   47.   26.   35.   33.   41.   48.   28.   13.
   22.   33.   23.   52.   31.   34.   30.   67.   21.   40.   14.   44.
   24.   30.   14.   46.   33.   18.   23.   17.   17.   64.   12.   18.
   20.   29.   21.   17.   20.   30.   12.   16.   23.    8.   21.   19.
   20.   26. 1007.] 0.007944389275074478
cls_count [15. 20. 63. 42. 47. 26. 35. 33. 41. 48. 28. 13. 22. 33. 23. 52. 31. 34.
 30. 67. 21. 40. 14. 44. 24. 30. 14. 46. 33. 18. 23. 17. 17. 64. 12. 18.
 20. 29. 21. 17. 20. 30. 12. 16. 23.  8. 21. 19. 20. 26.] 0.0 8.0 67.0 0.11940298507462686
51
acc [33.33333333 61.9047619  51.51515152 85.         25.         63.63636364
 47.61904762 50.         39.02439024 70.58823529 47.82608696 20.
 72.22222222 50.         34.61538462 52.5        32.5        30.23255814
 52.5        78.66666667 42.10526316 67.34693878 56.25       43.47826087
 40.90909091 31.64556962 55.55555556 45.         19.04761905 15.625
 43.47826087 28.57142857 31.70731707 85.13513514 25.         63.15789474
 48.14814815 40.42553191 46.66666667 66.66666667 47.36842105 56.66666667
 23.80952381 50.         65.         16.66666667 37.5        24.63768116
 75.         66.66666667 62.24961479] 51 H_score 53.663204919289385
Task: office-home, Iter:530/795; Accuracy = 47.45% / 47.16% / 62.25%
all_output1 tensor([0.0119, 0.0246, 0.0245, 0.0179, 0.0202, 0.0194, 0.0160, 0.0195, 0.0235,
        0.0264, 0.0164, 0.0140, 0.0227, 0.0237, 0.0189, 0.0255, 0.0214, 0.0114,
        0.0207, 0.0312, 0.0127, 0.0187, 0.0146, 0.0145, 0.0215, 0.0233, 0.0178,
        0.0287, 0.0156, 0.0117, 0.0244, 0.0172, 0.0250, 0.0211, 0.0056, 0.0132,
        0.0174, 0.0215, 0.0129, 0.0132, 0.0103, 0.0162, 0.0185, 0.0174, 0.0154,
        0.0126, 0.0242, 0.0253, 0.0230, 0.0227, 0.0542])
cls_count [ 42.  84.  83.  61.  70.  68.  54.  67.  82.  94.  57.  50.  78.  84.
  66.  89.  74.  40.  71. 107.  43.  64.  50.  51.  74.  81.  62. 103.
  54.  40.  83.  60.  86.  72.  19.  46.  60.  78.  43.  46.  35.  55.
  65.  61.  54.  44.  85.  89.  79.  79.  98.] 0.19387755102040816
cls_count [ 44.  87.  83.  61.  70.  72.  55.  79.  84.  94.  57.  54.  79.  89.
  68.  97.  75.  41.  73. 109.  44.  64.  51.  52.  78.  84.  65. 104.
  54.  42.  87.  61.  87.  72.  22.  49.  64.  80.  46.  46.  38.  55.
  66.  61.  56.  45.  87.  89.  80.  80.] 0.0 22.0 109.0 0.2018348623853211
Accuracy = 73.96% -> 73.08%

50
all_output1 tensor([0.0423, 0.0417, 0.0404, 0.0421, 0.0587, 0.0409, 0.0208, 0.0062, 0.0314,
        0.0533, 0.0582, 0.0023, 0.0602, 0.0042, 0.0563, 0.0365, 0.0373, 0.0018,
        0.0556, 0.0301, 0.0419, 0.0391, 0.0507, 0.0374, 0.0376, 0.0034, 0.0008,
        0.0012, 0.0051, 0.0027, 0.0014, 0.0032, 0.0022, 0.0005, 0.0006, 0.0005,
        0.0017, 0.0007, 0.0002, 0.0006, 0.0006, 0.0010, 0.0010, 0.0011, 0.0009,
        0.0013, 0.0010, 0.0006, 0.0008, 0.0036, 0.0362])
cls_count [ 72.  72.  72.  72. 103.  71.  35.   9.  53.  96. 101.   2. 104.   6.
 102.  63.  65.   2.  94.  52.  74.  67.  86.  64.  70.   5.   1.   1.
   7.   4.   2.   3.   4.   1.   0.   0.   2.   0.   0.   0.   1.   1.
   0.   1.   1.   2.   2.   0.   1.   4.  11.] 0.0
cls_count [ 73.  72.  73.  72. 103.  71.  35.  10.  56.  96. 101.   2. 104.   7.
 102.  64.  65.   2.  94.  53.  75.  67.  86.  64.  70.   5.   1.   1.
   7.   4.   3.   3.   4.   1.   0.   0.   2.   0.   0.   0.   1.   1.
   0.   1.   1.   2.   2.   0.   1.   4.] 35 0.0 104.0 0.0
Accuracy = 70.44% -> 70.32%

21
tensor([0.0066, 0.0084, 0.0260, 0.0175, 0.0197, 0.0110, 0.0147, 0.0137, 0.0171,
        0.0199, 0.0116, 0.0060, 0.0094, 0.0139, 0.0099, 0.0220, 0.0133, 0.0142,
        0.0126, 0.0276, 0.0088, 0.0169, 0.0061, 0.0184, 0.0099, 0.0128, 0.0063,
        0.0193, 0.0138, 0.0075, 0.0096, 0.0074, 0.0073, 0.0264, 0.0052, 0.0073,
        0.0087, 0.0124, 0.0089, 0.0073, 0.0084, 0.0125, 0.0054, 0.0070, 0.0099,
        0.0035, 0.0090, 0.0086, 0.0086, 0.0109, 0.4008])
cls_count [  15.   20.   63.   42.   47.   26.   35.   33.   41.   48.   28.   14.
   22.   33.   23.   52.   31.   34.   30.   67.   21.   40.   14.   44.
   24.   30.   14.   46.   33.   18.   23.   17.   17.   64.   12.   17.
   20.   29.   21.   17.   20.   30.   12.   16.   23.    8.   21.   19.
   20.   26. 1007.] 0.007944389275074478
cls_count [15. 20. 63. 42. 47. 26. 35. 33. 41. 48. 28. 14. 22. 33. 23. 52. 31. 34.
 30. 67. 21. 40. 14. 44. 24. 30. 14. 46. 33. 18. 23. 17. 17. 64. 12. 17.
 20. 29. 21. 17. 20. 30. 12. 16. 23.  8. 21. 19. 20. 26.] 0.0 8.0 67.0 0.11940298507462686
51
acc [33.33333333 61.9047619  51.51515152 85.         25.         63.63636364
 47.61904762 50.         39.02439024 70.58823529 47.82608696 20.
 72.22222222 50.         34.61538462 52.5        32.5        30.23255814
 52.5        78.66666667 42.10526316 67.34693878 56.25       43.47826087
 40.90909091 31.64556962 55.55555556 45.         19.04761905 15.625
 43.47826087 28.57142857 31.70731707 85.13513514 25.         63.15789474
 48.14814815 40.42553191 46.66666667 66.66666667 47.36842105 56.66666667
 23.80952381 50.         65.         16.66666667 37.5        24.63768116
 75.         66.66666667 62.09553159] 51 H_score 53.60587025852839
Task: office-home, Iter:583/795; Accuracy = 47.45% / 47.16% / 62.10%
all_output1 tensor([0.0117, 0.0247, 0.0246, 0.0177, 0.0205, 0.0200, 0.0153, 0.0191, 0.0238,
        0.0265, 0.0164, 0.0141, 0.0226, 0.0237, 0.0190, 0.0262, 0.0213, 0.0112,
        0.0206, 0.0314, 0.0125, 0.0186, 0.0147, 0.0149, 0.0216, 0.0235, 0.0175,
        0.0281, 0.0154, 0.0117, 0.0245, 0.0170, 0.0251, 0.0211, 0.0057, 0.0134,
        0.0174, 0.0219, 0.0128, 0.0130, 0.0104, 0.0160, 0.0187, 0.0174, 0.0158,
        0.0124, 0.0242, 0.0254, 0.0230, 0.0226, 0.0537])
cls_count [ 42.  84.  83.  61.  70.  69.  53.  63.  82.  94.  56.  51.  78.  84.
  67.  91.  74.  40.  70. 108.  43.  63.  51.  51.  75.  83.  61. 103.
  54.  40.  84.  60.  87.  72.  20.  47.  60.  79.  43.  46.  37.  55.
  66.  61.  54.  44.  84.  89.  79.  79.  90.] 0.2222222222222222
cls_count [ 44.  87.  83.  61.  71.  73.  55.  77.  85.  95.  57.  54.  79.  87.
  69.  96.  74.  41.  73. 109.  44.  63.  51.  52.  78.  86.  64. 103.
  54.  42.  87.  61.  88.  72.  23.  49.  63.  80.  46.  46.  38.  55.
  67.  61.  57.  45.  86.  89.  80.  80.] 0.0 23.0 109.0 0.21100917431192662
Accuracy = 73.93% -> 73.05%

50
all_output1 tensor([0.0418, 0.0421, 0.0409, 0.0420, 0.0580, 0.0414, 0.0207, 0.0051, 0.0319,
        0.0539, 0.0594, 0.0027, 0.0598, 0.0037, 0.0571, 0.0369, 0.0371, 0.0015,
        0.0553, 0.0303, 0.0412, 0.0388, 0.0506, 0.0375, 0.0387, 0.0031, 0.0007,
        0.0010, 0.0050, 0.0024, 0.0012, 0.0027, 0.0021, 0.0005, 0.0005, 0.0004,
        0.0015, 0.0007, 0.0002, 0.0004, 0.0005, 0.0009, 0.0008, 0.0011, 0.0009,
        0.0012, 0.0010, 0.0006, 0.0008, 0.0033, 0.0381])
cls_count [ 72.  72.  72.  72. 102.  71.  35.   8.  53.  96. 105.   3. 104.   7.
 103.  64.  65.   2.  95.  52.  74.  67.  86.  64.  70.   4.   0.   0.
   7.   4.   2.   3.   2.   1.   0.   0.   2.   0.   0.   0.   0.   1.
   0.   1.   1.   1.   2.   0.   1.   4.  11.] 0.0
cls_count [ 73.  72.  73.  72. 103.  71.  35.   9.  56.  96. 105.   3. 104.   7.
 103.  65.  65.   2.  95.  53.  75.  67.  86.  64.  70.   4.   0.   0.
   7.   4.   3.   3.   2.   1.   0.   0.   2.   0.   0.   0.   0.   1.
   0.   1.   1.   1.   2.   0.   1.   4.] 35 0.0 105.0 0.0
Accuracy = 70.44% -> 70.32%

21
tensor([0.0065, 0.0084, 0.0261, 0.0175, 0.0198, 0.0111, 0.0144, 0.0137, 0.0171,
        0.0200, 0.0117, 0.0060, 0.0094, 0.0138, 0.0098, 0.0222, 0.0132, 0.0142,
        0.0124, 0.0277, 0.0087, 0.0166, 0.0061, 0.0184, 0.0101, 0.0128, 0.0062,
        0.0190, 0.0140, 0.0076, 0.0096, 0.0072, 0.0074, 0.0265, 0.0052, 0.0072,
        0.0086, 0.0124, 0.0089, 0.0072, 0.0084, 0.0125, 0.0054, 0.0070, 0.0100,
        0.0034, 0.0090, 0.0085, 0.0085, 0.0109, 0.4019])
cls_count [  15.   20.   63.   42.   47.   26.   35.   33.   41.   48.   28.   14.
   22.   33.   23.   52.   31.   34.   30.   67.   21.   39.   14.   44.
   24.   30.   14.   46.   33.   18.   23.   17.   17.   64.   12.   17.
   20.   29.   21.   17.   20.   30.   12.   16.   23.    8.   21.   19.
   20.   26. 1008.] 0.007936507936507936
cls_count [15. 20. 63. 42. 47. 26. 35. 33. 41. 48. 28. 14. 22. 33. 23. 52. 31. 34.
 30. 67. 21. 39. 14. 44. 24. 30. 14. 46. 33. 18. 23. 17. 17. 64. 12. 17.
 20. 29. 21. 17. 20. 30. 12. 16. 23.  8. 21. 19. 20. 26.] 0.0 8.0 67.0 0.11940298507462686
51
acc [33.33333333 61.9047619  51.51515152 85.         25.         63.63636364
 47.61904762 50.         39.02439024 70.58823529 47.82608696 20.
 72.22222222 50.         34.61538462 52.5        32.5        30.23255814
 52.5        78.66666667 42.10526316 65.30612245 56.25       43.47826087
 40.90909091 31.64556962 55.55555556 45.         19.04761905 15.625
 43.47826087 28.57142857 31.70731707 85.13513514 25.         63.15789474
 48.14814815 40.42553191 46.66666667 66.66666667 47.36842105 56.66666667
 23.80952381 50.         65.         16.66666667 37.5        24.63768116
 75.         66.66666667 62.09553159] 51 H_score 53.579490384805375
Task: office-home, Iter:636/795; Accuracy = 47.41% / 47.12% / 62.10%
all_output1 tensor([0.0117, 0.0246, 0.0246, 0.0179, 0.0202, 0.0197, 0.0158, 0.0188, 0.0240,
        0.0260, 0.0164, 0.0135, 0.0224, 0.0236, 0.0185, 0.0251, 0.0208, 0.0113,
        0.0209, 0.0309, 0.0129, 0.0186, 0.0148, 0.0143, 0.0218, 0.0228, 0.0176,
        0.0287, 0.0156, 0.0119, 0.0247, 0.0167, 0.0245, 0.0211, 0.0057, 0.0129,
        0.0174, 0.0213, 0.0129, 0.0130, 0.0105, 0.0160, 0.0183, 0.0173, 0.0158,
        0.0127, 0.0244, 0.0249, 0.0230, 0.0224, 0.0589])
cls_count [ 42.  84.  83.  61.  70.  69.  54.  66.  81.  93.  57.  49.  79.  84.
  67.  89.  73.  39.  71. 106.  43.  64.  53.  51.  75.  80.  61. 103.
  55.  40.  85.  60.  85.  73.  20.  46.  60.  77.  44.  45.  37.  55.
  63.  61.  53.  44.  86.  87.  79.  79.  99.] 0.20202020202020202
cls_count [ 43.  87.  83.  61.  70.  73.  55.  77.  85.  94.  59.  53.  80.  87.
  69.  95.  74.  41.  73. 109.  44.  64.  53.  52.  77.  84.  63. 103.
  55.  42.  88.  60.  87.  73.  24.  49.  62.  80.  46.  46.  38.  55.
  65.  62.  57.  46.  89.  88.  80.  80.] 0.0 24.0 109.0 0.22018348623853212
Accuracy = 73.85% -> 72.72%

50
all_output1 tensor([0.0415, 0.0419, 0.0405, 0.0422, 0.0584, 0.0411, 0.0213, 0.0050, 0.0329,
        0.0529, 0.0596, 0.0022, 0.0593, 0.0035, 0.0567, 0.0359, 0.0365, 0.0016,
        0.0554, 0.0302, 0.0417, 0.0389, 0.0502, 0.0364, 0.0386, 0.0028, 0.0008,
        0.0011, 0.0050, 0.0026, 0.0010, 0.0026, 0.0016, 0.0005, 0.0004, 0.0004,
        0.0015, 0.0006, 0.0002, 0.0004, 0.0006, 0.0009, 0.0008, 0.0011, 0.0010,
        0.0013, 0.0008, 0.0006, 0.0008, 0.0032, 0.0430])
cls_count [ 71.  72.  71.  72. 103.  71.  36.   7.  58.  96. 106.   2. 104.   6.
 103.  63.  63.   2.  95.  52.  76.  68.  86.  64.  70.   4.   0.   0.
   7.   4.   1.   3.   1.   1.   0.   0.   2.   0.   0.   0.   0.   1.
   0.   1.   1.   2.   1.   0.   1.   4.  10.] 0.0
cls_count [ 73.  72.  73.  72. 103.  71.  36.  10.  58.  96. 106.   2. 104.   6.
 104.  63.  65.   2.  95.  52.  76.  68.  86.  64.  70.   4.   0.   0.
   7.   4.   1.   3.   1.   1.   0.   0.   2.   0.   0.   0.   0.   1.
   0.   1.   1.   2.   1.   0.   1.   4.] 36 0.0 106.0 0.0
Accuracy = 70.50% -> 70.32%

21
tensor([0.0065, 0.0084, 0.0261, 0.0175, 0.0197, 0.0110, 0.0147, 0.0139, 0.0170,
        0.0198, 0.0116, 0.0058, 0.0093, 0.0138, 0.0096, 0.0220, 0.0131, 0.0142,
        0.0124, 0.0276, 0.0088, 0.0165, 0.0060, 0.0181, 0.0101, 0.0125, 0.0062,
        0.0191, 0.0139, 0.0075, 0.0096, 0.0073, 0.0071, 0.0264, 0.0052, 0.0071,
        0.0086, 0.0123, 0.0089, 0.0071, 0.0085, 0.0125, 0.0053, 0.0069, 0.0099,
        0.0035, 0.0089, 0.0083, 0.0085, 0.0108, 0.4049])
cls_count [  15.   20.   63.   42.   47.   26.   35.   33.   41.   48.   28.   13.
   22.   33.   23.   52.   31.   34.   30.   67.   21.   39.   14.   44.
   24.   30.   14.   46.   34.   18.   23.   17.   17.   64.   12.   17.
   20.   29.   21.   17.   20.   30.   12.   16.   23.    8.   21.   19.
   20.   26. 1008.] 0.007936507936507936
cls_count [15. 20. 63. 42. 47. 26. 35. 33. 41. 48. 28. 13. 22. 33. 23. 52. 31. 34.
 30. 67. 21. 39. 14. 44. 24. 30. 14. 46. 34. 18. 23. 17. 17. 64. 12. 17.
 20. 29. 21. 17. 20. 30. 12. 16. 23.  8. 21. 19. 20. 26.] 0.0 8.0 67.0 0.11940298507462686
51
acc [33.33333333 61.9047619  51.51515152 85.         25.         63.63636364
 47.61904762 50.         39.02439024 70.58823529 47.82608696 20.
 72.22222222 50.         34.61538462 52.5        32.5        30.23255814
 52.5        78.66666667 42.10526316 65.30612245 56.25       43.47826087
 40.90909091 31.64556962 55.55555556 45.         19.04761905 15.625
 43.47826087 28.57142857 31.70731707 85.13513514 25.         63.15789474
 48.14814815 40.42553191 46.66666667 66.66666667 47.36842105 56.66666667
 23.80952381 50.         65.         16.66666667 37.5        24.63768116
 75.         66.66666667 62.09553159] 51 H_score 53.579490384805375
Task: office-home, Iter:689/795; Accuracy = 47.41% / 47.12% / 62.10%
all_output1 tensor([0.0115, 0.0246, 0.0245, 0.0174, 0.0202, 0.0196, 0.0160, 0.0189, 0.0240,
        0.0263, 0.0164, 0.0142, 0.0225, 0.0238, 0.0189, 0.0246, 0.0213, 0.0114,
        0.0209, 0.0310, 0.0132, 0.0187, 0.0146, 0.0147, 0.0216, 0.0233, 0.0179,
        0.0281, 0.0153, 0.0114, 0.0245, 0.0164, 0.0249, 0.0209, 0.0054, 0.0129,
        0.0173, 0.0207, 0.0128, 0.0130, 0.0107, 0.0157, 0.0178, 0.0170, 0.0156,
        0.0126, 0.0245, 0.0249, 0.0229, 0.0223, 0.0604])
cls_count [ 42.  85.  83.  61.  69.  69.  54.  64.  83.  94.  56.  51.  78.  83.
  66.  89.  74.  41.  71. 106.  45.  64.  53.  51.  74.  83.  62. 104.
  55.  39.  85.  60.  86.  73.  18.  45.  60.  76.  43.  46.  37.  55.
  63.  58.  53.  45.  86.  87.  79.  79.  97.] 0.18556701030927836
cls_count [ 43.  87.  83.  61.  69.  73.  55.  76.  85.  95.  57.  54.  79.  87.
  70.  95.  75.  41.  73. 109.  46.  64.  53.  52.  77.  86.  65. 104.
  55.  42.  88.  60.  87.  73.  22.  48.  63.  80.  45.  46.  38.  55.
  65.  62.  55.  46.  88.  88.  80.  80.] 0.0 22.0 109.0 0.2018348623853211
Accuracy = 73.88% -> 72.43%

50
all_output1 tensor([0.0412, 0.0419, 0.0401, 0.0411, 0.0583, 0.0409, 0.0213, 0.0047, 0.0325,
        0.0534, 0.0596, 0.0024, 0.0594, 0.0030, 0.0574, 0.0357, 0.0368, 0.0014,
        0.0550, 0.0302, 0.0425, 0.0392, 0.0497, 0.0369, 0.0376, 0.0028, 0.0009,
        0.0010, 0.0047, 0.0019, 0.0008, 0.0020, 0.0018, 0.0005, 0.0004, 0.0004,
        0.0013, 0.0005, 0.0002, 0.0004, 0.0005, 0.0007, 0.0007, 0.0010, 0.0010,
        0.0014, 0.0007, 0.0005, 0.0008, 0.0034, 0.0473])
cls_count [ 71.  72.  71.  72. 102.  71.  36.   7.  58.  97. 106.   2. 104.   5.
 104.  63.  65.   2.  95.  52.  76.  68.  86.  65.  69.   3.   0.   0.
   7.   3.   0.   1.   2.   1.   0.   0.   1.   0.   0.   0.   0.   1.
   0.   1.   1.   2.   1.   0.   1.   4.  13.] 0.0
cls_count [ 73.  72.  73.  72. 103.  71.  36.   9.  59.  97. 106.   2. 104.   5.
 105.  63.  66.   2.  95.  53.  76.  68.  86.  65.  70.   3.   0.   0.
   7.   3.   0.   1.   2.   1.   0.   0.   2.   0.   0.   0.   0.   1.
   0.   1.   1.   2.   1.   0.   1.   4.] 36 0.0 106.0 0.0
Accuracy = 70.50% -> 70.32%

21
tensor([0.0064, 0.0084, 0.0261, 0.0174, 0.0197, 0.0109, 0.0147, 0.0139, 0.0169,
        0.0199, 0.0118, 0.0058, 0.0093, 0.0138, 0.0097, 0.0217, 0.0131, 0.0142,
        0.0123, 0.0275, 0.0089, 0.0164, 0.0060, 0.0183, 0.0100, 0.0127, 0.0062,
        0.0190, 0.0138, 0.0074, 0.0096, 0.0071, 0.0072, 0.0263, 0.0051, 0.0071,
        0.0086, 0.0121, 0.0088, 0.0071, 0.0084, 0.0124, 0.0052, 0.0069, 0.0099,
        0.0035, 0.0089, 0.0082, 0.0084, 0.0108, 0.4062])
cls_count [  15.   20.   63.   42.   47.   26.   35.   33.   41.   48.   28.   13.
   22.   33.   23.   52.   31.   34.   30.   67.   21.   39.   14.   44.
   24.   30.   14.   46.   33.   18.   23.   17.   17.   64.   12.   17.
   20.   29.   21.   17.   20.   30.   12.   16.   23.    8.   21.   19.
   20.   26. 1009.] 0.007928642220019821
cls_count [15. 20. 63. 42. 47. 26. 35. 33. 41. 48. 28. 13. 22. 33. 23. 52. 31. 34.
 30. 67. 21. 39. 14. 44. 24. 30. 14. 46. 33. 18. 23. 17. 17. 64. 12. 17.
 20. 29. 21. 17. 20. 30. 12. 16. 23.  8. 21. 19. 20. 26.] 0.0 8.0 67.0 0.11940298507462686
51
acc [33.33333333 61.9047619  51.51515152 85.         25.         63.63636364
 47.61904762 50.         39.02439024 70.58823529 47.82608696 20.
 72.22222222 50.         34.61538462 52.5        32.5        30.23255814
 52.5        78.66666667 42.10526316 65.30612245 56.25       43.47826087
 40.90909091 31.64556962 55.55555556 45.         19.04761905 15.625
 43.47826087 28.57142857 31.70731707 85.13513514 25.         63.15789474
 48.14814815 40.42553191 46.66666667 66.66666667 47.36842105 56.66666667
 23.80952381 50.         65.         16.66666667 37.5        24.63768116
 75.         66.66666667 62.24961479] 51 H_score 53.63676859962118
Task: office-home, Iter:742/795; Accuracy = 47.41% / 47.12% / 62.25%
