nohup: 忽略输入
ckpt/source/oda/office-home/A
Namespace(batch_size=64, bottleneck=256, class_num=25, classifier='bn', cls_par=0.6, da='oda', distance='cosine', dset='office-home', ent=True, ent_par=1.0, epsilon=1e-05, extra_class=1, gent=True, gpu_id='1', interval=10, issave=False, layer='wn', lr=0.01, lr_decay1=0.1, lr_decay2=1.0, max_epoch=10, name='office-home', name1='AP', net='resnet50', out_file=<_io.TextIOWrapper name='ckpt/target/oda/office-home-addfc+gent/log_par_0.6.txt' mode='w' encoding='UTF-8'>, output='ckpt/target', output_dir='ckpt/target/oda/office-home-addfc+gent', output_dir_src='ckpt/source/oda/office-home/A', output_src='ckpt/source', s=0, s_dset_path='./data/office-home/Art.txt', savename='par_0.6', seed=2020, src_classes=[0, 1, 2, 3, 4, 5, 6, 7, 8, 9, 10, 11, 12, 13, 14, 15, 16, 17, 18, 19, 20, 21, 22, 23, 24], t=1, t_dset_path='./data/office-home/Product.txt', tar_classes=[0, 1, 2, 3, 4, 5, 6, 7, 8, 9, 10, 11, 12, 13, 14, 15, 16, 17, 18, 19, 20, 21, 22, 23, 24, 25, 26, 27, 28, 29, 30, 31, 32, 33, 34, 35, 36, 37, 38, 39, 40, 41, 42, 43, 44, 45, 46, 47, 48, 49, 50, 51, 52, 53, 54, 55, 56, 57, 58, 59, 60, 61, 62, 63, 64], test_dset_path='./data/office-home/Product.txt', threshold=0, worker=4)
/homes/jh015/.conda/envs/hj_trans/lib/python3.7/site-packages/torchvision/models/_utils.py:209: UserWarning: The parameter 'pretrained' is deprecated since 0.13 and will be removed in 0.15, please use 'weights' instead.
  f"The parameter '{pretrained_param}' is deprecated since 0.13 and will be removed in 0.15, "
/homes/jh015/.conda/envs/hj_trans/lib/python3.7/site-packages/torchvision/models/_utils.py:223: UserWarning: Arguments other than a weight enum or `None` for 'weights' are deprecated since 0.13 and will be removed in 0.15. The current behavior is equivalent to passing `weights=ResNet50_Weights.IMAGENET1K_V1`. You can also use `weights=ResNet50_Weights.DEFAULT` to get the most up-to-date weights.
  warnings.warn(msg)
ent tensor(0.4007) tensor(0.5161) tensor(2.1600) tensor(0.4646) tensor(15.3484)
cls_count [7.20e+01 7.40e+01 5.00e+01 5.50e+01 9.50e+01 1.11e+02 2.00e+01 2.00e+00
 3.10e+01 1.19e+02 6.20e+01 3.00e+01 6.60e+01 6.80e+01 4.80e+01 2.00e+01
 6.50e+01 1.18e+02 9.30e+01 4.30e+01 9.00e+00 6.30e+01 4.50e+01 4.40e+01
 6.00e+00 3.03e+03] 0.0006600660066006601 4439.0 0.0186006600660066 0.6825861680558685
cls_count [ 72.  74.  50.  55.  95. 111.  20.   2.  31. 119.  62.  30.  66.  68.
  48.  20.  65. 118.  93.  43.   9.  63.  45.  44.   6.] 0.0 2.0 119.0 0.01680672268907563
[0, 1, 2, 3, 4, 5, 6, 7, 8, 9, 10, 11, 12, 13, 14, 15, 16, 17, 18, 19, 20, 21, 22, 23, 24]
26
acc [92.53731343 71.64179104 40.32258065 79.10447761  9.375      74.64788732
 22.44897959  4.44444444 67.39130435 81.81818182 61.11111111 15.55555556
 57.57575758 26.26262626 37.5        44.18604651 64.9122807  42.85714286
 77.27272727 93.18181818  0.         87.80487805 30.6122449   7.22891566
 10.34482759 80.56155508] 26 H_score 60.1615790674927
Task: office-home, Iter:0/700; Accuracy = 49.26% / 48.01% / 80.56%
ent tensor(0.1811) tensor(0.4793) tensor(2.4402) tensor(0.5363) tensor(16.9605)
cls_count [7.200e+01 1.130e+02 6.400e+01 6.500e+01 1.340e+02 1.550e+02 3.300e+01
 1.000e+00 3.600e+01 1.130e+02 7.000e+01 5.600e+01 7.300e+01 8.800e+01
 7.300e+01 3.300e+01 6.500e+01 9.300e+01 1.050e+02 4.600e+01 2.300e+01
 1.150e+02 7.000e+01 3.900e+01 8.000e+00 2.696e+03] 0.000370919881305638 4439.0 0.02586053412462908 0.6073439963955847
cls_count [ 72. 113.  64.  65. 134. 155.  33.   1.  36. 113.  70.  56.  73.  88.
  73.  33.  65.  93. 105.  46.  23. 115.  70.  39.   8.] 0.0 1.0 155.0 0.0064516129032258064
[0, 1, 2, 3, 4, 5, 6, 7, 8, 9, 10, 11, 12, 13, 14, 15, 16, 17, 18, 19, 20, 21, 22, 23, 24]
26
acc [92.53731343 91.04477612 53.22580645 85.07462687 11.45833333 78.87323944
 30.6122449   2.22222222 76.08695652 86.86868687 66.66666667 34.44444444
 67.67676768 28.28282828 37.5        69.76744186 77.19298246 42.85714286
 88.63636364 95.45454545 28.94736842 87.80487805 51.02040816  4.81927711
 10.34482759 74.94600432] 26 H_score 64.0871966007588
Task: office-home, Iter:70/700; Accuracy = 56.71% / 55.98% / 74.95%
ent tensor(0.1363) tensor(0.4637) tensor(2.5272) tensor(0.5019) tensor(14.7778)
cls_count [  74.  123.   79.   94.  134.  169.   36.    0.   36.  115.   84.   61.
   94.  100.   92.   37.   76.  114.  107.   49.   44.  134.  100.   43.
    7. 2437.] 0.0 4439.0 0.032860073861304885 0.5489975219644063
cls_count [ 74. 123.  79.  94. 134. 169.  36.   0.  36. 115.  84.  61.  94. 100.
  92.  37.  76. 114. 107.  49.  44. 134. 100.  43.   7.] 0.0 0.0 169.0 0.0
[0, 1, 2, 3, 4, 5, 6, 7, 8, 9, 10, 11, 12, 13, 14, 15, 16, 17, 18, 19, 20, 21, 22, 23, 24]
26
acc [94.02985075 98.50746269 56.4516129  91.04477612 10.41666667 78.87323944
 34.69387755  0.         76.08695652 86.86868687 69.44444444 40.
 87.87878788 36.36363636 37.5        76.74418605 87.71929825 47.61904762
 90.90909091 95.45454545 71.05263158 87.80487805 77.55102041  4.81927711
 10.34482759 70.15838733] 26 H_score 65.78629485176
Task: office-home, Iter:140/700; Accuracy = 62.24% / 61.93% / 70.16%
ent tensor(0.1146) tensor(0.4440) tensor(2.4323) tensor(0.4701) tensor(13.2907)
cls_count [  76.  124.   90.  114.  142.  174.   38.    0.   36.  115.   94.   56.
   99.  119.  113.   38.   91.  142.  104.   51.   52.  146.  113.   48.
    7. 2257.] 0.0 4439.0 0.03867080194949048 0.5084478486145528
cls_count [ 76. 124.  90. 114. 142. 174.  38.   0.  36. 115.  94.  56.  99. 119.
 113.  38.  91. 142. 104.  51.  52. 146. 113.  48.   7.] 0.0 0.0 174.0 0.0
[0, 1, 2, 3, 4, 5, 6, 7, 8, 9, 10, 11, 12, 13, 14, 15, 16, 17, 18, 19, 20, 21, 22, 23, 24]
26
acc [94.02985075 98.50746269 59.67741935 94.02985075 10.41666667 78.87323944
 34.69387755  0.         76.08695652 86.86868687 69.44444444 37.77777778
 92.92929293 50.50505051 40.         79.06976744 92.98245614 54.76190476
 92.04545455 95.45454545 76.31578947 87.80487805 83.67346939  8.43373494
 10.34482759 65.62275018] 26 H_score 64.89800646660835
Task: office-home, Iter:210/700; Accuracy = 64.24% / 64.19% / 65.62%
ent tensor(0.0984) tensor(0.4337) tensor(2.4711) tensor(0.4582) tensor(12.8023)
cls_count [  76.  124.   96.  121.  143.  181.   43.    0.   37.  115.   94.   60.
  100.  129.  121.   39.   91.  149.  104.   52.   58.  146.  113.   50.
    7. 2190.] 0.0 4439.0 0.04107762557077625 0.4933543590898851
cls_count [ 76. 124.  96. 121. 143. 181.  43.   0.  37. 115.  94.  60. 100. 129.
 121.  39.  91. 149. 104.  52.  58. 146. 113.  50.   7.] 0.0 0.0 181.0 0.0
[0, 1, 2, 3, 4, 5, 6, 7, 8, 9, 10, 11, 12, 13, 14, 15, 16, 17, 18, 19, 20, 21, 22, 23, 24]
26
acc [94.02985075 98.50746269 61.29032258 94.02985075 10.41666667 78.87323944
 36.73469388  0.         76.08695652 86.86868687 69.44444444 41.11111111
 93.93939394 57.57575758 40.         81.39534884 92.98245614 54.76190476
 92.04545455 95.45454545 78.94736842 87.80487805 83.67346939  9.63855422
 10.34482759 64.11087113] 26 H_score 64.57125056579616
Task: office-home, Iter:280/700; Accuracy = 65.00% / 65.04% / 64.11%
ent tensor(0.0807) tensor(0.4311) tensor(2.4576) tensor(0.4621) tensor(12.9044)
cls_count [  75.  124.   97.  122.  143.  180.   44.    0.   37.  115.   96.   60.
  100.  129.  120.   40.   91.  154.  104.   53.   58.  145.  113.   53.
    7. 2179.] 0.0 4439.0 0.04148692060578247 0.49087632349628296
cls_count [ 75. 124.  97. 122. 143. 180.  44.   0.  37. 115.  96.  60. 100. 129.
 120.  40.  91. 154. 104.  53.  58. 145. 113.  53.   7.] 0.0 0.0 180.0 0.0
[0, 1, 2, 3, 4, 5, 6, 7, 8, 9, 10, 11, 12, 13, 14, 15, 16, 17, 18, 19, 20, 21, 22, 23, 24]
26
acc [94.02985075 98.50746269 61.29032258 91.04477612 10.41666667 78.87323944
 36.73469388  0.         76.08695652 86.86868687 70.83333333 40.
 93.93939394 58.58585859 40.         83.72093023 92.98245614 54.76190476
 92.04545455 95.45454545 78.94736842 87.80487805 83.67346939 13.25301205
 10.34482759 63.82289417] 26 H_score 64.5080144699751
Task: office-home, Iter:350/700; Accuracy = 65.15% / 65.21% / 63.82%
ent tensor(0.0683) tensor(0.4290) tensor(2.4820) tensor(0.4644) tensor(12.9648)
cls_count [  75.  123.   98.  123.  143.  180.   46.    0.   37.  115.   98.   62.
  100.  129.  120.   41.   91.  153.  105.   53.   58.  145.  113.   54.
    7. 2170.] 0.0 4439.0 0.04182488479262673 0.48884883982879024
cls_count [ 75. 123.  98. 123. 143. 180.  46.   0.  37. 115.  98.  62. 100. 129.
 120.  41.  91. 153. 105.  53.  58. 145. 113.  54.   7.] 0.0 0.0 180.0 0.0
[0, 1, 2, 3, 4, 5, 6, 7, 8, 9, 10, 11, 12, 13, 14, 15, 16, 17, 18, 19, 20, 21, 22, 23, 24]
26
acc [94.02985075 98.50746269 62.90322581 92.53731343 10.41666667 78.87323944
 36.73469388  0.         76.08695652 86.86868687 72.22222222 40.
 93.93939394 58.58585859 40.         86.04651163 92.98245614 54.76190476
 93.18181818 95.45454545 78.94736842 87.80487805 83.67346939 13.25301205
 10.34482759 63.75089993] 26 H_score 64.62638679983075
Task: office-home, Iter:420/700; Accuracy = 65.46% / 65.53% / 63.75%
ent tensor(0.0621) tensor(0.4390) tensor(2.4799) tensor(0.4700) tensor(12.8425)
cls_count [  75.  124.   96.  123.  143.  179.   46.    0.   37.  115.  101.   65.
  100.  129.  123.   41.   91.  154.  105.   53.   58.  145.  113.   54.
    7. 2162.] 0.0 4439.0 0.04212765957446808 0.4870466321243523
cls_count [ 75. 124.  96. 123. 143. 179.  46.   0.  37. 115. 101.  65. 100. 129.
 123.  41.  91. 154. 105.  53.  58. 145. 113.  54.   7.] 0.0 0.0 179.0 0.0
[0, 1, 2, 3, 4, 5, 6, 7, 8, 9, 10, 11, 12, 13, 14, 15, 16, 17, 18, 19, 20, 21, 22, 23, 24]
26
acc [94.02985075 98.50746269 62.90322581 91.04477612 10.41666667 78.87323944
 36.73469388  0.         76.08695652 86.86868687 72.22222222 42.22222222
 93.93939394 58.58585859 40.         86.04651163 92.98245614 54.76190476
 93.18181818 95.45454545 78.94736842 87.80487805 83.67346939 13.25301205
 10.34482759 63.42692585] 26 H_score 64.47362107977428
Task: office-home, Iter:490/700; Accuracy = 65.47% / 65.56% / 63.43%
ent tensor(0.0561) tensor(0.4353) tensor(2.4658) tensor(0.4667) tensor(12.7824)
cls_count [  75.  123.   99.  124.  143.  179.   48.    0.   38.  115.  101.   64.
  100.  129.  127.   41.   92.  154.  105.   52.   58.  144.  113.   55.
    7. 2153.] 0.0 4439.0 0.042470970738504414 0.4850191484568597
cls_count [ 75. 123.  99. 124. 143. 179.  48.   0.  38. 115. 101.  64. 100. 129.
 127.  41.  92. 154. 105.  52.  58. 144. 113.  55.   7.] 0.0 0.0 179.0 0.0
[0, 1, 2, 3, 4, 5, 6, 7, 8, 9, 10, 11, 12, 13, 14, 15, 16, 17, 18, 19, 20, 21, 22, 23, 24]
26
acc [94.02985075 98.50746269 62.90322581 92.53731343 10.41666667 78.87323944
 36.73469388  0.         78.26086957 86.86868687 72.22222222 42.22222222
 93.93939394 58.58585859 40.         86.04651163 92.98245614 54.76190476
 93.18181818 95.45454545 78.94736842 87.80487805 83.67346939 14.45783133
 10.34482759 63.28293737] 26 H_score 64.49302481133618
Task: office-home, Iter:560/700; Accuracy = 65.66% / 65.75% / 63.28%
ent tensor(0.0478) tensor(0.4391) tensor(2.4642) tensor(0.4740) tensor(12.9066)
cls_count [  75.  123.   99.  124.  143.  179.   48.    0.   38.  115.  101.   64.
  100.  129.  127.   41.   92.  152.  104.   52.   58.  144.  113.   56.
    7. 2155.] 0.0 4439.0 0.04239443155452436 0.4854697003829691
cls_count [ 75. 123.  99. 124. 143. 179.  48.   0.  38. 115. 101.  64. 100. 129.
 127.  41.  92. 152. 104.  52.  58. 144. 113.  56.   7.] 0.0 0.0 179.0 0.0
[0, 1, 2, 3, 4, 5, 6, 7, 8, 9, 10, 11, 12, 13, 14, 15, 16, 17, 18, 19, 20, 21, 22, 23, 24]
26
acc [94.02985075 98.50746269 62.90322581 92.53731343 10.41666667 78.87323944
 36.73469388  0.         78.26086957 86.86868687 72.22222222 42.22222222
 93.93939394 58.58585859 40.         86.04651163 92.98245614 54.76190476
 93.18181818 95.45454545 78.94736842 87.80487805 83.67346939 15.6626506
 10.34482759 63.35493161] 26 H_score 64.55359278124102
Task: office-home, Iter:630/700; Accuracy = 65.70% / 65.80% / 63.35%
acc [94.02985075 98.50746269 62.90322581 92.53731343 10.41666667 78.87323944
 36.73469388  0.         78.26086957 86.86868687 72.22222222 42.22222222
 93.93939394 58.58585859 40.         88.37209302 92.98245614 54.76190476
 93.18181818 95.45454545 78.94736842 87.80487805 83.67346939 15.6626506
 10.34482759 63.24694024] 26 H_score 64.54214600909943
