nohup: 忽略输入
ckpt/source/pda/office-home/C
Namespace(batch_size=64, bottleneck=256, class_num=50, classifier='bn', cls_par=0.3, da='pda', distance='cosine', dset='office-home', ent=True, ent_par=1.0, epsilon=1e-05, extra_class=1, gent=True, gpu_id='1', interval=10, issave=False, layer='wn', lr=0.01, lr_decay1=0.1, lr_decay2=1.0, max_epoch=10, name='office-home', name1='CR', name2='CP', name3='CA', net='resnet50', out_file=<_io.TextIOWrapper name='ckpt/target/pda/office-home-addfc+gent/log_par_0.3_thr0.txt' mode='w' encoding='UTF-8'>, output='ckpt/target', output_dir='ckpt/target/pda/office-home-addfc+gent', output_dir_src='ckpt/source/pda/office-home/C', output_src='ckpt/source', s=0, s_dset_path='./data/office-home/Clipart.txt', savename='par_0.3_thr0', seed=2020, src_classes=[0, 1, 2, 3, 4, 5, 6, 7, 8, 9, 10, 11, 12, 13, 14, 15, 16, 17, 18, 19, 20, 21, 22, 23, 24, 25, 26, 27, 28, 29, 30, 31, 32, 33, 34, 35, 36, 37, 38, 39, 40, 41, 42, 43, 44, 45, 46, 47, 48, 49], t=1, t_dset_path='./data/office-home/Real_World.txt', t_dset_path1='./data/office-home/Product.txt', t_dset_path2='./data/office-home/Art.txt', tar_classes=[0, 1, 2, 3, 4, 5, 6, 7, 8, 9, 10, 11, 12, 13, 14, 15, 16, 17, 18, 19, 20, 21, 22, 23, 24, 25, 26, 27, 28, 29, 30, 31, 32, 33, 34, 35, 36, 37, 38, 39, 40, 41, 42, 43, 44, 45, 46, 47, 48, 49], tar_classes1=[0, 1, 2, 3, 4, 5, 6, 7, 8, 9, 10, 11, 12, 13, 14, 15, 16, 17, 18, 19, 20, 21, 22, 23, 24], tar_classes2=[0, 1, 2, 3, 4, 5, 6, 7, 8, 9, 10, 11, 12, 13, 14, 15, 16, 17, 18, 19, 20, 21, 22, 23, 24, 25, 26, 27, 28, 29, 30, 31, 32, 33, 34, 35, 36, 37, 38, 39, 40, 41, 42, 43, 44, 45, 46, 47, 48, 49, 50, 51, 52, 53, 54, 55, 56, 57, 58, 59, 60, 61, 62, 63, 64], test_dset_path='./data/office-home/Real_World.txt', test_dset_path1='./data/office-home/Product.txt', test_dset_path2='./data/office-home/Art.txt', threshold=0, worker=4)
/homes/jh015/.conda/envs/hj_trans/lib/python3.7/site-packages/torchvision/models/_utils.py:209: UserWarning: The parameter 'pretrained' is deprecated since 0.13 and will be removed in 0.15, please use 'weights' instead.
  f"The parameter '{pretrained_param}' is deprecated since 0.13 and will be removed in 0.15, "
/homes/jh015/.conda/envs/hj_trans/lib/python3.7/site-packages/torchvision/models/_utils.py:223: UserWarning: Arguments other than a weight enum or `None` for 'weights' are deprecated since 0.13 and will be removed in 0.15. The current behavior is equivalent to passing `weights=ResNet50_Weights.IMAGENET1K_V1`. You can also use `weights=ResNet50_Weights.DEFAULT` to get the most up-to-date weights.
  warnings.warn(msg)
all_output1 tensor([0.0100, 0.0137, 0.0193, 0.0133, 0.0161, 0.0117, 0.0146, 0.0097, 0.0084,
        0.0155, 0.0109, 0.0114, 0.0194, 0.0082, 0.0113, 0.0123, 0.0120, 0.0049,
        0.0109, 0.0287, 0.0060, 0.0161, 0.0065, 0.0074, 0.0204, 0.0135, 0.0130,
        0.0149, 0.0132, 0.0048, 0.0216, 0.0083, 0.0136, 0.0172, 0.0042, 0.0060,
        0.0072, 0.0151, 0.0127, 0.0107, 0.0052, 0.0105, 0.0097, 0.0090, 0.0067,
        0.0026, 0.0080, 0.0229, 0.0200, 0.0134, 0.3972])
cls_count [2.600e+01 5.000e+01 6.600e+01 4.400e+01 4.400e+01 3.200e+01 3.300e+01
 2.400e+01 1.900e+01 5.200e+01 3.200e+01 2.700e+01 5.900e+01 1.800e+01
 2.600e+01 2.700e+01 3.600e+01 8.000e+00 3.100e+01 9.700e+01 1.200e+01
 5.100e+01 1.400e+01 1.500e+01 6.400e+01 3.900e+01 3.700e+01 4.800e+01
 3.700e+01 7.000e+00 7.300e+01 1.500e+01 4.500e+01 6.300e+01 3.000e+00
 1.600e+01 1.200e+01 4.400e+01 3.400e+01 3.200e+01 1.100e+01 3.000e+01
 2.100e+01 2.700e+01 1.200e+01 1.000e+00 1.700e+01 7.700e+01 6.100e+01
 4.600e+01 1.665e+03] 0.0006006006006006006 3380.0 0.020600600600600597 0.507396449704142
Accuracy = 69.17% -> 74.88%

50
all_output1 tensor([0.0371, 0.0179, 0.0148, 0.0329, 0.0175, 0.0320, 0.0141, 0.0064, 0.0122,
        0.0322, 0.0148, 0.0138, 0.0453, 0.0044, 0.0080, 0.0120, 0.0210, 0.0026,
        0.0323, 0.0255, 0.0081, 0.0169, 0.0207, 0.0089, 0.0196, 0.0050, 0.0062,
        0.0048, 0.0083, 0.0025, 0.0051, 0.0050, 0.0032, 0.0023, 0.0020, 0.0016,
        0.0042, 0.0057, 0.0025, 0.0020, 0.0029, 0.0030, 0.0027, 0.0022, 0.0043,
        0.0016, 0.0020, 0.0054, 0.0067, 0.0042, 0.4339])
cls_count [ 60.  28.  18.  52.  16.  55.  20.   3.  18.  61.  18.  15.  85.   4.
   8.  10.  35.   0.  59.  43.   7.  29.  30.   8.  30.   4.   3.   2.
   9.   0.   5.   2.   0.   2.   0.   0.   1.   6.   0.   0.   1.   2.
   0.   0.   0.   0.   0.   1.   5.   1. 905.] 0.0 1661.0 0.016707182320441986 0.4551475015051174
Accuracy = 65.32% -> 72.85%

20
tensor([0.0042, 0.0039, 0.0197, 0.0098, 0.0176, 0.0092, 0.0193, 0.0220, 0.0082,
        0.0104, 0.0116, 0.0044, 0.0075, 0.0092, 0.0080, 0.0183, 0.0062, 0.0079,
        0.0082, 0.0234, 0.0066, 0.0164, 0.0048, 0.0225, 0.0095, 0.0089, 0.0068,
        0.0112, 0.0096, 0.0065, 0.0121, 0.0046, 0.0061, 0.0219, 0.0062, 0.0023,
        0.0063, 0.0133, 0.0119, 0.0074, 0.0074, 0.0089, 0.0083, 0.0029, 0.0090,
        0.0023, 0.0061, 0.0147, 0.0112, 0.0070, 0.4983])
cls_count [0.000e+00 5.000e+00 4.100e+01 1.700e+01 2.600e+01 1.400e+01 3.100e+01
 3.600e+01 8.000e+00 1.800e+01 1.800e+01 1.000e+00 1.000e+01 1.200e+01
 6.000e+00 1.500e+01 7.000e+00 5.000e+00 7.000e+00 5.200e+01 2.000e+00
 3.000e+01 6.000e+00 4.000e+01 1.100e+01 1.000e+01 7.000e+00 1.700e+01
 1.200e+01 8.000e+00 1.800e+01 3.000e+00 7.000e+00 5.600e+01 3.000e+00
 1.000e+00 7.000e+00 2.000e+01 1.700e+01 1.000e+01 9.000e+00 1.500e+01
 2.000e+00 3.000e+00 1.400e+01 0.000e+00 5.000e+00 2.200e+01 1.700e+01
 1.300e+01 1.713e+03] 0.0 2427.0 0.008336252189141856 0.2941903584672435
cls_count [ 0.  5. 41. 17. 26. 14. 31. 36.  8. 18. 18.  1. 10. 12.  6. 15.  7.  5.
  7. 52.  2. 30.  6. 40. 11. 10.  7. 17. 12.  8. 18.  3.  7. 56.  3.  1.
  7. 20. 17. 10.  9. 15.  2.  3. 14.  0.  5. 22. 17. 13.] 0.0 0.0 56.0 0.0
51
acc [ 0.         23.80952381 33.33333333 40.         11.36363636 50.
 47.61904762 30.         17.07317073 35.29411765 39.13043478  5.
 44.44444444 23.91304348  7.69230769 22.5         7.5         9.30232558
 15.         68.          5.26315789 57.14285714 31.25       39.13043478
 18.18181818 12.65822785 38.88888889 20.         11.9047619   6.25
 36.95652174  9.52380952 14.63414634 72.97297297  8.33333333  5.26315789
 22.22222222 34.04255319 26.66666667 53.33333333 26.31578947 40.
  4.76190476 16.66666667 55.          0.         10.         23.1884058
 60.         30.3030303  82.74268105] 51 H_score 40.07051885528432
Task: office-home, Iter:0/530; Accuracy = 27.54% / 26.44% / 82.74%
all_output1 tensor([0.0120, 0.0234, 0.0259, 0.0167, 0.0195, 0.0190, 0.0212, 0.0224, 0.0202,
        0.0255, 0.0173, 0.0220, 0.0263, 0.0172, 0.0209, 0.0262, 0.0167, 0.0096,
        0.0184, 0.0301, 0.0046, 0.0221, 0.0143, 0.0167, 0.0229, 0.0156, 0.0171,
        0.0256, 0.0144, 0.0107, 0.0256, 0.0173, 0.0260, 0.0226, 0.0071, 0.0114,
        0.0159, 0.0219, 0.0153, 0.0141, 0.0067, 0.0153, 0.0151, 0.0149, 0.0133,
        0.0092, 0.0259, 0.0290, 0.0252, 0.0191, 0.0745])
cls_count [ 38.  80.  88.  55.  69.  66.  71.  72.  71.  84.  58.  81.  88.  57.
  72.  96.  57.  32.  60.  99.  10.  74.  51.  59.  79.  53.  60.  92.
  48.  31.  86.  60.  88.  75.  27.  39.  60.  79.  53.  48.  20.  50.
  51.  49.  43.  31.  90. 101.  85.  63. 231.] 0.04329004329004329 3380.0 0.27264069264069263 0.9316568047337278
Accuracy = 76.80% -> 78.02%

50
all_output1 tensor([0.0431, 0.0393, 0.0486, 0.0392, 0.0462, 0.0389, 0.0301, 0.0123, 0.0381,
        0.0545, 0.0438, 0.0536, 0.0623, 0.0073, 0.0101, 0.0352, 0.0357, 0.0034,
        0.0564, 0.0278, 0.0034, 0.0274, 0.0495, 0.0449, 0.0364, 0.0028, 0.0012,
        0.0023, 0.0054, 0.0022, 0.0033, 0.0048, 0.0030, 0.0010, 0.0012, 0.0007,
        0.0035, 0.0057, 0.0009, 0.0010, 0.0010, 0.0022, 0.0020, 0.0017, 0.0023,
        0.0008, 0.0014, 0.0028, 0.0023, 0.0022, 0.0548])
cls_count [ 75.  69.  87.  66.  84.  65.  54.  18.  67.  92.  78.  96. 104.  10.
  17.  60.  60.   4.  93.  46.   4.  45.  85.  77.  64.   5.   0.   2.
   9.   2.   4.   6.   2.   0.   1.   0.   4.   9.   0.   0.   1.   2.
   0.   2.   1.   0.   1.   2.   1.   2.  85.] 0.0 1661.0 0.3708235294117647 0.9488260084286574
Accuracy = 75.50% -> 76.88%

21
tensor([0.0067, 0.0079, 0.0258, 0.0141, 0.0159, 0.0141, 0.0224, 0.0287, 0.0098,
        0.0168, 0.0125, 0.0090, 0.0103, 0.0129, 0.0093, 0.0201, 0.0091, 0.0121,
        0.0103, 0.0284, 0.0063, 0.0211, 0.0081, 0.0231, 0.0140, 0.0071, 0.0079,
        0.0174, 0.0107, 0.0069, 0.0156, 0.0078, 0.0086, 0.0287, 0.0088, 0.0064,
        0.0107, 0.0126, 0.0116, 0.0109, 0.0089, 0.0151, 0.0071, 0.0053, 0.0152,
        0.0047, 0.0119, 0.0187, 0.0148, 0.0101, 0.3476])
cls_count [  13.   15.   60.   30.   36.   30.   49.   65.   18.   40.   26.   24.
   21.   24.   18.   46.   15.   30.   23.   63.    5.   48.   17.   54.
   30.   10.   13.   41.   21.    8.   35.   12.   16.   69.   13.   11.
   27.   27.   21.   20.   14.   36.   12.    8.   31.    4.   26.   45.
   32.   21. 1054.] 0.003795066413662239 2427.0 0.026053130929791272 0.5657189946435929
cls_count [13. 15. 60. 30. 36. 30. 49. 65. 18. 40. 26. 24. 21. 24. 18. 46. 15. 30.
 23. 63.  5. 48. 17. 54. 30. 10. 13. 41. 21.  8. 35. 12. 16. 69. 13. 11.
 27. 27. 21. 20. 14. 36. 12.  8. 31.  4. 26. 45. 32. 21.] 0.0 4.0 69.0 0.057971014492753624
51
acc [26.66666667 61.9047619  46.46464646 70.         22.72727273 77.27272727
 61.9047619  35.         26.82926829 60.78431373 54.34782609 25.
 66.66666667 43.47826087 30.76923077 65.         22.5        32.55813953
 37.5        82.66666667  5.26315789 81.63265306 43.75       56.52173913
 47.72727273 12.65822785 66.66666667 45.         11.9047619   6.25
 71.73913043 23.80952381 29.26829268 89.18918919 29.16666667 57.89473684
 74.07407407 44.68085106 42.22222222 86.66666667 31.57894737 73.33333333
 23.80952381 44.44444444 70.         16.66666667 42.5        49.27536232
 85.         45.45454545 64.86902928] 51 H_score 54.617380315192484
Task: office-home, Iter:53/530; Accuracy = 47.51% / 47.16% / 64.87%
all_output1 tensor([0.0107, 0.0229, 0.0255, 0.0164, 0.0208, 0.0169, 0.0157, 0.0177, 0.0183,
        0.0233, 0.0163, 0.0254, 0.0244, 0.0186, 0.0179, 0.0242, 0.0158, 0.0090,
        0.0179, 0.0289, 0.0024, 0.0198, 0.0137, 0.0173, 0.0206, 0.0176, 0.0159,
        0.0224, 0.0140, 0.0080, 0.0249, 0.0158, 0.0240, 0.0211, 0.0058, 0.0119,
        0.0161, 0.0213, 0.0136, 0.0123, 0.0059, 0.0145, 0.0140, 0.0134, 0.0131,
        0.0085, 0.0267, 0.0272, 0.0233, 0.0178, 0.1305])
cls_count [ 36.  80.  87.  54.  70.  58.  55.  59.  59.  82.  55.  88.  87.  68.
  63.  83.  57.  32.  64.  98.   8.  69.  49.  61.  71.  62.  55.  79.
  47.  26.  85.  57.  83.  76.  17.  39.  54.  77.  47.  41.  18.  50.
  50.  47.  44.  30.  91.  98.  82.  62. 370.] 0.021621621621621623 3380.0 0.1627027027027027 0.8905325443786982
Accuracy = 77.90% -> 78.79%

50
all_output1 tensor([0.0418, 0.0390, 0.0502, 0.0381, 0.0489, 0.0372, 0.0280, 0.0167, 0.0431,
        0.0537, 0.0432, 0.0595, 0.0592, 0.0042, 0.0083, 0.0348, 0.0355, 0.0020,
        0.0521, 0.0264, 0.0011, 0.0267, 0.0487, 0.0460, 0.0303, 0.0029, 0.0007,
        0.0009, 0.0050, 0.0009, 0.0021, 0.0024, 0.0014, 0.0005, 0.0007, 0.0003,
        0.0029, 0.0035, 0.0004, 0.0004, 0.0006, 0.0016, 0.0020, 0.0008, 0.0010,
        0.0004, 0.0011, 0.0019, 0.0013, 0.0018, 0.0877])
cls_count [ 71.  68.  88.  65.  83.  65.  52.  27.  75.  94.  77. 103. 100.   5.
  14.  58.  61.   1.  88.  45.   1.  46.  88.  78.  53.   6.   0.   1.
   6.   0.   4.   2.   2.   0.   1.   0.   4.   7.   0.   0.   0.   2.
   2.   0.   1.   0.   1.   1.   1.   1. 113.] 0.0 1661.0 0.2739823008849558 0.9319686935580975
Accuracy = 76.64% -> 77.06%

21
tensor([0.0035, 0.0066, 0.0240, 0.0127, 0.0135, 0.0114, 0.0173, 0.0181, 0.0074,
        0.0151, 0.0116, 0.0105, 0.0080, 0.0115, 0.0060, 0.0174, 0.0061, 0.0105,
        0.0098, 0.0255, 0.0019, 0.0193, 0.0064, 0.0221, 0.0107, 0.0075, 0.0060,
        0.0155, 0.0093, 0.0042, 0.0151, 0.0045, 0.0062, 0.0267, 0.0061, 0.0059,
        0.0096, 0.0109, 0.0086, 0.0073, 0.0069, 0.0144, 0.0046, 0.0036, 0.0127,
        0.0026, 0.0109, 0.0171, 0.0111, 0.0080, 0.4579])
cls_count [   5.   15.   57.   30.   31.   28.   44.   42.   17.   38.   27.   23.
   18.   25.   14.   40.   12.   27.   21.   63.    2.   46.   13.   50.
   25.   16.   14.   37.   20.    8.   35.   10.   13.   67.   12.   13.
   22.   22.   19.   17.   14.   34.    8.    8.   29.    4.   25.   42.
   26.   19. 1180.] 0.001694915254237288 2427.0 0.021135593220338984 0.5138030490317265
cls_count [ 5. 15. 57. 30. 31. 28. 44. 42. 17. 38. 27. 23. 18. 25. 14. 40. 12. 27.
 21. 63.  2. 46. 13. 50. 25. 16. 14. 37. 20.  8. 35. 10. 13. 67. 12. 13.
 22. 22. 19. 17. 14. 34.  8.  8. 29.  4. 25. 42. 26. 19.] 0.0 2.0 67.0 0.029850746268656716
51
acc [26.66666667 61.9047619  45.45454545 70.         18.18181818 72.72727273
 59.52380952 35.         29.26829268 58.82352941 56.52173913 25.
 61.11111111 45.65217391 30.76923077 65.         20.         30.23255814
 35.         82.66666667  5.26315789 83.67346939 43.75       52.17391304
 45.45454545 20.25316456 72.22222222 45.         11.9047619   6.25
 73.91304348 23.80952381 29.26829268 89.18918919 29.16666667 68.42105263
 70.37037037 38.29787234 42.22222222 86.66666667 31.57894737 70.
 19.04761905 44.44444444 70.         16.66666667 45.         49.27536232
 80.         39.39393939 71.18644068] 51 H_score 56.35902279113554
Task: office-home, Iter:106/530; Accuracy = 47.12% / 46.64% / 71.19%
all_output1 tensor([0.0108, 0.0237, 0.0261, 0.0170, 0.0204, 0.0195, 0.0206, 0.0227, 0.0203,
        0.0251, 0.0175, 0.0247, 0.0251, 0.0217, 0.0201, 0.0243, 0.0169, 0.0111,
        0.0185, 0.0295, 0.0029, 0.0200, 0.0152, 0.0170, 0.0224, 0.0185, 0.0179,
        0.0246, 0.0141, 0.0090, 0.0248, 0.0175, 0.0255, 0.0225, 0.0075, 0.0128,
        0.0173, 0.0213, 0.0148, 0.0129, 0.0066, 0.0156, 0.0150, 0.0144, 0.0160,
        0.0098, 0.0270, 0.0277, 0.0245, 0.0188, 0.0708])
cls_count [ 36.  81.  89.  58.  70.  67.  71.  76.  73.  84.  59.  88.  85.  76.
  67.  83.  58.  37.  65. 100.   9.  68.  53.  61.  78.  64.  61.  83.
  48.  31.  85.  62.  86.  76.  25.  44.  60.  80.  51.  44.  22.  55.
  54.  51.  56.  32.  92.  96.  84.  65. 181.] 0.049723756906077346 3380.0 0.3534806629834254 0.9464497041420118
Accuracy = 78.17% -> 78.85%

50
all_output1 tensor([0.0424, 0.0404, 0.0514, 0.0395, 0.0501, 0.0388, 0.0354, 0.0215, 0.0501,
        0.0587, 0.0477, 0.0610, 0.0609, 0.0049, 0.0085, 0.0357, 0.0371, 0.0026,
        0.0525, 0.0272, 0.0011, 0.0265, 0.0525, 0.0450, 0.0329, 0.0027, 0.0009,
        0.0010, 0.0039, 0.0010, 0.0014, 0.0018, 0.0019, 0.0005, 0.0008, 0.0003,
        0.0027, 0.0024, 0.0004, 0.0005, 0.0004, 0.0017, 0.0016, 0.0010, 0.0012,
        0.0005, 0.0010, 0.0017, 0.0013, 0.0014, 0.0414])
cls_count [ 73.  70.  88.  67.  90.  66.  63.  35.  87. 100.  80. 107. 104.   8.
  14.  63.  64.   4.  89.  46.   1.  45.  89.  81.  58.   5.   0.   1.
   6.   1.   1.   1.   2.   0.   1.   0.   2.   2.   0.   0.   0.   2.
   2.   1.   1.   0.   1.   2.   1.   1.  36.] 0.0 1661.0 0.9027777777777778 0.9783263094521373
Accuracy = 77.66% -> 77.30%

21
tensor([0.0045, 0.0072, 0.0243, 0.0129, 0.0139, 0.0126, 0.0203, 0.0232, 0.0085,
        0.0173, 0.0124, 0.0111, 0.0093, 0.0130, 0.0079, 0.0176, 0.0073, 0.0129,
        0.0098, 0.0267, 0.0023, 0.0201, 0.0069, 0.0211, 0.0120, 0.0084, 0.0075,
        0.0185, 0.0096, 0.0047, 0.0149, 0.0058, 0.0074, 0.0282, 0.0072, 0.0069,
        0.0107, 0.0110, 0.0097, 0.0085, 0.0071, 0.0155, 0.0051, 0.0040, 0.0141,
        0.0029, 0.0110, 0.0179, 0.0124, 0.0090, 0.4069])
cls_count [   9.   14.   57.   30.   34.   28.   47.   57.   18.   40.   27.   26.
   22.   26.   22.   41.   16.   28.   23.   63.    3.   46.   16.   50.
   27.   18.   17.   41.   21.    8.   35.   10.   15.   67.   16.   14.
   23.   23.   22.   19.   16.   36.   11.    8.   29.    4.   25.   42.
   27.   22. 1088.] 0.0027573529411764708 2427.0 0.024613970588235296 0.5517099299546766
cls_count [ 9. 14. 57. 30. 34. 28. 47. 57. 18. 40. 27. 26. 22. 26. 22. 41. 16. 28.
 23. 63.  3. 46. 16. 50. 27. 18. 17. 41. 21.  8. 35. 10. 15. 67. 16. 14.
 23. 23. 22. 19. 16. 36. 11.  8. 29.  4. 25. 42. 27. 22.] 0.0 3.0 67.0 0.04477611940298507
51
acc [26.66666667 57.14285714 45.45454545 70.         22.72727273 72.72727273
 61.9047619  35.         29.26829268 60.78431373 56.52173913 25.
 72.22222222 47.82608696 42.30769231 67.5        27.5        32.55813953
 40.         82.66666667  5.26315789 83.67346939 43.75       52.17391304
 45.45454545 22.78481013 72.22222222 45.         11.9047619   6.25
 73.91304348 23.80952381 31.70731707 89.18918919 33.33333333 68.42105263
 70.37037037 38.29787234 42.22222222 86.66666667 42.10526316 73.33333333
 28.57142857 44.44444444 70.         16.66666667 47.5        49.27536232
 80.         48.48484848 66.71802773] 51 H_score 56.136074695508235
Task: office-home, Iter:159/530; Accuracy = 48.81% / 48.45% / 66.72%
all_output1 tensor([0.0106, 0.0235, 0.0252, 0.0174, 0.0209, 0.0190, 0.0191, 0.0216, 0.0211,
        0.0240, 0.0171, 0.0251, 0.0243, 0.0226, 0.0216, 0.0251, 0.0168, 0.0105,
        0.0190, 0.0294, 0.0036, 0.0198, 0.0161, 0.0185, 0.0215, 0.0192, 0.0178,
        0.0239, 0.0148, 0.0091, 0.0245, 0.0170, 0.0247, 0.0221, 0.0077, 0.0127,
        0.0180, 0.0209, 0.0155, 0.0133, 0.0074, 0.0158, 0.0164, 0.0151, 0.0154,
        0.0095, 0.0271, 0.0269, 0.0247, 0.0193, 0.0677])
cls_count [ 36.  81.  85.  58.  70.  66.  67.  72.  73.  84.  59.  87.  84.  83.
  73.  89.  59.  37.  69.  99.  13.  68.  56.  64.  73.  67.  61.  84.
  50.  31.  85.  61.  84.  76.  27.  43.  62.  80.  53.  44.  26.  54.
  57.  51.  52.  32.  91.  91.  85.  67. 161.] 0.08074534161490683 3380.0 0.3998757763975155 0.9523668639053254
Accuracy = 78.37% -> 78.76%

50
all_output1 tensor([0.0421, 0.0402, 0.0492, 0.0401, 0.0523, 0.0386, 0.0339, 0.0211, 0.0515,
        0.0577, 0.0469, 0.0627, 0.0598, 0.0045, 0.0088, 0.0360, 0.0371, 0.0021,
        0.0533, 0.0273, 0.0016, 0.0266, 0.0526, 0.0480, 0.0315, 0.0025, 0.0008,
        0.0008, 0.0042, 0.0008, 0.0012, 0.0011, 0.0013, 0.0005, 0.0012, 0.0003,
        0.0033, 0.0023, 0.0005, 0.0007, 0.0005, 0.0018, 0.0022, 0.0010, 0.0009,
        0.0004, 0.0009, 0.0015, 0.0013, 0.0018, 0.0408])
cls_count [ 73.  70.  84.  68.  92.  66.  62.  34.  91. 100.  83. 109. 104.   8.
  14.  63.  64.   3.  91.  46.   2.  45.  89.  84.  56.   4.   0.   1.
   6.   1.   0.   0.   2.   0.   2.   0.   3.   2.   0.   1.   0.   2.
   4.   0.   1.   0.   1.   2.   1.   2.  25.] 0.0 1661.0 1.3088 0.9849488260084287
Accuracy = 77.42% -> 77.24%

21
tensor([0.0041, 0.0067, 0.0236, 0.0134, 0.0153, 0.0123, 0.0192, 0.0233, 0.0093,
        0.0168, 0.0118, 0.0118, 0.0092, 0.0128, 0.0099, 0.0183, 0.0076, 0.0123,
        0.0098, 0.0270, 0.0021, 0.0196, 0.0075, 0.0218, 0.0117, 0.0091, 0.0075,
        0.0183, 0.0098, 0.0043, 0.0148, 0.0050, 0.0069, 0.0280, 0.0076, 0.0065,
        0.0108, 0.0106, 0.0100, 0.0088, 0.0077, 0.0157, 0.0056, 0.0042, 0.0132,
        0.0026, 0.0115, 0.0173, 0.0122, 0.0091, 0.4058])
cls_count [   8.   14.   57.   30.   38.   28.   47.   55.   20.   40.   27.   28.
   22.   26.   23.   43.   17.   27.   24.   64.    3.   47.   16.   52.
   27.   19.   17.   41.   22.    8.   35.    9.   15.   67.   16.   13.
   23.   23.   22.   19.   17.   37.   11.    8.   29.    4.   26.   42.
   27.   22. 1072.] 0.002798507462686567 2427.0 0.025279850746268658 0.5583024309847548
cls_count [ 8. 14. 57. 30. 38. 28. 47. 55. 20. 40. 27. 28. 22. 26. 23. 43. 17. 27.
 24. 64.  3. 47. 16. 52. 27. 19. 17. 41. 22.  8. 35.  9. 15. 67. 16. 13.
 23. 23. 22. 19. 17. 37. 11.  8. 29.  4. 26. 42. 27. 22.] 0.0 3.0 67.0 0.04477611940298507
51
acc [26.66666667 57.14285714 45.45454545 70.         25.         72.72727273
 61.9047619  35.         34.14634146 60.78431373 56.52173913 25.
 72.22222222 47.82608696 42.30769231 67.5        30.         32.55813953
 42.5        84.          5.26315789 83.67346939 43.75       56.52173913
 45.45454545 24.05063291 72.22222222 45.         11.9047619   6.25
 73.91304348 19.04761905 31.70731707 89.18918919 33.33333333 68.42105263
 70.37037037 38.29787234 42.22222222 86.66666667 47.36842105 73.33333333
 28.57142857 44.44444444 70.         16.66666667 47.5        49.27536232
 80.         48.48484848 66.40986133] 51 H_score 56.28787588498585
Task: office-home, Iter:212/530; Accuracy = 49.19% / 48.84% / 66.41%
all_output1 tensor([0.0108, 0.0236, 0.0261, 0.0172, 0.0212, 0.0195, 0.0200, 0.0210, 0.0220,
        0.0243, 0.0171, 0.0249, 0.0238, 0.0224, 0.0207, 0.0246, 0.0168, 0.0098,
        0.0201, 0.0291, 0.0043, 0.0201, 0.0152, 0.0189, 0.0215, 0.0190, 0.0181,
        0.0232, 0.0149, 0.0091, 0.0249, 0.0181, 0.0252, 0.0219, 0.0077, 0.0127,
        0.0172, 0.0206, 0.0156, 0.0128, 0.0084, 0.0159, 0.0165, 0.0149, 0.0154,
        0.0096, 0.0270, 0.0266, 0.0249, 0.0195, 0.0653])
cls_count [ 36.  83.  88.  59.  71.  69.  69.  72.  79.  83.  59.  89.  84.  86.
  72.  83.  60.  36.  71.  99.  15.  68.  54.  68.  73.  67.  61.  81.
  51.  32.  86.  65.  85.  75.  26.  43.  60.  77.  54.  44.  28.  55.
  60.  51.  52.  33.  94.  91.  84.  68. 131.] 0.11450381679389313 3380.0 0.4960305343511451 0.9612426035502959
Accuracy = 78.37% -> 78.76%

50
all_output1 tensor([0.0428, 0.0406, 0.0516, 0.0393, 0.0527, 0.0384, 0.0347, 0.0211, 0.0524,
        0.0579, 0.0471, 0.0618, 0.0587, 0.0037, 0.0079, 0.0358, 0.0370, 0.0013,
        0.0530, 0.0264, 0.0020, 0.0270, 0.0509, 0.0487, 0.0320, 0.0022, 0.0008,
        0.0007, 0.0044, 0.0007, 0.0014, 0.0012, 0.0012, 0.0006, 0.0010, 0.0003,
        0.0019, 0.0019, 0.0006, 0.0005, 0.0005, 0.0015, 0.0015, 0.0010, 0.0010,
        0.0004, 0.0009, 0.0013, 0.0014, 0.0016, 0.0446])
cls_count [ 74.  71.  89.  68.  93.  66.  64.  35.  92. 100.  85. 108. 103.   7.
  14.  64.  64.   0.  91.  45.   3.  45.  89.  86.  57.   3.   0.   1.
   6.   0.   1.   0.   2.   0.   2.   0.   1.   2.   1.   0.   0.   2.
   2.   0.   1.   0.   1.   1.   1.   1.  20.] 0.0 1661.0 1.641 0.9879590608067429
Accuracy = 77.48% -> 77.12%

21
tensor([0.0043, 0.0066, 0.0242, 0.0131, 0.0161, 0.0122, 0.0194, 0.0223, 0.0096,
        0.0174, 0.0118, 0.0123, 0.0091, 0.0121, 0.0097, 0.0181, 0.0076, 0.0119,
        0.0105, 0.0265, 0.0021, 0.0199, 0.0069, 0.0221, 0.0114, 0.0089, 0.0075,
        0.0181, 0.0099, 0.0043, 0.0150, 0.0051, 0.0071, 0.0279, 0.0074, 0.0063,
        0.0101, 0.0103, 0.0098, 0.0082, 0.0082, 0.0157, 0.0054, 0.0041, 0.0130,
        0.0024, 0.0116, 0.0171, 0.0122, 0.0093, 0.4080])
cls_count [  10.   14.   57.   30.   38.   28.   47.   55.   20.   41.   27.   28.
   22.   26.   23.   43.   18.   27.   25.   64.    3.   48.   17.   52.
   27.   19.   17.   41.   23.    9.   35.   10.   15.   67.   16.   14.
   23.   23.   22.   19.   17.   37.   11.    8.   29.    4.   26.   42.
   27.   22. 1061.] 0.002827521206409048 2427.0 0.025749293119698397 0.5628347754429337
cls_count [10. 14. 57. 30. 38. 28. 47. 55. 20. 41. 27. 28. 22. 26. 23. 43. 18. 27.
 25. 64.  3. 48. 17. 52. 27. 19. 17. 41. 23.  9. 35. 10. 15. 67. 16. 14.
 23. 23. 22. 19. 17. 37. 11.  8. 29.  4. 26. 42. 27. 22.] 0.0 3.0 67.0 0.04477611940298507
51
acc [33.33333333 57.14285714 45.45454545 70.         25.         72.72727273
 61.9047619  35.         34.14634146 62.74509804 56.52173913 25.
 72.22222222 47.82608696 42.30769231 67.5        30.         32.55813953
 42.5        84.          5.26315789 83.67346939 43.75       56.52173913
 45.45454545 24.05063291 72.22222222 45.         11.9047619   6.25
 73.91304348 19.04761905 31.70731707 89.18918919 33.33333333 68.42105263
 70.37037037 38.29787234 42.22222222 86.66666667 47.36842105 73.33333333
 28.57142857 44.44444444 70.         16.66666667 47.5        49.27536232
 80.         48.48484848 65.94761171] 51 H_score 56.23489736260763
Task: office-home, Iter:265/530; Accuracy = 49.35% / 49.02% / 65.95%
all_output1 tensor([0.0107, 0.0238, 0.0253, 0.0172, 0.0202, 0.0184, 0.0201, 0.0222, 0.0224,
        0.0236, 0.0170, 0.0237, 0.0236, 0.0226, 0.0203, 0.0250, 0.0162, 0.0100,
        0.0205, 0.0293, 0.0051, 0.0196, 0.0158, 0.0187, 0.0211, 0.0187, 0.0184,
        0.0236, 0.0151, 0.0095, 0.0246, 0.0182, 0.0248, 0.0216, 0.0082, 0.0126,
        0.0164, 0.0206, 0.0158, 0.0131, 0.0081, 0.0160, 0.0166, 0.0145, 0.0154,
        0.0096, 0.0270, 0.0266, 0.0243, 0.0191, 0.0692])
cls_count [ 37.  82.  86.  59.  69.  68.  73.  77.  80.  83.  60.  83.  83.  87.
  72.  85.  57.  37.  72.  99.  18.  68.  56.  69.  73.  67.  61.  82.
  52.  34.  86.  65.  86.  75.  29.  45.  59.  77.  55.  44.  27.  55.
  62.  50.  52.  34.  93.  92.  84.  69. 112.] 0.16071428571428573 3380.0 0.5835714285714285 0.9668639053254438
Accuracy = 78.49% -> 78.73%

50
all_output1 tensor([0.0421, 0.0404, 0.0489, 0.0385, 0.0508, 0.0376, 0.0341, 0.0218, 0.0537,
        0.0572, 0.0460, 0.0612, 0.0583, 0.0033, 0.0075, 0.0358, 0.0364, 0.0014,
        0.0526, 0.0267, 0.0023, 0.0262, 0.0509, 0.0483, 0.0315, 0.0020, 0.0009,
        0.0009, 0.0043, 0.0008, 0.0011, 0.0011, 0.0011, 0.0005, 0.0011, 0.0003,
        0.0019, 0.0021, 0.0006, 0.0006, 0.0004, 0.0015, 0.0020, 0.0009, 0.0010,
        0.0005, 0.0010, 0.0011, 0.0013, 0.0017, 0.0558])
cls_count [ 72.  71.  86.  68.  92.  66.  64.  37.  95. 100.  84. 109. 103.   4.
  13.  64.  63.   1.  91.  46.   2.  46.  89.  86.  57.   2.   0.   1.
   6.   0.   0.   0.   1.   0.   2.   0.   1.   3.   0.   0.   0.   2.
   4.   0.   1.   0.   1.   1.   1.   1.  25.] 0.0 1661.0 1.3088 0.9849488260084287
Accuracy = 77.24% -> 77.00%

21
tensor([0.0041, 0.0066, 0.0235, 0.0129, 0.0154, 0.0117, 0.0193, 0.0231, 0.0097,
        0.0172, 0.0117, 0.0122, 0.0093, 0.0119, 0.0098, 0.0184, 0.0071, 0.0118,
        0.0106, 0.0270, 0.0022, 0.0193, 0.0077, 0.0218, 0.0117, 0.0085, 0.0077,
        0.0181, 0.0098, 0.0042, 0.0149, 0.0049, 0.0067, 0.0279, 0.0073, 0.0061,
        0.0100, 0.0102, 0.0099, 0.0083, 0.0077, 0.0161, 0.0053, 0.0039, 0.0130,
        0.0023, 0.0112, 0.0173, 0.0119, 0.0093, 0.4115])
cls_count [  10.   14.   56.   30.   37.   28.   47.   55.   20.   41.   27.   30.
   22.   26.   23.   43.   17.   27.   25.   64.    3.   47.   18.   52.
   27.   19.   17.   41.   23.    9.   35.    9.   15.   67.   16.   14.
   23.   23.   23.   19.   17.   37.   11.    8.   29.    4.   26.   42.
   27.   22. 1062.] 0.002824858757062147 2427.0 0.02570621468926554 0.5624227441285538
cls_count [10. 14. 56. 30. 37. 28. 47. 55. 20. 41. 27. 30. 22. 26. 23. 43. 17. 27.
 25. 64.  3. 47. 18. 52. 27. 19. 17. 41. 23.  9. 35.  9. 15. 67. 16. 14.
 23. 23. 23. 19. 17. 37. 11.  8. 29.  4. 26. 42. 27. 22.] 0.0 3.0 67.0 0.04477611940298507
51
acc [33.33333333 57.14285714 44.44444444 70.         22.72727273 72.72727273
 61.9047619  35.         34.14634146 62.74509804 56.52173913 30.
 72.22222222 47.82608696 42.30769231 67.5        30.         32.55813953
 42.5        84.          5.26315789 83.67346939 43.75       56.52173913
 45.45454545 24.05063291 72.22222222 45.         11.9047619   6.25
 73.91304348 19.04761905 31.70731707 89.18918919 33.33333333 68.42105263
 70.37037037 38.29787234 42.22222222 86.66666667 47.36842105 73.33333333
 28.57142857 44.44444444 70.         16.66666667 47.5        49.27536232
 80.         48.48484848 66.10169492] 51 H_score 56.31348235487995
Task: office-home, Iter:318/530; Accuracy = 49.38% / 49.05% / 66.10%
all_output1 tensor([0.0105, 0.0237, 0.0247, 0.0168, 0.0199, 0.0188, 0.0201, 0.0221, 0.0210,
        0.0233, 0.0175, 0.0239, 0.0238, 0.0225, 0.0204, 0.0243, 0.0163, 0.0097,
        0.0199, 0.0288, 0.0049, 0.0193, 0.0154, 0.0188, 0.0205, 0.0182, 0.0173,
        0.0215, 0.0151, 0.0091, 0.0242, 0.0182, 0.0242, 0.0214, 0.0075, 0.0126,
        0.0157, 0.0206, 0.0154, 0.0129, 0.0081, 0.0148, 0.0162, 0.0143, 0.0149,
        0.0084, 0.0249, 0.0260, 0.0239, 0.0184, 0.0894])
cls_count [ 36.  83.  86.  59.  69.  68.  74.  77.  75.  84.  61.  84.  83.  86.
  73.  85.  57.  36.  72.  99.  18.  69.  55.  66.  71.  65.  60.  78.
  53.  34.  85.  66.  85.  75.  27.  45.  55.  77.  53.  45.  27.  52.
  60.  50.  52.  29.  89.  92.  84.  68. 148.] 0.12162162162162163 3380.0 0.43675675675675674 0.9562130177514793
Accuracy = 78.58% -> 78.61%

50
all_output1 tensor([0.0416, 0.0401, 0.0483, 0.0380, 0.0514, 0.0377, 0.0334, 0.0208, 0.0517,
        0.0564, 0.0466, 0.0613, 0.0588, 0.0032, 0.0074, 0.0343, 0.0363, 0.0014,
        0.0512, 0.0258, 0.0015, 0.0257, 0.0497, 0.0476, 0.0307, 0.0018, 0.0007,
        0.0007, 0.0047, 0.0006, 0.0012, 0.0010, 0.0008, 0.0005, 0.0007, 0.0003,
        0.0017, 0.0017, 0.0007, 0.0006, 0.0004, 0.0009, 0.0015, 0.0008, 0.0007,
        0.0004, 0.0007, 0.0011, 0.0013, 0.0016, 0.0719])
cls_count [ 73.  71.  88.  67.  93.  66.  63.  36.  95. 100.  85. 109. 103.   5.
  13.  63.  63.   1.  91.  45.   2.  46.  89.  83.  56.   2.   0.   1.
   7.   0.   0.   0.   0.   0.   0.   0.   1.   2.   1.   1.   0.   1.
   1.   0.   0.   0.   0.   0.   1.   1.  36.] 0.0 1661.0 0.9027777777777778 0.9783263094521373
Accuracy = 77.42% -> 77.12%

21
tensor([0.0038, 0.0063, 0.0231, 0.0126, 0.0150, 0.0117, 0.0192, 0.0224, 0.0090,
        0.0171, 0.0117, 0.0121, 0.0093, 0.0114, 0.0095, 0.0180, 0.0072, 0.0115,
        0.0103, 0.0264, 0.0019, 0.0190, 0.0072, 0.0218, 0.0111, 0.0078, 0.0069,
        0.0175, 0.0098, 0.0039, 0.0146, 0.0045, 0.0065, 0.0276, 0.0069, 0.0060,
        0.0097, 0.0100, 0.0097, 0.0080, 0.0073, 0.0152, 0.0049, 0.0038, 0.0125,
        0.0019, 0.0105, 0.0170, 0.0115, 0.0091, 0.4285])
cls_count [   9.   14.   56.   30.   36.   28.   47.   55.   20.   41.   27.   29.
   22.   26.   23.   43.   17.   27.   25.   64.    3.   47.   17.   52.
   26.   19.   17.   41.   24.    8.   35.    9.   15.   67.   16.   14.
   23.   23.   23.   19.   17.   37.   11.    8.   29.    4.   26.   42.
   27.   22. 1067.] 0.0028116213683223993 2427.0 0.02549203373945642 0.5603625875566544
cls_count [ 9. 14. 56. 30. 36. 28. 47. 55. 20. 41. 27. 29. 22. 26. 23. 43. 17. 27.
 25. 64.  3. 47. 17. 52. 26. 19. 17. 41. 24.  8. 35.  9. 15. 67. 16. 14.
 23. 23. 23. 19. 17. 37. 11.  8. 29.  4. 26. 42. 27. 22.] 0.0 3.0 67.0 0.04477611940298507
51
acc [33.33333333 57.14285714 44.44444444 70.         22.72727273 72.72727273
 61.9047619  35.         34.14634146 62.74509804 56.52173913 30.
 72.22222222 47.82608696 42.30769231 67.5        30.         32.55813953
 42.5        84.          5.26315789 83.67346939 43.75       56.52173913
 43.18181818 24.05063291 72.22222222 45.         11.9047619   6.25
 73.91304348 19.04761905 31.70731707 89.18918919 33.33333333 68.42105263
 70.37037037 38.29787234 42.22222222 86.66666667 47.36842105 73.33333333
 28.57142857 44.44444444 70.         16.66666667 47.5        49.27536232
 80.         48.48484848 66.25577812] 51 H_score 56.339294478888164
Task: office-home, Iter:371/530; Accuracy = 49.34% / 49.00% / 66.26%
all_output1 tensor([0.0106, 0.0232, 0.0253, 0.0172, 0.0209, 0.0182, 0.0206, 0.0224, 0.0222,
        0.0227, 0.0176, 0.0242, 0.0235, 0.0221, 0.0198, 0.0243, 0.0162, 0.0102,
        0.0197, 0.0287, 0.0053, 0.0190, 0.0157, 0.0183, 0.0209, 0.0186, 0.0177,
        0.0212, 0.0144, 0.0095, 0.0241, 0.0177, 0.0240, 0.0211, 0.0077, 0.0128,
        0.0164, 0.0210, 0.0149, 0.0130, 0.0083, 0.0142, 0.0163, 0.0139, 0.0154,
        0.0089, 0.0258, 0.0256, 0.0240, 0.0185, 0.0861])
cls_count [ 37.  83.  86.  60.  70.  68.  75.  78.  81.  83.  62.  86.  83.  85.
  71.  86.  57.  36.  71.  99.  19.  67.  56.  67.  70.  65.  63.  78.
  53.  34.  84.  64.  85.  75.  27.  46.  59.  80.  53.  46.  27.  51.
  60.  51.  52.  32.  92.  92.  84.  68. 123.] 0.15447154471544716 3380.0 0.5295934959349593 0.9636094674556213
Accuracy = 78.64% -> 78.46%

50
all_output1 tensor([0.0421, 0.0391, 0.0500, 0.0377, 0.0521, 0.0368, 0.0334, 0.0207, 0.0524,
        0.0557, 0.0466, 0.0606, 0.0584, 0.0029, 0.0070, 0.0344, 0.0357, 0.0014,
        0.0497, 0.0251, 0.0019, 0.0256, 0.0494, 0.0474, 0.0315, 0.0018, 0.0007,
        0.0008, 0.0041, 0.0008, 0.0011, 0.0010, 0.0007, 0.0006, 0.0007, 0.0004,
        0.0016, 0.0016, 0.0007, 0.0006, 0.0004, 0.0009, 0.0015, 0.0007, 0.0009,
        0.0005, 0.0009, 0.0009, 0.0012, 0.0016, 0.0757])
cls_count [ 73.  71.  89.  66.  93.  66.  63.  37.  95. 100.  85. 109. 104.   4.
  13.  63.  62.   1.  91.  46.   2.  45.  89.  86.  57.   2.   0.   1.
   7.   0.   0.   0.   0.   0.   0.   0.   1.   2.   1.   0.   0.   1.
   1.   0.   1.   0.   1.   0.   1.   1.  31.] 0.0 1661.0 1.0516129032258066 0.9813365442504516
Accuracy = 77.30% -> 77.12%

21
tensor([0.0039, 0.0062, 0.0234, 0.0127, 0.0155, 0.0116, 0.0195, 0.0224, 0.0092,
        0.0171, 0.0118, 0.0126, 0.0093, 0.0112, 0.0097, 0.0180, 0.0073, 0.0117,
        0.0103, 0.0264, 0.0019, 0.0192, 0.0075, 0.0216, 0.0114, 0.0082, 0.0070,
        0.0173, 0.0094, 0.0039, 0.0147, 0.0043, 0.0063, 0.0277, 0.0070, 0.0060,
        0.0098, 0.0102, 0.0095, 0.0081, 0.0074, 0.0152, 0.0050, 0.0037, 0.0125,
        0.0021, 0.0107, 0.0169, 0.0115, 0.0092, 0.4246])
cls_count [   9.   14.   56.   30.   37.   28.   47.   55.   20.   41.   27.   30.
   22.   26.   23.   43.   17.   27.   25.   64.    3.   47.   18.   52.
   27.   19.   17.   41.   23.    9.   35.    9.   15.   67.   16.   14.
   23.   23.   23.   19.   17.   37.   11.    8.   29.    4.   26.   42.
   27.   22. 1063.] 0.0028222013170272815 2427.0 0.025663217309501413 0.5620107128141739
cls_count [ 9. 14. 56. 30. 37. 28. 47. 55. 20. 41. 27. 30. 22. 26. 23. 43. 17. 27.
 25. 64.  3. 47. 18. 52. 27. 19. 17. 41. 23.  9. 35.  9. 15. 67. 16. 14.
 23. 23. 23. 19. 17. 37. 11.  8. 29.  4. 26. 42. 27. 22.] 0.0 3.0 67.0 0.04477611940298507
51
acc [33.33333333 57.14285714 44.44444444 70.         25.         72.72727273
 61.9047619  35.         34.14634146 62.74509804 56.52173913 30.
 72.22222222 47.82608696 42.30769231 67.5        30.         32.55813953
 42.5        84.          5.26315789 83.67346939 43.75       56.52173913
 45.45454545 24.05063291 72.22222222 45.         11.9047619   6.25
 73.91304348 19.04761905 31.70731707 89.18918919 33.33333333 68.42105263
 70.37037037 38.29787234 42.22222222 86.66666667 47.36842105 73.33333333
 28.57142857 44.44444444 70.         16.66666667 47.5        49.27536232
 80.         48.48484848 66.10169492] 51 H_score 56.34342697319705
Task: office-home, Iter:424/530; Accuracy = 49.43% / 49.10% / 66.10%
all_output1 tensor([0.0103, 0.0227, 0.0249, 0.0167, 0.0203, 0.0182, 0.0213, 0.0218, 0.0222,
        0.0223, 0.0169, 0.0241, 0.0232, 0.0227, 0.0208, 0.0244, 0.0159, 0.0094,
        0.0187, 0.0281, 0.0048, 0.0189, 0.0153, 0.0184, 0.0203, 0.0188, 0.0166,
        0.0209, 0.0144, 0.0099, 0.0231, 0.0173, 0.0237, 0.0196, 0.0076, 0.0132,
        0.0159, 0.0203, 0.0152, 0.0132, 0.0086, 0.0141, 0.0158, 0.0136, 0.0133,
        0.0083, 0.0268, 0.0258, 0.0242, 0.0187, 0.0984])
cls_count [ 36.  81.  87.  60.  71.  66.  77.  76.  79.  81.  62.  86.  83.  86.
  73.  85.  54.  33.  69.  99.  18.  68.  55.  65.  70.  65.  59.  74.
  53.  36.  83.  63.  86.  75.  25.  46.  58.  77.  53.  48.  28.  51.
  59.  50.  49.  27.  96.  92.  84.  67. 156.] 0.11538461538461539 3380.0 0.4133333333333334 0.9538461538461539
Accuracy = 78.58% -> 78.49%

50
all_output1 tensor([0.0412, 0.0379, 0.0489, 0.0358, 0.0519, 0.0363, 0.0336, 0.0198, 0.0522,
        0.0552, 0.0447, 0.0600, 0.0576, 0.0027, 0.0073, 0.0344, 0.0350, 0.0010,
        0.0477, 0.0242, 0.0016, 0.0252, 0.0474, 0.0474, 0.0306, 0.0018, 0.0006,
        0.0007, 0.0043, 0.0007, 0.0009, 0.0009, 0.0007, 0.0006, 0.0006, 0.0004,
        0.0015, 0.0012, 0.0007, 0.0005, 0.0004, 0.0007, 0.0013, 0.0007, 0.0006,
        0.0005, 0.0009, 0.0008, 0.0011, 0.0017, 0.0956])
cls_count [ 71.  70.  90.  65.  94.  66.  63.  36.  96. 100.  83. 107. 104.   3.
  13.  62.  62.   0.  89.  46.   2.  45.  88.  86.  57.   3.   0.   1.
   7.   0.   0.   0.   0.   0.   0.   0.   1.   0.   1.   0.   0.   0.
   0.   0.   0.   0.   1.   0.   1.   1.  47.] 0.0 1661.0 0.6868085106382978 0.9717037928958459
Accuracy = 77.36% -> 77.06%

21
tensor([0.0037, 0.0061, 0.0233, 0.0125, 0.0154, 0.0117, 0.0197, 0.0224, 0.0092,
        0.0171, 0.0116, 0.0126, 0.0093, 0.0112, 0.0099, 0.0182, 0.0072, 0.0113,
        0.0101, 0.0264, 0.0016, 0.0195, 0.0075, 0.0217, 0.0112, 0.0082, 0.0068,
        0.0172, 0.0095, 0.0040, 0.0146, 0.0042, 0.0062, 0.0273, 0.0069, 0.0061,
        0.0098, 0.0100, 0.0097, 0.0081, 0.0073, 0.0153, 0.0049, 0.0036, 0.0121,
        0.0020, 0.0112, 0.0174, 0.0116, 0.0094, 0.4262])
cls_count [   9.   14.   56.   30.   37.   28.   47.   55.   20.   41.   27.   30.
   22.   26.   23.   43.   17.   27.   25.   64.    3.   47.   18.   52.
   27.   19.   17.   41.   23.    9.   35.    9.   15.   67.   16.   14.
   23.   24.   23.   19.   17.   37.   11.    8.   29.    4.   26.   42.
   27.   22. 1062.] 0.002824858757062147 2427.0 0.02570621468926554 0.5624227441285538
cls_count [ 9. 14. 56. 30. 37. 28. 47. 55. 20. 41. 27. 30. 22. 26. 23. 43. 17. 27.
 25. 64.  3. 47. 18. 52. 27. 19. 17. 41. 23.  9. 35.  9. 15. 67. 16. 14.
 23. 24. 23. 19. 17. 37. 11.  8. 29.  4. 26. 42. 27. 22.] 0.0 3.0 67.0 0.04477611940298507
51
acc [33.33333333 57.14285714 44.44444444 70.         25.         72.72727273
 61.9047619  35.         34.14634146 62.74509804 56.52173913 30.
 72.22222222 47.82608696 42.30769231 67.5        30.         32.55813953
 42.5        84.          5.26315789 83.67346939 43.75       56.52173913
 45.45454545 24.05063291 72.22222222 45.         11.9047619   6.25
 73.91304348 19.04761905 31.70731707 89.18918919 33.33333333 68.42105263
 70.37037037 38.29787234 42.22222222 86.66666667 47.36842105 73.33333333
 28.57142857 44.44444444 70.         16.66666667 47.5        49.27536232
 80.         48.48484848 66.10169492] 51 H_score 56.34342697319705
Task: office-home, Iter:477/530; Accuracy = 49.43% / 49.10% / 66.10%
